<?xml version="1.0" encoding="UTF-8"?>
<testsuite xmlns:xsi="http://www.w3.org/2001/XMLSchema-instance" xsi:noNamespaceSchemaLocation="https://maven.apache.org/surefire/maven-surefire-plugin/xsd/surefire-test-report-3.0.xsd" version="3.0" name="com.spring10.springbootlearn.SpringBootLearnApplicationTests" time="2.152" tests="1" errors="0" skipped="0" failures="0">
  <properties>
    <property name="java.specification.version" value="17"/>
    <property name="sun.jnu.encoding" value="UTF-8"/>
    <property name="java.class.path" value="/home/ttpl-lnv15-092/IdeaProjects/spring-boot-learn/target/test-classes:/home/ttpl-lnv15-092/IdeaProjects/spring-boot-learn/target/classes:/home/ttpl-lnv15-092/.m2/repository/org/springframework/boot/spring-boot-starter-web/3.3.0-M3/spring-boot-starter-web-3.3.0-M3.jar:/home/ttpl-lnv15-092/.m2/repository/org/springframework/boot/spring-boot-starter/3.3.0-M3/spring-boot-starter-3.3.0-M3.jar:/home/ttpl-lnv15-092/.m2/repository/org/springframework/boot/spring-boot-starter-logging/3.3.0-M3/spring-boot-starter-logging-3.3.0-M3.jar:/home/ttpl-lnv15-092/.m2/repository/ch/qos/logback/logback-classic/1.4.14/logback-classic-1.4.14.jar:/home/ttpl-lnv15-092/.m2/repository/ch/qos/logback/logback-core/1.4.14/logback-core-1.4.14.jar:/home/ttpl-lnv15-092/.m2/repository/org/apache/logging/log4j/log4j-to-slf4j/2.23.1/log4j-to-slf4j-2.23.1.jar:/home/ttpl-lnv15-092/.m2/repository/org/apache/logging/log4j/log4j-api/2.23.1/log4j-api-2.23.1.jar:/home/ttpl-lnv15-092/.m2/repository/org/slf4j/jul-to-slf4j/2.0.12/jul-to-slf4j-2.0.12.jar:/home/ttpl-lnv15-092/.m2/repository/jakarta/annotation/jakarta.annotation-api/2.1.1/jakarta.annotation-api-2.1.1.jar:/home/ttpl-lnv15-092/.m2/repository/org/yaml/snakeyaml/2.2/snakeyaml-2.2.jar:/home/ttpl-lnv15-092/.m2/repository/org/springframework/boot/spring-boot-starter-json/3.3.0-M3/spring-boot-starter-json-3.3.0-M3.jar:/home/ttpl-lnv15-092/.m2/repository/com/fasterxml/jackson/core/jackson-databind/2.17.0/jackson-databind-2.17.0.jar:/home/ttpl-lnv15-092/.m2/repository/com/fasterxml/jackson/core/jackson-annotations/2.17.0/jackson-annotations-2.17.0.jar:/home/ttpl-lnv15-092/.m2/repository/com/fasterxml/jackson/core/jackson-core/2.17.0/jackson-core-2.17.0.jar:/home/ttpl-lnv15-092/.m2/repository/com/fasterxml/jackson/datatype/jackson-datatype-jdk8/2.17.0/jackson-datatype-jdk8-2.17.0.jar:/home/ttpl-lnv15-092/.m2/repository/com/fasterxml/jackson/datatype/jackson-datatype-jsr310/2.17.0/jackson-datatype-jsr310-2.17.0.jar:/home/ttpl-lnv15-092/.m2/repository/com/fasterxml/jackson/module/jackson-module-parameter-names/2.17.0/jackson-module-parameter-names-2.17.0.jar:/home/ttpl-lnv15-092/.m2/repository/org/springframework/boot/spring-boot-starter-tomcat/3.3.0-M3/spring-boot-starter-tomcat-3.3.0-M3.jar:/home/ttpl-lnv15-092/.m2/repository/org/apache/tomcat/embed/tomcat-embed-core/10.1.19/tomcat-embed-core-10.1.19.jar:/home/ttpl-lnv15-092/.m2/repository/org/apache/tomcat/embed/tomcat-embed-el/10.1.19/tomcat-embed-el-10.1.19.jar:/home/ttpl-lnv15-092/.m2/repository/org/apache/tomcat/embed/tomcat-embed-websocket/10.1.19/tomcat-embed-websocket-10.1.19.jar:/home/ttpl-lnv15-092/.m2/repository/org/springframework/spring-web/6.1.5/spring-web-6.1.5.jar:/home/ttpl-lnv15-092/.m2/repository/org/springframework/spring-beans/6.1.5/spring-beans-6.1.5.jar:/home/ttpl-lnv15-092/.m2/repository/io/micrometer/micrometer-observation/1.13.0-M2/micrometer-observation-1.13.0-M2.jar:/home/ttpl-lnv15-092/.m2/repository/io/micrometer/micrometer-commons/1.13.0-M2/micrometer-commons-1.13.0-M2.jar:/home/ttpl-lnv15-092/.m2/repository/org/springframework/spring-webmvc/6.1.5/spring-webmvc-6.1.5.jar:/home/ttpl-lnv15-092/.m2/repository/org/springframework/spring-aop/6.1.5/spring-aop-6.1.5.jar:/home/ttpl-lnv15-092/.m2/repository/org/springframework/spring-context/6.1.5/spring-context-6.1.5.jar:/home/ttpl-lnv15-092/.m2/repository/org/springframework/spring-expression/6.1.5/spring-expression-6.1.5.jar:/home/ttpl-lnv15-092/.m2/repository/org/springframework/boot/spring-boot-starter-test/3.3.0-M3/spring-boot-starter-test-3.3.0-M3.jar:/home/ttpl-lnv15-092/.m2/repository/org/springframework/boot/spring-boot-test/3.3.0-M3/spring-boot-test-3.3.0-M3.jar:/home/ttpl-lnv15-092/.m2/repository/org/springframework/boot/spring-boot-test-autoconfigure/3.3.0-M3/spring-boot-test-autoconfigure-3.3.0-M3.jar:/home/ttpl-lnv15-092/.m2/repository/com/jayway/jsonpath/json-path/2.9.0/json-path-2.9.0.jar:/home/ttpl-lnv15-092/.m2/repository/org/slf4j/slf4j-api/2.0.12/slf4j-api-2.0.12.jar:/home/ttpl-lnv15-092/.m2/repository/jakarta/xml/bind/jakarta.xml.bind-api/4.0.2/jakarta.xml.bind-api-4.0.2.jar:/home/ttpl-lnv15-092/.m2/repository/jakarta/activation/jakarta.activation-api/2.1.3/jakarta.activation-api-2.1.3.jar:/home/ttpl-lnv15-092/.m2/repository/net/minidev/json-smart/2.5.0/json-smart-2.5.0.jar:/home/ttpl-lnv15-092/.m2/repository/net/minidev/accessors-smart/2.5.0/accessors-smart-2.5.0.jar:/home/ttpl-lnv15-092/.m2/repository/org/ow2/asm/asm/9.3/asm-9.3.jar:/home/ttpl-lnv15-092/.m2/repository/org/assertj/assertj-core/3.25.3/assertj-core-3.25.3.jar:/home/ttpl-lnv15-092/.m2/repository/net/bytebuddy/byte-buddy/1.14.12/byte-buddy-1.14.12.jar:/home/ttpl-lnv15-092/.m2/repository/org/awaitility/awaitility/4.2.0/awaitility-4.2.0.jar:/home/ttpl-lnv15-092/.m2/repository/org/hamcrest/hamcrest/2.2/hamcrest-2.2.jar:/home/ttpl-lnv15-092/.m2/repository/org/junit/jupiter/junit-jupiter/5.10.2/junit-jupiter-5.10.2.jar:/home/ttpl-lnv15-092/.m2/repository/org/junit/jupiter/junit-jupiter-api/5.10.2/junit-jupiter-api-5.10.2.jar:/home/ttpl-lnv15-092/.m2/repository/org/opentest4j/opentest4j/1.3.0/opentest4j-1.3.0.jar:/home/ttpl-lnv15-092/.m2/repository/org/junit/platform/junit-platform-commons/1.10.2/junit-platform-commons-1.10.2.jar:/home/ttpl-lnv15-092/.m2/repository/org/apiguardian/apiguardian-api/1.1.2/apiguardian-api-1.1.2.jar:/home/ttpl-lnv15-092/.m2/repository/org/junit/jupiter/junit-jupiter-params/5.10.2/junit-jupiter-params-5.10.2.jar:/home/ttpl-lnv15-092/.m2/repository/org/junit/jupiter/junit-jupiter-engine/5.10.2/junit-jupiter-engine-5.10.2.jar:/home/ttpl-lnv15-092/.m2/repository/org/junit/platform/junit-platform-engine/1.10.2/junit-platform-engine-1.10.2.jar:/home/ttpl-lnv15-092/.m2/repository/org/mockito/mockito-core/5.11.0/mockito-core-5.11.0.jar:/home/ttpl-lnv15-092/.m2/repository/net/bytebuddy/byte-buddy-agent/1.14.12/byte-buddy-agent-1.14.12.jar:/home/ttpl-lnv15-092/.m2/repository/org/objenesis/objenesis/3.3/objenesis-3.3.jar:/home/ttpl-lnv15-092/.m2/repository/org/mockito/mockito-junit-jupiter/5.11.0/mockito-junit-jupiter-5.11.0.jar:/home/ttpl-lnv15-092/.m2/repository/org/skyscreamer/jsonassert/1.5.1/jsonassert-1.5.1.jar:/home/ttpl-lnv15-092/.m2/repository/com/vaadin/external/google/android-json/0.0.20131108.vaadin1/android-json-0.0.20131108.vaadin1.jar:/home/ttpl-lnv15-092/.m2/repository/org/springframework/spring-core/6.1.5/spring-core-6.1.5.jar:/home/ttpl-lnv15-092/.m2/repository/org/springframework/spring-jcl/6.1.5/spring-jcl-6.1.5.jar:/home/ttpl-lnv15-092/.m2/repository/org/springframework/spring-test/6.1.5/spring-test-6.1.5.jar:/home/ttpl-lnv15-092/.m2/repository/org/xmlunit/xmlunit-core/2.9.1/xmlunit-core-2.9.1.jar:/home/ttpl-lnv15-092/.m2/repository/org/springframework/boot/spring-boot-devtools/3.2.4/spring-boot-devtools-3.2.4.jar:/home/ttpl-lnv15-092/.m2/repository/org/springframework/boot/spring-boot/3.3.0-M3/spring-boot-3.3.0-M3.jar:/home/ttpl-lnv15-092/.m2/repository/org/springframework/boot/spring-boot-autoconfigure/3.3.0-M3/spring-boot-autoconfigure-3.3.0-M3.jar:"/>
    <property name="java.vm.vendor" value="Oracle Corporation"/>
    <property name="sun.arch.data.model" value="64"/>
    <property name="java.vendor.url" value="https://java.oracle.com/"/>
    <property name="user.timezone" value="Asia/Kolkata"/>
    <property name="os.name" value="Linux"/>
    <property name="java.vm.specification.version" value="17"/>
    <property name="sun.java.launcher" value="SUN_STANDARD"/>
    <property name="user.country" value="IN"/>
    <property name="sun.boot.library.path" value="/usr/lib/jvm/java-17-oracle/lib"/>
    <property name="sun.java.command" value="/home/ttpl-lnv15-092/IdeaProjects/spring-boot-learn/target/surefire/surefirebooter-20240410132627393_3.jar /home/ttpl-lnv15-092/IdeaProjects/spring-boot-learn/target/surefire 2024-04-10T13-26-20_758-jvmRun1 surefire-20240410132627393_1tmp surefire_0-20240410132627393_2tmp"/>
    <property name="jdk.debug" value="release"/>
    <property name="surefire.test.class.path" value="/home/ttpl-lnv15-092/IdeaProjects/spring-boot-learn/target/test-classes:/home/ttpl-lnv15-092/IdeaProjects/spring-boot-learn/target/classes:/home/ttpl-lnv15-092/.m2/repository/org/springframework/boot/spring-boot-starter-web/3.3.0-M3/spring-boot-starter-web-3.3.0-M3.jar:/home/ttpl-lnv15-092/.m2/repository/org/springframework/boot/spring-boot-starter/3.3.0-M3/spring-boot-starter-3.3.0-M3.jar:/home/ttpl-lnv15-092/.m2/repository/org/springframework/boot/spring-boot-starter-logging/3.3.0-M3/spring-boot-starter-logging-3.3.0-M3.jar:/home/ttpl-lnv15-092/.m2/repository/ch/qos/logback/logback-classic/1.4.14/logback-classic-1.4.14.jar:/home/ttpl-lnv15-092/.m2/repository/ch/qos/logback/logback-core/1.4.14/logback-core-1.4.14.jar:/home/ttpl-lnv15-092/.m2/repository/org/apache/logging/log4j/log4j-to-slf4j/2.23.1/log4j-to-slf4j-2.23.1.jar:/home/ttpl-lnv15-092/.m2/repository/org/apache/logging/log4j/log4j-api/2.23.1/log4j-api-2.23.1.jar:/home/ttpl-lnv15-092/.m2/repository/org/slf4j/jul-to-slf4j/2.0.12/jul-to-slf4j-2.0.12.jar:/home/ttpl-lnv15-092/.m2/repository/jakarta/annotation/jakarta.annotation-api/2.1.1/jakarta.annotation-api-2.1.1.jar:/home/ttpl-lnv15-092/.m2/repository/org/yaml/snakeyaml/2.2/snakeyaml-2.2.jar:/home/ttpl-lnv15-092/.m2/repository/org/springframework/boot/spring-boot-starter-json/3.3.0-M3/spring-boot-starter-json-3.3.0-M3.jar:/home/ttpl-lnv15-092/.m2/repository/com/fasterxml/jackson/core/jackson-databind/2.17.0/jackson-databind-2.17.0.jar:/home/ttpl-lnv15-092/.m2/repository/com/fasterxml/jackson/core/jackson-annotations/2.17.0/jackson-annotations-2.17.0.jar:/home/ttpl-lnv15-092/.m2/repository/com/fasterxml/jackson/core/jackson-core/2.17.0/jackson-core-2.17.0.jar:/home/ttpl-lnv15-092/.m2/repository/com/fasterxml/jackson/datatype/jackson-datatype-jdk8/2.17.0/jackson-datatype-jdk8-2.17.0.jar:/home/ttpl-lnv15-092/.m2/repository/com/fasterxml/jackson/datatype/jackson-datatype-jsr310/2.17.0/jackson-datatype-jsr310-2.17.0.jar:/home/ttpl-lnv15-092/.m2/repository/com/fasterxml/jackson/module/jackson-module-parameter-names/2.17.0/jackson-module-parameter-names-2.17.0.jar:/home/ttpl-lnv15-092/.m2/repository/org/springframework/boot/spring-boot-starter-tomcat/3.3.0-M3/spring-boot-starter-tomcat-3.3.0-M3.jar:/home/ttpl-lnv15-092/.m2/repository/org/apache/tomcat/embed/tomcat-embed-core/10.1.19/tomcat-embed-core-10.1.19.jar:/home/ttpl-lnv15-092/.m2/repository/org/apache/tomcat/embed/tomcat-embed-el/10.1.19/tomcat-embed-el-10.1.19.jar:/home/ttpl-lnv15-092/.m2/repository/org/apache/tomcat/embed/tomcat-embed-websocket/10.1.19/tomcat-embed-websocket-10.1.19.jar:/home/ttpl-lnv15-092/.m2/repository/org/springframework/spring-web/6.1.5/spring-web-6.1.5.jar:/home/ttpl-lnv15-092/.m2/repository/org/springframework/spring-beans/6.1.5/spring-beans-6.1.5.jar:/home/ttpl-lnv15-092/.m2/repository/io/micrometer/micrometer-observation/1.13.0-M2/micrometer-observation-1.13.0-M2.jar:/home/ttpl-lnv15-092/.m2/repository/io/micrometer/micrometer-commons/1.13.0-M2/micrometer-commons-1.13.0-M2.jar:/home/ttpl-lnv15-092/.m2/repository/org/springframework/spring-webmvc/6.1.5/spring-webmvc-6.1.5.jar:/home/ttpl-lnv15-092/.m2/repository/org/springframework/spring-aop/6.1.5/spring-aop-6.1.5.jar:/home/ttpl-lnv15-092/.m2/repository/org/springframework/spring-context/6.1.5/spring-context-6.1.5.jar:/home/ttpl-lnv15-092/.m2/repository/org/springframework/spring-expression/6.1.5/spring-expression-6.1.5.jar:/home/ttpl-lnv15-092/.m2/repository/org/springframework/boot/spring-boot-starter-test/3.3.0-M3/spring-boot-starter-test-3.3.0-M3.jar:/home/ttpl-lnv15-092/.m2/repository/org/springframework/boot/spring-boot-test/3.3.0-M3/spring-boot-test-3.3.0-M3.jar:/home/ttpl-lnv15-092/.m2/repository/org/springframework/boot/spring-boot-test-autoconfigure/3.3.0-M3/spring-boot-test-autoconfigure-3.3.0-M3.jar:/home/ttpl-lnv15-092/.m2/repository/com/jayway/jsonpath/json-path/2.9.0/json-path-2.9.0.jar:/home/ttpl-lnv15-092/.m2/repository/org/slf4j/slf4j-api/2.0.12/slf4j-api-2.0.12.jar:/home/ttpl-lnv15-092/.m2/repository/jakarta/xml/bind/jakarta.xml.bind-api/4.0.2/jakarta.xml.bind-api-4.0.2.jar:/home/ttpl-lnv15-092/.m2/repository/jakarta/activation/jakarta.activation-api/2.1.3/jakarta.activation-api-2.1.3.jar:/home/ttpl-lnv15-092/.m2/repository/net/minidev/json-smart/2.5.0/json-smart-2.5.0.jar:/home/ttpl-lnv15-092/.m2/repository/net/minidev/accessors-smart/2.5.0/accessors-smart-2.5.0.jar:/home/ttpl-lnv15-092/.m2/repository/org/ow2/asm/asm/9.3/asm-9.3.jar:/home/ttpl-lnv15-092/.m2/repository/org/assertj/assertj-core/3.25.3/assertj-core-3.25.3.jar:/home/ttpl-lnv15-092/.m2/repository/net/bytebuddy/byte-buddy/1.14.12/byte-buddy-1.14.12.jar:/home/ttpl-lnv15-092/.m2/repository/org/awaitility/awaitility/4.2.0/awaitility-4.2.0.jar:/home/ttpl-lnv15-092/.m2/repository/org/hamcrest/hamcrest/2.2/hamcrest-2.2.jar:/home/ttpl-lnv15-092/.m2/repository/org/junit/jupiter/junit-jupiter/5.10.2/junit-jupiter-5.10.2.jar:/home/ttpl-lnv15-092/.m2/repository/org/junit/jupiter/junit-jupiter-api/5.10.2/junit-jupiter-api-5.10.2.jar:/home/ttpl-lnv15-092/.m2/repository/org/opentest4j/opentest4j/1.3.0/opentest4j-1.3.0.jar:/home/ttpl-lnv15-092/.m2/repository/org/junit/platform/junit-platform-commons/1.10.2/junit-platform-commons-1.10.2.jar:/home/ttpl-lnv15-092/.m2/repository/org/apiguardian/apiguardian-api/1.1.2/apiguardian-api-1.1.2.jar:/home/ttpl-lnv15-092/.m2/repository/org/junit/jupiter/junit-jupiter-params/5.10.2/junit-jupiter-params-5.10.2.jar:/home/ttpl-lnv15-092/.m2/repository/org/junit/jupiter/junit-jupiter-engine/5.10.2/junit-jupiter-engine-5.10.2.jar:/home/ttpl-lnv15-092/.m2/repository/org/junit/platform/junit-platform-engine/1.10.2/junit-platform-engine-1.10.2.jar:/home/ttpl-lnv15-092/.m2/repository/org/mockito/mockito-core/5.11.0/mockito-core-5.11.0.jar:/home/ttpl-lnv15-092/.m2/repository/net/bytebuddy/byte-buddy-agent/1.14.12/byte-buddy-agent-1.14.12.jar:/home/ttpl-lnv15-092/.m2/repository/org/objenesis/objenesis/3.3/objenesis-3.3.jar:/home/ttpl-lnv15-092/.m2/repository/org/mockito/mockito-junit-jupiter/5.11.0/mockito-junit-jupiter-5.11.0.jar:/home/ttpl-lnv15-092/.m2/repository/org/skyscreamer/jsonassert/1.5.1/jsonassert-1.5.1.jar:/home/ttpl-lnv15-092/.m2/repository/com/vaadin/external/google/android-json/0.0.20131108.vaadin1/android-json-0.0.20131108.vaadin1.jar:/home/ttpl-lnv15-092/.m2/repository/org/springframework/spring-core/6.1.5/spring-core-6.1.5.jar:/home/ttpl-lnv15-092/.m2/repository/org/springframework/spring-jcl/6.1.5/spring-jcl-6.1.5.jar:/home/ttpl-lnv15-092/.m2/repository/org/springframework/spring-test/6.1.5/spring-test-6.1.5.jar:/home/ttpl-lnv15-092/.m2/repository/org/xmlunit/xmlunit-core/2.9.1/xmlunit-core-2.9.1.jar:/home/ttpl-lnv15-092/.m2/repository/org/springframework/boot/spring-boot-devtools/3.2.4/spring-boot-devtools-3.2.4.jar:/home/ttpl-lnv15-092/.m2/repository/org/springframework/boot/spring-boot/3.3.0-M3/spring-boot-3.3.0-M3.jar:/home/ttpl-lnv15-092/.m2/repository/org/springframework/boot/spring-boot-autoconfigure/3.3.0-M3/spring-boot-autoconfigure-3.3.0-M3.jar:"/>
    <property name="sun.cpu.endian" value="little"/>
    <property name="user.home" value="/home/ttpl-lnv15-092"/>
    <property name="user.language" value="en"/>
    <property name="java.specification.vendor" value="Oracle Corporation"/>
    <property name="java.version.date" value="2023-01-17"/>
    <property name="java.home" value="/usr/lib/jvm/java-17-oracle"/>
    <property name="file.separator" value="/"/>
    <property name="basedir" value="/home/ttpl-lnv15-092/IdeaProjects/spring-boot-learn"/>
    <property name="java.vm.compressedOopsMode" value="Zero based"/>
    <property name="line.separator" value="&#10;"/>
    <property name="java.specification.name" value="Java Platform API Specification"/>
    <property name="java.vm.specification.vendor" value="Oracle Corporation"/>
    <property name="FILE_LOG_CHARSET" value="UTF-8"/>
    <property name="java.awt.headless" value="true"/>
    <property name="surefire.real.class.path" value="/home/ttpl-lnv15-092/IdeaProjects/spring-boot-learn/target/surefire/surefirebooter-20240410132627393_3.jar"/>
    <property name="sun.management.compiler" value="HotSpot 64-Bit Tiered Compilers"/>
    <property name="java.runtime.version" value="17.0.6+9-LTS-190"/>
    <property name="user.name" value="ttpl-lnv15-092"/>
    <property name="path.separator" value=":"/>
    <property name="os.version" value="6.5.0-26-generic"/>
    <property name="java.runtime.name" value="Java(TM) SE Runtime Environment"/>
    <property name="file.encoding" value="UTF-8"/>
    <property name="java.vm.name" value="Java HotSpot(TM) 64-Bit Server VM"/>
    <property name="localRepository" value="/home/ttpl-lnv15-092/.m2/repository"/>
    <property name="java.vendor.url.bug" value="https://bugreport.java.com/bugreport/"/>
    <property name="java.io.tmpdir" value="/tmp"/>
    <property name="idea.version" value="2024.1"/>
    <property name="java.version" value="17.0.6"/>
    <property name="user.dir" value="/home/ttpl-lnv15-092/IdeaProjects/spring-boot-learn"/>
    <property name="os.arch" value="amd64"/>
    <property name="java.vm.specification.name" value="Java Virtual Machine Specification"/>
    <property name="PID" value="20084"/>
    <property name="CONSOLE_LOG_CHARSET" value="UTF-8"/>
    <property name="native.encoding" value="UTF-8"/>
    <property name="java.library.path" value="/usr/java/packages/lib:/usr/lib64:/lib64:/lib:/usr/lib"/>
    <property name="java.vm.info" value="mixed mode, sharing"/>
    <property name="java.vendor" value="Oracle Corporation"/>
    <property name="java.vm.version" value="17.0.6+9-LTS-190"/>
    <property name="sun.io.unicode.encoding" value="UnicodeLittle"/>
    <property name="java.class.version" value="61.0"/>
    <property name="LOGGED_APPLICATION_NAME" value="[spring-boot-learn] "/>
  </properties>
  <testcase name="contextLoads" classname="com.spring10.springbootlearn.SpringBootLearnApplicationTests" time="0.569">
    <system-out><![CDATA[13:26:27.857 [main] INFO org.springframework.test.context.support.AnnotationConfigContextLoaderUtils -- Could not detect default configuration classes for test class [com.spring10.springbootlearn.SpringBootLearnApplicationTests]: SpringBootLearnApplicationTests does not declare any static, non-private, non-final, nested classes annotated with @Configuration.
13:26:27.911 [main] INFO org.springframework.boot.test.context.SpringBootTestContextBootstrapper -- Found @SpringBootConfiguration com.spring10.springbootlearn.SpringBootLearnApplication for test class com.spring10.springbootlearn.SpringBootLearnApplicationTests
13:26:28.002 [main] INFO org.springframework.boot.devtools.restart.RestartApplicationListener -- Restart disabled due to context in which it is running
2024-04-10T13:26:28.164+05:30 TRACE 20084 --- [spring-boot-learn] [           main] o.s.c.io.support.SpringFactoriesLoader   : Loaded [org.springframework.boot.ApplicationContextFactory] names: [org.springframework.boot.web.reactive.context.ReactiveWebServerApplicationContextFactory, org.springframework.boot.web.servlet.context.ServletWebServerApplicationContextFactory]
  .   ____          _            __ _ _
 /\\ / ___'_ __ _ _(_)_ __  __ _ \ \ \ \
( ( )\___ | '_ | '_| | '_ \/ _` | \ \ \ \
 \\/  ___)| |_)| | | | | || (_| |  ) ) ) )
  '  |____| .__|_| |_|_| |_\__, | / / / /
 =========|_|==============|___/=/_/_/_/

 :: Spring Boot ::             (v3.3.0-M3)

2024-04-10T13:26:28.207+05:30 TRACE 20084 --- [spring-boot-learn] [           main] o.s.b.f.s.DefaultListableBeanFactory     : Registering scope 'restart' with implementation [org.springframework.boot.devtools.restart.RestartScopeInitializer$RestartScope@cc6460c]
2024-04-10T13:26:28.216+05:30  INFO 20084 --- [spring-boot-learn] [           main] c.s.s.SpringBootLearnApplicationTests    : Starting SpringBootLearnApplicationTests using Java 17.0.6 with PID 20084 (started by ttpl-lnv15-092 in /home/ttpl-lnv15-092/IdeaProjects/spring-boot-learn)
2024-04-10T13:26:28.219+05:30  INFO 20084 --- [spring-boot-learn] [           main] c.s.s.SpringBootLearnApplicationTests    : The following 1 profile is active: "dev"
2024-04-10T13:26:28.219+05:30 DEBUG 20084 --- [spring-boot-learn] [           main] o.s.boot.SpringApplication               : Loading source class com.spring10.springbootlearn.SpringBootLearnApplication
2024-04-10T13:26:28.234+05:30 TRACE 20084 --- [spring-boot-learn] [           main] o.s.c.a.ClassPathBeanDefinitionScanner   : JSR-250 'jakarta.annotation.ManagedBean' found and supported for component scanning
2024-04-10T13:26:28.249+05:30 TRACE 20084 --- [spring-boot-learn] [           main] uePropertySourceEnvironmentPostProcessor : RandomValuePropertySource add to Environment
2024-04-10T13:26:28.250+05:30 TRACE 20084 --- [spring-boot-learn] [           main] b.c.c.ConfigDataEnvironmentPostProcessor : Post-processing environment to add config data
2024-04-10T13:26:28.250+05:30 TRACE 20084 --- [spring-boot-learn] [           main] o.s.b.c.config.ConfigDataEnvironment     : Building config data environment contributors
2024-04-10T13:26:28.251+05:30 TRACE 20084 --- [spring-boot-learn] [           main] o.s.b.c.config.ConfigDataEnvironment     : Creating wrapped config data contributor for 'Inlined Test Properties'
2024-04-10T13:26:28.251+05:30 TRACE 20084 --- [spring-boot-learn] [           main] o.s.b.c.config.ConfigDataEnvironment     : Creating wrapped config data contributor for 'configurationProperties'
2024-04-10T13:26:28.251+05:30 TRACE 20084 --- [spring-boot-learn] [           main] o.s.b.c.config.ConfigDataEnvironment     : Creating wrapped config data contributor for 'servletConfigInitParams'
2024-04-10T13:26:28.251+05:30 TRACE 20084 --- [spring-boot-learn] [           main] o.s.b.c.config.ConfigDataEnvironment     : Creating wrapped config data contributor for 'servletContextInitParams'
2024-04-10T13:26:28.251+05:30 TRACE 20084 --- [spring-boot-learn] [           main] o.s.b.c.config.ConfigDataEnvironment     : Creating wrapped config data contributor for 'systemProperties'
2024-04-10T13:26:28.251+05:30 TRACE 20084 --- [spring-boot-learn] [           main] o.s.b.c.config.ConfigDataEnvironment     : Creating wrapped config data contributor for 'systemEnvironment'
2024-04-10T13:26:28.251+05:30 TRACE 20084 --- [spring-boot-learn] [           main] o.s.b.c.config.ConfigDataEnvironment     : Creating wrapped config data contributor for 'random'
2024-04-10T13:26:28.252+05:30 TRACE 20084 --- [spring-boot-learn] [           main] o.s.b.c.config.ConfigDataEnvironment     : Adding initial config data import from location 'optional:file:./;optional:file:./config/;optional:file:./config/*/'
2024-04-10T13:26:28.252+05:30 TRACE 20084 --- [spring-boot-learn] [           main] o.s.b.c.config.ConfigDataEnvironment     : Adding initial config data import from location 'optional:classpath:/;optional:classpath:/config/'
2024-04-10T13:26:28.252+05:30 TRACE 20084 --- [spring-boot-learn] [           main] o.s.b.c.config.ConfigDataEnvironment     : Processing initial config data environment contributors without activation context
2024-04-10T13:26:28.252+05:30 TRACE 20084 --- [spring-boot-learn] [           main] .b.c.c.ConfigDataEnvironmentContributors : Processing imports for phase BEFORE_PROFILE_ACTIVATION. no activation context
2024-04-10T13:26:28.252+05:30 TRACE 20084 --- [spring-boot-learn] [           main] .b.c.c.ConfigDataEnvironmentContributors : Processing imports [optional:file:./;optional:file:./config/;optional:file:./config/*/]
2024-04-10T13:26:28.252+05:30 TRACE 20084 --- [spring-boot-learn] [           main] b.c.c.StandardConfigDataLocationResolver : Skipping missing resource file:./application.yaml
2024-04-10T13:26:28.253+05:30 TRACE 20084 --- [spring-boot-learn] [           main] b.c.c.StandardConfigDataLocationResolver : Skipping missing resource file:./application.yml
2024-04-10T13:26:28.253+05:30 TRACE 20084 --- [spring-boot-learn] [           main] b.c.c.StandardConfigDataLocationResolver : Skipping missing resource file:./application.xml
2024-04-10T13:26:28.253+05:30 TRACE 20084 --- [spring-boot-learn] [           main] b.c.c.StandardConfigDataLocationResolver : Skipping missing resource file:./application.properties
2024-04-10T13:26:28.253+05:30 TRACE 20084 --- [spring-boot-learn] [           main] b.c.c.StandardConfigDataLocationResolver : Skipping missing resource file:./config/application.yaml
2024-04-10T13:26:28.253+05:30 TRACE 20084 --- [spring-boot-learn] [           main] b.c.c.StandardConfigDataLocationResolver : Skipping missing resource file:./config/application.yml
2024-04-10T13:26:28.253+05:30 TRACE 20084 --- [spring-boot-learn] [           main] b.c.c.StandardConfigDataLocationResolver : Skipping missing resource file:./config/application.xml
2024-04-10T13:26:28.253+05:30 TRACE 20084 --- [spring-boot-learn] [           main] b.c.c.StandardConfigDataLocationResolver : Skipping missing resource file:./config/application.properties
2024-04-10T13:26:28.254+05:30 TRACE 20084 --- [spring-boot-learn] [           main] o.s.b.context.config.ConfigDataImporter  : Considering resource file [.] from location optional:file:./;optional:file:./config/;optional:file:./config/*/
2024-04-10T13:26:28.254+05:30 TRACE 20084 --- [spring-boot-learn] [           main] o.s.b.context.config.ConfigDataLoaders   : Loading file [.] using loader org.springframework.boot.context.config.StandardConfigDataLoader
2024-04-10T13:26:28.254+05:30 TRACE 20084 --- [spring-boot-learn] [           main] o.s.b.context.config.ConfigDataImporter  : Loaded resource file [.] from location optional:file:./;optional:file:./config/;optional:file:./config/*/
2024-04-10T13:26:28.258+05:30 TRACE 20084 --- [spring-boot-learn] [           main] .b.c.c.ConfigDataEnvironmentContributors : Imported 1 resource [file [.]]
2024-04-10T13:26:28.258+05:30 TRACE 20084 --- [spring-boot-learn] [           main] .b.c.c.ConfigDataEnvironmentContributors : Processing imports [optional:classpath:/;optional:classpath:/config/]
2024-04-10T13:26:28.258+05:30 TRACE 20084 --- [spring-boot-learn] [           main] b.c.c.StandardConfigDataLocationResolver : Skipping missing resource classpath:/application.yaml
2024-04-10T13:26:28.258+05:30 TRACE 20084 --- [spring-boot-learn] [           main] b.c.c.StandardConfigDataLocationResolver : Skipping missing resource classpath:/application.yml
2024-04-10T13:26:28.259+05:30 TRACE 20084 --- [spring-boot-learn] [           main] b.c.c.StandardConfigDataLocationResolver : Skipping missing resource classpath:/application.xml
2024-04-10T13:26:28.259+05:30 TRACE 20084 --- [spring-boot-learn] [           main] b.c.c.StandardConfigDataLocationResolver : Skipping missing resource classpath:/config/application.yaml
2024-04-10T13:26:28.259+05:30 TRACE 20084 --- [spring-boot-learn] [           main] b.c.c.StandardConfigDataLocationResolver : Skipping missing resource classpath:/config/application.yml
2024-04-10T13:26:28.259+05:30 TRACE 20084 --- [spring-boot-learn] [           main] b.c.c.StandardConfigDataLocationResolver : Skipping missing resource classpath:/config/application.xml
2024-04-10T13:26:28.259+05:30 TRACE 20084 --- [spring-boot-learn] [           main] b.c.c.StandardConfigDataLocationResolver : Skipping missing resource classpath:/config/application.properties
2024-04-10T13:26:28.259+05:30 TRACE 20084 --- [spring-boot-learn] [           main] o.s.b.context.config.ConfigDataImporter  : Considering resource class path resource [application.properties] from location optional:classpath:/;optional:classpath:/config/
2024-04-10T13:26:28.259+05:30 TRACE 20084 --- [spring-boot-learn] [           main] o.s.b.context.config.ConfigDataLoaders   : Loading class path resource [application.properties] using loader org.springframework.boot.context.config.StandardConfigDataLoader
2024-04-10T13:26:28.259+05:30 TRACE 20084 --- [spring-boot-learn] [           main] o.s.b.context.config.ConfigDataImporter  : Loaded resource class path resource [application.properties] from location optional:classpath:/;optional:classpath:/config/
2024-04-10T13:26:28.260+05:30 TRACE 20084 --- [spring-boot-learn] [           main] .b.c.c.ConfigDataEnvironmentContributors : Imported 1 resource [class path resource [application.properties]]
2024-04-10T13:26:28.261+05:30 TRACE 20084 --- [spring-boot-learn] [           main] .b.c.c.ConfigDataEnvironmentContributors : Processed imports for of 2 contributors
2024-04-10T13:26:28.262+05:30 TRACE 20084 --- [spring-boot-learn] [           main] o.s.b.c.config.ConfigDataEnvironment     : Creating config data activation context from initial contributions
2024-04-10T13:26:28.262+05:30 TRACE 20084 --- [spring-boot-learn] [           main] o.s.b.c.config.ConfigDataEnvironment     : Processing config data environment contributors with initial activation context
2024-04-10T13:26:28.263+05:30 TRACE 20084 --- [spring-boot-learn] [           main] .b.c.c.ConfigDataEnvironmentContributors : Processing imports for phase BEFORE_PROFILE_ACTIVATION. [ConfigDataActivationContext@2024293c cloudPlatform = [null], profiles = [null]]
2024-04-10T13:26:28.263+05:30 TRACE 20084 --- [spring-boot-learn] [           main] .b.c.c.ConfigDataEnvironmentContributors : Processed imports for of 0 contributors
2024-04-10T13:26:28.264+05:30 TRACE 20084 --- [spring-boot-learn] [           main] o.s.b.c.config.ConfigDataEnvironment     : Deducing profiles from current config data environment contributors
2024-04-10T13:26:28.264+05:30 TRACE 20084 --- [spring-boot-learn] [           main] o.s.b.c.config.ConfigDataEnvironment     : Processing config data environment contributors with profile activation context
2024-04-10T13:26:28.264+05:30 TRACE 20084 --- [spring-boot-learn] [           main] .b.c.c.ConfigDataEnvironmentContributors : Processing imports for phase AFTER_PROFILE_ACTIVATION. [ConfigDataActivationContext@7048f722 cloudPlatform = [null], profiles = [Profiles@c074c0c active = '[dev]', default = '[default]', accepted = '[dev]']]
2024-04-10T13:26:28.264+05:30 TRACE 20084 --- [spring-boot-learn] [           main] .b.c.c.ConfigDataEnvironmentContributors : Processing imports [optional:file:./;optional:file:./config/;optional:file:./config/*/]
2024-04-10T13:26:28.264+05:30 TRACE 20084 --- [spring-boot-learn] [           main] b.c.c.StandardConfigDataLocationResolver : Skipping missing resource file:./application.yaml
2024-04-10T13:26:28.264+05:30 TRACE 20084 --- [spring-boot-learn] [           main] b.c.c.StandardConfigDataLocationResolver : Skipping missing resource file:./application.yml
2024-04-10T13:26:28.265+05:30 TRACE 20084 --- [spring-boot-learn] [           main] b.c.c.StandardConfigDataLocationResolver : Skipping missing resource file:./application.xml
2024-04-10T13:26:28.265+05:30 TRACE 20084 --- [spring-boot-learn] [           main] b.c.c.StandardConfigDataLocationResolver : Skipping missing resource file:./application.properties
2024-04-10T13:26:28.265+05:30 TRACE 20084 --- [spring-boot-learn] [           main] b.c.c.StandardConfigDataLocationResolver : Skipping missing resource file:./config/application.yaml
2024-04-10T13:26:28.265+05:30 TRACE 20084 --- [spring-boot-learn] [           main] b.c.c.StandardConfigDataLocationResolver : Skipping missing resource file:./config/application.yml
2024-04-10T13:26:28.265+05:30 TRACE 20084 --- [spring-boot-learn] [           main] b.c.c.StandardConfigDataLocationResolver : Skipping missing resource file:./config/application.xml
2024-04-10T13:26:28.265+05:30 TRACE 20084 --- [spring-boot-learn] [           main] b.c.c.StandardConfigDataLocationResolver : Skipping missing resource file:./config/application.properties
2024-04-10T13:26:28.265+05:30 TRACE 20084 --- [spring-boot-learn] [           main] b.c.c.StandardConfigDataLocationResolver : Skipping missing resource file:./application-dev.yaml
2024-04-10T13:26:28.265+05:30 TRACE 20084 --- [spring-boot-learn] [           main] b.c.c.StandardConfigDataLocationResolver : Skipping missing resource file:./application-dev.yml
2024-04-10T13:26:28.266+05:30 TRACE 20084 --- [spring-boot-learn] [           main] b.c.c.StandardConfigDataLocationResolver : Skipping missing resource file:./application-dev.xml
2024-04-10T13:26:28.266+05:30 TRACE 20084 --- [spring-boot-learn] [           main] b.c.c.StandardConfigDataLocationResolver : Skipping missing resource file:./application-dev.properties
2024-04-10T13:26:28.266+05:30 TRACE 20084 --- [spring-boot-learn] [           main] b.c.c.StandardConfigDataLocationResolver : Skipping missing resource file:./config/application-dev.yaml
2024-04-10T13:26:28.266+05:30 TRACE 20084 --- [spring-boot-learn] [           main] b.c.c.StandardConfigDataLocationResolver : Skipping missing resource file:./config/application-dev.yml
2024-04-10T13:26:28.266+05:30 TRACE 20084 --- [spring-boot-learn] [           main] b.c.c.StandardConfigDataLocationResolver : Skipping missing resource file:./config/application-dev.xml
2024-04-10T13:26:28.266+05:30 TRACE 20084 --- [spring-boot-learn] [           main] b.c.c.StandardConfigDataLocationResolver : Skipping missing resource file:./config/application-dev.properties
2024-04-10T13:26:28.266+05:30 TRACE 20084 --- [spring-boot-learn] [           main] o.s.b.context.config.ConfigDataImporter  : Considering resource file [.] from location optional:file:./;optional:file:./config/;optional:file:./config/*/
2024-04-10T13:26:28.266+05:30 TRACE 20084 --- [spring-boot-learn] [           main] o.s.b.context.config.ConfigDataImporter  : Already loaded resource file [.] ignoring location optional:file:./;optional:file:./config/;optional:file:./config/*/
2024-04-10T13:26:28.267+05:30 TRACE 20084 --- [spring-boot-learn] [           main] o.s.b.context.config.ConfigDataImporter  : Considering resource file [.] from location optional:file:./;optional:file:./config/;optional:file:./config/*/
2024-04-10T13:26:28.267+05:30 TRACE 20084 --- [spring-boot-learn] [           main] o.s.b.context.config.ConfigDataImporter  : Already loaded resource file [.] ignoring location optional:file:./;optional:file:./config/;optional:file:./config/*/
2024-04-10T13:26:28.267+05:30 TRACE 20084 --- [spring-boot-learn] [           main] .b.c.c.ConfigDataEnvironmentContributors : Nothing imported
2024-04-10T13:26:28.267+05:30 TRACE 20084 --- [spring-boot-learn] [           main] .b.c.c.ConfigDataEnvironmentContributors : Processing imports [optional:classpath:/;optional:classpath:/config/]
2024-04-10T13:26:28.267+05:30 TRACE 20084 --- [spring-boot-learn] [           main] b.c.c.StandardConfigDataLocationResolver : Skipping missing resource classpath:/application.yaml
2024-04-10T13:26:28.267+05:30 TRACE 20084 --- [spring-boot-learn] [           main] b.c.c.StandardConfigDataLocationResolver : Skipping missing resource classpath:/application.yml
2024-04-10T13:26:28.267+05:30 TRACE 20084 --- [spring-boot-learn] [           main] b.c.c.StandardConfigDataLocationResolver : Skipping missing resource classpath:/application.xml
2024-04-10T13:26:28.267+05:30 TRACE 20084 --- [spring-boot-learn] [           main] b.c.c.StandardConfigDataLocationResolver : Skipping missing resource classpath:/config/application.yaml
2024-04-10T13:26:28.267+05:30 TRACE 20084 --- [spring-boot-learn] [           main] b.c.c.StandardConfigDataLocationResolver : Skipping missing resource classpath:/config/application.yml
2024-04-10T13:26:28.267+05:30 TRACE 20084 --- [spring-boot-learn] [           main] b.c.c.StandardConfigDataLocationResolver : Skipping missing resource classpath:/config/application.xml
2024-04-10T13:26:28.268+05:30 TRACE 20084 --- [spring-boot-learn] [           main] b.c.c.StandardConfigDataLocationResolver : Skipping missing resource classpath:/config/application.properties
2024-04-10T13:26:28.268+05:30 TRACE 20084 --- [spring-boot-learn] [           main] b.c.c.StandardConfigDataLocationResolver : Skipping missing resource classpath:/application-dev.yaml
2024-04-10T13:26:28.268+05:30 TRACE 20084 --- [spring-boot-learn] [           main] b.c.c.StandardConfigDataLocationResolver : Skipping missing resource classpath:/application-dev.yml
2024-04-10T13:26:28.268+05:30 TRACE 20084 --- [spring-boot-learn] [           main] b.c.c.StandardConfigDataLocationResolver : Skipping missing resource classpath:/application-dev.xml
2024-04-10T13:26:28.268+05:30 TRACE 20084 --- [spring-boot-learn] [           main] b.c.c.StandardConfigDataLocationResolver : Skipping missing resource classpath:/config/application-dev.yaml
2024-04-10T13:26:28.268+05:30 TRACE 20084 --- [spring-boot-learn] [           main] b.c.c.StandardConfigDataLocationResolver : Skipping missing resource classpath:/config/application-dev.yml
2024-04-10T13:26:28.268+05:30 TRACE 20084 --- [spring-boot-learn] [           main] b.c.c.StandardConfigDataLocationResolver : Skipping missing resource classpath:/config/application-dev.xml
2024-04-10T13:26:28.268+05:30 TRACE 20084 --- [spring-boot-learn] [           main] b.c.c.StandardConfigDataLocationResolver : Skipping missing resource classpath:/config/application-dev.properties
2024-04-10T13:26:28.268+05:30 TRACE 20084 --- [spring-boot-learn] [           main] o.s.b.context.config.ConfigDataImporter  : Considering resource class path resource [application-dev.properties] from location optional:classpath:/;optional:classpath:/config/
2024-04-10T13:26:28.268+05:30 TRACE 20084 --- [spring-boot-learn] [           main] o.s.b.context.config.ConfigDataLoaders   : Loading class path resource [application-dev.properties] using loader org.springframework.boot.context.config.StandardConfigDataLoader
2024-04-10T13:26:28.269+05:30 TRACE 20084 --- [spring-boot-learn] [           main] o.s.b.context.config.ConfigDataImporter  : Loaded resource class path resource [application-dev.properties] from location optional:classpath:/;optional:classpath:/config/
2024-04-10T13:26:28.269+05:30 TRACE 20084 --- [spring-boot-learn] [           main] o.s.b.context.config.ConfigDataImporter  : Considering resource class path resource [application.properties] from location optional:classpath:/;optional:classpath:/config/
2024-04-10T13:26:28.269+05:30 TRACE 20084 --- [spring-boot-learn] [           main] o.s.b.context.config.ConfigDataImporter  : Already loaded resource class path resource [application.properties] ignoring location optional:classpath:/;optional:classpath:/config/
2024-04-10T13:26:28.269+05:30 TRACE 20084 --- [spring-boot-learn] [           main] .b.c.c.ConfigDataEnvironmentContributors : Imported 1 resource [class path resource [application-dev.properties]]
2024-04-10T13:26:28.269+05:30 TRACE 20084 --- [spring-boot-learn] [           main] .b.c.c.ConfigDataEnvironmentContributors : Processed imports for of 2 contributors
2024-04-10T13:26:28.269+05:30 TRACE 20084 --- [spring-boot-learn] [           main] o.s.b.c.config.ConfigDataEnvironment     : Applying config data environment contributions
2024-04-10T13:26:28.269+05:30 TRACE 20084 --- [spring-boot-learn] [           main] o.s.b.c.config.ConfigDataEnvironment     : Adding imported property source 'Config resource 'class path resource [application-dev.properties]' via location 'optional:classpath:/''
2024-04-10T13:26:28.269+05:30 TRACE 20084 --- [spring-boot-learn] [           main] o.s.b.c.config.ConfigDataEnvironment     : Adding imported property source 'Config resource 'class path resource [application.properties]' via location 'optional:classpath:/''
2024-04-10T13:26:28.269+05:30 TRACE 20084 --- [spring-boot-learn] [           main] o.s.b.c.config.ConfigDataEnvironment     : Setting default profiles: [default]
2024-04-10T13:26:28.269+05:30 TRACE 20084 --- [spring-boot-learn] [           main] o.s.b.c.config.ConfigDataEnvironment     : Setting active profiles: [dev]
2024-04-10T13:26:28.282+05:30 TRACE 20084 --- [spring-boot-learn] [           main] o.s.w.c.s.GenericWebApplicationContext   : Refreshing org.springframework.web.context.support.GenericWebApplicationContext@2f2bf0e2, started on Wed Apr 10 13:26:28 IST 2024
2024-04-10T13:26:28.289+05:30 TRACE 20084 --- [spring-boot-learn] [           main] o.s.b.f.s.DefaultListableBeanFactory     : Registering scope 'request' with implementation [org.springframework.web.context.request.RequestScope@13c612bd]
2024-04-10T13:26:28.289+05:30 TRACE 20084 --- [spring-boot-learn] [           main] o.s.b.f.s.DefaultListableBeanFactory     : Registering scope 'session' with implementation [org.springframework.web.context.request.SessionScope@41de5768]
2024-04-10T13:26:28.289+05:30 TRACE 20084 --- [spring-boot-learn] [           main] o.s.b.f.s.DefaultListableBeanFactory     : Registering scope 'application' with implementation [org.springframework.web.context.support.ServletContextScope@6a175569]
2024-04-10T13:26:28.298+05:30 DEBUG 20084 --- [spring-boot-learn] [           main] o.s.b.f.s.DefaultListableBeanFactory     : Creating shared instance of singleton bean 'org.springframework.context.annotation.internalConfigurationAnnotationProcessor'
2024-04-10T13:26:28.299+05:30 TRACE 20084 --- [spring-boot-learn] [           main] o.s.b.f.s.DefaultListableBeanFactory     : Creating instance of bean 'org.springframework.context.annotation.internalConfigurationAnnotationProcessor'
2024-04-10T13:26:28.307+05:30 DEBUG 20084 --- [spring-boot-learn] [           main] o.s.b.f.s.DefaultListableBeanFactory     : Creating shared instance of singleton bean 'org.springframework.boot.autoconfigure.internalCachingMetadataReaderFactory'
2024-04-10T13:26:28.307+05:30 TRACE 20084 --- [spring-boot-learn] [           main] o.s.b.f.s.DefaultListableBeanFactory     : Creating instance of bean 'org.springframework.boot.autoconfigure.internalCachingMetadataReaderFactory'
2024-04-10T13:26:28.308+05:30 TRACE 20084 --- [spring-boot-learn] [           main] o.s.b.f.s.DefaultListableBeanFactory     : Finished creating instance of bean 'org.springframework.boot.autoconfigure.internalCachingMetadataReaderFactory'
2024-04-10T13:26:28.310+05:30 TRACE 20084 --- [spring-boot-learn] [           main] o.s.c.io.support.SpringFactoriesLoader   : Loaded [org.springframework.beans.BeanInfoFactory] names: []
2024-04-10T13:26:28.311+05:30 TRACE 20084 --- [spring-boot-learn] [           main] o.s.beans.CachedIntrospectionResults     : Getting BeanInfo for class [org.springframework.context.annotation.ConfigurationClassPostProcessor]
2024-04-10T13:26:28.313+05:30 TRACE 20084 --- [spring-boot-learn] [           main] o.s.beans.CachedIntrospectionResults     : Caching PropertyDescriptors for class [org.springframework.context.annotation.ConfigurationClassPostProcessor]
2024-04-10T13:26:28.314+05:30 TRACE 20084 --- [spring-boot-learn] [           main] o.s.beans.CachedIntrospectionResults     : Found bean property 'applicationStartup' of type [org.springframework.core.metrics.ApplicationStartup]
2024-04-10T13:26:28.314+05:30 TRACE 20084 --- [spring-boot-learn] [           main] o.s.beans.CachedIntrospectionResults     : Found bean property 'beanClassLoader' of type [java.lang.ClassLoader]
2024-04-10T13:26:28.314+05:30 TRACE 20084 --- [spring-boot-learn] [           main] o.s.beans.CachedIntrospectionResults     : Found bean property 'beanExcludedFromAotProcessing' of type [boolean]
2024-04-10T13:26:28.314+05:30 TRACE 20084 --- [spring-boot-learn] [           main] o.s.beans.CachedIntrospectionResults     : Found bean property 'beanNameGenerator' of type [org.springframework.beans.factory.support.BeanNameGenerator]
2024-04-10T13:26:28.315+05:30 TRACE 20084 --- [spring-boot-learn] [           main] o.s.beans.CachedIntrospectionResults     : Found bean property 'class' of type [java.lang.Class]
2024-04-10T13:26:28.315+05:30 TRACE 20084 --- [spring-boot-learn] [           main] o.s.beans.CachedIntrospectionResults     : Found bean property 'environment' of type [org.springframework.core.env.Environment]
2024-04-10T13:26:28.315+05:30 TRACE 20084 --- [spring-boot-learn] [           main] o.s.beans.CachedIntrospectionResults     : Found bean property 'metadataReaderFactory' of type [org.springframework.core.type.classreading.MetadataReaderFactory]
2024-04-10T13:26:28.315+05:30 TRACE 20084 --- [spring-boot-learn] [           main] o.s.beans.CachedIntrospectionResults     : Found bean property 'order' of type [int]
2024-04-10T13:26:28.315+05:30 TRACE 20084 --- [spring-boot-learn] [           main] o.s.beans.CachedIntrospectionResults     : Found bean property 'problemReporter' of type [org.springframework.beans.factory.parsing.ProblemReporter]
2024-04-10T13:26:28.315+05:30 TRACE 20084 --- [spring-boot-learn] [           main] o.s.beans.CachedIntrospectionResults     : Found bean property 'resourceLoader' of type [org.springframework.core.io.ResourceLoader]
2024-04-10T13:26:28.315+05:30 TRACE 20084 --- [spring-boot-learn] [           main] o.s.beans.CachedIntrospectionResults     : Found bean property 'sourceExtractor' of type [org.springframework.beans.factory.parsing.SourceExtractor]
2024-04-10T13:26:28.319+05:30 TRACE 20084 --- [spring-boot-learn] [           main] o.s.b.f.s.DefaultListableBeanFactory     : Finished creating instance of bean 'org.springframework.context.annotation.internalConfigurationAnnotationProcessor'
2024-04-10T13:26:28.328+05:30 TRACE 20084 --- [spring-boot-learn] [           main] o.s.c.a.ClassPathBeanDefinitionScanner   : JSR-250 'jakarta.annotation.ManagedBean' found and supported for component scanning
2024-04-10T13:26:28.330+05:30 TRACE 20084 --- [spring-boot-learn] [           main] .i.s.PathMatchingResourcePatternResolver : Resolved module-path location pattern [com/spring10/springbootlearn/**/*.class] to resources []
2024-04-10T13:26:28.330+05:30 TRACE 20084 --- [spring-boot-learn] [           main] .i.s.PathMatchingResourcePatternResolver : Resolved module-path location pattern [com/spring10/springbootlearn/] to resources []
2024-04-10T13:26:28.331+05:30 TRACE 20084 --- [spring-boot-learn] [           main] .i.s.PathMatchingResourcePatternResolver : Resolved class path location [com/spring10/springbootlearn/] to resources [file [/home/ttpl-lnv15-092/IdeaProjects/spring-boot-learn/target/test-classes/com/spring10/springbootlearn], file [/home/ttpl-lnv15-092/IdeaProjects/spring-boot-learn/target/classes/com/spring10/springbootlearn]]
2024-04-10T13:26:28.331+05:30 TRACE 20084 --- [spring-boot-learn] [           main] .i.s.PathMatchingResourcePatternResolver : Searching directory [/home/ttpl-lnv15-092/IdeaProjects/spring-boot-learn/target/test-classes/com/spring10/springbootlearn] for files matching pattern [**/*.class]
2024-04-10T13:26:28.332+05:30 TRACE 20084 --- [spring-boot-learn] [           main] .i.s.PathMatchingResourcePatternResolver : Searching directory [/home/ttpl-lnv15-092/IdeaProjects/spring-boot-learn/target/classes/com/spring10/springbootlearn] for files matching pattern [**/*.class]
2024-04-10T13:26:28.332+05:30 TRACE 20084 --- [spring-boot-learn] [           main] .i.s.PathMatchingResourcePatternResolver : Resolved location pattern [classpath*:com/spring10/springbootlearn/**/*.class] to resources [file [/home/ttpl-lnv15-092/IdeaProjects/spring-boot-learn/target/test-classes/com/spring10/springbootlearn/SpringBootLearnApplicationTests.class], file [/home/ttpl-lnv15-092/IdeaProjects/spring-boot-learn/target/classes/com/spring10/springbootlearn/SpringBootLearnApplication.class], file [/home/ttpl-lnv15-092/IdeaProjects/spring-boot-learn/target/classes/com/spring10/springbootlearn/a1/Course.class], file [/home/ttpl-lnv15-092/IdeaProjects/spring-boot-learn/target/classes/com/spring10/springbootlearn/a1/CourseController.class], file [/home/ttpl-lnv15-092/IdeaProjects/spring-boot-learn/target/classes/com/spring10/springbootlearn/a1/CurrencyConfigurationController.class], file [/home/ttpl-lnv15-092/IdeaProjects/spring-boot-learn/target/classes/com/spring10/springbootlearn/a1/CurrencyServiceConfiguration.class]]
2024-04-10T13:26:28.333+05:30 TRACE 20084 --- [spring-boot-learn] [           main] o.s.c.a.ClassPathBeanDefinitionScanner   : Scanning file [/home/ttpl-lnv15-092/IdeaProjects/spring-boot-learn/target/test-classes/com/spring10/springbootlearn/SpringBootLearnApplicationTests.class]
2024-04-10T13:26:28.333+05:30 TRACE 20084 --- [spring-boot-learn] [           main] o.s.b.f.s.DefaultListableBeanFactory     : Returning cached instance of singleton bean 'org.springframework.boot.test.context.filter.TestTypeExcludeFilter'
2024-04-10T13:26:28.333+05:30 TRACE 20084 --- [spring-boot-learn] [           main] o.s.c.a.ClassPathBeanDefinitionScanner   : Ignored because not matching any filter: file [/home/ttpl-lnv15-092/IdeaProjects/spring-boot-learn/target/test-classes/com/spring10/springbootlearn/SpringBootLearnApplicationTests.class]
2024-04-10T13:26:28.333+05:30 TRACE 20084 --- [spring-boot-learn] [           main] o.s.c.a.ClassPathBeanDefinitionScanner   : Scanning file [/home/ttpl-lnv15-092/IdeaProjects/spring-boot-learn/target/classes/com/spring10/springbootlearn/SpringBootLearnApplication.class]
2024-04-10T13:26:28.334+05:30 TRACE 20084 --- [spring-boot-learn] [           main] o.s.c.a.ClassPathBeanDefinitionScanner   : Ignored because not matching any filter: file [/home/ttpl-lnv15-092/IdeaProjects/spring-boot-learn/target/classes/com/spring10/springbootlearn/SpringBootLearnApplication.class]
2024-04-10T13:26:28.334+05:30 TRACE 20084 --- [spring-boot-learn] [           main] o.s.c.a.ClassPathBeanDefinitionScanner   : Scanning file [/home/ttpl-lnv15-092/IdeaProjects/spring-boot-learn/target/classes/com/spring10/springbootlearn/a1/Course.class]
2024-04-10T13:26:28.334+05:30 TRACE 20084 --- [spring-boot-learn] [           main] o.s.c.a.ClassPathBeanDefinitionScanner   : Ignored because not matching any filter: file [/home/ttpl-lnv15-092/IdeaProjects/spring-boot-learn/target/classes/com/spring10/springbootlearn/a1/Course.class]
2024-04-10T13:26:28.334+05:30 TRACE 20084 --- [spring-boot-learn] [           main] o.s.c.a.ClassPathBeanDefinitionScanner   : Scanning file [/home/ttpl-lnv15-092/IdeaProjects/spring-boot-learn/target/classes/com/spring10/springbootlearn/a1/CourseController.class]
2024-04-10T13:26:28.345+05:30 DEBUG 20084 --- [spring-boot-learn] [           main] o.s.c.a.ClassPathBeanDefinitionScanner   : Identified candidate component class: file [/home/ttpl-lnv15-092/IdeaProjects/spring-boot-learn/target/classes/com/spring10/springbootlearn/a1/CourseController.class]
2024-04-10T13:26:28.345+05:30 TRACE 20084 --- [spring-boot-learn] [           main] o.s.c.a.ClassPathBeanDefinitionScanner   : Scanning file [/home/ttpl-lnv15-092/IdeaProjects/spring-boot-learn/target/classes/com/spring10/springbootlearn/a1/CurrencyConfigurationController.class]
2024-04-10T13:26:28.346+05:30 DEBUG 20084 --- [spring-boot-learn] [           main] o.s.c.a.ClassPathBeanDefinitionScanner   : Identified candidate component class: file [/home/ttpl-lnv15-092/IdeaProjects/spring-boot-learn/target/classes/com/spring10/springbootlearn/a1/CurrencyConfigurationController.class]
2024-04-10T13:26:28.346+05:30 TRACE 20084 --- [spring-boot-learn] [           main] o.s.c.a.ClassPathBeanDefinitionScanner   : Scanning file [/home/ttpl-lnv15-092/IdeaProjects/spring-boot-learn/target/classes/com/spring10/springbootlearn/a1/CurrencyServiceConfiguration.class]
2024-04-10T13:26:28.347+05:30 DEBUG 20084 --- [spring-boot-learn] [           main] o.s.c.a.ClassPathBeanDefinitionScanner   : Identified candidate component class: file [/home/ttpl-lnv15-092/IdeaProjects/spring-boot-learn/target/classes/com/spring10/springbootlearn/a1/CurrencyServiceConfiguration.class]
2024-04-10T13:26:28.365+05:30 TRACE 20084 --- [spring-boot-learn] [           main] o.s.c.io.support.SpringFactoriesLoader   : Loaded [org.springframework.boot.autoconfigure.AutoConfigurationImportFilter] names: [org.springframework.boot.autoconfigure.condition.OnBeanCondition, org.springframework.boot.autoconfigure.condition.OnClassCondition, org.springframework.boot.autoconfigure.condition.OnWebApplicationCondition]
2024-04-10T13:26:28.380+05:30 TRACE 20084 --- [spring-boot-learn] [           main] o.s.b.f.s.DefaultListableBeanFactory     : Returning cached instance of singleton bean 'autoConfigurationReport'
2024-04-10T13:26:28.405+05:30 TRACE 20084 --- [spring-boot-learn] [           main] o.s.b.a.condition.OnClassCondition       : Condition OnClassCondition on org.springframework.boot.devtools.autoconfigure.DevToolsR2dbcAutoConfiguration did not match due to @ConditionalOnClass did not find required class 'io.r2dbc.spi.ConnectionFactory'
2024-04-10T13:26:28.406+05:30 TRACE 20084 --- [spring-boot-learn] [           main] o.s.b.a.condition.OnClassCondition       : Condition OnClassCondition on org.springframework.boot.autoconfigure.amqp.RabbitAutoConfiguration did not match due to @ConditionalOnClass did not find required class 'com.rabbitmq.client.Channel'
2024-04-10T13:26:28.406+05:30 TRACE 20084 --- [spring-boot-learn] [           main] o.s.b.a.condition.OnClassCondition       : Condition OnClassCondition on org.springframework.boot.autoconfigure.batch.BatchAutoConfiguration did not match due to @ConditionalOnClass did not find required class 'org.springframework.batch.core.launch.JobLauncher'
2024-04-10T13:26:28.406+05:30 TRACE 20084 --- [spring-boot-learn] [           main] o.s.b.a.condition.OnClassCondition       : Condition OnClassCondition on org.springframework.boot.autoconfigure.cassandra.CassandraAutoConfiguration did not match due to @ConditionalOnClass did not find required class 'com.datastax.oss.driver.api.core.CqlSession'
2024-04-10T13:26:28.406+05:30 TRACE 20084 --- [spring-boot-learn] [           main] o.s.b.a.condition.OnClassCondition       : Condition OnClassCondition on org.springframework.boot.autoconfigure.couchbase.CouchbaseAutoConfiguration did not match due to @ConditionalOnClass did not find required class 'com.couchbase.client.java.Cluster'
2024-04-10T13:26:28.407+05:30 TRACE 20084 --- [spring-boot-learn] [           main] o.s.b.a.condition.OnClassCondition       : Condition OnClassCondition on org.springframework.boot.autoconfigure.dao.PersistenceExceptionTranslationAutoConfiguration did not match due to @ConditionalOnClass did not find required class 'org.springframework.dao.annotation.PersistenceExceptionTranslationPostProcessor'
2024-04-10T13:26:28.407+05:30 TRACE 20084 --- [spring-boot-learn] [           main] o.s.b.a.condition.OnClassCondition       : Condition OnClassCondition on org.springframework.boot.autoconfigure.data.cassandra.CassandraDataAutoConfiguration did not match due to @ConditionalOnClass did not find required class 'com.datastax.oss.driver.api.core.CqlSession'
2024-04-10T13:26:28.407+05:30 TRACE 20084 --- [spring-boot-learn] [           main] o.s.b.a.condition.OnClassCondition       : Condition OnClassCondition on org.springframework.boot.autoconfigure.data.cassandra.CassandraReactiveDataAutoConfiguration did not match due to @ConditionalOnClass did not find required class 'com.datastax.oss.driver.api.core.CqlSession'
2024-04-10T13:26:28.407+05:30 TRACE 20084 --- [spring-boot-learn] [           main] o.s.b.a.condition.OnClassCondition       : Condition OnClassCondition on org.springframework.boot.autoconfigure.data.cassandra.CassandraReactiveRepositoriesAutoConfiguration did not match due to @ConditionalOnClass did not find required class 'org.springframework.data.cassandra.ReactiveSession'
2024-04-10T13:26:28.407+05:30 TRACE 20084 --- [spring-boot-learn] [           main] o.s.b.a.condition.OnClassCondition       : Condition OnClassCondition on org.springframework.boot.autoconfigure.data.cassandra.CassandraRepositoriesAutoConfiguration did not match due to @ConditionalOnClass did not find required class 'com.datastax.oss.driver.api.core.CqlSession'
2024-04-10T13:26:28.407+05:30 TRACE 20084 --- [spring-boot-learn] [           main] o.s.b.a.condition.OnClassCondition       : Condition OnClassCondition on org.springframework.boot.autoconfigure.data.couchbase.CouchbaseDataAutoConfiguration did not match due to @ConditionalOnClass did not find required class 'com.couchbase.client.java.Bucket'
2024-04-10T13:26:28.407+05:30 TRACE 20084 --- [spring-boot-learn] [           main] o.s.b.a.condition.OnClassCondition       : Condition OnClassCondition on org.springframework.boot.autoconfigure.data.couchbase.CouchbaseReactiveDataAutoConfiguration did not match due to @ConditionalOnClass did not find required class 'com.couchbase.client.java.Cluster'
2024-04-10T13:26:28.407+05:30 TRACE 20084 --- [spring-boot-learn] [           main] o.s.b.a.condition.OnClassCondition       : Condition OnClassCondition on org.springframework.boot.autoconfigure.data.couchbase.CouchbaseReactiveRepositoriesAutoConfiguration did not match due to @ConditionalOnClass did not find required class 'com.couchbase.client.java.Cluster'
2024-04-10T13:26:28.407+05:30 TRACE 20084 --- [spring-boot-learn] [           main] o.s.b.a.condition.OnClassCondition       : Condition OnClassCondition on org.springframework.boot.autoconfigure.data.couchbase.CouchbaseRepositoriesAutoConfiguration did not match due to @ConditionalOnClass did not find required class 'com.couchbase.client.java.Bucket'
2024-04-10T13:26:28.407+05:30 TRACE 20084 --- [spring-boot-learn] [           main] o.s.b.a.condition.OnClassCondition       : Condition OnClassCondition on org.springframework.boot.autoconfigure.data.elasticsearch.ElasticsearchDataAutoConfiguration did not match due to @ConditionalOnClass did not find required class 'org.springframework.data.elasticsearch.client.elc.ElasticsearchTemplate'
2024-04-10T13:26:28.407+05:30 TRACE 20084 --- [spring-boot-learn] [           main] o.s.b.a.condition.OnClassCondition       : Condition OnClassCondition on org.springframework.boot.autoconfigure.data.elasticsearch.ElasticsearchRepositoriesAutoConfiguration did not match due to @ConditionalOnClass did not find required class 'org.springframework.data.elasticsearch.repository.ElasticsearchRepository'
2024-04-10T13:26:28.407+05:30 TRACE 20084 --- [spring-boot-learn] [           main] o.s.b.a.condition.OnClassCondition       : Condition OnClassCondition on org.springframework.boot.autoconfigure.data.elasticsearch.ReactiveElasticsearchRepositoriesAutoConfiguration did not match due to @ConditionalOnClass did not find required class 'org.springframework.data.elasticsearch.client.elc.ReactiveElasticsearchClient'
2024-04-10T13:26:28.407+05:30 TRACE 20084 --- [spring-boot-learn] [           main] o.s.b.a.condition.OnClassCondition       : Condition OnClassCondition on org.springframework.boot.autoconfigure.data.jdbc.JdbcRepositoriesAutoConfiguration did not match due to @ConditionalOnClass did not find required class 'org.springframework.data.jdbc.repository.config.AbstractJdbcConfiguration'
2024-04-10T13:26:28.407+05:30 TRACE 20084 --- [spring-boot-learn] [           main] o.s.b.a.condition.OnClassCondition       : Condition OnClassCondition on org.springframework.boot.autoconfigure.data.jpa.JpaRepositoriesAutoConfiguration did not match due to @ConditionalOnClass did not find required class 'org.springframework.data.jpa.repository.JpaRepository'
2024-04-10T13:26:28.408+05:30 TRACE 20084 --- [spring-boot-learn] [           main] o.s.b.a.condition.OnClassCondition       : Condition OnClassCondition on org.springframework.boot.autoconfigure.data.ldap.LdapRepositoriesAutoConfiguration did not match due to @ConditionalOnClass did not find required class 'org.springframework.data.ldap.repository.LdapRepository'
2024-04-10T13:26:28.408+05:30 TRACE 20084 --- [spring-boot-learn] [           main] o.s.b.a.condition.OnClassCondition       : Condition OnClassCondition on org.springframework.boot.autoconfigure.data.mongo.MongoDataAutoConfiguration did not match due to @ConditionalOnClass did not find required class 'com.mongodb.client.MongoClient'
2024-04-10T13:26:28.408+05:30 TRACE 20084 --- [spring-boot-learn] [           main] o.s.b.a.condition.OnClassCondition       : Condition OnClassCondition on org.springframework.boot.autoconfigure.data.mongo.MongoReactiveDataAutoConfiguration did not match due to @ConditionalOnClass did not find required class 'com.mongodb.reactivestreams.client.MongoClient'
2024-04-10T13:26:28.408+05:30 TRACE 20084 --- [spring-boot-learn] [           main] o.s.b.a.condition.OnClassCondition       : Condition OnClassCondition on org.springframework.boot.autoconfigure.data.mongo.MongoReactiveRepositoriesAutoConfiguration did not match due to @ConditionalOnClass did not find required class 'com.mongodb.reactivestreams.client.MongoClient'
2024-04-10T13:26:28.408+05:30 TRACE 20084 --- [spring-boot-learn] [           main] o.s.b.a.condition.OnClassCondition       : Condition OnClassCondition on org.springframework.boot.autoconfigure.data.mongo.MongoRepositoriesAutoConfiguration did not match due to @ConditionalOnClass did not find required class 'com.mongodb.client.MongoClient'
2024-04-10T13:26:28.408+05:30 TRACE 20084 --- [spring-boot-learn] [           main] o.s.b.a.condition.OnClassCondition       : Condition OnClassCondition on org.springframework.boot.autoconfigure.data.neo4j.Neo4jDataAutoConfiguration did not match due to @ConditionalOnClass did not find required class 'org.neo4j.driver.Driver'
2024-04-10T13:26:28.408+05:30 TRACE 20084 --- [spring-boot-learn] [           main] o.s.b.a.condition.OnClassCondition       : Condition OnClassCondition on org.springframework.boot.autoconfigure.data.neo4j.Neo4jReactiveDataAutoConfiguration did not match due to @ConditionalOnClass did not find required class 'org.neo4j.driver.Driver'
2024-04-10T13:26:28.408+05:30 TRACE 20084 --- [spring-boot-learn] [           main] o.s.b.a.condition.OnClassCondition       : Condition OnClassCondition on org.springframework.boot.autoconfigure.data.neo4j.Neo4jReactiveRepositoriesAutoConfiguration did not match due to @ConditionalOnClass did not find required class 'org.neo4j.driver.Driver'
2024-04-10T13:26:28.408+05:30 TRACE 20084 --- [spring-boot-learn] [           main] o.s.b.a.condition.OnClassCondition       : Condition OnClassCondition on org.springframework.boot.autoconfigure.data.neo4j.Neo4jRepositoriesAutoConfiguration did not match due to @ConditionalOnClass did not find required class 'org.neo4j.driver.Driver'
2024-04-10T13:26:28.408+05:30 TRACE 20084 --- [spring-boot-learn] [           main] o.s.b.a.condition.OnClassCondition       : Condition OnClassCondition on org.springframework.boot.autoconfigure.data.r2dbc.R2dbcDataAutoConfiguration did not match due to @ConditionalOnClass did not find required class 'org.springframework.data.r2dbc.core.R2dbcEntityTemplate'
2024-04-10T13:26:28.408+05:30 TRACE 20084 --- [spring-boot-learn] [           main] o.s.b.a.condition.OnClassCondition       : Condition OnClassCondition on org.springframework.boot.autoconfigure.data.r2dbc.R2dbcRepositoriesAutoConfiguration did not match due to @ConditionalOnClass did not find required class 'io.r2dbc.spi.ConnectionFactory'
2024-04-10T13:26:28.408+05:30 TRACE 20084 --- [spring-boot-learn] [           main] o.s.b.a.condition.OnClassCondition       : Condition OnClassCondition on org.springframework.boot.autoconfigure.data.redis.RedisAutoConfiguration did not match due to @ConditionalOnClass did not find required class 'org.springframework.data.redis.core.RedisOperations'
2024-04-10T13:26:28.408+05:30 TRACE 20084 --- [spring-boot-learn] [           main] o.s.b.a.condition.OnClassCondition       : Condition OnClassCondition on org.springframework.boot.autoconfigure.data.redis.RedisReactiveAutoConfiguration did not match due to @ConditionalOnClass did not find required class 'reactor.core.publisher.Flux'
2024-04-10T13:26:28.408+05:30 TRACE 20084 --- [spring-boot-learn] [           main] o.s.b.a.condition.OnClassCondition       : Condition OnClassCondition on org.springframework.boot.autoconfigure.data.redis.RedisRepositoriesAutoConfiguration did not match due to @ConditionalOnClass did not find required class 'org.springframework.data.redis.repository.configuration.EnableRedisRepositories'
2024-04-10T13:26:28.408+05:30 TRACE 20084 --- [spring-boot-learn] [           main] o.s.b.a.condition.OnClassCondition       : Condition OnClassCondition on org.springframework.boot.autoconfigure.data.rest.RepositoryRestMvcAutoConfiguration did not match due to @ConditionalOnClass did not find required class 'org.springframework.data.rest.webmvc.config.RepositoryRestMvcConfiguration'
2024-04-10T13:26:28.409+05:30 TRACE 20084 --- [spring-boot-learn] [           main] o.s.b.a.condition.OnClassCondition       : Condition OnClassCondition on org.springframework.boot.autoconfigure.data.web.SpringDataWebAutoConfiguration did not match due to @ConditionalOnClass did not find required class 'org.springframework.data.web.PageableHandlerMethodArgumentResolver'
2024-04-10T13:26:28.409+05:30 TRACE 20084 --- [spring-boot-learn] [           main] o.s.b.a.condition.OnClassCondition       : Condition OnClassCondition on org.springframework.boot.autoconfigure.elasticsearch.ElasticsearchClientAutoConfiguration did not match due to @ConditionalOnClass did not find required class 'co.elastic.clients.elasticsearch.ElasticsearchClient'
2024-04-10T13:26:28.409+05:30 TRACE 20084 --- [spring-boot-learn] [           main] o.s.b.a.condition.OnClassCondition       : Condition OnClassCondition on org.springframework.boot.autoconfigure.elasticsearch.ElasticsearchRestClientAutoConfiguration did not match due to @ConditionalOnClass did not find required class 'org.elasticsearch.client.RestClientBuilder'
2024-04-10T13:26:28.409+05:30 TRACE 20084 --- [spring-boot-learn] [           main] o.s.b.a.condition.OnClassCondition       : Condition OnClassCondition on org.springframework.boot.autoconfigure.elasticsearch.ReactiveElasticsearchClientAutoConfiguration did not match due to @ConditionalOnClass did not find required class 'co.elastic.clients.transport.ElasticsearchTransport'
2024-04-10T13:26:28.409+05:30 TRACE 20084 --- [spring-boot-learn] [           main] o.s.b.a.condition.OnClassCondition       : Condition OnClassCondition on org.springframework.boot.autoconfigure.flyway.FlywayAutoConfiguration did not match due to @ConditionalOnClass did not find required class 'org.flywaydb.core.Flyway'
2024-04-10T13:26:28.409+05:30 TRACE 20084 --- [spring-boot-learn] [           main] o.s.b.a.condition.OnClassCondition       : Condition OnClassCondition on org.springframework.boot.autoconfigure.freemarker.FreeMarkerAutoConfiguration did not match due to @ConditionalOnClass did not find required class 'freemarker.template.Configuration'
2024-04-10T13:26:28.409+05:30 TRACE 20084 --- [spring-boot-learn] [           main] o.s.b.a.condition.OnClassCondition       : Condition OnClassCondition on org.springframework.boot.autoconfigure.graphql.GraphQlAutoConfiguration did not match due to @ConditionalOnClass did not find required class 'graphql.GraphQL'
2024-04-10T13:26:28.409+05:30 TRACE 20084 --- [spring-boot-learn] [           main] o.s.b.a.condition.OnClassCondition       : Condition OnClassCondition on org.springframework.boot.autoconfigure.graphql.data.GraphQlReactiveQueryByExampleAutoConfiguration did not match due to @ConditionalOnClass did not find required class 'graphql.GraphQL'
2024-04-10T13:26:28.409+05:30 TRACE 20084 --- [spring-boot-learn] [           main] o.s.b.a.condition.OnClassCondition       : Condition OnClassCondition on org.springframework.boot.autoconfigure.graphql.data.GraphQlReactiveQuerydslAutoConfiguration did not match due to @ConditionalOnClass did not find required class 'com.querydsl.core.Query'
2024-04-10T13:26:28.409+05:30 TRACE 20084 --- [spring-boot-learn] [           main] o.s.b.a.condition.OnClassCondition       : Condition OnClassCondition on org.springframework.boot.autoconfigure.graphql.data.GraphQlQueryByExampleAutoConfiguration did not match due to @ConditionalOnClass did not find required class 'graphql.GraphQL'
2024-04-10T13:26:28.409+05:30 TRACE 20084 --- [spring-boot-learn] [           main] o.s.b.a.condition.OnClassCondition       : Condition OnClassCondition on org.springframework.boot.autoconfigure.graphql.data.GraphQlQuerydslAutoConfiguration did not match due to @ConditionalOnClass did not find required class 'com.querydsl.core.Query'
2024-04-10T13:26:28.409+05:30 TRACE 20084 --- [spring-boot-learn] [           main] o.s.b.a.condition.OnClassCondition       : Condition OnClassCondition on org.springframework.boot.autoconfigure.graphql.reactive.GraphQlWebFluxAutoConfiguration did not match due to @ConditionalOnClass did not find required class 'graphql.GraphQL'
2024-04-10T13:26:28.409+05:30 TRACE 20084 --- [spring-boot-learn] [           main] o.s.b.a.condition.OnClassCondition       : Condition OnClassCondition on org.springframework.boot.autoconfigure.graphql.rsocket.GraphQlRSocketAutoConfiguration did not match due to @ConditionalOnClass did not find required class 'graphql.GraphQL'
2024-04-10T13:26:28.409+05:30 TRACE 20084 --- [spring-boot-learn] [           main] o.s.b.a.condition.OnClassCondition       : Condition OnClassCondition on org.springframework.boot.autoconfigure.graphql.rsocket.RSocketGraphQlClientAutoConfiguration did not match due to @ConditionalOnClass did not find required class 'graphql.GraphQL'
2024-04-10T13:26:28.409+05:30 TRACE 20084 --- [spring-boot-learn] [           main] o.s.b.a.condition.OnClassCondition       : Condition OnClassCondition on org.springframework.boot.autoconfigure.graphql.security.GraphQlWebFluxSecurityAutoConfiguration did not match due to @ConditionalOnClass did not find required class 'graphql.GraphQL'
2024-04-10T13:26:28.409+05:30 TRACE 20084 --- [spring-boot-learn] [           main] o.s.b.a.condition.OnClassCondition       : Condition OnClassCondition on org.springframework.boot.autoconfigure.graphql.security.GraphQlWebMvcSecurityAutoConfiguration did not match due to @ConditionalOnClass did not find required class 'graphql.GraphQL'
2024-04-10T13:26:28.410+05:30 TRACE 20084 --- [spring-boot-learn] [           main] o.s.b.a.condition.OnClassCondition       : Condition OnClassCondition on org.springframework.boot.autoconfigure.graphql.servlet.GraphQlWebMvcAutoConfiguration did not match due to @ConditionalOnClass did not find required class 'graphql.GraphQL'
2024-04-10T13:26:28.410+05:30 TRACE 20084 --- [spring-boot-learn] [           main] o.s.b.a.condition.OnClassCondition       : Condition OnClassCondition on org.springframework.boot.autoconfigure.groovy.template.GroovyTemplateAutoConfiguration did not match due to @ConditionalOnClass did not find required class 'groovy.text.markup.MarkupTemplateEngine'
2024-04-10T13:26:28.410+05:30 TRACE 20084 --- [spring-boot-learn] [           main] o.s.b.a.condition.OnClassCondition       : Condition OnClassCondition on org.springframework.boot.autoconfigure.gson.GsonAutoConfiguration did not match due to @ConditionalOnClass did not find required class 'com.google.gson.Gson'
2024-04-10T13:26:28.410+05:30 TRACE 20084 --- [spring-boot-learn] [           main] o.s.b.a.condition.OnClassCondition       : Condition OnClassCondition on org.springframework.boot.autoconfigure.h2.H2ConsoleAutoConfiguration did not match due to @ConditionalOnClass did not find required class 'org.h2.server.web.JakartaWebServlet'
2024-04-10T13:26:28.410+05:30 TRACE 20084 --- [spring-boot-learn] [           main] o.s.b.a.condition.OnClassCondition       : Condition OnClassCondition on org.springframework.boot.autoconfigure.hateoas.HypermediaAutoConfiguration did not match due to @ConditionalOnClass did not find required class 'org.springframework.hateoas.EntityModel'
2024-04-10T13:26:28.410+05:30 TRACE 20084 --- [spring-boot-learn] [           main] o.s.b.a.condition.OnClassCondition       : Condition OnClassCondition on org.springframework.boot.autoconfigure.hazelcast.HazelcastAutoConfiguration did not match due to @ConditionalOnClass did not find required class 'com.hazelcast.core.HazelcastInstance'
2024-04-10T13:26:28.410+05:30 TRACE 20084 --- [spring-boot-learn] [           main] o.s.b.a.condition.OnClassCondition       : Condition OnClassCondition on org.springframework.boot.autoconfigure.hazelcast.HazelcastJpaDependencyAutoConfiguration did not match due to @ConditionalOnClass did not find required class 'com.hazelcast.core.HazelcastInstance'
2024-04-10T13:26:28.410+05:30 TRACE 20084 --- [spring-boot-learn] [           main] o.s.b.a.condition.OnClassCondition       : Condition OnClassCondition on org.springframework.boot.autoconfigure.http.codec.CodecsAutoConfiguration did not match due to @ConditionalOnClass did not find required class 'org.springframework.web.reactive.function.client.WebClient'
2024-04-10T13:26:28.411+05:30 TRACE 20084 --- [spring-boot-learn] [           main] o.s.b.a.condition.OnClassCondition       : Condition OnClassCondition on org.springframework.boot.autoconfigure.influx.InfluxDbAutoConfiguration did not match due to @ConditionalOnClass did not find required class 'org.influxdb.InfluxDB'
2024-04-10T13:26:28.412+05:30 TRACE 20084 --- [spring-boot-learn] [           main] o.s.b.a.condition.OnClassCondition       : Condition OnClassCondition on org.springframework.boot.autoconfigure.integration.IntegrationAutoConfiguration did not match due to @ConditionalOnClass did not find required class 'org.springframework.integration.config.EnableIntegration'
2024-04-10T13:26:28.412+05:30 TRACE 20084 --- [spring-boot-learn] [           main] o.s.b.a.condition.OnClassCondition       : Condition OnClassCondition on org.springframework.boot.autoconfigure.jdbc.DataSourceAutoConfiguration did not match due to @ConditionalOnClass did not find required class 'org.springframework.jdbc.datasource.embedded.EmbeddedDatabaseType'
2024-04-10T13:26:28.412+05:30 TRACE 20084 --- [spring-boot-learn] [           main] o.s.b.a.condition.OnClassCondition       : Condition OnClassCondition on org.springframework.boot.autoconfigure.jdbc.JdbcTemplateAutoConfiguration did not match due to @ConditionalOnClass did not find required class 'org.springframework.jdbc.core.JdbcTemplate'
2024-04-10T13:26:28.412+05:30 TRACE 20084 --- [spring-boot-learn] [           main] o.s.b.a.condition.OnClassCondition       : Condition OnClassCondition on org.springframework.boot.autoconfigure.jdbc.JndiDataSourceAutoConfiguration did not match due to @ConditionalOnClass did not find required class 'org.springframework.jdbc.datasource.embedded.EmbeddedDatabaseType'
2024-04-10T13:26:28.412+05:30 TRACE 20084 --- [spring-boot-learn] [           main] o.s.b.a.condition.OnClassCondition       : Condition OnClassCondition on org.springframework.boot.autoconfigure.jdbc.XADataSourceAutoConfiguration did not match due to @ConditionalOnClass did not find required class 'jakarta.transaction.TransactionManager'
2024-04-10T13:26:28.412+05:30 TRACE 20084 --- [spring-boot-learn] [           main] o.s.b.a.condition.OnClassCondition       : Condition OnClassCondition on org.springframework.boot.autoconfigure.jdbc.DataSourceTransactionManagerAutoConfiguration did not match due to @ConditionalOnClass did not find required class 'org.springframework.jdbc.core.JdbcTemplate'
2024-04-10T13:26:28.412+05:30 TRACE 20084 --- [spring-boot-learn] [           main] o.s.b.a.condition.OnClassCondition       : Condition OnClassCondition on org.springframework.boot.autoconfigure.jersey.JerseyAutoConfiguration did not match due to @ConditionalOnClass did not find required class 'org.glassfish.jersey.server.spring.SpringComponentProvider'
2024-04-10T13:26:28.412+05:30 TRACE 20084 --- [spring-boot-learn] [           main] o.s.b.a.condition.OnClassCondition       : Condition OnClassCondition on org.springframework.boot.autoconfigure.jms.JmsAutoConfiguration did not match due to @ConditionalOnClass did not find required class 'jakarta.jms.Message'
2024-04-10T13:26:28.412+05:30 TRACE 20084 --- [spring-boot-learn] [           main] o.s.b.a.condition.OnClassCondition       : Condition OnClassCondition on org.springframework.boot.autoconfigure.jms.JndiConnectionFactoryAutoConfiguration did not match due to @ConditionalOnClass did not find required class 'org.springframework.jms.core.JmsTemplate'
2024-04-10T13:26:28.412+05:30 TRACE 20084 --- [spring-boot-learn] [           main] o.s.b.a.condition.OnClassCondition       : Condition OnClassCondition on org.springframework.boot.autoconfigure.jms.activemq.ActiveMQAutoConfiguration did not match due to @ConditionalOnClass did not find required class 'jakarta.jms.ConnectionFactory'
2024-04-10T13:26:28.412+05:30 TRACE 20084 --- [spring-boot-learn] [           main] o.s.b.a.condition.OnClassCondition       : Condition OnClassCondition on org.springframework.boot.autoconfigure.jms.artemis.ArtemisAutoConfiguration did not match due to @ConditionalOnClass did not find required class 'jakarta.jms.ConnectionFactory'
2024-04-10T13:26:28.412+05:30 TRACE 20084 --- [spring-boot-learn] [           main] o.s.b.a.condition.OnClassCondition       : Condition OnClassCondition on org.springframework.boot.autoconfigure.jooq.JooqAutoConfiguration did not match due to @ConditionalOnClass did not find required class 'org.jooq.DSLContext'
2024-04-10T13:26:28.413+05:30 TRACE 20084 --- [spring-boot-learn] [           main] o.s.b.a.condition.OnClassCondition       : Condition OnClassCondition on org.springframework.boot.autoconfigure.jsonb.JsonbAutoConfiguration did not match due to @ConditionalOnClass did not find required class 'jakarta.json.bind.Jsonb'
2024-04-10T13:26:28.413+05:30 TRACE 20084 --- [spring-boot-learn] [           main] o.s.b.a.condition.OnClassCondition       : Condition OnClassCondition on org.springframework.boot.autoconfigure.kafka.KafkaAutoConfiguration did not match due to @ConditionalOnClass did not find required class 'org.springframework.kafka.core.KafkaTemplate'
2024-04-10T13:26:28.413+05:30 TRACE 20084 --- [spring-boot-learn] [           main] o.s.b.a.condition.OnClassCondition       : Condition OnClassCondition on org.springframework.boot.autoconfigure.ldap.embedded.EmbeddedLdapAutoConfiguration did not match due to @ConditionalOnClass did not find required class 'com.unboundid.ldap.listener.InMemoryDirectoryServer'
2024-04-10T13:26:28.413+05:30 TRACE 20084 --- [spring-boot-learn] [           main] o.s.b.a.condition.OnClassCondition       : Condition OnClassCondition on org.springframework.boot.autoconfigure.ldap.LdapAutoConfiguration did not match due to @ConditionalOnClass did not find required class 'org.springframework.ldap.core.ContextSource'
2024-04-10T13:26:28.413+05:30 TRACE 20084 --- [spring-boot-learn] [           main] o.s.b.a.condition.OnClassCondition       : Condition OnClassCondition on org.springframework.boot.autoconfigure.liquibase.LiquibaseAutoConfiguration did not match due to @ConditionalOnClass did not find required class 'liquibase.change.DatabaseChange'
2024-04-10T13:26:28.413+05:30 TRACE 20084 --- [spring-boot-learn] [           main] o.s.b.a.condition.OnClassCondition       : Condition OnClassCondition on org.springframework.boot.autoconfigure.mail.MailSenderAutoConfiguration did not match due to @ConditionalOnClass did not find required class 'jakarta.mail.internet.MimeMessage'
2024-04-10T13:26:28.413+05:30 TRACE 20084 --- [spring-boot-learn] [           main] o.s.b.a.condition.OnClassCondition       : Condition OnClassCondition on org.springframework.boot.autoconfigure.mongo.MongoAutoConfiguration did not match due to @ConditionalOnClass did not find required class 'com.mongodb.client.MongoClient'
2024-04-10T13:26:28.413+05:30 TRACE 20084 --- [spring-boot-learn] [           main] o.s.b.a.condition.OnClassCondition       : Condition OnClassCondition on org.springframework.boot.autoconfigure.mongo.MongoReactiveAutoConfiguration did not match due to @ConditionalOnClass did not find required class 'com.mongodb.reactivestreams.client.MongoClient'
2024-04-10T13:26:28.413+05:30 TRACE 20084 --- [spring-boot-learn] [           main] o.s.b.a.condition.OnClassCondition       : Condition OnClassCondition on org.springframework.boot.autoconfigure.mustache.MustacheAutoConfiguration did not match due to @ConditionalOnClass did not find required class 'com.samskivert.mustache.Mustache'
2024-04-10T13:26:28.413+05:30 TRACE 20084 --- [spring-boot-learn] [           main] o.s.b.a.condition.OnClassCondition       : Condition OnClassCondition on org.springframework.boot.autoconfigure.neo4j.Neo4jAutoConfiguration did not match due to @ConditionalOnClass did not find required class 'org.neo4j.driver.Driver'
2024-04-10T13:26:28.413+05:30 TRACE 20084 --- [spring-boot-learn] [           main] o.s.b.a.condition.OnClassCondition       : Condition OnClassCondition on org.springframework.boot.autoconfigure.netty.NettyAutoConfiguration did not match due to @ConditionalOnClass did not find required class 'io.netty.util.NettyRuntime'
2024-04-10T13:26:28.413+05:30 TRACE 20084 --- [spring-boot-learn] [           main] o.s.b.a.condition.OnClassCondition       : Condition OnClassCondition on org.springframework.boot.autoconfigure.orm.jpa.HibernateJpaAutoConfiguration did not match due to @ConditionalOnClass did not find required class 'jakarta.persistence.EntityManager'
2024-04-10T13:26:28.413+05:30 TRACE 20084 --- [spring-boot-learn] [           main] o.s.b.a.condition.OnClassCondition       : Condition OnClassCondition on org.springframework.boot.autoconfigure.pulsar.PulsarAutoConfiguration did not match due to @ConditionalOnClass did not find required class 'org.apache.pulsar.client.api.PulsarClient'
2024-04-10T13:26:28.413+05:30 TRACE 20084 --- [spring-boot-learn] [           main] o.s.b.a.condition.OnClassCondition       : Condition OnClassCondition on org.springframework.boot.autoconfigure.pulsar.PulsarReactiveAutoConfiguration did not match due to @ConditionalOnClass did not find required class 'org.apache.pulsar.client.api.PulsarClient'
2024-04-10T13:26:28.413+05:30 TRACE 20084 --- [spring-boot-learn] [           main] o.s.b.a.condition.OnClassCondition       : Condition OnClassCondition on org.springframework.boot.autoconfigure.quartz.QuartzAutoConfiguration did not match due to @ConditionalOnClass did not find required class 'org.quartz.Scheduler'
2024-04-10T13:26:28.413+05:30 TRACE 20084 --- [spring-boot-learn] [           main] o.s.b.a.condition.OnClassCondition       : Condition OnClassCondition on org.springframework.boot.autoconfigure.r2dbc.R2dbcAutoConfiguration did not match due to @ConditionalOnClass did not find required class 'io.r2dbc.spi.ConnectionFactory'
2024-04-10T13:26:28.414+05:30 TRACE 20084 --- [spring-boot-learn] [           main] o.s.b.a.condition.OnClassCondition       : Condition OnClassCondition on org.springframework.boot.autoconfigure.r2dbc.R2dbcTransactionManagerAutoConfiguration did not match due to @ConditionalOnClass did not find required class 'org.springframework.r2dbc.connection.R2dbcTransactionManager'
2024-04-10T13:26:28.414+05:30 TRACE 20084 --- [spring-boot-learn] [           main] o.s.b.a.condition.OnClassCondition       : Condition OnClassCondition on org.springframework.boot.autoconfigure.reactor.ReactorAutoConfiguration did not match due to @ConditionalOnClass did not find required class 'reactor.core.publisher.Hooks'
2024-04-10T13:26:28.414+05:30 TRACE 20084 --- [spring-boot-learn] [           main] o.s.b.a.condition.OnClassCondition       : Condition OnClassCondition on org.springframework.boot.autoconfigure.rsocket.RSocketMessagingAutoConfiguration did not match due to @ConditionalOnClass did not find required class 'io.rsocket.RSocket'
2024-04-10T13:26:28.414+05:30 TRACE 20084 --- [spring-boot-learn] [           main] o.s.b.a.condition.OnClassCondition       : Condition OnClassCondition on org.springframework.boot.autoconfigure.rsocket.RSocketRequesterAutoConfiguration did not match due to @ConditionalOnClass did not find required class 'io.rsocket.RSocket'
2024-04-10T13:26:28.414+05:30 TRACE 20084 --- [spring-boot-learn] [           main] o.s.b.a.condition.OnClassCondition       : Condition OnClassCondition on org.springframework.boot.autoconfigure.rsocket.RSocketServerAutoConfiguration did not match due to @ConditionalOnClass did not find required class 'io.rsocket.core.RSocketServer'
2024-04-10T13:26:28.414+05:30 TRACE 20084 --- [spring-boot-learn] [           main] o.s.b.a.condition.OnClassCondition       : Condition OnClassCondition on org.springframework.boot.autoconfigure.rsocket.RSocketStrategiesAutoConfiguration did not match due to @ConditionalOnClass did not find required class 'io.netty.buffer.PooledByteBufAllocator'
2024-04-10T13:26:28.414+05:30 TRACE 20084 --- [spring-boot-learn] [           main] o.s.b.a.condition.OnClassCondition       : Condition OnClassCondition on org.springframework.boot.autoconfigure.security.servlet.SecurityAutoConfiguration did not match due to @ConditionalOnClass did not find required class 'org.springframework.security.authentication.DefaultAuthenticationEventPublisher'
2024-04-10T13:26:28.414+05:30 TRACE 20084 --- [spring-boot-learn] [           main] o.s.b.a.condition.OnClassCondition       : Condition OnClassCondition on org.springframework.boot.autoconfigure.security.servlet.UserDetailsServiceAutoConfiguration did not match due to @ConditionalOnClass did not find required class 'org.springframework.security.authentication.AuthenticationManager'
2024-04-10T13:26:28.414+05:30 TRACE 20084 --- [spring-boot-learn] [           main] o.s.b.a.condition.OnClassCondition       : Condition OnClassCondition on org.springframework.boot.autoconfigure.security.servlet.SecurityFilterAutoConfiguration did not match due to @ConditionalOnClass did not find required class 'org.springframework.security.config.http.SessionCreationPolicy'
2024-04-10T13:26:28.414+05:30 TRACE 20084 --- [spring-boot-learn] [           main] o.s.b.a.condition.OnClassCondition       : Condition OnClassCondition on org.springframework.boot.autoconfigure.security.reactive.ReactiveSecurityAutoConfiguration did not match due to @ConditionalOnClass did not find required class 'reactor.core.publisher.Flux'
2024-04-10T13:26:28.414+05:30 TRACE 20084 --- [spring-boot-learn] [           main] o.s.b.a.condition.OnClassCondition       : Condition OnClassCondition on org.springframework.boot.autoconfigure.security.reactive.ReactiveUserDetailsServiceAutoConfiguration did not match due to @ConditionalOnClass did not find required class 'org.springframework.security.authentication.ReactiveAuthenticationManager'
2024-04-10T13:26:28.414+05:30 TRACE 20084 --- [spring-boot-learn] [           main] o.s.b.a.condition.OnClassCondition       : Condition OnClassCondition on org.springframework.boot.autoconfigure.security.rsocket.RSocketSecurityAutoConfiguration did not match due to @ConditionalOnClass did not find required class 'org.springframework.security.rsocket.core.SecuritySocketAcceptorInterceptor'
2024-04-10T13:26:28.414+05:30 TRACE 20084 --- [spring-boot-learn] [           main] o.s.b.a.condition.OnClassCondition       : Condition OnClassCondition on org.springframework.boot.autoconfigure.security.saml2.Saml2RelyingPartyAutoConfiguration did not match due to @ConditionalOnClass did not find required class 'org.springframework.security.saml2.provider.service.registration.RelyingPartyRegistrationRepository'
2024-04-10T13:26:28.414+05:30 TRACE 20084 --- [spring-boot-learn] [           main] o.s.b.a.condition.OnClassCondition       : Condition OnClassCondition on org.springframework.boot.autoconfigure.sendgrid.SendGridAutoConfiguration did not match due to @ConditionalOnClass did not find required class 'com.sendgrid.SendGrid'
2024-04-10T13:26:28.415+05:30 TRACE 20084 --- [spring-boot-learn] [           main] o.s.b.a.condition.OnClassCondition       : Condition OnClassCondition on org.springframework.boot.autoconfigure.session.SessionAutoConfiguration did not match due to @ConditionalOnClass did not find required class 'org.springframework.session.Session'
2024-04-10T13:26:28.415+05:30 TRACE 20084 --- [spring-boot-learn] [           main] o.s.b.a.condition.OnClassCondition       : Condition OnClassCondition on org.springframework.boot.autoconfigure.security.oauth2.client.servlet.OAuth2ClientAutoConfiguration did not match due to @ConditionalOnClass did not find required class 'org.springframework.security.config.annotation.web.configuration.EnableWebSecurity'
2024-04-10T13:26:28.415+05:30 TRACE 20084 --- [spring-boot-learn] [           main] o.s.b.a.condition.OnClassCondition       : Condition OnClassCondition on org.springframework.boot.autoconfigure.security.oauth2.client.reactive.ReactiveOAuth2ClientAutoConfiguration did not match due to @ConditionalOnClass did not find required class 'reactor.core.publisher.Flux'
2024-04-10T13:26:28.415+05:30 TRACE 20084 --- [spring-boot-learn] [           main] o.s.b.a.condition.OnClassCondition       : Condition OnClassCondition on org.springframework.boot.autoconfigure.security.oauth2.resource.servlet.OAuth2ResourceServerAutoConfiguration did not match due to @ConditionalOnClass did not find required class 'org.springframework.security.oauth2.server.resource.authentication.BearerTokenAuthenticationToken'
2024-04-10T13:26:28.415+05:30 TRACE 20084 --- [spring-boot-learn] [           main] o.s.b.a.condition.OnClassCondition       : Condition OnClassCondition on org.springframework.boot.autoconfigure.security.oauth2.resource.reactive.ReactiveOAuth2ResourceServerAutoConfiguration did not match due to @ConditionalOnClass did not find required class 'org.springframework.security.config.annotation.web.reactive.EnableWebFluxSecurity'
2024-04-10T13:26:28.415+05:30 TRACE 20084 --- [spring-boot-learn] [           main] o.s.b.a.condition.OnClassCondition       : Condition OnClassCondition on org.springframework.boot.autoconfigure.security.oauth2.server.servlet.OAuth2AuthorizationServerAutoConfiguration did not match due to @ConditionalOnClass did not find required class 'org.springframework.security.oauth2.server.authorization.OAuth2Authorization'
2024-04-10T13:26:28.415+05:30 TRACE 20084 --- [spring-boot-learn] [           main] o.s.b.a.condition.OnClassCondition       : Condition OnClassCondition on org.springframework.boot.autoconfigure.security.oauth2.server.servlet.OAuth2AuthorizationServerJwtAutoConfiguration did not match due to @ConditionalOnClass did not find required class 'org.springframework.security.oauth2.server.authorization.OAuth2Authorization'
2024-04-10T13:26:28.415+05:30 TRACE 20084 --- [spring-boot-learn] [           main] o.s.b.a.condition.OnClassCondition       : Condition OnClassCondition on org.springframework.boot.autoconfigure.thymeleaf.ThymeleafAutoConfiguration did not match due to @ConditionalOnClass did not find required class 'org.thymeleaf.spring6.SpringTemplateEngine'
2024-04-10T13:26:28.415+05:30 TRACE 20084 --- [spring-boot-learn] [           main] o.s.b.a.condition.OnClassCondition       : Condition OnClassCondition on org.springframework.boot.autoconfigure.transaction.TransactionAutoConfiguration did not match due to @ConditionalOnClass did not find required class 'org.springframework.transaction.PlatformTransactionManager'
2024-04-10T13:26:28.415+05:30 TRACE 20084 --- [spring-boot-learn] [           main] o.s.b.a.condition.OnClassCondition       : Condition OnClassCondition on org.springframework.boot.autoconfigure.transaction.TransactionManagerCustomizationAutoConfiguration did not match due to @ConditionalOnClass did not find required class 'org.springframework.transaction.PlatformTransactionManager'
2024-04-10T13:26:28.415+05:30 TRACE 20084 --- [spring-boot-learn] [           main] o.s.b.a.condition.OnClassCondition       : Condition OnClassCondition on org.springframework.boot.autoconfigure.transaction.jta.JtaAutoConfiguration did not match due to @ConditionalOnClass did not find required class 'jakarta.transaction.Transaction'
2024-04-10T13:26:28.415+05:30 TRACE 20084 --- [spring-boot-learn] [           main] o.s.b.a.condition.OnClassCondition       : Condition OnClassCondition on org.springframework.boot.autoconfigure.validation.ValidationAutoConfiguration did not match due to @ConditionalOnClass did not find required class 'jakarta.validation.executable.ExecutableValidator'
2024-04-10T13:26:28.415+05:30 TRACE 20084 --- [spring-boot-learn] [           main] o.s.b.a.condition.OnClassCondition       : Condition OnClassCondition on org.springframework.boot.autoconfigure.web.reactive.HttpHandlerAutoConfiguration did not match due to @ConditionalOnClass did not find required class 'org.springframework.web.reactive.DispatcherHandler'
2024-04-10T13:26:28.415+05:30 TRACE 20084 --- [spring-boot-learn] [           main] o.s.b.a.condition.OnClassCondition       : Condition OnClassCondition on org.springframework.boot.autoconfigure.web.reactive.ReactiveMultipartAutoConfiguration did not match due to @ConditionalOnClass did not find required class 'org.springframework.web.reactive.config.WebFluxConfigurer'
2024-04-10T13:26:28.416+05:30 TRACE 20084 --- [spring-boot-learn] [           main] o.s.b.a.condition.OnClassCondition       : Condition OnClassCondition on org.springframework.boot.autoconfigure.web.reactive.WebFluxAutoConfiguration did not match due to @ConditionalOnClass did not find required class 'org.springframework.web.reactive.config.WebFluxConfigurer'
2024-04-10T13:26:28.416+05:30 TRACE 20084 --- [spring-boot-learn] [           main] o.s.b.a.condition.OnClassCondition       : Condition OnClassCondition on org.springframework.boot.autoconfigure.web.reactive.WebSessionIdResolverAutoConfiguration did not match due to @ConditionalOnClass did not find required class 'reactor.core.publisher.Mono'
2024-04-10T13:26:28.416+05:30 TRACE 20084 --- [spring-boot-learn] [           main] o.s.b.a.condition.OnClassCondition       : Condition OnClassCondition on org.springframework.boot.autoconfigure.web.reactive.error.ErrorWebFluxAutoConfiguration did not match due to @ConditionalOnClass did not find required class 'org.springframework.web.reactive.config.WebFluxConfigurer'
2024-04-10T13:26:28.416+05:30 TRACE 20084 --- [spring-boot-learn] [           main] o.s.b.a.condition.OnClassCondition       : Condition OnClassCondition on org.springframework.boot.autoconfigure.web.reactive.function.client.ClientHttpConnectorAutoConfiguration did not match due to @ConditionalOnClass did not find required class 'org.springframework.web.reactive.function.client.WebClient'
2024-04-10T13:26:28.416+05:30 TRACE 20084 --- [spring-boot-learn] [           main] o.s.b.a.condition.OnClassCondition       : Condition OnClassCondition on org.springframework.boot.autoconfigure.web.reactive.function.client.WebClientAutoConfiguration did not match due to @ConditionalOnClass did not find required class 'org.springframework.web.reactive.function.client.WebClient'
2024-04-10T13:26:28.416+05:30 TRACE 20084 --- [spring-boot-learn] [           main] o.s.b.a.condition.OnClassCondition       : Condition OnClassCondition on org.springframework.boot.autoconfigure.websocket.servlet.WebSocketMessagingAutoConfiguration did not match due to @ConditionalOnClass did not find required class 'org.springframework.web.socket.config.annotation.WebSocketMessageBrokerConfigurer'
2024-04-10T13:26:28.416+05:30 TRACE 20084 --- [spring-boot-learn] [           main] o.s.b.a.condition.OnClassCondition       : Condition OnClassCondition on org.springframework.boot.autoconfigure.webservices.WebServicesAutoConfiguration did not match due to @ConditionalOnClass did not find required class 'org.springframework.ws.transport.http.MessageDispatcherServlet'
2024-04-10T13:26:28.416+05:30 TRACE 20084 --- [spring-boot-learn] [           main] o.s.b.a.condition.OnClassCondition       : Condition OnClassCondition on org.springframework.boot.autoconfigure.webservices.client.WebServiceTemplateAutoConfiguration did not match due to @ConditionalOnClass did not find required class 'org.springframework.oxm.Marshaller'
2024-04-10T13:26:28.416+05:30 TRACE 20084 --- [spring-boot-learn] [           main] o.s.b.f.s.DefaultListableBeanFactory     : Returning cached instance of singleton bean 'autoConfigurationReport'
2024-04-10T13:26:28.417+05:30 TRACE 20084 --- [spring-boot-learn] [           main] o.s.b.a.c.OnWebApplicationCondition      : Condition OnWebApplicationCondition on org.springframework.boot.autoconfigure.web.reactive.ReactiveWebServerFactoryAutoConfiguration did not match due to @ConditionalOnWebApplication did not find reactive web application classes
2024-04-10T13:26:28.418+05:30 TRACE 20084 --- [spring-boot-learn] [           main] o.s.b.a.c.OnWebApplicationCondition      : Condition OnWebApplicationCondition on org.springframework.boot.autoconfigure.websocket.reactive.WebSocketReactiveAutoConfiguration did not match due to @ConditionalOnWebApplication did not find reactive web application classes
2024-04-10T13:26:28.418+05:30 TRACE 20084 --- [spring-boot-learn] [           main] o.s.b.f.s.DefaultListableBeanFactory     : Returning cached instance of singleton bean 'autoConfigurationReport'
2024-04-10T13:26:28.420+05:30 TRACE 20084 --- [spring-boot-learn] [           main] o.s.b.a.condition.OnBeanCondition        : Condition OnBeanCondition on org.springframework.boot.autoconfigure.jdbc.JdbcClientAutoConfiguration did not match due to @ConditionalOnSingleCandidate did not find required type 'org.springframework.jdbc.core.namedparam.NamedParameterJdbcTemplate'
2024-04-10T13:26:28.421+05:30 TRACE 20084 --- [spring-boot-learn] [           main] o.s.b.a.condition.OnBeanCondition        : Condition OnBeanCondition on org.springframework.boot.autoconfigure.mail.MailSenderValidatorAutoConfiguration did not match due to @ConditionalOnSingleCandidate did not find required type 'org.springframework.mail.javamail.JavaMailSenderImpl'
2024-04-10T13:26:28.424+05:30 TRACE 20084 --- [spring-boot-learn] [           main] o.s.b.a.AutoConfigurationImportSelector  : Filtered 127 auto configuration class in 41 ms
2024-04-10T13:26:28.424+05:30 TRACE 20084 --- [spring-boot-learn] [           main] o.s.c.io.support.SpringFactoriesLoader   : Loaded [org.springframework.boot.autoconfigure.AutoConfigurationImportListener] names: [org.springframework.boot.autoconfigure.condition.ConditionEvaluationReportAutoConfigurationImportListener]
2024-04-10T13:26:28.425+05:30 TRACE 20084 --- [spring-boot-learn] [           main] o.s.b.f.s.DefaultListableBeanFactory     : Returning cached instance of singleton bean 'autoConfigurationReport'
2024-04-10T13:26:28.429+05:30 TRACE 20084 --- [spring-boot-learn] [           main] o.s.b.f.s.DefaultListableBeanFactory     : Returning cached instance of singleton bean 'org.springframework.boot.autoconfigure.internalCachingMetadataReaderFactory'
2024-04-10T13:26:28.432+05:30 TRACE 20084 --- [spring-boot-learn] [           main] o.s.b.f.s.DefaultListableBeanFactory     : Returning cached instance of singleton bean 'autoConfigurationReport'
2024-04-10T13:26:28.432+05:30 TRACE 20084 --- [spring-boot-learn] [           main] o.s.b.f.s.DefaultListableBeanFactory     : Returning cached instance of singleton bean 'autoConfigurationReport'
2024-04-10T13:26:28.432+05:30 TRACE 20084 --- [spring-boot-learn] [           main] o.s.b.f.s.DefaultListableBeanFactory     : Returning cached instance of singleton bean 'autoConfigurationReport'
2024-04-10T13:26:28.433+05:30 TRACE 20084 --- [spring-boot-learn] [           main] o.s.b.f.s.DefaultListableBeanFactory     : Returning cached instance of singleton bean 'autoConfigurationReport'
2024-04-10T13:26:28.433+05:30 TRACE 20084 --- [spring-boot-learn] [           main] o.s.b.f.s.DefaultListableBeanFactory     : Returning cached instance of singleton bean 'autoConfigurationReport'
2024-04-10T13:26:28.433+05:30 TRACE 20084 --- [spring-boot-learn] [           main] o.s.b.f.s.DefaultListableBeanFactory     : Returning cached instance of singleton bean 'autoConfigurationReport'
2024-04-10T13:26:28.440+05:30 TRACE 20084 --- [spring-boot-learn] [           main] .i.s.PathMatchingResourcePatternResolver : Resolved module-path location pattern [messages.properties] to resources []
2024-04-10T13:26:28.440+05:30 TRACE 20084 --- [spring-boot-learn] [           main] .i.s.PathMatchingResourcePatternResolver : Resolved class path location [messages.properties] to resources []
2024-04-10T13:26:28.440+05:30 TRACE 20084 --- [spring-boot-learn] [           main] utoConfiguration$ResourceBundleCondition : Condition MessageSourceAutoConfiguration.ResourceBundleCondition on org.springframework.boot.autoconfigure.context.MessageSourceAutoConfiguration did not match due to ResourceBundle did not find bundle with basename messages
2024-04-10T13:26:28.440+05:30 TRACE 20084 --- [spring-boot-learn] [           main] o.s.b.f.s.DefaultListableBeanFactory     : Returning cached instance of singleton bean 'autoConfigurationReport'
2024-04-10T13:26:28.440+05:30 TRACE 20084 --- [spring-boot-learn] [           main] o.s.b.f.s.DefaultListableBeanFactory     : Returning cached instance of singleton bean 'autoConfigurationReport'
2024-04-10T13:26:28.440+05:30 TRACE 20084 --- [spring-boot-learn] [           main] o.s.b.f.s.DefaultListableBeanFactory     : Returning cached instance of singleton bean 'autoConfigurationReport'
2024-04-10T13:26:28.440+05:30 TRACE 20084 --- [spring-boot-learn] [           main] o.s.b.f.s.DefaultListableBeanFactory     : Returning cached instance of singleton bean 'autoConfigurationReport'
2024-04-10T13:26:28.440+05:30 TRACE 20084 --- [spring-boot-learn] [           main] o.s.b.f.s.DefaultListableBeanFactory     : Returning cached instance of singleton bean 'autoConfigurationReport'
2024-04-10T13:26:28.441+05:30 TRACE 20084 --- [spring-boot-learn] [           main] o.s.b.f.s.DefaultListableBeanFactory     : Returning cached instance of singleton bean 'autoConfigurationReport'
2024-04-10T13:26:28.441+05:30 TRACE 20084 --- [spring-boot-learn] [           main] o.s.b.f.s.DefaultListableBeanFactory     : Returning cached instance of singleton bean 'autoConfigurationReport'
2024-04-10T13:26:28.441+05:30 TRACE 20084 --- [spring-boot-learn] [           main] o.s.b.f.s.DefaultListableBeanFactory     : Returning cached instance of singleton bean 'autoConfigurationReport'
2024-04-10T13:26:28.441+05:30 TRACE 20084 --- [spring-boot-learn] [           main] o.s.b.f.s.DefaultListableBeanFactory     : Returning cached instance of singleton bean 'autoConfigurationReport'
2024-04-10T13:26:28.441+05:30 TRACE 20084 --- [spring-boot-learn] [           main] o.s.b.f.s.DefaultListableBeanFactory     : Returning cached instance of singleton bean 'autoConfigurationReport'
2024-04-10T13:26:28.443+05:30 TRACE 20084 --- [spring-boot-learn] [           main] o.s.b.f.s.DefaultListableBeanFactory     : Returning cached instance of singleton bean 'autoConfigurationReport'
2024-04-10T13:26:28.444+05:30 TRACE 20084 --- [spring-boot-learn] [           main] o.s.b.f.s.DefaultListableBeanFactory     : Returning cached instance of singleton bean 'autoConfigurationReport'
2024-04-10T13:26:28.444+05:30 TRACE 20084 --- [spring-boot-learn] [           main] o.s.b.f.s.DefaultListableBeanFactory     : Returning cached instance of singleton bean 'autoConfigurationReport'
2024-04-10T13:26:28.444+05:30 TRACE 20084 --- [spring-boot-learn] [           main] o.s.b.f.s.DefaultListableBeanFactory     : Returning cached instance of singleton bean 'autoConfigurationReport'
2024-04-10T13:26:28.444+05:30 TRACE 20084 --- [spring-boot-learn] [           main] o.s.b.f.s.DefaultListableBeanFactory     : Returning cached instance of singleton bean 'autoConfigurationReport'
2024-04-10T13:26:28.444+05:30 TRACE 20084 --- [spring-boot-learn] [           main] o.s.b.f.s.DefaultListableBeanFactory     : Returning cached instance of singleton bean 'autoConfigurationReport'
2024-04-10T13:26:28.445+05:30 TRACE 20084 --- [spring-boot-learn] [           main] o.s.b.f.s.DefaultListableBeanFactory     : Returning cached instance of singleton bean 'autoConfigurationReport'
2024-04-10T13:26:28.445+05:30 TRACE 20084 --- [spring-boot-learn] [           main] o.s.b.f.s.DefaultListableBeanFactory     : Returning cached instance of singleton bean 'autoConfigurationReport'
2024-04-10T13:26:28.445+05:30 TRACE 20084 --- [spring-boot-learn] [           main] o.s.b.f.s.DefaultListableBeanFactory     : Returning cached instance of singleton bean 'autoConfigurationReport'
2024-04-10T13:26:28.447+05:30 TRACE 20084 --- [spring-boot-learn] [           main] o.s.b.f.s.DefaultListableBeanFactory     : Returning cached instance of singleton bean 'autoConfigurationReport'
2024-04-10T13:26:28.448+05:30 TRACE 20084 --- [spring-boot-learn] [           main] o.s.b.f.s.DefaultListableBeanFactory     : Returning cached instance of singleton bean 'autoConfigurationReport'
2024-04-10T13:26:28.448+05:30 TRACE 20084 --- [spring-boot-learn] [           main] o.s.b.f.s.DefaultListableBeanFactory     : Returning cached instance of singleton bean 'autoConfigurationReport'
2024-04-10T13:26:28.448+05:30 TRACE 20084 --- [spring-boot-learn] [           main] o.s.b.f.s.DefaultListableBeanFactory     : Returning cached instance of singleton bean 'autoConfigurationReport'
2024-04-10T13:26:28.448+05:30 TRACE 20084 --- [spring-boot-learn] [           main] o.s.b.f.s.DefaultListableBeanFactory     : Returning cached instance of singleton bean 'autoConfigurationReport'
2024-04-10T13:26:28.448+05:30 TRACE 20084 --- [spring-boot-learn] [           main] o.s.b.f.s.DefaultListableBeanFactory     : Returning cached instance of singleton bean 'autoConfigurationReport'
2024-04-10T13:26:28.450+05:30 TRACE 20084 --- [spring-boot-learn] [           main] o.s.b.a.condition.OnClassCondition       : Condition OnClassCondition on org.springframework.boot.autoconfigure.websocket.servlet.WebSocketServletAutoConfiguration matched due to @ConditionalOnClass found required classes 'jakarta.servlet.Servlet', 'jakarta.websocket.server.ServerContainer'
2024-04-10T13:26:28.450+05:30 TRACE 20084 --- [spring-boot-learn] [           main] o.s.b.f.s.DefaultListableBeanFactory     : Returning cached instance of singleton bean 'autoConfigurationReport'
2024-04-10T13:26:28.450+05:30 TRACE 20084 --- [spring-boot-learn] [           main] o.s.b.a.c.OnWebApplicationCondition      : Condition OnWebApplicationCondition on org.springframework.boot.autoconfigure.websocket.servlet.WebSocketServletAutoConfiguration matched due to found 'session' scope
2024-04-10T13:26:28.450+05:30 TRACE 20084 --- [spring-boot-learn] [           main] o.s.b.f.s.DefaultListableBeanFactory     : Returning cached instance of singleton bean 'autoConfigurationReport'
2024-04-10T13:26:28.451+05:30 TRACE 20084 --- [spring-boot-learn] [           main] o.s.b.f.s.DefaultListableBeanFactory     : Returning cached instance of singleton bean 'autoConfigurationReport'
2024-04-10T13:26:28.451+05:30 TRACE 20084 --- [spring-boot-learn] [           main] o.s.b.f.s.DefaultListableBeanFactory     : Returning cached instance of singleton bean 'autoConfigurationReport'
2024-04-10T13:26:28.451+05:30 TRACE 20084 --- [spring-boot-learn] [           main] o.s.b.f.s.DefaultListableBeanFactory     : Returning cached instance of singleton bean 'autoConfigurationReport'
2024-04-10T13:26:28.457+05:30 TRACE 20084 --- [spring-boot-learn] [           main] o.s.b.a.condition.OnClassCondition       : Condition OnClassCondition on org.springframework.boot.autoconfigure.websocket.servlet.WebSocketServletAutoConfiguration$UndertowWebSocketConfiguration did not match due to @ConditionalOnClass did not find required class 'io.undertow.websockets.jsr.Bootstrap'
2024-04-10T13:26:28.457+05:30 TRACE 20084 --- [spring-boot-learn] [           main] o.s.b.f.s.DefaultListableBeanFactory     : Returning cached instance of singleton bean 'autoConfigurationReport'
2024-04-10T13:26:28.458+05:30 TRACE 20084 --- [spring-boot-learn] [           main] o.s.b.a.condition.OnClassCondition       : Condition OnClassCondition on org.springframework.boot.autoconfigure.websocket.servlet.WebSocketServletAutoConfiguration$JettyWebSocketConfiguration did not match due to @ConditionalOnClass did not find required class 'org.eclipse.jetty.ee10.websocket.jakarta.server.config.JakartaWebSocketServletContainerInitializer'
2024-04-10T13:26:28.458+05:30 TRACE 20084 --- [spring-boot-learn] [           main] o.s.b.f.s.DefaultListableBeanFactory     : Returning cached instance of singleton bean 'autoConfigurationReport'
2024-04-10T13:26:28.459+05:30 TRACE 20084 --- [spring-boot-learn] [           main] o.s.b.a.condition.OnClassCondition       : Condition OnClassCondition on org.springframework.boot.autoconfigure.websocket.servlet.WebSocketServletAutoConfiguration$TomcatWebSocketConfiguration matched due to @ConditionalOnClass found required classes 'org.apache.catalina.startup.Tomcat', 'org.apache.tomcat.websocket.server.WsSci'
2024-04-10T13:26:28.460+05:30 TRACE 20084 --- [spring-boot-learn] [           main] o.s.b.f.s.DefaultListableBeanFactory     : Returning cached instance of singleton bean 'autoConfigurationReport'
2024-04-10T13:26:28.460+05:30 TRACE 20084 --- [spring-boot-learn] [           main] o.s.b.f.s.DefaultListableBeanFactory     : Returning cached instance of singleton bean 'autoConfigurationReport'
2024-04-10T13:26:28.460+05:30 TRACE 20084 --- [spring-boot-learn] [           main] o.s.b.f.s.DefaultListableBeanFactory     : Returning cached instance of singleton bean 'autoConfigurationReport'
2024-04-10T13:26:28.460+05:30 TRACE 20084 --- [spring-boot-learn] [           main] o.s.b.f.s.DefaultListableBeanFactory     : Returning cached instance of singleton bean 'autoConfigurationReport'
2024-04-10T13:26:28.462+05:30 TRACE 20084 --- [spring-boot-learn] [           main] o.s.b.f.s.DefaultListableBeanFactory     : Returning cached instance of singleton bean 'autoConfigurationReport'
2024-04-10T13:26:28.462+05:30 TRACE 20084 --- [spring-boot-learn] [           main] o.s.b.f.s.DefaultListableBeanFactory     : Returning cached instance of singleton bean 'autoConfigurationReport'
2024-04-10T13:26:28.462+05:30 TRACE 20084 --- [spring-boot-learn] [           main] o.s.b.f.s.DefaultListableBeanFactory     : Returning cached instance of singleton bean 'autoConfigurationReport'
2024-04-10T13:26:28.462+05:30 TRACE 20084 --- [spring-boot-learn] [           main] o.s.b.f.s.DefaultListableBeanFactory     : Returning cached instance of singleton bean 'autoConfigurationReport'
2024-04-10T13:26:28.462+05:30 TRACE 20084 --- [spring-boot-learn] [           main] o.s.b.f.s.DefaultListableBeanFactory     : Returning cached instance of singleton bean 'autoConfigurationReport'
2024-04-10T13:26:28.462+05:30 TRACE 20084 --- [spring-boot-learn] [           main] o.s.b.f.s.DefaultListableBeanFactory     : Returning cached instance of singleton bean 'autoConfigurationReport'
2024-04-10T13:26:28.463+05:30 TRACE 20084 --- [spring-boot-learn] [           main] o.s.b.a.condition.OnClassCondition       : Condition OnClassCondition on org.springframework.boot.autoconfigure.web.servlet.ServletWebServerFactoryAutoConfiguration matched due to @ConditionalOnClass found required class 'jakarta.servlet.ServletRequest'
2024-04-10T13:26:28.463+05:30 TRACE 20084 --- [spring-boot-learn] [           main] o.s.b.f.s.DefaultListableBeanFactory     : Returning cached instance of singleton bean 'autoConfigurationReport'
2024-04-10T13:26:28.463+05:30 TRACE 20084 --- [spring-boot-learn] [           main] o.s.b.a.c.OnWebApplicationCondition      : Condition OnWebApplicationCondition on org.springframework.boot.autoconfigure.web.servlet.ServletWebServerFactoryAutoConfiguration matched due to found 'session' scope
2024-04-10T13:26:28.463+05:30 TRACE 20084 --- [spring-boot-learn] [           main] o.s.b.f.s.DefaultListableBeanFactory     : Returning cached instance of singleton bean 'autoConfigurationReport'
2024-04-10T13:26:28.463+05:30 TRACE 20084 --- [spring-boot-learn] [           main] o.s.b.f.s.DefaultListableBeanFactory     : Returning cached instance of singleton bean 'autoConfigurationReport'
2024-04-10T13:26:28.463+05:30 TRACE 20084 --- [spring-boot-learn] [           main] o.s.b.f.s.DefaultListableBeanFactory     : Returning cached instance of singleton bean 'autoConfigurationReport'
2024-04-10T13:26:28.464+05:30 TRACE 20084 --- [spring-boot-learn] [           main] o.s.b.f.s.DefaultListableBeanFactory     : Returning cached instance of singleton bean 'autoConfigurationReport'
2024-04-10T13:26:28.471+05:30 TRACE 20084 --- [spring-boot-learn] [           main] o.s.b.a.condition.OnPropertyCondition    : Condition OnPropertyCondition on org.springframework.boot.autoconfigure.web.servlet.ServletWebServerFactoryAutoConfiguration$ForwardedHeaderFilterConfiguration did not match due to @ConditionalOnProperty (server.forward-headers-strategy=framework) did not find property 'server.forward-headers-strategy'
2024-04-10T13:26:28.471+05:30 TRACE 20084 --- [spring-boot-learn] [           main] o.s.b.f.s.DefaultListableBeanFactory     : Returning cached instance of singleton bean 'autoConfigurationReport'
2024-04-10T13:26:28.475+05:30 TRACE 20084 --- [spring-boot-learn] [           main] o.s.b.a.condition.OnClassCondition       : Condition OnClassCondition on org.springframework.boot.autoconfigure.web.servlet.ServletWebServerFactoryConfiguration$EmbeddedTomcat matched due to @ConditionalOnClass found required classes 'jakarta.servlet.Servlet', 'org.apache.catalina.startup.Tomcat', 'org.apache.coyote.UpgradeProtocol'
2024-04-10T13:26:28.475+05:30 TRACE 20084 --- [spring-boot-learn] [           main] o.s.b.f.s.DefaultListableBeanFactory     : Returning cached instance of singleton bean 'autoConfigurationReport'
2024-04-10T13:26:28.475+05:30 TRACE 20084 --- [spring-boot-learn] [           main] o.s.b.f.s.DefaultListableBeanFactory     : Returning cached instance of singleton bean 'autoConfigurationReport'
2024-04-10T13:26:28.475+05:30 TRACE 20084 --- [spring-boot-learn] [           main] o.s.b.f.s.DefaultListableBeanFactory     : Returning cached instance of singleton bean 'autoConfigurationReport'
2024-04-10T13:26:28.475+05:30 TRACE 20084 --- [spring-boot-learn] [           main] o.s.b.f.s.DefaultListableBeanFactory     : Returning cached instance of singleton bean 'autoConfigurationReport'
2024-04-10T13:26:28.477+05:30 TRACE 20084 --- [spring-boot-learn] [           main] o.s.b.a.condition.OnClassCondition       : Condition OnClassCondition on org.springframework.boot.autoconfigure.web.servlet.ServletWebServerFactoryConfiguration$EmbeddedJetty did not match due to @ConditionalOnClass did not find required classes 'org.eclipse.jetty.server.Server', 'org.eclipse.jetty.util.Loader', 'org.eclipse.jetty.ee10.webapp.WebAppContext'
2024-04-10T13:26:28.477+05:30 TRACE 20084 --- [spring-boot-learn] [           main] o.s.b.f.s.DefaultListableBeanFactory     : Returning cached instance of singleton bean 'autoConfigurationReport'
2024-04-10T13:26:28.477+05:30 TRACE 20084 --- [spring-boot-learn] [           main] o.s.b.a.condition.OnClassCondition       : Condition OnClassCondition on org.springframework.boot.autoconfigure.web.servlet.ServletWebServerFactoryConfiguration$EmbeddedUndertow did not match due to @ConditionalOnClass did not find required classes 'io.undertow.Undertow', 'org.xnio.SslClientAuthMode'
2024-04-10T13:26:28.478+05:30 TRACE 20084 --- [spring-boot-learn] [           main] o.s.b.f.s.DefaultListableBeanFactory     : Returning cached instance of singleton bean 'autoConfigurationReport'
2024-04-10T13:26:28.478+05:30 TRACE 20084 --- [spring-boot-learn] [           main] o.s.b.f.s.DefaultListableBeanFactory     : Returning cached instance of singleton bean 'autoConfigurationReport'
2024-04-10T13:26:28.478+05:30 TRACE 20084 --- [spring-boot-learn] [           main] o.s.b.f.s.DefaultListableBeanFactory     : Returning cached instance of singleton bean 'autoConfigurationReport'
2024-04-10T13:26:28.478+05:30 TRACE 20084 --- [spring-boot-learn] [           main] o.s.b.f.s.DefaultListableBeanFactory     : Returning cached instance of singleton bean 'autoConfigurationReport'
2024-04-10T13:26:28.478+05:30 TRACE 20084 --- [spring-boot-learn] [           main] o.s.b.f.s.DefaultListableBeanFactory     : Returning cached instance of singleton bean 'autoConfigurationReport'
2024-04-10T13:26:28.478+05:30 TRACE 20084 --- [spring-boot-learn] [           main] o.s.b.f.s.DefaultListableBeanFactory     : Returning cached instance of singleton bean 'autoConfigurationReport'
2024-04-10T13:26:28.478+05:30 TRACE 20084 --- [spring-boot-learn] [           main] o.s.b.f.s.DefaultListableBeanFactory     : Returning cached instance of singleton bean 'autoConfigurationReport'
2024-04-10T13:26:28.479+05:30 TRACE 20084 --- [spring-boot-learn] [           main] o.s.b.a.condition.OnClassCondition       : Condition OnClassCondition on org.springframework.boot.autoconfigure.web.servlet.DispatcherServletAutoConfiguration matched due to @ConditionalOnClass found required class 'org.springframework.web.servlet.DispatcherServlet'
2024-04-10T13:26:28.479+05:30 TRACE 20084 --- [spring-boot-learn] [           main] o.s.b.f.s.DefaultListableBeanFactory     : Returning cached instance of singleton bean 'autoConfigurationReport'
2024-04-10T13:26:28.479+05:30 TRACE 20084 --- [spring-boot-learn] [           main] o.s.b.a.c.OnWebApplicationCondition      : Condition OnWebApplicationCondition on org.springframework.boot.autoconfigure.web.servlet.DispatcherServletAutoConfiguration matched due to found 'session' scope
2024-04-10T13:26:28.479+05:30 TRACE 20084 --- [spring-boot-learn] [           main] o.s.b.f.s.DefaultListableBeanFactory     : Returning cached instance of singleton bean 'autoConfigurationReport'
2024-04-10T13:26:28.479+05:30 TRACE 20084 --- [spring-boot-learn] [           main] o.s.b.f.s.DefaultListableBeanFactory     : Returning cached instance of singleton bean 'autoConfigurationReport'
2024-04-10T13:26:28.479+05:30 TRACE 20084 --- [spring-boot-learn] [           main] o.s.b.f.s.DefaultListableBeanFactory     : Returning cached instance of singleton bean 'autoConfigurationReport'
2024-04-10T13:26:28.479+05:30 TRACE 20084 --- [spring-boot-learn] [           main] o.s.b.f.s.DefaultListableBeanFactory     : Returning cached instance of singleton bean 'autoConfigurationReport'
2024-04-10T13:26:28.482+05:30 TRACE 20084 --- [spring-boot-learn] [           main] o.s.b.a.condition.OnClassCondition       : Condition OnClassCondition on org.springframework.boot.autoconfigure.web.servlet.DispatcherServletAutoConfiguration$DispatcherServletRegistrationConfiguration matched due to @ConditionalOnClass found required class 'jakarta.servlet.ServletRegistration'
2024-04-10T13:26:28.482+05:30 TRACE 20084 --- [spring-boot-learn] [           main] o.s.b.f.s.DefaultListableBeanFactory     : Returning cached instance of singleton bean 'autoConfigurationReport'
2024-04-10T13:26:28.484+05:30 TRACE 20084 --- [spring-boot-learn] [           main] n$DispatcherServletRegistrationCondition : Condition DispatcherServletAutoConfiguration.DispatcherServletRegistrationCondition on org.springframework.boot.autoconfigure.web.servlet.DispatcherServletAutoConfiguration$DispatcherServletRegistrationConfiguration matched due to DispatcherServlet Registration did not find servlet registration bean
2024-04-10T13:26:28.484+05:30 TRACE 20084 --- [spring-boot-learn] [           main] o.s.b.f.s.DefaultListableBeanFactory     : Returning cached instance of singleton bean 'autoConfigurationReport'
2024-04-10T13:26:28.484+05:30 TRACE 20084 --- [spring-boot-learn] [           main] o.s.b.f.s.DefaultListableBeanFactory     : Returning cached instance of singleton bean 'autoConfigurationReport'
2024-04-10T13:26:28.485+05:30 TRACE 20084 --- [spring-boot-learn] [           main] o.s.b.f.s.DefaultListableBeanFactory     : Returning cached instance of singleton bean 'autoConfigurationReport'
2024-04-10T13:26:28.485+05:30 TRACE 20084 --- [spring-boot-learn] [           main] o.s.b.f.s.DefaultListableBeanFactory     : Returning cached instance of singleton bean 'autoConfigurationReport'
2024-04-10T13:26:28.487+05:30 TRACE 20084 --- [spring-boot-learn] [           main] o.s.b.a.condition.OnClassCondition       : Condition OnClassCondition on org.springframework.boot.autoconfigure.web.servlet.DispatcherServletAutoConfiguration$DispatcherServletConfiguration matched due to @ConditionalOnClass found required class 'jakarta.servlet.ServletRegistration'
2024-04-10T13:26:28.488+05:30 TRACE 20084 --- [spring-boot-learn] [           main] o.s.b.f.s.DefaultListableBeanFactory     : Returning cached instance of singleton bean 'autoConfigurationReport'
2024-04-10T13:26:28.488+05:30 TRACE 20084 --- [spring-boot-learn] [           main] ration$DefaultDispatcherServletCondition : Condition DispatcherServletAutoConfiguration.DefaultDispatcherServletCondition on org.springframework.boot.autoconfigure.web.servlet.DispatcherServletAutoConfiguration$DispatcherServletConfiguration matched due to Default DispatcherServlet did not find dispatcher servlet beans
2024-04-10T13:26:28.488+05:30 TRACE 20084 --- [spring-boot-learn] [           main] o.s.b.f.s.DefaultListableBeanFactory     : Returning cached instance of singleton bean 'autoConfigurationReport'
2024-04-10T13:26:28.488+05:30 TRACE 20084 --- [spring-boot-learn] [           main] o.s.b.f.s.DefaultListableBeanFactory     : Returning cached instance of singleton bean 'autoConfigurationReport'
2024-04-10T13:26:28.488+05:30 TRACE 20084 --- [spring-boot-learn] [           main] o.s.b.f.s.DefaultListableBeanFactory     : Returning cached instance of singleton bean 'autoConfigurationReport'
2024-04-10T13:26:28.488+05:30 TRACE 20084 --- [spring-boot-learn] [           main] o.s.b.f.s.DefaultListableBeanFactory     : Returning cached instance of singleton bean 'autoConfigurationReport'
2024-04-10T13:26:28.489+05:30 TRACE 20084 --- [spring-boot-learn] [           main] o.s.b.a.condition.OnClassCondition       : Condition OnClassCondition on org.springframework.boot.autoconfigure.web.servlet.DispatcherServletAutoConfiguration$DispatcherServletConfiguration matched due to @ConditionalOnClass found required class 'jakarta.servlet.ServletRegistration'
2024-04-10T13:26:28.489+05:30 TRACE 20084 --- [spring-boot-learn] [           main] o.s.b.f.s.DefaultListableBeanFactory     : Returning cached instance of singleton bean 'autoConfigurationReport'
2024-04-10T13:26:28.490+05:30 TRACE 20084 --- [spring-boot-learn] [           main] ration$DefaultDispatcherServletCondition : Condition DispatcherServletAutoConfiguration.DefaultDispatcherServletCondition on org.springframework.boot.autoconfigure.web.servlet.DispatcherServletAutoConfiguration$DispatcherServletConfiguration matched due to Default DispatcherServlet did not find dispatcher servlet beans
2024-04-10T13:26:28.490+05:30 TRACE 20084 --- [spring-boot-learn] [           main] o.s.b.f.s.DefaultListableBeanFactory     : Returning cached instance of singleton bean 'autoConfigurationReport'
2024-04-10T13:26:28.490+05:30 TRACE 20084 --- [spring-boot-learn] [           main] o.s.b.f.s.DefaultListableBeanFactory     : Returning cached instance of singleton bean 'autoConfigurationReport'
2024-04-10T13:26:28.490+05:30 TRACE 20084 --- [spring-boot-learn] [           main] o.s.b.f.s.DefaultListableBeanFactory     : Returning cached instance of singleton bean 'autoConfigurationReport'
2024-04-10T13:26:28.490+05:30 TRACE 20084 --- [spring-boot-learn] [           main] o.s.b.f.s.DefaultListableBeanFactory     : Returning cached instance of singleton bean 'autoConfigurationReport'
2024-04-10T13:26:28.491+05:30 TRACE 20084 --- [spring-boot-learn] [           main] o.s.b.f.s.DefaultListableBeanFactory     : Returning cached instance of singleton bean 'autoConfigurationReport'
2024-04-10T13:26:28.491+05:30 TRACE 20084 --- [spring-boot-learn] [           main] o.s.b.f.s.DefaultListableBeanFactory     : Returning cached instance of singleton bean 'autoConfigurationReport'
2024-04-10T13:26:28.491+05:30 TRACE 20084 --- [spring-boot-learn] [           main] o.s.b.f.s.DefaultListableBeanFactory     : Returning cached instance of singleton bean 'autoConfigurationReport'
2024-04-10T13:26:28.492+05:30 TRACE 20084 --- [spring-boot-learn] [           main] o.s.b.a.condition.OnClassCondition       : Condition OnClassCondition on org.springframework.boot.autoconfigure.task.TaskExecutionAutoConfiguration matched due to @ConditionalOnClass found required class 'org.springframework.scheduling.concurrent.ThreadPoolTaskExecutor'
2024-04-10T13:26:28.492+05:30 TRACE 20084 --- [spring-boot-learn] [           main] o.s.b.f.s.DefaultListableBeanFactory     : Returning cached instance of singleton bean 'autoConfigurationReport'
2024-04-10T13:26:28.492+05:30 TRACE 20084 --- [spring-boot-learn] [           main] o.s.b.f.s.DefaultListableBeanFactory     : Returning cached instance of singleton bean 'autoConfigurationReport'
2024-04-10T13:26:28.492+05:30 TRACE 20084 --- [spring-boot-learn] [           main] o.s.b.f.s.DefaultListableBeanFactory     : Returning cached instance of singleton bean 'autoConfigurationReport'
2024-04-10T13:26:28.492+05:30 TRACE 20084 --- [spring-boot-learn] [           main] o.s.b.f.s.DefaultListableBeanFactory     : Returning cached instance of singleton bean 'autoConfigurationReport'
2024-04-10T13:26:28.496+05:30 TRACE 20084 --- [spring-boot-learn] [           main] o.s.b.f.s.DefaultListableBeanFactory     : Returning cached instance of singleton bean 'autoConfigurationReport'
2024-04-10T13:26:28.496+05:30 TRACE 20084 --- [spring-boot-learn] [           main] o.s.b.f.s.DefaultListableBeanFactory     : Returning cached instance of singleton bean 'autoConfigurationReport'
2024-04-10T13:26:28.496+05:30 TRACE 20084 --- [spring-boot-learn] [           main] o.s.b.f.s.DefaultListableBeanFactory     : Returning cached instance of singleton bean 'autoConfigurationReport'
2024-04-10T13:26:28.496+05:30 TRACE 20084 --- [spring-boot-learn] [           main] o.s.b.f.s.DefaultListableBeanFactory     : Returning cached instance of singleton bean 'autoConfigurationReport'
2024-04-10T13:26:28.496+05:30 TRACE 20084 --- [spring-boot-learn] [           main] o.s.b.f.s.DefaultListableBeanFactory     : Returning cached instance of singleton bean 'autoConfigurationReport'
2024-04-10T13:26:28.496+05:30 TRACE 20084 --- [spring-boot-learn] [           main] o.s.b.f.s.DefaultListableBeanFactory     : Returning cached instance of singleton bean 'autoConfigurationReport'
2024-04-10T13:26:28.496+05:30 TRACE 20084 --- [spring-boot-learn] [           main] o.s.b.f.s.DefaultListableBeanFactory     : Returning cached instance of singleton bean 'autoConfigurationReport'
2024-04-10T13:26:28.496+05:30 TRACE 20084 --- [spring-boot-learn] [           main] o.s.b.f.s.DefaultListableBeanFactory     : Returning cached instance of singleton bean 'autoConfigurationReport'
2024-04-10T13:26:28.497+05:30 TRACE 20084 --- [spring-boot-learn] [           main] o.s.b.f.s.DefaultListableBeanFactory     : Returning cached instance of singleton bean 'autoConfigurationReport'
2024-04-10T13:26:28.497+05:30 TRACE 20084 --- [spring-boot-learn] [           main] o.s.b.f.s.DefaultListableBeanFactory     : Returning cached instance of singleton bean 'autoConfigurationReport'
2024-04-10T13:26:28.497+05:30 TRACE 20084 --- [spring-boot-learn] [           main] o.s.b.f.s.DefaultListableBeanFactory     : Returning cached instance of singleton bean 'autoConfigurationReport'
2024-04-10T13:26:28.497+05:30 TRACE 20084 --- [spring-boot-learn] [           main] o.s.b.f.s.DefaultListableBeanFactory     : Returning cached instance of singleton bean 'autoConfigurationReport'
2024-04-10T13:26:28.497+05:30 TRACE 20084 --- [spring-boot-learn] [           main] o.s.b.f.s.DefaultListableBeanFactory     : Returning cached instance of singleton bean 'autoConfigurationReport'
2024-04-10T13:26:28.497+05:30 TRACE 20084 --- [spring-boot-learn] [           main] o.s.b.f.s.DefaultListableBeanFactory     : Returning cached instance of singleton bean 'autoConfigurationReport'
2024-04-10T13:26:28.497+05:30 TRACE 20084 --- [spring-boot-learn] [           main] o.s.b.f.s.DefaultListableBeanFactory     : Returning cached instance of singleton bean 'autoConfigurationReport'
2024-04-10T13:26:28.497+05:30 TRACE 20084 --- [spring-boot-learn] [           main] o.s.b.f.s.DefaultListableBeanFactory     : Returning cached instance of singleton bean 'autoConfigurationReport'
2024-04-10T13:26:28.498+05:30 TRACE 20084 --- [spring-boot-learn] [           main] o.s.b.f.s.DefaultListableBeanFactory     : Returning cached instance of singleton bean 'autoConfigurationReport'
2024-04-10T13:26:28.498+05:30 TRACE 20084 --- [spring-boot-learn] [           main] o.s.b.f.s.DefaultListableBeanFactory     : Returning cached instance of singleton bean 'autoConfigurationReport'
2024-04-10T13:26:28.499+05:30 TRACE 20084 --- [spring-boot-learn] [           main] o.s.b.a.condition.OnClassCondition       : Condition OnClassCondition on org.springframework.boot.autoconfigure.web.servlet.error.ErrorMvcAutoConfiguration matched due to @ConditionalOnClass found required classes 'jakarta.servlet.Servlet', 'org.springframework.web.servlet.DispatcherServlet'
2024-04-10T13:26:28.499+05:30 TRACE 20084 --- [spring-boot-learn] [           main] o.s.b.f.s.DefaultListableBeanFactory     : Returning cached instance of singleton bean 'autoConfigurationReport'
2024-04-10T13:26:28.499+05:30 TRACE 20084 --- [spring-boot-learn] [           main] o.s.b.a.c.OnWebApplicationCondition      : Condition OnWebApplicationCondition on org.springframework.boot.autoconfigure.web.servlet.error.ErrorMvcAutoConfiguration matched due to found 'session' scope
2024-04-10T13:26:28.499+05:30 TRACE 20084 --- [spring-boot-learn] [           main] o.s.b.f.s.DefaultListableBeanFactory     : Returning cached instance of singleton bean 'autoConfigurationReport'
2024-04-10T13:26:28.499+05:30 TRACE 20084 --- [spring-boot-learn] [           main] o.s.b.f.s.DefaultListableBeanFactory     : Returning cached instance of singleton bean 'autoConfigurationReport'
2024-04-10T13:26:28.499+05:30 TRACE 20084 --- [spring-boot-learn] [           main] o.s.b.f.s.DefaultListableBeanFactory     : Returning cached instance of singleton bean 'autoConfigurationReport'
2024-04-10T13:26:28.499+05:30 TRACE 20084 --- [spring-boot-learn] [           main] o.s.b.f.s.DefaultListableBeanFactory     : Returning cached instance of singleton bean 'autoConfigurationReport'
2024-04-10T13:26:28.502+05:30 TRACE 20084 --- [spring-boot-learn] [           main] o.s.b.a.condition.OnPropertyCondition    : Condition OnPropertyCondition on org.springframework.boot.autoconfigure.web.servlet.error.ErrorMvcAutoConfiguration$WhitelabelErrorViewConfiguration matched due to @ConditionalOnProperty (server.error.whitelabel.enabled) matched
2024-04-10T13:26:28.502+05:30 TRACE 20084 --- [spring-boot-learn] [           main] o.s.b.f.s.DefaultListableBeanFactory     : Returning cached instance of singleton bean 'autoConfigurationReport'
2024-04-10T13:26:28.504+05:30 TRACE 20084 --- [spring-boot-learn] [           main] o.s.c.io.support.SpringFactoriesLoader   : Loaded [org.springframework.boot.autoconfigure.template.TemplateAvailabilityProvider] names: [org.springframework.boot.autoconfigure.freemarker.FreeMarkerTemplateAvailabilityProvider, org.springframework.boot.autoconfigure.mustache.MustacheTemplateAvailabilityProvider, org.springframework.boot.autoconfigure.groovy.template.GroovyTemplateAvailabilityProvider, org.springframework.boot.autoconfigure.thymeleaf.ThymeleafTemplateAvailabilityProvider, org.springframework.boot.autoconfigure.web.servlet.JspTemplateAvailabilityProvider]
2024-04-10T13:26:28.507+05:30 TRACE 20084 --- [spring-boot-learn] [           main] figuration$ErrorTemplateMissingCondition : Condition ErrorMvcAutoConfiguration.ErrorTemplateMissingCondition on org.springframework.boot.autoconfigure.web.servlet.error.ErrorMvcAutoConfiguration$WhitelabelErrorViewConfiguration matched due to ErrorTemplate Missing did not find error template view
2024-04-10T13:26:28.507+05:30 TRACE 20084 --- [spring-boot-learn] [           main] o.s.b.f.s.DefaultListableBeanFactory     : Returning cached instance of singleton bean 'autoConfigurationReport'
2024-04-10T13:26:28.507+05:30 TRACE 20084 --- [spring-boot-learn] [           main] o.s.b.f.s.DefaultListableBeanFactory     : Returning cached instance of singleton bean 'autoConfigurationReport'
2024-04-10T13:26:28.507+05:30 TRACE 20084 --- [spring-boot-learn] [           main] o.s.b.f.s.DefaultListableBeanFactory     : Returning cached instance of singleton bean 'autoConfigurationReport'
2024-04-10T13:26:28.507+05:30 TRACE 20084 --- [spring-boot-learn] [           main] o.s.b.f.s.DefaultListableBeanFactory     : Returning cached instance of singleton bean 'autoConfigurationReport'
2024-04-10T13:26:28.508+05:30 TRACE 20084 --- [spring-boot-learn] [           main] o.s.b.f.s.DefaultListableBeanFactory     : Returning cached instance of singleton bean 'autoConfigurationReport'
2024-04-10T13:26:28.508+05:30 TRACE 20084 --- [spring-boot-learn] [           main] o.s.b.f.s.DefaultListableBeanFactory     : Returning cached instance of singleton bean 'autoConfigurationReport'
2024-04-10T13:26:28.508+05:30 TRACE 20084 --- [spring-boot-learn] [           main] o.s.b.f.s.DefaultListableBeanFactory     : Returning cached instance of singleton bean 'autoConfigurationReport'
2024-04-10T13:26:28.509+05:30 TRACE 20084 --- [spring-boot-learn] [           main] o.s.b.f.s.DefaultListableBeanFactory     : Returning cached instance of singleton bean 'autoConfigurationReport'
2024-04-10T13:26:28.509+05:30 TRACE 20084 --- [spring-boot-learn] [           main] o.s.b.f.s.DefaultListableBeanFactory     : Returning cached instance of singleton bean 'autoConfigurationReport'
2024-04-10T13:26:28.509+05:30 TRACE 20084 --- [spring-boot-learn] [           main] o.s.b.f.s.DefaultListableBeanFactory     : Returning cached instance of singleton bean 'autoConfigurationReport'
2024-04-10T13:26:28.510+05:30 TRACE 20084 --- [spring-boot-learn] [           main] o.s.b.f.s.DefaultListableBeanFactory     : Returning cached instance of singleton bean 'autoConfigurationReport'
2024-04-10T13:26:28.510+05:30 TRACE 20084 --- [spring-boot-learn] [           main] o.s.b.f.s.DefaultListableBeanFactory     : Returning cached instance of singleton bean 'autoConfigurationReport'
2024-04-10T13:26:28.510+05:30 TRACE 20084 --- [spring-boot-learn] [           main] o.s.b.f.s.DefaultListableBeanFactory     : Returning cached instance of singleton bean 'autoConfigurationReport'
2024-04-10T13:26:28.511+05:30 TRACE 20084 --- [spring-boot-learn] [           main] o.s.b.a.condition.OnClassCondition       : Condition OnClassCondition on org.springframework.boot.autoconfigure.web.servlet.WebMvcAutoConfiguration matched due to @ConditionalOnClass found required classes 'jakarta.servlet.Servlet', 'org.springframework.web.servlet.DispatcherServlet', 'org.springframework.web.servlet.config.annotation.WebMvcConfigurer'
2024-04-10T13:26:28.511+05:30 TRACE 20084 --- [spring-boot-learn] [           main] o.s.b.f.s.DefaultListableBeanFactory     : Returning cached instance of singleton bean 'autoConfigurationReport'
2024-04-10T13:26:28.512+05:30 TRACE 20084 --- [spring-boot-learn] [           main] o.s.b.a.c.OnWebApplicationCondition      : Condition OnWebApplicationCondition on org.springframework.boot.autoconfigure.web.servlet.WebMvcAutoConfiguration matched due to found 'session' scope
2024-04-10T13:26:28.512+05:30 TRACE 20084 --- [spring-boot-learn] [           main] o.s.b.f.s.DefaultListableBeanFactory     : Returning cached instance of singleton bean 'autoConfigurationReport'
2024-04-10T13:26:28.512+05:30 TRACE 20084 --- [spring-boot-learn] [           main] o.s.b.f.s.DefaultListableBeanFactory     : Returning cached instance of singleton bean 'autoConfigurationReport'
2024-04-10T13:26:28.512+05:30 TRACE 20084 --- [spring-boot-learn] [           main] o.s.b.f.s.DefaultListableBeanFactory     : Returning cached instance of singleton bean 'autoConfigurationReport'
2024-04-10T13:26:28.512+05:30 TRACE 20084 --- [spring-boot-learn] [           main] o.s.b.f.s.DefaultListableBeanFactory     : Returning cached instance of singleton bean 'autoConfigurationReport'
2024-04-10T13:26:28.516+05:30 TRACE 20084 --- [spring-boot-learn] [           main] o.s.b.f.s.DefaultListableBeanFactory     : Returning cached instance of singleton bean 'autoConfigurationReport'
2024-04-10T13:26:28.516+05:30 TRACE 20084 --- [spring-boot-learn] [           main] o.s.b.f.s.DefaultListableBeanFactory     : Returning cached instance of singleton bean 'autoConfigurationReport'
2024-04-10T13:26:28.516+05:30 TRACE 20084 --- [spring-boot-learn] [           main] o.s.b.f.s.DefaultListableBeanFactory     : Returning cached instance of singleton bean 'autoConfigurationReport'
2024-04-10T13:26:28.523+05:30 TRACE 20084 --- [spring-boot-learn] [           main] o.s.b.f.s.DefaultListableBeanFactory     : Returning cached instance of singleton bean 'autoConfigurationReport'
2024-04-10T13:26:28.523+05:30 TRACE 20084 --- [spring-boot-learn] [           main] o.s.b.f.s.DefaultListableBeanFactory     : Returning cached instance of singleton bean 'autoConfigurationReport'
2024-04-10T13:26:28.523+05:30 TRACE 20084 --- [spring-boot-learn] [           main] o.s.b.f.s.DefaultListableBeanFactory     : Returning cached instance of singleton bean 'autoConfigurationReport'
2024-04-10T13:26:28.526+05:30 TRACE 20084 --- [spring-boot-learn] [           main] o.s.b.a.condition.OnPropertyCondition    : Condition OnPropertyCondition on org.springframework.boot.autoconfigure.web.servlet.WebMvcAutoConfiguration$ProblemDetailsErrorHandlingConfiguration did not match due to @ConditionalOnProperty (spring.mvc.problemdetails.enabled=true) did not find property 'enabled'
2024-04-10T13:26:28.526+05:30 TRACE 20084 --- [spring-boot-learn] [           main] o.s.b.f.s.DefaultListableBeanFactory     : Returning cached instance of singleton bean 'autoConfigurationReport'
2024-04-10T13:26:28.527+05:30 TRACE 20084 --- [spring-boot-learn] [           main] .s.b.a.w.OnEnabledResourceChainCondition : Condition OnEnabledResourceChainCondition on org.springframework.boot.autoconfigure.web.servlet.WebMvcAutoConfiguration$ResourceChainCustomizerConfiguration did not match due to @ConditionalOnEnabledResourceChain did not find class org.webjars.WebJarAssetLocator
2024-04-10T13:26:28.528+05:30 TRACE 20084 --- [spring-boot-learn] [           main] o.s.b.f.s.DefaultListableBeanFactory     : Returning cached instance of singleton bean 'autoConfigurationReport'
2024-04-10T13:26:28.529+05:30 TRACE 20084 --- [spring-boot-learn] [           main] o.s.b.f.s.DefaultListableBeanFactory     : Returning cached instance of singleton bean 'autoConfigurationReport'
2024-04-10T13:26:28.529+05:30 TRACE 20084 --- [spring-boot-learn] [           main] o.s.b.f.s.DefaultListableBeanFactory     : Returning cached instance of singleton bean 'autoConfigurationReport'
2024-04-10T13:26:28.529+05:30 TRACE 20084 --- [spring-boot-learn] [           main] o.s.b.f.s.DefaultListableBeanFactory     : Returning cached instance of singleton bean 'autoConfigurationReport'
2024-04-10T13:26:28.529+05:30 TRACE 20084 --- [spring-boot-learn] [           main] o.s.b.f.s.DefaultListableBeanFactory     : Returning cached instance of singleton bean 'autoConfigurationReport'
2024-04-10T13:26:28.529+05:30 TRACE 20084 --- [spring-boot-learn] [           main] o.s.b.f.s.DefaultListableBeanFactory     : Returning cached instance of singleton bean 'autoConfigurationReport'
2024-04-10T13:26:28.529+05:30 TRACE 20084 --- [spring-boot-learn] [           main] o.s.b.f.s.DefaultListableBeanFactory     : Returning cached instance of singleton bean 'autoConfigurationReport'
2024-04-10T13:26:28.530+05:30 TRACE 20084 --- [spring-boot-learn] [           main] o.s.b.a.condition.OnClassCondition       : Condition OnClassCondition on org.springframework.boot.autoconfigure.jmx.JmxAutoConfiguration matched due to @ConditionalOnClass found required class 'org.springframework.jmx.export.MBeanExporter'
2024-04-10T13:26:28.530+05:30 TRACE 20084 --- [spring-boot-learn] [           main] o.s.b.f.s.DefaultListableBeanFactory     : Returning cached instance of singleton bean 'autoConfigurationReport'
2024-04-10T13:26:28.531+05:30 TRACE 20084 --- [spring-boot-learn] [           main] o.s.b.a.condition.OnPropertyCondition    : Condition OnPropertyCondition on org.springframework.boot.autoconfigure.jmx.JmxAutoConfiguration did not match due to @ConditionalOnProperty (spring.jmx.enabled=true) found different value in property 'enabled'
2024-04-10T13:26:28.531+05:30 TRACE 20084 --- [spring-boot-learn] [           main] o.s.b.f.s.DefaultListableBeanFactory     : Returning cached instance of singleton bean 'autoConfigurationReport'
2024-04-10T13:26:28.531+05:30 TRACE 20084 --- [spring-boot-learn] [           main] o.s.b.f.s.DefaultListableBeanFactory     : Returning cached instance of singleton bean 'autoConfigurationReport'
2024-04-10T13:26:28.531+05:30 TRACE 20084 --- [spring-boot-learn] [           main] o.s.b.f.s.DefaultListableBeanFactory     : Returning cached instance of singleton bean 'autoConfigurationReport'
2024-04-10T13:26:28.531+05:30 TRACE 20084 --- [spring-boot-learn] [           main] o.s.b.f.s.DefaultListableBeanFactory     : Returning cached instance of singleton bean 'autoConfigurationReport'
2024-04-10T13:26:28.531+05:30 TRACE 20084 --- [spring-boot-learn] [           main] o.s.b.f.s.DefaultListableBeanFactory     : Returning cached instance of singleton bean 'autoConfigurationReport'
2024-04-10T13:26:28.531+05:30 TRACE 20084 --- [spring-boot-learn] [           main] o.s.b.f.s.DefaultListableBeanFactory     : Returning cached instance of singleton bean 'autoConfigurationReport'
2024-04-10T13:26:28.531+05:30 TRACE 20084 --- [spring-boot-learn] [           main] o.s.b.f.s.DefaultListableBeanFactory     : Returning cached instance of singleton bean 'autoConfigurationReport'
2024-04-10T13:26:28.532+05:30 TRACE 20084 --- [spring-boot-learn] [           main] o.s.b.a.condition.OnPropertyCondition    : Condition OnPropertyCondition on org.springframework.boot.autoconfigure.admin.SpringApplicationAdminJmxAutoConfiguration did not match due to @ConditionalOnProperty (spring.application.admin.enabled=true) did not find property 'enabled'
2024-04-10T13:26:28.532+05:30 TRACE 20084 --- [spring-boot-learn] [           main] o.s.b.f.s.DefaultListableBeanFactory     : Returning cached instance of singleton bean 'autoConfigurationReport'
2024-04-10T13:26:28.532+05:30 TRACE 20084 --- [spring-boot-learn] [           main] o.s.b.f.s.DefaultListableBeanFactory     : Returning cached instance of singleton bean 'autoConfigurationReport'
2024-04-10T13:26:28.532+05:30 TRACE 20084 --- [spring-boot-learn] [           main] o.s.b.f.s.DefaultListableBeanFactory     : Returning cached instance of singleton bean 'autoConfigurationReport'
2024-04-10T13:26:28.532+05:30 TRACE 20084 --- [spring-boot-learn] [           main] o.s.b.f.s.DefaultListableBeanFactory     : Returning cached instance of singleton bean 'autoConfigurationReport'
2024-04-10T13:26:28.532+05:30 TRACE 20084 --- [spring-boot-learn] [           main] o.s.b.f.s.DefaultListableBeanFactory     : Returning cached instance of singleton bean 'autoConfigurationReport'
2024-04-10T13:26:28.532+05:30 TRACE 20084 --- [spring-boot-learn] [           main] o.s.b.f.s.DefaultListableBeanFactory     : Returning cached instance of singleton bean 'autoConfigurationReport'
2024-04-10T13:26:28.532+05:30 TRACE 20084 --- [spring-boot-learn] [           main] o.s.b.f.s.DefaultListableBeanFactory     : Returning cached instance of singleton bean 'autoConfigurationReport'
2024-04-10T13:26:28.533+05:30 TRACE 20084 --- [spring-boot-learn] [           main] o.s.b.a.condition.OnPropertyCondition    : Condition OnPropertyCondition on org.springframework.boot.autoconfigure.aop.AopAutoConfiguration matched due to @ConditionalOnProperty (spring.aop.auto=true) matched
2024-04-10T13:26:28.533+05:30 TRACE 20084 --- [spring-boot-learn] [           main] o.s.b.f.s.DefaultListableBeanFactory     : Returning cached instance of singleton bean 'autoConfigurationReport'
2024-04-10T13:26:28.533+05:30 TRACE 20084 --- [spring-boot-learn] [           main] o.s.b.f.s.DefaultListableBeanFactory     : Returning cached instance of singleton bean 'autoConfigurationReport'
2024-04-10T13:26:28.533+05:30 TRACE 20084 --- [spring-boot-learn] [           main] o.s.b.f.s.DefaultListableBeanFactory     : Returning cached instance of singleton bean 'autoConfigurationReport'
2024-04-10T13:26:28.533+05:30 TRACE 20084 --- [spring-boot-learn] [           main] o.s.b.f.s.DefaultListableBeanFactory     : Returning cached instance of singleton bean 'autoConfigurationReport'
2024-04-10T13:26:28.535+05:30 TRACE 20084 --- [spring-boot-learn] [           main] o.s.b.a.condition.OnClassCondition       : Condition OnClassCondition on org.springframework.boot.autoconfigure.aop.AopAutoConfiguration$ClassProxyingConfiguration matched due to @ConditionalOnMissingClass did not find unwanted class 'org.aspectj.weaver.Advice'
2024-04-10T13:26:28.535+05:30 TRACE 20084 --- [spring-boot-learn] [           main] o.s.b.f.s.DefaultListableBeanFactory     : Returning cached instance of singleton bean 'autoConfigurationReport'
2024-04-10T13:26:28.535+05:30 TRACE 20084 --- [spring-boot-learn] [           main] o.s.b.a.condition.OnPropertyCondition    : Condition OnPropertyCondition on org.springframework.boot.autoconfigure.aop.AopAutoConfiguration$ClassProxyingConfiguration matched due to @ConditionalOnProperty (spring.aop.proxy-target-class=true) matched
2024-04-10T13:26:28.535+05:30 TRACE 20084 --- [spring-boot-learn] [           main] o.s.b.f.s.DefaultListableBeanFactory     : Returning cached instance of singleton bean 'autoConfigurationReport'
2024-04-10T13:26:28.535+05:30 TRACE 20084 --- [spring-boot-learn] [           main] o.s.b.f.s.DefaultListableBeanFactory     : Returning cached instance of singleton bean 'autoConfigurationReport'
2024-04-10T13:26:28.535+05:30 TRACE 20084 --- [spring-boot-learn] [           main] o.s.b.f.s.DefaultListableBeanFactory     : Returning cached instance of singleton bean 'autoConfigurationReport'
2024-04-10T13:26:28.535+05:30 TRACE 20084 --- [spring-boot-learn] [           main] o.s.b.f.s.DefaultListableBeanFactory     : Returning cached instance of singleton bean 'autoConfigurationReport'
2024-04-10T13:26:28.536+05:30 TRACE 20084 --- [spring-boot-learn] [           main] o.s.b.a.condition.OnClassCondition       : Condition OnClassCondition on org.springframework.boot.autoconfigure.aop.AopAutoConfiguration$AspectJAutoProxyingConfiguration did not match due to @ConditionalOnClass did not find required class 'org.aspectj.weaver.Advice'
2024-04-10T13:26:28.536+05:30 TRACE 20084 --- [spring-boot-learn] [           main] o.s.b.f.s.DefaultListableBeanFactory     : Returning cached instance of singleton bean 'autoConfigurationReport'
2024-04-10T13:26:28.537+05:30 TRACE 20084 --- [spring-boot-learn] [           main] o.s.b.f.s.DefaultListableBeanFactory     : Returning cached instance of singleton bean 'autoConfigurationReport'
2024-04-10T13:26:28.537+05:30 TRACE 20084 --- [spring-boot-learn] [           main] o.s.b.f.s.DefaultListableBeanFactory     : Returning cached instance of singleton bean 'autoConfigurationReport'
2024-04-10T13:26:28.537+05:30 TRACE 20084 --- [spring-boot-learn] [           main] o.s.b.f.s.DefaultListableBeanFactory     : Returning cached instance of singleton bean 'autoConfigurationReport'
2024-04-10T13:26:28.537+05:30 TRACE 20084 --- [spring-boot-learn] [           main] o.s.b.f.s.DefaultListableBeanFactory     : Returning cached instance of singleton bean 'autoConfigurationReport'
2024-04-10T13:26:28.537+05:30 TRACE 20084 --- [spring-boot-learn] [           main] o.s.b.f.s.DefaultListableBeanFactory     : Returning cached instance of singleton bean 'autoConfigurationReport'
2024-04-10T13:26:28.537+05:30 TRACE 20084 --- [spring-boot-learn] [           main] o.s.b.f.s.DefaultListableBeanFactory     : Returning cached instance of singleton bean 'autoConfigurationReport'
2024-04-10T13:26:28.538+05:30 TRACE 20084 --- [spring-boot-learn] [           main] o.s.b.f.s.DefaultListableBeanFactory     : Returning cached instance of singleton bean 'autoConfigurationReport'
2024-04-10T13:26:28.538+05:30 TRACE 20084 --- [spring-boot-learn] [           main] o.s.b.f.s.DefaultListableBeanFactory     : Returning cached instance of singleton bean 'autoConfigurationReport'
2024-04-10T13:26:28.538+05:30 TRACE 20084 --- [spring-boot-learn] [           main] o.s.b.f.s.DefaultListableBeanFactory     : Returning cached instance of singleton bean 'autoConfigurationReport'
2024-04-10T13:26:28.538+05:30 TRACE 20084 --- [spring-boot-learn] [           main] o.s.b.f.s.DefaultListableBeanFactory     : Returning cached instance of singleton bean 'autoConfigurationReport'
2024-04-10T13:26:28.538+05:30 TRACE 20084 --- [spring-boot-learn] [           main] o.s.b.f.s.DefaultListableBeanFactory     : Returning cached instance of singleton bean 'autoConfigurationReport'
2024-04-10T13:26:28.538+05:30 TRACE 20084 --- [spring-boot-learn] [           main] o.s.b.f.s.DefaultListableBeanFactory     : Returning cached instance of singleton bean 'autoConfigurationReport'
2024-04-10T13:26:28.538+05:30 TRACE 20084 --- [spring-boot-learn] [           main] o.s.b.f.s.DefaultListableBeanFactory     : Returning cached instance of singleton bean 'autoConfigurationReport'
2024-04-10T13:26:28.538+05:30 TRACE 20084 --- [spring-boot-learn] [           main] o.s.b.f.s.DefaultListableBeanFactory     : Returning cached instance of singleton bean 'autoConfigurationReport'
2024-04-10T13:26:28.539+05:30 TRACE 20084 --- [spring-boot-learn] [           main] o.s.b.f.s.DefaultListableBeanFactory     : Returning cached instance of singleton bean 'autoConfigurationReport'
2024-04-10T13:26:28.540+05:30 TRACE 20084 --- [spring-boot-learn] [           main] o.s.b.a.condition.OnClassCondition       : Condition OnClassCondition on org.springframework.boot.autoconfigure.jackson.JacksonAutoConfiguration matched due to @ConditionalOnClass found required class 'com.fasterxml.jackson.databind.ObjectMapper'
2024-04-10T13:26:28.540+05:30 TRACE 20084 --- [spring-boot-learn] [           main] o.s.b.f.s.DefaultListableBeanFactory     : Returning cached instance of singleton bean 'autoConfigurationReport'
2024-04-10T13:26:28.540+05:30 TRACE 20084 --- [spring-boot-learn] [           main] o.s.b.f.s.DefaultListableBeanFactory     : Returning cached instance of singleton bean 'autoConfigurationReport'
2024-04-10T13:26:28.540+05:30 TRACE 20084 --- [spring-boot-learn] [           main] o.s.b.f.s.DefaultListableBeanFactory     : Returning cached instance of singleton bean 'autoConfigurationReport'
2024-04-10T13:26:28.540+05:30 TRACE 20084 --- [spring-boot-learn] [           main] o.s.b.f.s.DefaultListableBeanFactory     : Returning cached instance of singleton bean 'autoConfigurationReport'
2024-04-10T13:26:28.543+05:30 TRACE 20084 --- [spring-boot-learn] [           main] o.s.b.a.condition.OnClassCondition       : Condition OnClassCondition on org.springframework.boot.autoconfigure.jackson.JacksonAutoConfiguration$Jackson2ObjectMapperBuilderCustomizerConfiguration matched due to @ConditionalOnClass found required class 'org.springframework.http.converter.json.Jackson2ObjectMapperBuilder'
2024-04-10T13:26:28.543+05:30 TRACE 20084 --- [spring-boot-learn] [           main] o.s.b.f.s.DefaultListableBeanFactory     : Returning cached instance of singleton bean 'autoConfigurationReport'
2024-04-10T13:26:28.543+05:30 TRACE 20084 --- [spring-boot-learn] [           main] o.s.b.f.s.DefaultListableBeanFactory     : Returning cached instance of singleton bean 'autoConfigurationReport'
2024-04-10T13:26:28.543+05:30 TRACE 20084 --- [spring-boot-learn] [           main] o.s.b.f.s.DefaultListableBeanFactory     : Returning cached instance of singleton bean 'autoConfigurationReport'
2024-04-10T13:26:28.543+05:30 TRACE 20084 --- [spring-boot-learn] [           main] o.s.b.f.s.DefaultListableBeanFactory     : Returning cached instance of singleton bean 'autoConfigurationReport'
2024-04-10T13:26:28.545+05:30 TRACE 20084 --- [spring-boot-learn] [           main] o.s.b.a.condition.OnClassCondition       : Condition OnClassCondition on org.springframework.boot.autoconfigure.jackson.JacksonAutoConfiguration$JacksonObjectMapperBuilderConfiguration matched due to @ConditionalOnClass found required class 'org.springframework.http.converter.json.Jackson2ObjectMapperBuilder'
2024-04-10T13:26:28.545+05:30 TRACE 20084 --- [spring-boot-learn] [           main] o.s.b.f.s.DefaultListableBeanFactory     : Returning cached instance of singleton bean 'autoConfigurationReport'
2024-04-10T13:26:28.545+05:30 TRACE 20084 --- [spring-boot-learn] [           main] o.s.b.f.s.DefaultListableBeanFactory     : Returning cached instance of singleton bean 'autoConfigurationReport'
2024-04-10T13:26:28.545+05:30 TRACE 20084 --- [spring-boot-learn] [           main] o.s.b.f.s.DefaultListableBeanFactory     : Returning cached instance of singleton bean 'autoConfigurationReport'
2024-04-10T13:26:28.545+05:30 TRACE 20084 --- [spring-boot-learn] [           main] o.s.b.f.s.DefaultListableBeanFactory     : Returning cached instance of singleton bean 'autoConfigurationReport'
2024-04-10T13:26:28.546+05:30 TRACE 20084 --- [spring-boot-learn] [           main] o.s.b.a.condition.OnClassCondition       : Condition OnClassCondition on org.springframework.boot.autoconfigure.jackson.JacksonAutoConfiguration$ParameterNamesModuleConfiguration matched due to @ConditionalOnClass found required class 'com.fasterxml.jackson.module.paramnames.ParameterNamesModule'
2024-04-10T13:26:28.546+05:30 TRACE 20084 --- [spring-boot-learn] [           main] o.s.b.f.s.DefaultListableBeanFactory     : Returning cached instance of singleton bean 'autoConfigurationReport'
2024-04-10T13:26:28.546+05:30 TRACE 20084 --- [spring-boot-learn] [           main] o.s.b.f.s.DefaultListableBeanFactory     : Returning cached instance of singleton bean 'autoConfigurationReport'
2024-04-10T13:26:28.546+05:30 TRACE 20084 --- [spring-boot-learn] [           main] o.s.b.f.s.DefaultListableBeanFactory     : Returning cached instance of singleton bean 'autoConfigurationReport'
2024-04-10T13:26:28.546+05:30 TRACE 20084 --- [spring-boot-learn] [           main] o.s.b.f.s.DefaultListableBeanFactory     : Returning cached instance of singleton bean 'autoConfigurationReport'
2024-04-10T13:26:28.546+05:30 TRACE 20084 --- [spring-boot-learn] [           main] o.s.b.a.condition.OnClassCondition       : Condition OnClassCondition on org.springframework.boot.autoconfigure.jackson.JacksonAutoConfiguration$JacksonObjectMapperConfiguration matched due to @ConditionalOnClass found required class 'org.springframework.http.converter.json.Jackson2ObjectMapperBuilder'
2024-04-10T13:26:28.546+05:30 TRACE 20084 --- [spring-boot-learn] [           main] o.s.b.f.s.DefaultListableBeanFactory     : Returning cached instance of singleton bean 'autoConfigurationReport'
2024-04-10T13:26:28.546+05:30 TRACE 20084 --- [spring-boot-learn] [           main] o.s.b.f.s.DefaultListableBeanFactory     : Returning cached instance of singleton bean 'autoConfigurationReport'
2024-04-10T13:26:28.546+05:30 TRACE 20084 --- [spring-boot-learn] [           main] o.s.b.f.s.DefaultListableBeanFactory     : Returning cached instance of singleton bean 'autoConfigurationReport'
2024-04-10T13:26:28.546+05:30 TRACE 20084 --- [spring-boot-learn] [           main] o.s.b.f.s.DefaultListableBeanFactory     : Returning cached instance of singleton bean 'autoConfigurationReport'
2024-04-10T13:26:28.547+05:30 TRACE 20084 --- [spring-boot-learn] [           main] o.s.b.f.s.DefaultListableBeanFactory     : Returning cached instance of singleton bean 'autoConfigurationReport'
2024-04-10T13:26:28.547+05:30 TRACE 20084 --- [spring-boot-learn] [           main] o.s.b.f.s.DefaultListableBeanFactory     : Returning cached instance of singleton bean 'autoConfigurationReport'
2024-04-10T13:26:28.547+05:30 TRACE 20084 --- [spring-boot-learn] [           main] o.s.b.f.s.DefaultListableBeanFactory     : Returning cached instance of singleton bean 'autoConfigurationReport'
2024-04-10T13:26:28.547+05:30 TRACE 20084 --- [spring-boot-learn] [           main] o.s.b.f.s.DefaultListableBeanFactory     : Returning cached instance of singleton bean 'autoConfigurationReport'
2024-04-10T13:26:28.547+05:30 TRACE 20084 --- [spring-boot-learn] [           main] o.s.b.f.s.DefaultListableBeanFactory     : Returning cached instance of singleton bean 'autoConfigurationReport'
2024-04-10T13:26:28.547+05:30 TRACE 20084 --- [spring-boot-learn] [           main] o.s.b.f.s.DefaultListableBeanFactory     : Returning cached instance of singleton bean 'autoConfigurationReport'
2024-04-10T13:26:28.547+05:30 TRACE 20084 --- [spring-boot-learn] [           main] o.s.b.f.s.DefaultListableBeanFactory     : Returning cached instance of singleton bean 'autoConfigurationReport'
2024-04-10T13:26:28.547+05:30 TRACE 20084 --- [spring-boot-learn] [           main] o.s.b.f.s.DefaultListableBeanFactory     : Returning cached instance of singleton bean 'autoConfigurationReport'
2024-04-10T13:26:28.547+05:30 TRACE 20084 --- [spring-boot-learn] [           main] o.s.b.f.s.DefaultListableBeanFactory     : Returning cached instance of singleton bean 'autoConfigurationReport'
2024-04-10T13:26:28.548+05:30 TRACE 20084 --- [spring-boot-learn] [           main] o.s.b.a.condition.OnClassCondition       : Condition OnClassCondition on org.springframework.boot.autoconfigure.cache.CacheAutoConfiguration matched due to @ConditionalOnClass found required class 'org.springframework.cache.CacheManager'
2024-04-10T13:26:28.548+05:30 TRACE 20084 --- [spring-boot-learn] [           main] o.s.b.f.s.DefaultListableBeanFactory     : Returning cached instance of singleton bean 'autoConfigurationReport'
2024-04-10T13:26:28.549+05:30 TRACE 20084 --- [spring-boot-learn] [           main] o.s.b.f.s.DefaultListableBeanFactory     : Returning cached instance of singleton bean 'autoConfigurationReport'
2024-04-10T13:26:28.549+05:30 TRACE 20084 --- [spring-boot-learn] [           main] o.s.b.f.s.DefaultListableBeanFactory     : Returning cached instance of singleton bean 'autoConfigurationReport'
2024-04-10T13:26:28.549+05:30 TRACE 20084 --- [spring-boot-learn] [           main] o.s.b.f.s.DefaultListableBeanFactory     : Returning cached instance of singleton bean 'autoConfigurationReport'
2024-04-10T13:26:28.558+05:30 TRACE 20084 --- [spring-boot-learn] [           main] o.s.b.f.s.DefaultListableBeanFactory     : Returning cached instance of singleton bean 'autoConfigurationReport'
2024-04-10T13:26:28.558+05:30 TRACE 20084 --- [spring-boot-learn] [           main] o.s.b.f.s.DefaultListableBeanFactory     : Returning cached instance of singleton bean 'autoConfigurationReport'
2024-04-10T13:26:28.558+05:30 TRACE 20084 --- [spring-boot-learn] [           main] o.s.b.f.s.DefaultListableBeanFactory     : Returning cached instance of singleton bean 'autoConfigurationReport'
2024-04-10T13:26:28.559+05:30 TRACE 20084 --- [spring-boot-learn] [           main] o.s.b.f.s.DefaultListableBeanFactory     : Returning cached instance of singleton bean 'autoConfigurationReport'
2024-04-10T13:26:28.559+05:30 TRACE 20084 --- [spring-boot-learn] [           main] o.s.b.a.condition.OnClassCondition       : Condition OnClassCondition on org.springframework.boot.autoconfigure.cache.JCacheCacheConfiguration did not match due to @ConditionalOnClass did not find required class 'javax.cache.Caching'
2024-04-10T13:26:28.559+05:30 TRACE 20084 --- [spring-boot-learn] [           main] o.s.b.f.s.DefaultListableBeanFactory     : Returning cached instance of singleton bean 'autoConfigurationReport'
2024-04-10T13:26:28.559+05:30 TRACE 20084 --- [spring-boot-learn] [           main] o.s.b.f.s.DefaultListableBeanFactory     : Returning cached instance of singleton bean 'autoConfigurationReport'
2024-04-10T13:26:28.560+05:30 TRACE 20084 --- [spring-boot-learn] [           main] o.s.b.a.AutoConfigurationImportSelector  : Filtered 1 auto configuration class in 0 ms
2024-04-10T13:26:28.560+05:30 TRACE 20084 --- [spring-boot-learn] [           main] o.s.b.f.s.DefaultListableBeanFactory     : Returning cached instance of singleton bean 'autoConfigurationReport'
2024-04-10T13:26:28.560+05:30 TRACE 20084 --- [spring-boot-learn] [           main] o.s.b.a.condition.OnClassCondition       : Condition OnClassCondition on org.springframework.boot.autoconfigure.cache.HazelcastCacheConfiguration did not match due to @ConditionalOnClass did not find required class 'com.hazelcast.core.HazelcastInstance'
2024-04-10T13:26:28.560+05:30 TRACE 20084 --- [spring-boot-learn] [           main] o.s.b.f.s.DefaultListableBeanFactory     : Returning cached instance of singleton bean 'autoConfigurationReport'
2024-04-10T13:26:28.560+05:30 TRACE 20084 --- [spring-boot-learn] [           main] o.s.b.f.s.DefaultListableBeanFactory     : Returning cached instance of singleton bean 'autoConfigurationReport'
2024-04-10T13:26:28.560+05:30 TRACE 20084 --- [spring-boot-learn] [           main] o.s.b.a.AutoConfigurationImportSelector  : Filtered 1 auto configuration class in 0 ms
2024-04-10T13:26:28.560+05:30 TRACE 20084 --- [spring-boot-learn] [           main] o.s.b.f.s.DefaultListableBeanFactory     : Returning cached instance of singleton bean 'autoConfigurationReport'
2024-04-10T13:26:28.560+05:30 TRACE 20084 --- [spring-boot-learn] [           main] o.s.b.a.condition.OnClassCondition       : Condition OnClassCondition on org.springframework.boot.autoconfigure.cache.CouchbaseCacheConfiguration did not match due to @ConditionalOnClass did not find required class 'com.couchbase.client.java.Cluster'
2024-04-10T13:26:28.560+05:30 TRACE 20084 --- [spring-boot-learn] [           main] o.s.b.f.s.DefaultListableBeanFactory     : Returning cached instance of singleton bean 'autoConfigurationReport'
2024-04-10T13:26:28.560+05:30 TRACE 20084 --- [spring-boot-learn] [           main] o.s.b.f.s.DefaultListableBeanFactory     : Returning cached instance of singleton bean 'autoConfigurationReport'
2024-04-10T13:26:28.560+05:30 TRACE 20084 --- [spring-boot-learn] [           main] o.s.b.a.AutoConfigurationImportSelector  : Filtered 1 auto configuration class in 0 ms
2024-04-10T13:26:28.560+05:30 TRACE 20084 --- [spring-boot-learn] [           main] o.s.b.f.s.DefaultListableBeanFactory     : Returning cached instance of singleton bean 'autoConfigurationReport'
2024-04-10T13:26:28.560+05:30 TRACE 20084 --- [spring-boot-learn] [           main] o.s.b.a.condition.OnClassCondition       : Condition OnClassCondition on org.springframework.boot.autoconfigure.cache.InfinispanCacheConfiguration did not match due to @ConditionalOnClass did not find required class 'org.infinispan.spring.embedded.provider.SpringEmbeddedCacheManager'
2024-04-10T13:26:28.560+05:30 TRACE 20084 --- [spring-boot-learn] [           main] o.s.b.f.s.DefaultListableBeanFactory     : Returning cached instance of singleton bean 'autoConfigurationReport'
2024-04-10T13:26:28.560+05:30 TRACE 20084 --- [spring-boot-learn] [           main] o.s.b.f.s.DefaultListableBeanFactory     : Returning cached instance of singleton bean 'autoConfigurationReport'
2024-04-10T13:26:28.560+05:30 TRACE 20084 --- [spring-boot-learn] [           main] o.s.b.a.AutoConfigurationImportSelector  : Filtered 1 auto configuration class in 0 ms
2024-04-10T13:26:28.560+05:30 TRACE 20084 --- [spring-boot-learn] [           main] o.s.b.f.s.DefaultListableBeanFactory     : Returning cached instance of singleton bean 'autoConfigurationReport'
2024-04-10T13:26:28.561+05:30 TRACE 20084 --- [spring-boot-learn] [           main] o.s.b.a.condition.OnClassCondition       : Condition OnClassCondition on org.springframework.boot.autoconfigure.cache.RedisCacheConfiguration did not match due to @ConditionalOnClass did not find required class 'org.springframework.data.redis.connection.RedisConnectionFactory'
2024-04-10T13:26:28.561+05:30 TRACE 20084 --- [spring-boot-learn] [           main] o.s.b.f.s.DefaultListableBeanFactory     : Returning cached instance of singleton bean 'autoConfigurationReport'
2024-04-10T13:26:28.561+05:30 TRACE 20084 --- [spring-boot-learn] [           main] o.s.b.f.s.DefaultListableBeanFactory     : Returning cached instance of singleton bean 'autoConfigurationReport'
2024-04-10T13:26:28.561+05:30 TRACE 20084 --- [spring-boot-learn] [           main] o.s.b.a.AutoConfigurationImportSelector  : Filtered 1 auto configuration class in 0 ms
2024-04-10T13:26:28.561+05:30 TRACE 20084 --- [spring-boot-learn] [           main] o.s.b.f.s.DefaultListableBeanFactory     : Returning cached instance of singleton bean 'autoConfigurationReport'
2024-04-10T13:26:28.561+05:30 TRACE 20084 --- [spring-boot-learn] [           main] o.s.b.a.condition.OnClassCondition       : Condition OnClassCondition on org.springframework.boot.autoconfigure.cache.Cache2kCacheConfiguration did not match due to @ConditionalOnClass did not find required class 'org.cache2k.Cache2kBuilder'
2024-04-10T13:26:28.561+05:30 TRACE 20084 --- [spring-boot-learn] [           main] o.s.b.f.s.DefaultListableBeanFactory     : Returning cached instance of singleton bean 'autoConfigurationReport'
2024-04-10T13:26:28.561+05:30 TRACE 20084 --- [spring-boot-learn] [           main] o.s.b.f.s.DefaultListableBeanFactory     : Returning cached instance of singleton bean 'autoConfigurationReport'
2024-04-10T13:26:28.561+05:30 TRACE 20084 --- [spring-boot-learn] [           main] o.s.b.a.AutoConfigurationImportSelector  : Filtered 1 auto configuration class in 0 ms
2024-04-10T13:26:28.561+05:30 TRACE 20084 --- [spring-boot-learn] [           main] o.s.b.f.s.DefaultListableBeanFactory     : Returning cached instance of singleton bean 'autoConfigurationReport'
2024-04-10T13:26:28.561+05:30 TRACE 20084 --- [spring-boot-learn] [           main] o.s.b.a.condition.OnClassCondition       : Condition OnClassCondition on org.springframework.boot.autoconfigure.cache.CaffeineCacheConfiguration did not match due to @ConditionalOnClass did not find required class 'com.github.benmanes.caffeine.cache.Caffeine'
2024-04-10T13:26:28.561+05:30 TRACE 20084 --- [spring-boot-learn] [           main] o.s.b.f.s.DefaultListableBeanFactory     : Returning cached instance of singleton bean 'autoConfigurationReport'
2024-04-10T13:26:28.561+05:30 TRACE 20084 --- [spring-boot-learn] [           main] o.s.b.f.s.DefaultListableBeanFactory     : Returning cached instance of singleton bean 'autoConfigurationReport'
2024-04-10T13:26:28.561+05:30 TRACE 20084 --- [spring-boot-learn] [           main] o.s.b.a.AutoConfigurationImportSelector  : Filtered 1 auto configuration class in 0 ms
2024-04-10T13:26:28.561+05:30 TRACE 20084 --- [spring-boot-learn] [           main] o.s.b.f.s.DefaultListableBeanFactory     : Returning cached instance of singleton bean 'autoConfigurationReport'
2024-04-10T13:26:28.561+05:30 TRACE 20084 --- [spring-boot-learn] [           main] o.s.b.f.s.DefaultListableBeanFactory     : Returning cached instance of singleton bean 'autoConfigurationReport'
2024-04-10T13:26:28.561+05:30 TRACE 20084 --- [spring-boot-learn] [           main] o.s.b.f.s.DefaultListableBeanFactory     : Returning cached instance of singleton bean 'autoConfigurationReport'
2024-04-10T13:26:28.562+05:30 TRACE 20084 --- [spring-boot-learn] [           main] o.s.b.f.s.DefaultListableBeanFactory     : Returning cached instance of singleton bean 'autoConfigurationReport'
2024-04-10T13:26:28.562+05:30 TRACE 20084 --- [spring-boot-learn] [           main] o.s.b.f.s.DefaultListableBeanFactory     : Returning cached instance of singleton bean 'autoConfigurationReport'
2024-04-10T13:26:28.562+05:30 TRACE 20084 --- [spring-boot-learn] [           main] o.s.b.f.s.DefaultListableBeanFactory     : Returning cached instance of singleton bean 'autoConfigurationReport'
2024-04-10T13:26:28.564+05:30 TRACE 20084 --- [spring-boot-learn] [           main] o.s.b.a.cache.CacheCondition             : Condition CacheCondition on org.springframework.boot.autoconfigure.cache.GenericCacheConfiguration matched due to Cache org.springframework.boot.autoconfigure.cache.GenericCacheConfiguration automatic cache type
2024-04-10T13:26:28.564+05:30 TRACE 20084 --- [spring-boot-learn] [           main] o.s.b.f.s.DefaultListableBeanFactory     : Returning cached instance of singleton bean 'autoConfigurationReport'
2024-04-10T13:26:28.564+05:30 TRACE 20084 --- [spring-boot-learn] [           main] o.s.b.f.s.DefaultListableBeanFactory     : Returning cached instance of singleton bean 'autoConfigurationReport'
2024-04-10T13:26:28.564+05:30 TRACE 20084 --- [spring-boot-learn] [           main] o.s.b.f.s.DefaultListableBeanFactory     : Returning cached instance of singleton bean 'autoConfigurationReport'
2024-04-10T13:26:28.564+05:30 TRACE 20084 --- [spring-boot-learn] [           main] o.s.b.f.s.DefaultListableBeanFactory     : Returning cached instance of singleton bean 'autoConfigurationReport'
2024-04-10T13:26:28.564+05:30 TRACE 20084 --- [spring-boot-learn] [           main] o.s.b.f.s.DefaultListableBeanFactory     : Returning cached instance of singleton bean 'autoConfigurationReport'
2024-04-10T13:26:28.564+05:30 TRACE 20084 --- [spring-boot-learn] [           main] o.s.b.f.s.DefaultListableBeanFactory     : Returning cached instance of singleton bean 'autoConfigurationReport'
2024-04-10T13:26:28.564+05:30 TRACE 20084 --- [spring-boot-learn] [           main] o.s.b.f.s.DefaultListableBeanFactory     : Returning cached instance of singleton bean 'autoConfigurationReport'
2024-04-10T13:26:28.565+05:30 TRACE 20084 --- [spring-boot-learn] [           main] o.s.b.a.cache.CacheCondition             : Condition CacheCondition on org.springframework.boot.autoconfigure.cache.SimpleCacheConfiguration matched due to Cache org.springframework.boot.autoconfigure.cache.SimpleCacheConfiguration automatic cache type
2024-04-10T13:26:28.565+05:30 TRACE 20084 --- [spring-boot-learn] [           main] o.s.b.f.s.DefaultListableBeanFactory     : Returning cached instance of singleton bean 'autoConfigurationReport'
2024-04-10T13:26:28.565+05:30 TRACE 20084 --- [spring-boot-learn] [           main] o.s.b.f.s.DefaultListableBeanFactory     : Returning cached instance of singleton bean 'autoConfigurationReport'
2024-04-10T13:26:28.565+05:30 TRACE 20084 --- [spring-boot-learn] [           main] o.s.b.f.s.DefaultListableBeanFactory     : Returning cached instance of singleton bean 'autoConfigurationReport'
2024-04-10T13:26:28.565+05:30 TRACE 20084 --- [spring-boot-learn] [           main] o.s.b.f.s.DefaultListableBeanFactory     : Returning cached instance of singleton bean 'autoConfigurationReport'
2024-04-10T13:26:28.566+05:30 TRACE 20084 --- [spring-boot-learn] [           main] o.s.b.a.cache.CacheCondition             : Condition CacheCondition on org.springframework.boot.autoconfigure.cache.NoOpCacheConfiguration matched due to Cache org.springframework.boot.autoconfigure.cache.NoOpCacheConfiguration automatic cache type
2024-04-10T13:26:28.566+05:30 TRACE 20084 --- [spring-boot-learn] [           main] o.s.b.f.s.DefaultListableBeanFactory     : Returning cached instance of singleton bean 'autoConfigurationReport'
2024-04-10T13:26:28.566+05:30 TRACE 20084 --- [spring-boot-learn] [           main] o.s.b.f.s.DefaultListableBeanFactory     : Returning cached instance of singleton bean 'autoConfigurationReport'
2024-04-10T13:26:28.566+05:30 TRACE 20084 --- [spring-boot-learn] [           main] o.s.b.f.s.DefaultListableBeanFactory     : Returning cached instance of singleton bean 'autoConfigurationReport'
2024-04-10T13:26:28.566+05:30 TRACE 20084 --- [spring-boot-learn] [           main] o.s.b.f.s.DefaultListableBeanFactory     : Returning cached instance of singleton bean 'autoConfigurationReport'
2024-04-10T13:26:28.568+05:30 TRACE 20084 --- [spring-boot-learn] [           main] o.s.b.a.condition.OnClassCondition       : Condition OnClassCondition on org.springframework.boot.autoconfigure.cache.CacheAutoConfiguration$CacheManagerEntityManagerFactoryDependsOnPostProcessor did not match due to @ConditionalOnClass did not find required class 'org.springframework.orm.jpa.LocalContainerEntityManagerFactoryBean'
2024-04-10T13:26:28.568+05:30 TRACE 20084 --- [spring-boot-learn] [           main] o.s.b.f.s.DefaultListableBeanFactory     : Returning cached instance of singleton bean 'autoConfigurationReport'
2024-04-10T13:26:28.568+05:30 TRACE 20084 --- [spring-boot-learn] [           main] o.s.b.f.s.DefaultListableBeanFactory     : Returning cached instance of singleton bean 'autoConfigurationReport'
2024-04-10T13:26:28.568+05:30 TRACE 20084 --- [spring-boot-learn] [           main] o.s.b.f.s.DefaultListableBeanFactory     : Returning cached instance of singleton bean 'autoConfigurationReport'
2024-04-10T13:26:28.568+05:30 TRACE 20084 --- [spring-boot-learn] [           main] o.s.b.f.s.DefaultListableBeanFactory     : Returning cached instance of singleton bean 'autoConfigurationReport'
2024-04-10T13:26:28.568+05:30 TRACE 20084 --- [spring-boot-learn] [           main] o.s.b.f.s.DefaultListableBeanFactory     : Returning cached instance of singleton bean 'autoConfigurationReport'
2024-04-10T13:26:28.569+05:30 TRACE 20084 --- [spring-boot-learn] [           main] o.s.b.f.s.DefaultListableBeanFactory     : Returning cached instance of singleton bean 'autoConfigurationReport'
2024-04-10T13:26:28.569+05:30 TRACE 20084 --- [spring-boot-learn] [           main] o.s.b.f.s.DefaultListableBeanFactory     : Returning cached instance of singleton bean 'autoConfigurationReport'
2024-04-10T13:26:28.569+05:30 TRACE 20084 --- [spring-boot-learn] [           main] o.s.b.f.s.DefaultListableBeanFactory     : Returning cached instance of singleton bean 'autoConfigurationReport'
2024-04-10T13:26:28.569+05:30 TRACE 20084 --- [spring-boot-learn] [           main] o.s.b.f.s.DefaultListableBeanFactory     : Returning cached instance of singleton bean 'autoConfigurationReport'
2024-04-10T13:26:28.569+05:30 TRACE 20084 --- [spring-boot-learn] [           main] o.s.b.f.s.DefaultListableBeanFactory     : Returning cached instance of singleton bean 'autoConfigurationReport'
2024-04-10T13:26:28.569+05:30 TRACE 20084 --- [spring-boot-learn] [           main] o.s.b.f.s.DefaultListableBeanFactory     : Returning cached instance of singleton bean 'autoConfigurationReport'
2024-04-10T13:26:28.569+05:30 TRACE 20084 --- [spring-boot-learn] [           main] o.s.b.f.s.DefaultListableBeanFactory     : Returning cached instance of singleton bean 'autoConfigurationReport'
2024-04-10T13:26:28.569+05:30 TRACE 20084 --- [spring-boot-learn] [           main] o.s.b.f.s.DefaultListableBeanFactory     : Returning cached instance of singleton bean 'autoConfigurationReport'
2024-04-10T13:26:28.569+05:30 TRACE 20084 --- [spring-boot-learn] [           main] o.s.b.f.s.DefaultListableBeanFactory     : Returning cached instance of singleton bean 'autoConfigurationReport'
2024-04-10T13:26:28.569+05:30 TRACE 20084 --- [spring-boot-learn] [           main] o.s.b.f.s.DefaultListableBeanFactory     : Returning cached instance of singleton bean 'autoConfigurationReport'
2024-04-10T13:26:28.569+05:30 TRACE 20084 --- [spring-boot-learn] [           main] o.s.b.f.s.DefaultListableBeanFactory     : Returning cached instance of singleton bean 'autoConfigurationReport'
2024-04-10T13:26:28.570+05:30 TRACE 20084 --- [spring-boot-learn] [           main] o.s.b.f.s.DefaultListableBeanFactory     : Returning cached instance of singleton bean 'autoConfigurationReport'
2024-04-10T13:26:28.570+05:30 TRACE 20084 --- [spring-boot-learn] [           main] o.s.b.f.s.DefaultListableBeanFactory     : Returning cached instance of singleton bean 'autoConfigurationReport'
2024-04-10T13:26:28.570+05:30 TRACE 20084 --- [spring-boot-learn] [           main] o.s.b.f.s.DefaultListableBeanFactory     : Returning cached instance of singleton bean 'autoConfigurationReport'
2024-04-10T13:26:28.571+05:30 TRACE 20084 --- [spring-boot-learn] [           main] o.s.b.f.s.DefaultListableBeanFactory     : Returning cached instance of singleton bean 'autoConfigurationReport'
2024-04-10T13:26:28.571+05:30 TRACE 20084 --- [spring-boot-learn] [           main] o.s.b.f.s.DefaultListableBeanFactory     : Returning cached instance of singleton bean 'autoConfigurationReport'
2024-04-10T13:26:28.571+05:30 TRACE 20084 --- [spring-boot-learn] [           main] o.s.b.f.s.DefaultListableBeanFactory     : Returning cached instance of singleton bean 'autoConfigurationReport'
2024-04-10T13:26:28.571+05:30 TRACE 20084 --- [spring-boot-learn] [           main] o.s.b.f.s.DefaultListableBeanFactory     : Returning cached instance of singleton bean 'autoConfigurationReport'
2024-04-10T13:26:28.571+05:30 TRACE 20084 --- [spring-boot-learn] [           main] o.s.b.f.s.DefaultListableBeanFactory     : Returning cached instance of singleton bean 'autoConfigurationReport'
2024-04-10T13:26:28.571+05:30 TRACE 20084 --- [spring-boot-learn] [           main] o.s.b.f.s.DefaultListableBeanFactory     : Returning cached instance of singleton bean 'autoConfigurationReport'
2024-04-10T13:26:28.573+05:30 TRACE 20084 --- [spring-boot-learn] [           main] o.s.b.a.condition.OnClassCondition       : Condition OnClassCondition on org.springframework.boot.autoconfigure.http.HttpMessageConvertersAutoConfiguration matched due to @ConditionalOnClass found required class 'org.springframework.http.converter.HttpMessageConverter'
2024-04-10T13:26:28.573+05:30 TRACE 20084 --- [spring-boot-learn] [           main] o.s.b.f.s.DefaultListableBeanFactory     : Returning cached instance of singleton bean 'autoConfigurationReport'
2024-04-10T13:26:28.578+05:30 TRACE 20084 --- [spring-boot-learn] [           main] ation$NotReactiveWebApplicationCondition : Condition HttpMessageConvertersAutoConfiguration.NotReactiveWebApplicationCondition on org.springframework.boot.autoconfigure.http.HttpMessageConvertersAutoConfiguration matched due to NoneNestedConditions 0 matched 1 did not; NestedCondition on HttpMessageConvertersAutoConfiguration.NotReactiveWebApplicationCondition.ReactiveWebApplication did not find reactive web application classes
2024-04-10T13:26:28.578+05:30 TRACE 20084 --- [spring-boot-learn] [           main] o.s.b.f.s.DefaultListableBeanFactory     : Returning cached instance of singleton bean 'autoConfigurationReport'
2024-04-10T13:26:28.578+05:30 TRACE 20084 --- [spring-boot-learn] [           main] o.s.b.f.s.DefaultListableBeanFactory     : Returning cached instance of singleton bean 'autoConfigurationReport'
2024-04-10T13:26:28.579+05:30 TRACE 20084 --- [spring-boot-learn] [           main] o.s.b.f.s.DefaultListableBeanFactory     : Returning cached instance of singleton bean 'autoConfigurationReport'
2024-04-10T13:26:28.579+05:30 TRACE 20084 --- [spring-boot-learn] [           main] o.s.b.f.s.DefaultListableBeanFactory     : Returning cached instance of singleton bean 'autoConfigurationReport'
2024-04-10T13:26:28.580+05:30 TRACE 20084 --- [spring-boot-learn] [           main] o.s.b.a.condition.OnClassCondition       : Condition OnClassCondition on org.springframework.boot.autoconfigure.http.HttpMessageConvertersAutoConfiguration$StringHttpMessageConverterConfiguration matched due to @ConditionalOnClass found required class 'org.springframework.http.converter.StringHttpMessageConverter'
2024-04-10T13:26:28.580+05:30 TRACE 20084 --- [spring-boot-learn] [           main] o.s.b.f.s.DefaultListableBeanFactory     : Returning cached instance of singleton bean 'autoConfigurationReport'
2024-04-10T13:26:28.580+05:30 TRACE 20084 --- [spring-boot-learn] [           main] o.s.b.f.s.DefaultListableBeanFactory     : Returning cached instance of singleton bean 'autoConfigurationReport'
2024-04-10T13:26:28.580+05:30 TRACE 20084 --- [spring-boot-learn] [           main] o.s.b.f.s.DefaultListableBeanFactory     : Returning cached instance of singleton bean 'autoConfigurationReport'
2024-04-10T13:26:28.580+05:30 TRACE 20084 --- [spring-boot-learn] [           main] o.s.b.f.s.DefaultListableBeanFactory     : Returning cached instance of singleton bean 'autoConfigurationReport'
2024-04-10T13:26:28.582+05:30 TRACE 20084 --- [spring-boot-learn] [           main] o.s.b.f.s.DefaultListableBeanFactory     : Returning cached instance of singleton bean 'autoConfigurationReport'
2024-04-10T13:26:28.582+05:30 TRACE 20084 --- [spring-boot-learn] [           main] o.s.b.f.s.DefaultListableBeanFactory     : Returning cached instance of singleton bean 'autoConfigurationReport'
2024-04-10T13:26:28.582+05:30 TRACE 20084 --- [spring-boot-learn] [           main] o.s.b.f.s.DefaultListableBeanFactory     : Returning cached instance of singleton bean 'autoConfigurationReport'
2024-04-10T13:26:28.584+05:30 TRACE 20084 --- [spring-boot-learn] [           main] o.s.b.a.condition.OnClassCondition       : Condition OnClassCondition on org.springframework.boot.autoconfigure.http.JacksonHttpMessageConvertersConfiguration$MappingJackson2XmlHttpMessageConverterConfiguration did not match due to @ConditionalOnClass did not find required class 'com.fasterxml.jackson.dataformat.xml.XmlMapper'
2024-04-10T13:26:28.585+05:30 TRACE 20084 --- [spring-boot-learn] [           main] o.s.b.f.s.DefaultListableBeanFactory     : Returning cached instance of singleton bean 'autoConfigurationReport'
2024-04-10T13:26:28.586+05:30 TRACE 20084 --- [spring-boot-learn] [           main] o.s.b.a.condition.OnClassCondition       : Condition OnClassCondition on org.springframework.boot.autoconfigure.http.JacksonHttpMessageConvertersConfiguration$MappingJackson2HttpMessageConverterConfiguration matched due to @ConditionalOnClass found required class 'com.fasterxml.jackson.databind.ObjectMapper'
2024-04-10T13:26:28.586+05:30 TRACE 20084 --- [spring-boot-learn] [           main] o.s.b.f.s.DefaultListableBeanFactory     : Returning cached instance of singleton bean 'autoConfigurationReport'
2024-04-10T13:26:28.587+05:30 TRACE 20084 --- [spring-boot-learn] [           main] o.s.b.a.condition.OnPropertyCondition    : Condition OnPropertyCondition on org.springframework.boot.autoconfigure.http.JacksonHttpMessageConvertersConfiguration$MappingJackson2HttpMessageConverterConfiguration matched due to @ConditionalOnProperty (spring.mvc.converters.preferred-json-mapper=jackson) matched
2024-04-10T13:26:28.587+05:30 TRACE 20084 --- [spring-boot-learn] [           main] o.s.b.f.s.DefaultListableBeanFactory     : Returning cached instance of singleton bean 'autoConfigurationReport'
2024-04-10T13:26:28.587+05:30 TRACE 20084 --- [spring-boot-learn] [           main] o.s.b.f.s.DefaultListableBeanFactory     : Returning cached instance of singleton bean 'autoConfigurationReport'
2024-04-10T13:26:28.587+05:30 TRACE 20084 --- [spring-boot-learn] [           main] o.s.b.f.s.DefaultListableBeanFactory     : Returning cached instance of singleton bean 'autoConfigurationReport'
2024-04-10T13:26:28.587+05:30 TRACE 20084 --- [spring-boot-learn] [           main] o.s.b.f.s.DefaultListableBeanFactory     : Returning cached instance of singleton bean 'autoConfigurationReport'
2024-04-10T13:26:28.588+05:30 TRACE 20084 --- [spring-boot-learn] [           main] o.s.b.a.condition.OnClassCondition       : Condition OnClassCondition on org.springframework.boot.autoconfigure.http.GsonHttpMessageConvertersConfiguration did not match due to @ConditionalOnClass did not find required class 'com.google.gson.Gson'
2024-04-10T13:26:28.588+05:30 TRACE 20084 --- [spring-boot-learn] [           main] o.s.b.f.s.DefaultListableBeanFactory     : Returning cached instance of singleton bean 'autoConfigurationReport'
2024-04-10T13:26:28.588+05:30 TRACE 20084 --- [spring-boot-learn] [           main] o.s.b.a.condition.OnClassCondition       : Condition OnClassCondition on org.springframework.boot.autoconfigure.http.JsonbHttpMessageConvertersConfiguration did not match due to @ConditionalOnClass did not find required class 'jakarta.json.bind.Jsonb'
2024-04-10T13:26:28.588+05:30 TRACE 20084 --- [spring-boot-learn] [           main] o.s.b.f.s.DefaultListableBeanFactory     : Returning cached instance of singleton bean 'autoConfigurationReport'
2024-04-10T13:26:28.589+05:30 TRACE 20084 --- [spring-boot-learn] [           main] o.s.b.f.s.DefaultListableBeanFactory     : Returning cached instance of singleton bean 'autoConfigurationReport'
2024-04-10T13:26:28.589+05:30 TRACE 20084 --- [spring-boot-learn] [           main] o.s.b.f.s.DefaultListableBeanFactory     : Returning cached instance of singleton bean 'autoConfigurationReport'
2024-04-10T13:26:28.589+05:30 TRACE 20084 --- [spring-boot-learn] [           main] o.s.b.f.s.DefaultListableBeanFactory     : Returning cached instance of singleton bean 'autoConfigurationReport'
2024-04-10T13:26:28.589+05:30 TRACE 20084 --- [spring-boot-learn] [           main] o.s.b.f.s.DefaultListableBeanFactory     : Returning cached instance of singleton bean 'autoConfigurationReport'
2024-04-10T13:26:28.589+05:30 TRACE 20084 --- [spring-boot-learn] [           main] o.s.b.f.s.DefaultListableBeanFactory     : Returning cached instance of singleton bean 'autoConfigurationReport'
2024-04-10T13:26:28.589+05:30 TRACE 20084 --- [spring-boot-learn] [           main] o.s.b.f.s.DefaultListableBeanFactory     : Returning cached instance of singleton bean 'autoConfigurationReport'
2024-04-10T13:26:28.590+05:30 TRACE 20084 --- [spring-boot-learn] [           main] o.s.b.f.s.DefaultListableBeanFactory     : Returning cached instance of singleton bean 'autoConfigurationReport'
2024-04-10T13:26:28.590+05:30 TRACE 20084 --- [spring-boot-learn] [           main] o.s.b.f.s.DefaultListableBeanFactory     : Returning cached instance of singleton bean 'autoConfigurationReport'
2024-04-10T13:26:28.590+05:30 TRACE 20084 --- [spring-boot-learn] [           main] o.s.b.f.s.DefaultListableBeanFactory     : Returning cached instance of singleton bean 'autoConfigurationReport'
2024-04-10T13:26:28.591+05:30 TRACE 20084 --- [spring-boot-learn] [           main] o.s.b.f.s.DefaultListableBeanFactory     : Returning cached instance of singleton bean 'autoConfigurationReport'
2024-04-10T13:26:28.591+05:30 TRACE 20084 --- [spring-boot-learn] [           main] o.s.b.f.s.DefaultListableBeanFactory     : Returning cached instance of singleton bean 'autoConfigurationReport'
2024-04-10T13:26:28.591+05:30 TRACE 20084 --- [spring-boot-learn] [           main] o.s.b.f.s.DefaultListableBeanFactory     : Returning cached instance of singleton bean 'autoConfigurationReport'
2024-04-10T13:26:28.591+05:30 TRACE 20084 --- [spring-boot-learn] [           main] o.s.b.f.s.DefaultListableBeanFactory     : Returning cached instance of singleton bean 'autoConfigurationReport'
2024-04-10T13:26:28.591+05:30 TRACE 20084 --- [spring-boot-learn] [           main] o.s.b.f.s.DefaultListableBeanFactory     : Returning cached instance of singleton bean 'autoConfigurationReport'
2024-04-10T13:26:28.591+05:30 TRACE 20084 --- [spring-boot-learn] [           main] o.s.b.f.s.DefaultListableBeanFactory     : Returning cached instance of singleton bean 'autoConfigurationReport'
2024-04-10T13:26:28.593+05:30 TRACE 20084 --- [spring-boot-learn] [           main] o.s.b.a.condition.OnPropertyCondition    : Condition OnPropertyCondition on org.springframework.boot.autoconfigure.sql.init.SqlInitializationAutoConfiguration matched due to @ConditionalOnProperty (spring.sql.init.enabled) matched
2024-04-10T13:26:28.593+05:30 TRACE 20084 --- [spring-boot-learn] [           main] o.s.b.f.s.DefaultListableBeanFactory     : Returning cached instance of singleton bean 'autoConfigurationReport'
2024-04-10T13:26:28.594+05:30 TRACE 20084 --- [spring-boot-learn] [           main] iguration$SqlInitializationModeCondition : Condition SqlInitializationAutoConfiguration.SqlInitializationModeCondition on org.springframework.boot.autoconfigure.sql.init.SqlInitializationAutoConfiguration matched due to NoneNestedConditions 0 matched 1 did not; NestedCondition on SqlInitializationAutoConfiguration.SqlInitializationModeCondition.ModeIsNever @ConditionalOnProperty (spring.sql.init.mode=never) did not find property 'mode'
2024-04-10T13:26:28.594+05:30 TRACE 20084 --- [spring-boot-learn] [           main] o.s.b.f.s.DefaultListableBeanFactory     : Returning cached instance of singleton bean 'autoConfigurationReport'
2024-04-10T13:26:28.594+05:30 TRACE 20084 --- [spring-boot-learn] [           main] o.s.b.f.s.DefaultListableBeanFactory     : Returning cached instance of singleton bean 'autoConfigurationReport'
2024-04-10T13:26:28.594+05:30 TRACE 20084 --- [spring-boot-learn] [           main] o.s.b.f.s.DefaultListableBeanFactory     : Returning cached instance of singleton bean 'autoConfigurationReport'
2024-04-10T13:26:28.594+05:30 TRACE 20084 --- [spring-boot-learn] [           main] o.s.b.f.s.DefaultListableBeanFactory     : Returning cached instance of singleton bean 'autoConfigurationReport'
2024-04-10T13:26:28.597+05:30 TRACE 20084 --- [spring-boot-learn] [           main] o.s.b.a.condition.OnClassCondition       : Condition OnClassCondition on org.springframework.boot.autoconfigure.sql.init.R2dbcInitializationConfiguration did not match due to @ConditionalOnClass did not find required classes 'io.r2dbc.spi.ConnectionFactory', 'org.springframework.r2dbc.connection.init.DatabasePopulator'
2024-04-10T13:26:28.597+05:30 TRACE 20084 --- [spring-boot-learn] [           main] o.s.b.f.s.DefaultListableBeanFactory     : Returning cached instance of singleton bean 'autoConfigurationReport'
2024-04-10T13:26:28.598+05:30 TRACE 20084 --- [spring-boot-learn] [           main] o.s.b.a.condition.OnClassCondition       : Condition OnClassCondition on org.springframework.boot.autoconfigure.sql.init.DataSourceInitializationConfiguration did not match due to @ConditionalOnClass did not find required class 'org.springframework.jdbc.datasource.init.DatabasePopulator'
2024-04-10T13:26:28.598+05:30 TRACE 20084 --- [spring-boot-learn] [           main] o.s.b.f.s.DefaultListableBeanFactory     : Returning cached instance of singleton bean 'autoConfigurationReport'
2024-04-10T13:26:28.598+05:30 TRACE 20084 --- [spring-boot-learn] [           main] o.s.b.f.s.DefaultListableBeanFactory     : Returning cached instance of singleton bean 'autoConfigurationReport'
2024-04-10T13:26:28.598+05:30 TRACE 20084 --- [spring-boot-learn] [           main] o.s.b.f.s.DefaultListableBeanFactory     : Returning cached instance of singleton bean 'autoConfigurationReport'
2024-04-10T13:26:28.598+05:30 TRACE 20084 --- [spring-boot-learn] [           main] o.s.b.f.s.DefaultListableBeanFactory     : Returning cached instance of singleton bean 'autoConfigurationReport'
2024-04-10T13:26:28.598+05:30 TRACE 20084 --- [spring-boot-learn] [           main] o.s.b.f.s.DefaultListableBeanFactory     : Returning cached instance of singleton bean 'autoConfigurationReport'
2024-04-10T13:26:28.598+05:30 TRACE 20084 --- [spring-boot-learn] [           main] o.s.b.f.s.DefaultListableBeanFactory     : Returning cached instance of singleton bean 'autoConfigurationReport'
2024-04-10T13:26:28.598+05:30 TRACE 20084 --- [spring-boot-learn] [           main] o.s.b.f.s.DefaultListableBeanFactory     : Returning cached instance of singleton bean 'autoConfigurationReport'
2024-04-10T13:26:28.599+05:30 TRACE 20084 --- [spring-boot-learn] [           main] o.s.b.a.condition.OnClassCondition       : Condition OnClassCondition on org.springframework.boot.autoconfigure.task.TaskSchedulingAutoConfiguration matched due to @ConditionalOnClass found required class 'org.springframework.scheduling.concurrent.ThreadPoolTaskScheduler'
2024-04-10T13:26:28.599+05:30 TRACE 20084 --- [spring-boot-learn] [           main] o.s.b.f.s.DefaultListableBeanFactory     : Returning cached instance of singleton bean 'autoConfigurationReport'
2024-04-10T13:26:28.599+05:30 TRACE 20084 --- [spring-boot-learn] [           main] o.s.b.f.s.DefaultListableBeanFactory     : Returning cached instance of singleton bean 'autoConfigurationReport'
2024-04-10T13:26:28.599+05:30 TRACE 20084 --- [spring-boot-learn] [           main] o.s.b.f.s.DefaultListableBeanFactory     : Returning cached instance of singleton bean 'autoConfigurationReport'
2024-04-10T13:26:28.599+05:30 TRACE 20084 --- [spring-boot-learn] [           main] o.s.b.f.s.DefaultListableBeanFactory     : Returning cached instance of singleton bean 'autoConfigurationReport'
2024-04-10T13:26:28.601+05:30 TRACE 20084 --- [spring-boot-learn] [           main] o.s.b.f.s.DefaultListableBeanFactory     : Returning cached instance of singleton bean 'autoConfigurationReport'
2024-04-10T13:26:28.602+05:30 TRACE 20084 --- [spring-boot-learn] [           main] o.s.b.f.s.DefaultListableBeanFactory     : Returning cached instance of singleton bean 'autoConfigurationReport'
2024-04-10T13:26:28.602+05:30 TRACE 20084 --- [spring-boot-learn] [           main] o.s.b.f.s.DefaultListableBeanFactory     : Returning cached instance of singleton bean 'autoConfigurationReport'
2024-04-10T13:26:28.602+05:30 TRACE 20084 --- [spring-boot-learn] [           main] o.s.b.f.s.DefaultListableBeanFactory     : Returning cached instance of singleton bean 'autoConfigurationReport'
2024-04-10T13:26:28.602+05:30 TRACE 20084 --- [spring-boot-learn] [           main] o.s.b.f.s.DefaultListableBeanFactory     : Returning cached instance of singleton bean 'autoConfigurationReport'
2024-04-10T13:26:28.602+05:30 TRACE 20084 --- [spring-boot-learn] [           main] o.s.b.f.s.DefaultListableBeanFactory     : Returning cached instance of singleton bean 'autoConfigurationReport'
2024-04-10T13:26:28.602+05:30 TRACE 20084 --- [spring-boot-learn] [           main] o.s.b.f.s.DefaultListableBeanFactory     : Returning cached instance of singleton bean 'autoConfigurationReport'
2024-04-10T13:26:28.602+05:30 TRACE 20084 --- [spring-boot-learn] [           main] o.s.b.f.s.DefaultListableBeanFactory     : Returning cached instance of singleton bean 'autoConfigurationReport'
2024-04-10T13:26:28.602+05:30 TRACE 20084 --- [spring-boot-learn] [           main] o.s.b.f.s.DefaultListableBeanFactory     : Returning cached instance of singleton bean 'autoConfigurationReport'
2024-04-10T13:26:28.603+05:30 TRACE 20084 --- [spring-boot-learn] [           main] o.s.b.f.s.DefaultListableBeanFactory     : Returning cached instance of singleton bean 'autoConfigurationReport'
2024-04-10T13:26:28.603+05:30 TRACE 20084 --- [spring-boot-learn] [           main] o.s.b.f.s.DefaultListableBeanFactory     : Returning cached instance of singleton bean 'autoConfigurationReport'
2024-04-10T13:26:28.603+05:30 TRACE 20084 --- [spring-boot-learn] [           main] o.s.b.f.s.DefaultListableBeanFactory     : Returning cached instance of singleton bean 'autoConfigurationReport'
2024-04-10T13:26:28.603+05:30 TRACE 20084 --- [spring-boot-learn] [           main] o.s.b.f.s.DefaultListableBeanFactory     : Returning cached instance of singleton bean 'autoConfigurationReport'
2024-04-10T13:26:28.603+05:30 TRACE 20084 --- [spring-boot-learn] [           main] o.s.b.f.s.DefaultListableBeanFactory     : Returning cached instance of singleton bean 'autoConfigurationReport'
2024-04-10T13:26:28.603+05:30 TRACE 20084 --- [spring-boot-learn] [           main] o.s.b.f.s.DefaultListableBeanFactory     : Returning cached instance of singleton bean 'autoConfigurationReport'
2024-04-10T13:26:28.603+05:30 TRACE 20084 --- [spring-boot-learn] [           main] o.s.b.f.s.DefaultListableBeanFactory     : Returning cached instance of singleton bean 'autoConfigurationReport'
2024-04-10T13:26:28.603+05:30 TRACE 20084 --- [spring-boot-learn] [           main] o.s.b.f.s.DefaultListableBeanFactory     : Returning cached instance of singleton bean 'autoConfigurationReport'
2024-04-10T13:26:28.603+05:30 TRACE 20084 --- [spring-boot-learn] [           main] o.s.b.f.s.DefaultListableBeanFactory     : Returning cached instance of singleton bean 'autoConfigurationReport'
2024-04-10T13:26:28.604+05:30 TRACE 20084 --- [spring-boot-learn] [           main] o.s.b.a.condition.OnClassCondition       : Condition OnClassCondition on org.springframework.boot.autoconfigure.web.client.RestClientAutoConfiguration matched due to @ConditionalOnClass found required class 'org.springframework.web.client.RestClient'
2024-04-10T13:26:28.604+05:30 TRACE 20084 --- [spring-boot-learn] [           main] o.s.b.f.s.DefaultListableBeanFactory     : Returning cached instance of singleton bean 'autoConfigurationReport'
2024-04-10T13:26:28.605+05:30 TRACE 20084 --- [spring-boot-learn] [           main] a.w.c.NotReactiveWebApplicationCondition : Condition NotReactiveWebApplicationCondition on org.springframework.boot.autoconfigure.web.client.RestClientAutoConfiguration matched due to NoneNestedConditions 0 matched 1 did not; NestedCondition on NotReactiveWebApplicationCondition.ReactiveWebApplication did not find reactive web application classes
2024-04-10T13:26:28.605+05:30 TRACE 20084 --- [spring-boot-learn] [           main] o.s.b.f.s.DefaultListableBeanFactory     : Returning cached instance of singleton bean 'autoConfigurationReport'
2024-04-10T13:26:28.606+05:30 TRACE 20084 --- [spring-boot-learn] [           main] o.s.b.f.s.DefaultListableBeanFactory     : Returning cached instance of singleton bean 'autoConfigurationReport'
2024-04-10T13:26:28.606+05:30 TRACE 20084 --- [spring-boot-learn] [           main] o.s.b.f.s.DefaultListableBeanFactory     : Returning cached instance of singleton bean 'autoConfigurationReport'
2024-04-10T13:26:28.606+05:30 TRACE 20084 --- [spring-boot-learn] [           main] o.s.b.f.s.DefaultListableBeanFactory     : Returning cached instance of singleton bean 'autoConfigurationReport'
2024-04-10T13:26:28.606+05:30 TRACE 20084 --- [spring-boot-learn] [           main] o.s.b.f.s.DefaultListableBeanFactory     : Returning cached instance of singleton bean 'autoConfigurationReport'
2024-04-10T13:26:28.606+05:30 TRACE 20084 --- [spring-boot-learn] [           main] o.s.b.f.s.DefaultListableBeanFactory     : Returning cached instance of singleton bean 'autoConfigurationReport'
2024-04-10T13:26:28.606+05:30 TRACE 20084 --- [spring-boot-learn] [           main] o.s.b.f.s.DefaultListableBeanFactory     : Returning cached instance of singleton bean 'autoConfigurationReport'
2024-04-10T13:26:28.606+05:30 TRACE 20084 --- [spring-boot-learn] [           main] o.s.b.f.s.DefaultListableBeanFactory     : Returning cached instance of singleton bean 'autoConfigurationReport'
2024-04-10T13:26:28.606+05:30 TRACE 20084 --- [spring-boot-learn] [           main] o.s.b.f.s.DefaultListableBeanFactory     : Returning cached instance of singleton bean 'autoConfigurationReport'
2024-04-10T13:26:28.606+05:30 TRACE 20084 --- [spring-boot-learn] [           main] o.s.b.f.s.DefaultListableBeanFactory     : Returning cached instance of singleton bean 'autoConfigurationReport'
2024-04-10T13:26:28.607+05:30 TRACE 20084 --- [spring-boot-learn] [           main] o.s.b.a.condition.OnClassCondition       : Condition OnClassCondition on org.springframework.boot.autoconfigure.web.client.RestTemplateAutoConfiguration matched due to @ConditionalOnClass found required class 'org.springframework.web.client.RestTemplate'
2024-04-10T13:26:28.607+05:30 TRACE 20084 --- [spring-boot-learn] [           main] o.s.b.f.s.DefaultListableBeanFactory     : Returning cached instance of singleton bean 'autoConfigurationReport'
2024-04-10T13:26:28.608+05:30 TRACE 20084 --- [spring-boot-learn] [           main] a.w.c.NotReactiveWebApplicationCondition : Condition NotReactiveWebApplicationCondition on org.springframework.boot.autoconfigure.web.client.RestTemplateAutoConfiguration matched due to NoneNestedConditions 0 matched 1 did not; NestedCondition on NotReactiveWebApplicationCondition.ReactiveWebApplication did not find reactive web application classes
2024-04-10T13:26:28.608+05:30 TRACE 20084 --- [spring-boot-learn] [           main] o.s.b.f.s.DefaultListableBeanFactory     : Returning cached instance of singleton bean 'autoConfigurationReport'
2024-04-10T13:26:28.608+05:30 TRACE 20084 --- [spring-boot-learn] [           main] o.s.b.f.s.DefaultListableBeanFactory     : Returning cached instance of singleton bean 'autoConfigurationReport'
2024-04-10T13:26:28.608+05:30 TRACE 20084 --- [spring-boot-learn] [           main] o.s.b.f.s.DefaultListableBeanFactory     : Returning cached instance of singleton bean 'autoConfigurationReport'
2024-04-10T13:26:28.608+05:30 TRACE 20084 --- [spring-boot-learn] [           main] o.s.b.f.s.DefaultListableBeanFactory     : Returning cached instance of singleton bean 'autoConfigurationReport'
2024-04-10T13:26:28.609+05:30 TRACE 20084 --- [spring-boot-learn] [           main] o.s.b.f.s.DefaultListableBeanFactory     : Returning cached instance of singleton bean 'autoConfigurationReport'
2024-04-10T13:26:28.609+05:30 TRACE 20084 --- [spring-boot-learn] [           main] o.s.b.f.s.DefaultListableBeanFactory     : Returning cached instance of singleton bean 'autoConfigurationReport'
2024-04-10T13:26:28.609+05:30 TRACE 20084 --- [spring-boot-learn] [           main] o.s.b.f.s.DefaultListableBeanFactory     : Returning cached instance of singleton bean 'autoConfigurationReport'
2024-04-10T13:26:28.609+05:30 TRACE 20084 --- [spring-boot-learn] [           main] o.s.b.f.s.DefaultListableBeanFactory     : Returning cached instance of singleton bean 'autoConfigurationReport'
2024-04-10T13:26:28.609+05:30 TRACE 20084 --- [spring-boot-learn] [           main] o.s.b.f.s.DefaultListableBeanFactory     : Returning cached instance of singleton bean 'autoConfigurationReport'
2024-04-10T13:26:28.610+05:30 TRACE 20084 --- [spring-boot-learn] [           main] o.s.b.f.s.DefaultListableBeanFactory     : Returning cached instance of singleton bean 'autoConfigurationReport'
2024-04-10T13:26:28.611+05:30 TRACE 20084 --- [spring-boot-learn] [           main] o.s.b.a.c.OnWebApplicationCondition      : Condition OnWebApplicationCondition on org.springframework.boot.autoconfigure.web.embedded.EmbeddedWebServerFactoryCustomizerAutoConfiguration matched due to @ConditionalOnWebApplication (required) found 'session' scope
2024-04-10T13:26:28.611+05:30 TRACE 20084 --- [spring-boot-learn] [           main] o.s.b.f.s.DefaultListableBeanFactory     : Returning cached instance of singleton bean 'autoConfigurationReport'
2024-04-10T13:26:28.612+05:30 TRACE 20084 --- [spring-boot-learn] [           main] o.s.b.a.c.OnWarDeploymentCondition       : Condition OnWarDeploymentCondition on org.springframework.boot.autoconfigure.web.embedded.EmbeddedWebServerFactoryCustomizerAutoConfiguration did not match due to Application is deployed as a WAR file.
2024-04-10T13:26:28.612+05:30 TRACE 20084 --- [spring-boot-learn] [           main] o.s.b.f.s.DefaultListableBeanFactory     : Returning cached instance of singleton bean 'autoConfigurationReport'
2024-04-10T13:26:28.612+05:30 TRACE 20084 --- [spring-boot-learn] [           main] o.s.b.f.s.DefaultListableBeanFactory     : Returning cached instance of singleton bean 'autoConfigurationReport'
2024-04-10T13:26:28.612+05:30 TRACE 20084 --- [spring-boot-learn] [           main] o.s.b.f.s.DefaultListableBeanFactory     : Returning cached instance of singleton bean 'autoConfigurationReport'
2024-04-10T13:26:28.612+05:30 TRACE 20084 --- [spring-boot-learn] [           main] o.s.b.f.s.DefaultListableBeanFactory     : Returning cached instance of singleton bean 'autoConfigurationReport'
2024-04-10T13:26:28.612+05:30 TRACE 20084 --- [spring-boot-learn] [           main] o.s.b.f.s.DefaultListableBeanFactory     : Returning cached instance of singleton bean 'autoConfigurationReport'
2024-04-10T13:26:28.612+05:30 TRACE 20084 --- [spring-boot-learn] [           main] o.s.b.f.s.DefaultListableBeanFactory     : Returning cached instance of singleton bean 'autoConfigurationReport'
2024-04-10T13:26:28.612+05:30 TRACE 20084 --- [spring-boot-learn] [           main] o.s.b.f.s.DefaultListableBeanFactory     : Returning cached instance of singleton bean 'autoConfigurationReport'
2024-04-10T13:26:28.613+05:30 TRACE 20084 --- [spring-boot-learn] [           main] o.s.b.a.condition.OnClassCondition       : Condition OnClassCondition on org.springframework.boot.autoconfigure.web.servlet.HttpEncodingAutoConfiguration matched due to @ConditionalOnClass found required class 'org.springframework.web.filter.CharacterEncodingFilter'
2024-04-10T13:26:28.613+05:30 TRACE 20084 --- [spring-boot-learn] [           main] o.s.b.f.s.DefaultListableBeanFactory     : Returning cached instance of singleton bean 'autoConfigurationReport'
2024-04-10T13:26:28.613+05:30 TRACE 20084 --- [spring-boot-learn] [           main] o.s.b.a.c.OnWebApplicationCondition      : Condition OnWebApplicationCondition on org.springframework.boot.autoconfigure.web.servlet.HttpEncodingAutoConfiguration matched due to found 'session' scope
2024-04-10T13:26:28.613+05:30 TRACE 20084 --- [spring-boot-learn] [           main] o.s.b.f.s.DefaultListableBeanFactory     : Returning cached instance of singleton bean 'autoConfigurationReport'
2024-04-10T13:26:28.614+05:30 TRACE 20084 --- [spring-boot-learn] [           main] o.s.b.a.condition.OnPropertyCondition    : Condition OnPropertyCondition on org.springframework.boot.autoconfigure.web.servlet.HttpEncodingAutoConfiguration matched due to @ConditionalOnProperty (server.servlet.encoding.enabled) matched
2024-04-10T13:26:28.614+05:30 TRACE 20084 --- [spring-boot-learn] [           main] o.s.b.f.s.DefaultListableBeanFactory     : Returning cached instance of singleton bean 'autoConfigurationReport'
2024-04-10T13:26:28.614+05:30 TRACE 20084 --- [spring-boot-learn] [           main] o.s.b.f.s.DefaultListableBeanFactory     : Returning cached instance of singleton bean 'autoConfigurationReport'
2024-04-10T13:26:28.614+05:30 TRACE 20084 --- [spring-boot-learn] [           main] o.s.b.f.s.DefaultListableBeanFactory     : Returning cached instance of singleton bean 'autoConfigurationReport'
2024-04-10T13:26:28.614+05:30 TRACE 20084 --- [spring-boot-learn] [           main] o.s.b.f.s.DefaultListableBeanFactory     : Returning cached instance of singleton bean 'autoConfigurationReport'
2024-04-10T13:26:28.615+05:30 TRACE 20084 --- [spring-boot-learn] [           main] o.s.b.f.s.DefaultListableBeanFactory     : Returning cached instance of singleton bean 'autoConfigurationReport'
2024-04-10T13:26:28.615+05:30 TRACE 20084 --- [spring-boot-learn] [           main] o.s.b.f.s.DefaultListableBeanFactory     : Returning cached instance of singleton bean 'autoConfigurationReport'
2024-04-10T13:26:28.615+05:30 TRACE 20084 --- [spring-boot-learn] [           main] o.s.b.f.s.DefaultListableBeanFactory     : Returning cached instance of singleton bean 'autoConfigurationReport'
2024-04-10T13:26:28.615+05:30 TRACE 20084 --- [spring-boot-learn] [           main] o.s.b.f.s.DefaultListableBeanFactory     : Returning cached instance of singleton bean 'autoConfigurationReport'
2024-04-10T13:26:28.615+05:30 TRACE 20084 --- [spring-boot-learn] [           main] o.s.b.f.s.DefaultListableBeanFactory     : Returning cached instance of singleton bean 'autoConfigurationReport'
2024-04-10T13:26:28.615+05:30 TRACE 20084 --- [spring-boot-learn] [           main] o.s.b.f.s.DefaultListableBeanFactory     : Returning cached instance of singleton bean 'autoConfigurationReport'
2024-04-10T13:26:28.617+05:30 TRACE 20084 --- [spring-boot-learn] [           main] o.s.b.a.condition.OnClassCondition       : Condition OnClassCondition on org.springframework.boot.autoconfigure.web.servlet.MultipartAutoConfiguration matched due to @ConditionalOnClass found required classes 'jakarta.servlet.Servlet', 'org.springframework.web.multipart.support.StandardServletMultipartResolver', 'jakarta.servlet.MultipartConfigElement'
2024-04-10T13:26:28.618+05:30 TRACE 20084 --- [spring-boot-learn] [           main] o.s.b.f.s.DefaultListableBeanFactory     : Returning cached instance of singleton bean 'autoConfigurationReport'
2024-04-10T13:26:28.618+05:30 TRACE 20084 --- [spring-boot-learn] [           main] o.s.b.a.c.OnWebApplicationCondition      : Condition OnWebApplicationCondition on org.springframework.boot.autoconfigure.web.servlet.MultipartAutoConfiguration matched due to found 'session' scope
2024-04-10T13:26:28.618+05:30 TRACE 20084 --- [spring-boot-learn] [           main] o.s.b.f.s.DefaultListableBeanFactory     : Returning cached instance of singleton bean 'autoConfigurationReport'
2024-04-10T13:26:28.619+05:30 TRACE 20084 --- [spring-boot-learn] [           main] o.s.b.a.condition.OnPropertyCondition    : Condition OnPropertyCondition on org.springframework.boot.autoconfigure.web.servlet.MultipartAutoConfiguration matched due to @ConditionalOnProperty (spring.servlet.multipart.enabled) matched
2024-04-10T13:26:28.619+05:30 TRACE 20084 --- [spring-boot-learn] [           main] o.s.b.f.s.DefaultListableBeanFactory     : Returning cached instance of singleton bean 'autoConfigurationReport'
2024-04-10T13:26:28.619+05:30 TRACE 20084 --- [spring-boot-learn] [           main] o.s.b.f.s.DefaultListableBeanFactory     : Returning cached instance of singleton bean 'autoConfigurationReport'
2024-04-10T13:26:28.619+05:30 TRACE 20084 --- [spring-boot-learn] [           main] o.s.b.f.s.DefaultListableBeanFactory     : Returning cached instance of singleton bean 'autoConfigurationReport'
2024-04-10T13:26:28.620+05:30 TRACE 20084 --- [spring-boot-learn] [           main] o.s.b.f.s.DefaultListableBeanFactory     : Returning cached instance of singleton bean 'autoConfigurationReport'
2024-04-10T13:26:28.621+05:30 TRACE 20084 --- [spring-boot-learn] [           main] o.s.b.f.s.DefaultListableBeanFactory     : Returning cached instance of singleton bean 'autoConfigurationReport'
2024-04-10T13:26:28.621+05:30 TRACE 20084 --- [spring-boot-learn] [           main] o.s.b.f.s.DefaultListableBeanFactory     : Returning cached instance of singleton bean 'autoConfigurationReport'
2024-04-10T13:26:28.621+05:30 TRACE 20084 --- [spring-boot-learn] [           main] o.s.b.f.s.DefaultListableBeanFactory     : Returning cached instance of singleton bean 'autoConfigurationReport'
2024-04-10T13:26:28.621+05:30 TRACE 20084 --- [spring-boot-learn] [           main] o.s.b.f.s.DefaultListableBeanFactory     : Returning cached instance of singleton bean 'autoConfigurationReport'
2024-04-10T13:26:28.621+05:30 TRACE 20084 --- [spring-boot-learn] [           main] o.s.b.f.s.DefaultListableBeanFactory     : Returning cached instance of singleton bean 'autoConfigurationReport'
2024-04-10T13:26:28.621+05:30 TRACE 20084 --- [spring-boot-learn] [           main] o.s.b.f.s.DefaultListableBeanFactory     : Returning cached instance of singleton bean 'autoConfigurationReport'
2024-04-10T13:26:28.623+05:30 TRACE 20084 --- [spring-boot-learn] [           main] o.s.b.d.a.OnEnabledDevToolsCondition     : Condition OnEnabledDevToolsCondition on org.springframework.boot.devtools.autoconfigure.DevToolsDataSourceAutoConfiguration did not match due to Devtools devtools is disabled for current context.
2024-04-10T13:26:28.623+05:30 TRACE 20084 --- [spring-boot-learn] [           main] o.s.b.f.s.DefaultListableBeanFactory     : Returning cached instance of singleton bean 'autoConfigurationReport'
2024-04-10T13:26:28.623+05:30 TRACE 20084 --- [spring-boot-learn] [           main] o.s.b.f.s.DefaultListableBeanFactory     : Returning cached instance of singleton bean 'autoConfigurationReport'
2024-04-10T13:26:28.623+05:30 TRACE 20084 --- [spring-boot-learn] [           main] o.s.b.f.s.DefaultListableBeanFactory     : Returning cached instance of singleton bean 'autoConfigurationReport'
2024-04-10T13:26:28.623+05:30 TRACE 20084 --- [spring-boot-learn] [           main] o.s.b.f.s.DefaultListableBeanFactory     : Returning cached instance of singleton bean 'autoConfigurationReport'
2024-04-10T13:26:28.623+05:30 TRACE 20084 --- [spring-boot-learn] [           main] o.s.b.f.s.DefaultListableBeanFactory     : Returning cached instance of singleton bean 'autoConfigurationReport'
2024-04-10T13:26:28.623+05:30 TRACE 20084 --- [spring-boot-learn] [           main] o.s.b.f.s.DefaultListableBeanFactory     : Returning cached instance of singleton bean 'autoConfigurationReport'
2024-04-10T13:26:28.623+05:30 TRACE 20084 --- [spring-boot-learn] [           main] o.s.b.f.s.DefaultListableBeanFactory     : Returning cached instance of singleton bean 'autoConfigurationReport'
2024-04-10T13:26:28.625+05:30 TRACE 20084 --- [spring-boot-learn] [           main] .s.b.d.r.OnInitializedRestarterCondition : Condition OnInitializedRestarterCondition on org.springframework.boot.devtools.autoconfigure.LocalDevToolsAutoConfiguration did not match due to Initialized Restarter Condition initialized without URLs
2024-04-10T13:26:28.625+05:30 TRACE 20084 --- [spring-boot-learn] [           main] o.s.b.f.s.DefaultListableBeanFactory     : Returning cached instance of singleton bean 'autoConfigurationReport'
2024-04-10T13:26:28.625+05:30 TRACE 20084 --- [spring-boot-learn] [           main] o.s.b.f.s.DefaultListableBeanFactory     : Returning cached instance of singleton bean 'autoConfigurationReport'
2024-04-10T13:26:28.625+05:30 TRACE 20084 --- [spring-boot-learn] [           main] o.s.b.f.s.DefaultListableBeanFactory     : Returning cached instance of singleton bean 'autoConfigurationReport'
2024-04-10T13:26:28.625+05:30 TRACE 20084 --- [spring-boot-learn] [           main] o.s.b.f.s.DefaultListableBeanFactory     : Returning cached instance of singleton bean 'autoConfigurationReport'
2024-04-10T13:26:28.625+05:30 TRACE 20084 --- [spring-boot-learn] [           main] o.s.b.f.s.DefaultListableBeanFactory     : Returning cached instance of singleton bean 'autoConfigurationReport'
2024-04-10T13:26:28.625+05:30 TRACE 20084 --- [spring-boot-learn] [           main] o.s.b.f.s.DefaultListableBeanFactory     : Returning cached instance of singleton bean 'autoConfigurationReport'
2024-04-10T13:26:28.625+05:30 TRACE 20084 --- [spring-boot-learn] [           main] o.s.b.f.s.DefaultListableBeanFactory     : Returning cached instance of singleton bean 'autoConfigurationReport'
2024-04-10T13:26:28.627+05:30 TRACE 20084 --- [spring-boot-learn] [           main] o.s.b.a.condition.OnClassCondition       : Condition OnClassCondition on org.springframework.boot.devtools.autoconfigure.RemoteDevToolsAutoConfiguration matched due to @ConditionalOnClass found required classes 'jakarta.servlet.Filter', 'org.springframework.http.server.ServerHttpRequest'
2024-04-10T13:26:28.627+05:30 TRACE 20084 --- [spring-boot-learn] [           main] o.s.b.f.s.DefaultListableBeanFactory     : Returning cached instance of singleton bean 'autoConfigurationReport'
2024-04-10T13:26:28.627+05:30 TRACE 20084 --- [spring-boot-learn] [           main] o.s.b.a.condition.OnPropertyCondition    : Condition OnPropertyCondition on org.springframework.boot.devtools.autoconfigure.RemoteDevToolsAutoConfiguration did not match due to @ConditionalOnProperty (spring.devtools.remote.secret) did not find property 'secret'
2024-04-10T13:26:28.627+05:30 TRACE 20084 --- [spring-boot-learn] [           main] o.s.b.f.s.DefaultListableBeanFactory     : Returning cached instance of singleton bean 'autoConfigurationReport'
2024-04-10T13:26:28.632+05:30 TRACE 20084 --- [spring-boot-learn] [           main] a.ConfigurationClassBeanDefinitionReader : Registered bean definition for imported class 'org.springframework.boot.autoconfigure.context.PropertyPlaceholderAutoConfiguration'
2024-04-10T13:26:28.636+05:30 TRACE 20084 --- [spring-boot-learn] [           main] o.s.b.a.condition.OnBeanCondition        : Condition OnBeanCondition on org.springframework.boot.autoconfigure.context.PropertyPlaceholderAutoConfiguration#propertySourcesPlaceholderConfigurer matched due to @ConditionalOnMissingBean (types: org.springframework.context.support.PropertySourcesPlaceholderConfigurer; SearchStrategy: current) did not find any beans
2024-04-10T13:26:28.636+05:30 TRACE 20084 --- [spring-boot-learn] [           main] o.s.b.f.s.DefaultListableBeanFactory     : Returning cached instance of singleton bean 'autoConfigurationReport'
2024-04-10T13:26:28.637+05:30 TRACE 20084 --- [spring-boot-learn] [           main] a.ConfigurationClassBeanDefinitionReader : Registering bean definition for @Bean method org.springframework.boot.autoconfigure.context.PropertyPlaceholderAutoConfiguration.propertySourcesPlaceholderConfigurer()
2024-04-10T13:26:28.638+05:30 TRACE 20084 --- [spring-boot-learn] [           main] a.ConfigurationClassBeanDefinitionReader : Registered bean definition for imported class 'org.springframework.boot.autoconfigure.ssl.SslAutoConfiguration'
2024-04-10T13:26:28.638+05:30 TRACE 20084 --- [spring-boot-learn] [           main] a.ConfigurationClassBeanDefinitionReader : Registering bean definition for @Bean method org.springframework.boot.autoconfigure.ssl.SslAutoConfiguration.fileWatcher()
2024-04-10T13:26:28.638+05:30 TRACE 20084 --- [spring-boot-learn] [           main] a.ConfigurationClassBeanDefinitionReader : Registering bean definition for @Bean method org.springframework.boot.autoconfigure.ssl.SslAutoConfiguration.sslPropertiesSslBundleRegistrar()
2024-04-10T13:26:28.642+05:30 TRACE 20084 --- [spring-boot-learn] [           main] o.s.b.a.condition.OnBeanCondition        : Condition OnBeanCondition on org.springframework.boot.autoconfigure.ssl.SslAutoConfiguration#sslBundleRegistry matched due to @ConditionalOnMissingBean (types: org.springframework.boot.ssl.SslBundleRegistry,org.springframework.boot.ssl.SslBundles; SearchStrategy: all) did not find any beans
2024-04-10T13:26:28.642+05:30 TRACE 20084 --- [spring-boot-learn] [           main] o.s.b.f.s.DefaultListableBeanFactory     : Returning cached instance of singleton bean 'autoConfigurationReport'
2024-04-10T13:26:28.642+05:30 TRACE 20084 --- [spring-boot-learn] [           main] a.ConfigurationClassBeanDefinitionReader : Registering bean definition for @Bean method org.springframework.boot.autoconfigure.ssl.SslAutoConfiguration.sslBundleRegistry()
2024-04-10T13:26:28.647+05:30 TRACE 20084 --- [spring-boot-learn] [           main] o.s.b.a.condition.OnClassCondition       : Condition OnClassCondition on org.springframework.boot.autoconfigure.websocket.servlet.WebSocketServletAutoConfiguration matched due to @ConditionalOnClass found required classes 'jakarta.servlet.Servlet', 'jakarta.websocket.server.ServerContainer'
2024-04-10T13:26:28.647+05:30 TRACE 20084 --- [spring-boot-learn] [           main] o.s.b.f.s.DefaultListableBeanFactory     : Returning cached instance of singleton bean 'autoConfigurationReport'
2024-04-10T13:26:28.648+05:30 TRACE 20084 --- [spring-boot-learn] [           main] o.s.b.a.c.OnWebApplicationCondition      : Condition OnWebApplicationCondition on org.springframework.boot.autoconfigure.websocket.servlet.WebSocketServletAutoConfiguration matched due to found 'session' scope
2024-04-10T13:26:28.648+05:30 TRACE 20084 --- [spring-boot-learn] [           main] o.s.b.f.s.DefaultListableBeanFactory     : Returning cached instance of singleton bean 'autoConfigurationReport'
2024-04-10T13:26:28.648+05:30 TRACE 20084 --- [spring-boot-learn] [           main] o.s.b.a.condition.OnClassCondition       : Condition OnClassCondition on org.springframework.boot.autoconfigure.websocket.servlet.WebSocketServletAutoConfiguration$TomcatWebSocketConfiguration matched due to @ConditionalOnClass found required classes 'org.apache.catalina.startup.Tomcat', 'org.apache.tomcat.websocket.server.WsSci'
2024-04-10T13:26:28.648+05:30 TRACE 20084 --- [spring-boot-learn] [           main] o.s.b.f.s.DefaultListableBeanFactory     : Returning cached instance of singleton bean 'autoConfigurationReport'
2024-04-10T13:26:28.648+05:30 TRACE 20084 --- [spring-boot-learn] [           main] a.ConfigurationClassBeanDefinitionReader : Registered bean definition for imported class 'org.springframework.boot.autoconfigure.websocket.servlet.WebSocketServletAutoConfiguration$TomcatWebSocketConfiguration'
2024-04-10T13:26:28.648+05:30 TRACE 20084 --- [spring-boot-learn] [           main] o.s.b.a.condition.OnBeanCondition        : Condition OnBeanCondition on org.springframework.boot.autoconfigure.websocket.servlet.WebSocketServletAutoConfiguration$TomcatWebSocketConfiguration#websocketServletWebServerCustomizer matched due to @ConditionalOnMissingBean (names: websocketServletWebServerCustomizer; SearchStrategy: all) did not find any beans
2024-04-10T13:26:28.648+05:30 TRACE 20084 --- [spring-boot-learn] [           main] o.s.b.f.s.DefaultListableBeanFactory     : Returning cached instance of singleton bean 'autoConfigurationReport'
2024-04-10T13:26:28.648+05:30 TRACE 20084 --- [spring-boot-learn] [           main] a.ConfigurationClassBeanDefinitionReader : Registering bean definition for @Bean method org.springframework.boot.autoconfigure.websocket.servlet.WebSocketServletAutoConfiguration$TomcatWebSocketConfiguration.websocketServletWebServerCustomizer()
2024-04-10T13:26:28.649+05:30 TRACE 20084 --- [spring-boot-learn] [           main] a.ConfigurationClassBeanDefinitionReader : Registered bean definition for imported class 'org.springframework.boot.autoconfigure.websocket.servlet.WebSocketServletAutoConfiguration'
2024-04-10T13:26:28.649+05:30 TRACE 20084 --- [spring-boot-learn] [           main] o.s.b.a.condition.OnClassCondition       : Condition OnClassCondition on org.springframework.boot.autoconfigure.web.servlet.ServletWebServerFactoryAutoConfiguration matched due to @ConditionalOnClass found required class 'jakarta.servlet.ServletRequest'
2024-04-10T13:26:28.649+05:30 TRACE 20084 --- [spring-boot-learn] [           main] o.s.b.f.s.DefaultListableBeanFactory     : Returning cached instance of singleton bean 'autoConfigurationReport'
2024-04-10T13:26:28.649+05:30 TRACE 20084 --- [spring-boot-learn] [           main] o.s.b.a.c.OnWebApplicationCondition      : Condition OnWebApplicationCondition on org.springframework.boot.autoconfigure.web.servlet.ServletWebServerFactoryAutoConfiguration matched due to found 'session' scope
2024-04-10T13:26:28.649+05:30 TRACE 20084 --- [spring-boot-learn] [           main] o.s.b.f.s.DefaultListableBeanFactory     : Returning cached instance of singleton bean 'autoConfigurationReport'
2024-04-10T13:26:28.649+05:30 TRACE 20084 --- [spring-boot-learn] [           main] o.s.b.a.condition.OnClassCondition       : Condition OnClassCondition on org.springframework.boot.autoconfigure.web.servlet.ServletWebServerFactoryConfiguration$EmbeddedTomcat matched due to @ConditionalOnClass found required classes 'jakarta.servlet.Servlet', 'org.apache.catalina.startup.Tomcat', 'org.apache.coyote.UpgradeProtocol'
2024-04-10T13:26:28.649+05:30 TRACE 20084 --- [spring-boot-learn] [           main] o.s.b.f.s.DefaultListableBeanFactory     : Returning cached instance of singleton bean 'autoConfigurationReport'
2024-04-10T13:26:28.653+05:30 TRACE 20084 --- [spring-boot-learn] [           main] o.s.b.a.condition.OnBeanCondition        : Condition OnBeanCondition on org.springframework.boot.autoconfigure.web.servlet.ServletWebServerFactoryConfiguration$EmbeddedTomcat matched due to @ConditionalOnMissingBean (types: org.springframework.boot.web.servlet.server.ServletWebServerFactory; SearchStrategy: current) did not find any beans
2024-04-10T13:26:28.653+05:30 TRACE 20084 --- [spring-boot-learn] [           main] o.s.b.f.s.DefaultListableBeanFactory     : Returning cached instance of singleton bean 'autoConfigurationReport'
2024-04-10T13:26:28.654+05:30 TRACE 20084 --- [spring-boot-learn] [           main] a.ConfigurationClassBeanDefinitionReader : Registered bean definition for imported class 'org.springframework.boot.autoconfigure.web.servlet.ServletWebServerFactoryConfiguration$EmbeddedTomcat'
2024-04-10T13:26:28.654+05:30 TRACE 20084 --- [spring-boot-learn] [           main] a.ConfigurationClassBeanDefinitionReader : Registering bean definition for @Bean method org.springframework.boot.autoconfigure.web.servlet.ServletWebServerFactoryConfiguration$EmbeddedTomcat.tomcatServletWebServerFactory()
2024-04-10T13:26:28.655+05:30 TRACE 20084 --- [spring-boot-learn] [           main] a.ConfigurationClassBeanDefinitionReader : Registered bean definition for imported class 'org.springframework.boot.autoconfigure.web.servlet.ServletWebServerFactoryAutoConfiguration'
2024-04-10T13:26:28.655+05:30 TRACE 20084 --- [spring-boot-learn] [           main] a.ConfigurationClassBeanDefinitionReader : Registering bean definition for @Bean method org.springframework.boot.autoconfigure.web.servlet.ServletWebServerFactoryAutoConfiguration.servletWebServerFactoryCustomizer()
2024-04-10T13:26:28.655+05:30 TRACE 20084 --- [spring-boot-learn] [           main] o.s.b.a.condition.OnClassCondition       : Condition OnClassCondition on org.springframework.boot.autoconfigure.web.servlet.ServletWebServerFactoryAutoConfiguration#tomcatServletWebServerFactoryCustomizer matched due to @ConditionalOnClass found required class 'org.apache.catalina.startup.Tomcat'
2024-04-10T13:26:28.655+05:30 TRACE 20084 --- [spring-boot-learn] [           main] o.s.b.f.s.DefaultListableBeanFactory     : Returning cached instance of singleton bean 'autoConfigurationReport'
2024-04-10T13:26:28.655+05:30 TRACE 20084 --- [spring-boot-learn] [           main] a.ConfigurationClassBeanDefinitionReader : Registering bean definition for @Bean method org.springframework.boot.autoconfigure.web.servlet.ServletWebServerFactoryAutoConfiguration.tomcatServletWebServerFactoryCustomizer()
2024-04-10T13:26:28.662+05:30 TRACE 20084 --- [spring-boot-learn] [           main] o.s.b.a.condition.OnClassCondition       : Condition OnClassCondition on org.springframework.boot.autoconfigure.web.servlet.DispatcherServletAutoConfiguration matched due to @ConditionalOnClass found required class 'org.springframework.web.servlet.DispatcherServlet'
2024-04-10T13:26:28.662+05:30 TRACE 20084 --- [spring-boot-learn] [           main] o.s.b.f.s.DefaultListableBeanFactory     : Returning cached instance of singleton bean 'autoConfigurationReport'
2024-04-10T13:26:28.662+05:30 TRACE 20084 --- [spring-boot-learn] [           main] o.s.b.a.c.OnWebApplicationCondition      : Condition OnWebApplicationCondition on org.springframework.boot.autoconfigure.web.servlet.DispatcherServletAutoConfiguration matched due to found 'session' scope
2024-04-10T13:26:28.662+05:30 TRACE 20084 --- [spring-boot-learn] [           main] o.s.b.f.s.DefaultListableBeanFactory     : Returning cached instance of singleton bean 'autoConfigurationReport'
2024-04-10T13:26:28.662+05:30 TRACE 20084 --- [spring-boot-learn] [           main] o.s.b.a.condition.OnClassCondition       : Condition OnClassCondition on org.springframework.boot.autoconfigure.web.servlet.DispatcherServletAutoConfiguration$DispatcherServletRegistrationConfiguration matched due to @ConditionalOnClass found required class 'jakarta.servlet.ServletRegistration'
2024-04-10T13:26:28.662+05:30 TRACE 20084 --- [spring-boot-learn] [           main] o.s.b.f.s.DefaultListableBeanFactory     : Returning cached instance of singleton bean 'autoConfigurationReport'
2024-04-10T13:26:28.662+05:30 TRACE 20084 --- [spring-boot-learn] [           main] n$DispatcherServletRegistrationCondition : Condition DispatcherServletAutoConfiguration.DispatcherServletRegistrationCondition on org.springframework.boot.autoconfigure.web.servlet.DispatcherServletAutoConfiguration$DispatcherServletRegistrationConfiguration matched due to DispatcherServlet Registration did not find servlet registration bean
2024-04-10T13:26:28.662+05:30 TRACE 20084 --- [spring-boot-learn] [           main] o.s.b.f.s.DefaultListableBeanFactory     : Returning cached instance of singleton bean 'autoConfigurationReport'
2024-04-10T13:26:28.662+05:30 TRACE 20084 --- [spring-boot-learn] [           main] o.s.b.a.condition.OnClassCondition       : Condition OnClassCondition on org.springframework.boot.autoconfigure.web.servlet.DispatcherServletAutoConfiguration$DispatcherServletConfiguration matched due to @ConditionalOnClass found required class 'jakarta.servlet.ServletRegistration'
2024-04-10T13:26:28.662+05:30 TRACE 20084 --- [spring-boot-learn] [           main] o.s.b.f.s.DefaultListableBeanFactory     : Returning cached instance of singleton bean 'autoConfigurationReport'
2024-04-10T13:26:28.662+05:30 TRACE 20084 --- [spring-boot-learn] [           main] ration$DefaultDispatcherServletCondition : Condition DispatcherServletAutoConfiguration.DefaultDispatcherServletCondition on org.springframework.boot.autoconfigure.web.servlet.DispatcherServletAutoConfiguration$DispatcherServletConfiguration matched due to Default DispatcherServlet did not find dispatcher servlet beans
2024-04-10T13:26:28.662+05:30 TRACE 20084 --- [spring-boot-learn] [           main] o.s.b.f.s.DefaultListableBeanFactory     : Returning cached instance of singleton bean 'autoConfigurationReport'
2024-04-10T13:26:28.663+05:30 TRACE 20084 --- [spring-boot-learn] [           main] a.ConfigurationClassBeanDefinitionReader : Registered bean definition for imported class 'org.springframework.boot.autoconfigure.web.servlet.DispatcherServletAutoConfiguration$DispatcherServletConfiguration'
2024-04-10T13:26:28.663+05:30 TRACE 20084 --- [spring-boot-learn] [           main] a.ConfigurationClassBeanDefinitionReader : Registering bean definition for @Bean method org.springframework.boot.autoconfigure.web.servlet.DispatcherServletAutoConfiguration$DispatcherServletConfiguration.dispatcherServlet()
2024-04-10T13:26:28.664+05:30 TRACE 20084 --- [spring-boot-learn] [           main] o.s.b.a.condition.OnBeanCondition        : Condition OnBeanCondition on org.springframework.boot.autoconfigure.web.servlet.DispatcherServletAutoConfiguration$DispatcherServletConfiguration#multipartResolver did not match due to @ConditionalOnBean (types: org.springframework.web.multipart.MultipartResolver; SearchStrategy: all) did not find any beans of type org.springframework.web.multipart.MultipartResolver
2024-04-10T13:26:28.664+05:30 TRACE 20084 --- [spring-boot-learn] [           main] o.s.b.f.s.DefaultListableBeanFactory     : Returning cached instance of singleton bean 'autoConfigurationReport'
2024-04-10T13:26:28.665+05:30 TRACE 20084 --- [spring-boot-learn] [           main] a.ConfigurationClassBeanDefinitionReader : Registered bean definition for imported class 'org.springframework.boot.autoconfigure.web.servlet.DispatcherServletAutoConfiguration$DispatcherServletRegistrationConfiguration'
2024-04-10T13:26:28.666+05:30 TRACE 20084 --- [spring-boot-learn] [           main] o.s.b.a.condition.OnBeanCondition        : Condition OnBeanCondition on org.springframework.boot.autoconfigure.web.servlet.DispatcherServletAutoConfiguration$DispatcherServletRegistrationConfiguration#dispatcherServletRegistration matched due to @ConditionalOnBean (names: dispatcherServlet types: org.springframework.web.servlet.DispatcherServlet; SearchStrategy: all) found bean 'dispatcherServlet'
2024-04-10T13:26:28.666+05:30 TRACE 20084 --- [spring-boot-learn] [           main] o.s.b.f.s.DefaultListableBeanFactory     : Returning cached instance of singleton bean 'autoConfigurationReport'
2024-04-10T13:26:28.666+05:30 TRACE 20084 --- [spring-boot-learn] [           main] a.ConfigurationClassBeanDefinitionReader : Registering bean definition for @Bean method org.springframework.boot.autoconfigure.web.servlet.DispatcherServletAutoConfiguration$DispatcherServletRegistrationConfiguration.dispatcherServletRegistration()
2024-04-10T13:26:28.667+05:30 TRACE 20084 --- [spring-boot-learn] [           main] a.ConfigurationClassBeanDefinitionReader : Registered bean definition for imported class 'org.springframework.boot.autoconfigure.web.servlet.DispatcherServletAutoConfiguration'
2024-04-10T13:26:28.667+05:30 TRACE 20084 --- [spring-boot-learn] [           main] o.s.b.a.condition.OnClassCondition       : Condition OnClassCondition on org.springframework.boot.autoconfigure.task.TaskExecutionAutoConfiguration matched due to @ConditionalOnClass found required class 'org.springframework.scheduling.concurrent.ThreadPoolTaskExecutor'
2024-04-10T13:26:28.667+05:30 TRACE 20084 --- [spring-boot-learn] [           main] o.s.b.f.s.DefaultListableBeanFactory     : Returning cached instance of singleton bean 'autoConfigurationReport'
2024-04-10T13:26:28.667+05:30 TRACE 20084 --- [spring-boot-learn] [           main] a.ConfigurationClassBeanDefinitionReader : Registered bean definition for imported class 'org.springframework.boot.autoconfigure.task.TaskExecutorConfigurations$ThreadPoolTaskExecutorBuilderConfiguration'
2024-04-10T13:26:28.669+05:30 TRACE 20084 --- [spring-boot-learn] [           main] o.s.b.a.condition.OnBeanCondition        : Condition OnBeanCondition on org.springframework.boot.autoconfigure.task.TaskExecutorConfigurations$ThreadPoolTaskExecutorBuilderConfiguration#threadPoolTaskExecutorBuilder matched due to @ConditionalOnMissingBean (types: org.springframework.boot.task.TaskExecutorBuilder,org.springframework.boot.task.ThreadPoolTaskExecutorBuilder; SearchStrategy: all) did not find any beans
2024-04-10T13:26:28.669+05:30 TRACE 20084 --- [spring-boot-learn] [           main] o.s.b.f.s.DefaultListableBeanFactory     : Returning cached instance of singleton bean 'autoConfigurationReport'
2024-04-10T13:26:28.670+05:30 TRACE 20084 --- [spring-boot-learn] [           main] a.ConfigurationClassBeanDefinitionReader : Registering bean definition for @Bean method org.springframework.boot.autoconfigure.task.TaskExecutorConfigurations$ThreadPoolTaskExecutorBuilderConfiguration.threadPoolTaskExecutorBuilder()
2024-04-10T13:26:28.670+05:30 TRACE 20084 --- [spring-boot-learn] [           main] a.ConfigurationClassBeanDefinitionReader : Registered bean definition for imported class 'org.springframework.boot.autoconfigure.task.TaskExecutorConfigurations$TaskExecutorBuilderConfiguration'
2024-04-10T13:26:28.671+05:30 TRACE 20084 --- [spring-boot-learn] [           main] o.s.b.a.condition.OnBeanCondition        : Condition OnBeanCondition on org.springframework.boot.autoconfigure.task.TaskExecutorConfigurations$TaskExecutorBuilderConfiguration#taskExecutorBuilder matched due to @ConditionalOnMissingBean (types: org.springframework.boot.task.TaskExecutorBuilder; SearchStrategy: all) did not find any beans
2024-04-10T13:26:28.671+05:30 TRACE 20084 --- [spring-boot-learn] [           main] o.s.b.f.s.DefaultListableBeanFactory     : Returning cached instance of singleton bean 'autoConfigurationReport'
2024-04-10T13:26:28.671+05:30 TRACE 20084 --- [spring-boot-learn] [           main] a.ConfigurationClassBeanDefinitionReader : Registering bean definition for @Bean method org.springframework.boot.autoconfigure.task.TaskExecutorConfigurations$TaskExecutorBuilderConfiguration.taskExecutorBuilder()
2024-04-10T13:26:28.671+05:30 TRACE 20084 --- [spring-boot-learn] [           main] a.ConfigurationClassBeanDefinitionReader : Registered bean definition for imported class 'org.springframework.boot.autoconfigure.task.TaskExecutorConfigurations$SimpleAsyncTaskExecutorBuilderConfiguration'
2024-04-10T13:26:28.672+05:30 TRACE 20084 --- [spring-boot-learn] [           main] o.s.b.a.condition.OnBeanCondition        : Condition OnBeanCondition on org.springframework.boot.autoconfigure.task.TaskExecutorConfigurations$SimpleAsyncTaskExecutorBuilderConfiguration#simpleAsyncTaskExecutorBuilder matched due to @ConditionalOnMissingBean (types: org.springframework.boot.task.SimpleAsyncTaskExecutorBuilder; SearchStrategy: all) did not find any beans
2024-04-10T13:26:28.672+05:30 TRACE 20084 --- [spring-boot-learn] [           main] o.s.b.f.s.DefaultListableBeanFactory     : Returning cached instance of singleton bean 'autoConfigurationReport'
2024-04-10T13:26:28.672+05:30 TRACE 20084 --- [spring-boot-learn] [           main] o.s.b.a.condition.OnThreadingCondition   : Condition OnThreadingCondition on org.springframework.boot.autoconfigure.task.TaskExecutorConfigurations$SimpleAsyncTaskExecutorBuilderConfiguration#simpleAsyncTaskExecutorBuilder matched due to @ConditionalOnThreading found PLATFORM
2024-04-10T13:26:28.673+05:30 TRACE 20084 --- [spring-boot-learn] [           main] o.s.b.f.s.DefaultListableBeanFactory     : Returning cached instance of singleton bean 'autoConfigurationReport'
2024-04-10T13:26:28.673+05:30 TRACE 20084 --- [spring-boot-learn] [           main] a.ConfigurationClassBeanDefinitionReader : Registering bean definition for @Bean method org.springframework.boot.autoconfigure.task.TaskExecutorConfigurations$SimpleAsyncTaskExecutorBuilderConfiguration.simpleAsyncTaskExecutorBuilder()
2024-04-10T13:26:28.675+05:30 TRACE 20084 --- [spring-boot-learn] [           main] o.s.b.a.condition.OnBeanCondition        : Condition OnBeanCondition on org.springframework.boot.autoconfigure.task.TaskExecutorConfigurations$SimpleAsyncTaskExecutorBuilderConfiguration#simpleAsyncTaskExecutorBuilderVirtualThreads did not match due to @ConditionalOnMissingBean (types: org.springframework.boot.task.SimpleAsyncTaskExecutorBuilder; SearchStrategy: all) found beans of type 'org.springframework.boot.task.SimpleAsyncTaskExecutorBuilder' simpleAsyncTaskExecutorBuilder
2024-04-10T13:26:28.675+05:30 TRACE 20084 --- [spring-boot-learn] [           main] o.s.b.f.s.DefaultListableBeanFactory     : Returning cached instance of singleton bean 'autoConfigurationReport'
2024-04-10T13:26:28.675+05:30 TRACE 20084 --- [spring-boot-learn] [           main] o.s.b.a.condition.OnBeanCondition        : Condition OnBeanCondition on org.springframework.boot.autoconfigure.task.TaskExecutorConfigurations$TaskExecutorConfiguration matched due to @ConditionalOnMissingBean (types: java.util.concurrent.Executor; SearchStrategy: all) did not find any beans
2024-04-10T13:26:28.675+05:30 TRACE 20084 --- [spring-boot-learn] [           main] o.s.b.f.s.DefaultListableBeanFactory     : Returning cached instance of singleton bean 'autoConfigurationReport'
2024-04-10T13:26:28.675+05:30 TRACE 20084 --- [spring-boot-learn] [           main] a.ConfigurationClassBeanDefinitionReader : Registered bean definition for imported class 'org.springframework.boot.autoconfigure.task.TaskExecutorConfigurations$TaskExecutorConfiguration'
2024-04-10T13:26:28.676+05:30 TRACE 20084 --- [spring-boot-learn] [           main] o.s.b.a.condition.OnThreadingCondition   : Condition OnThreadingCondition on org.springframework.boot.autoconfigure.task.TaskExecutorConfigurations$TaskExecutorConfiguration#applicationTaskExecutorVirtualThreads did not match due to @ConditionalOnThreading did not find VIRTUAL
2024-04-10T13:26:28.676+05:30 TRACE 20084 --- [spring-boot-learn] [           main] o.s.b.f.s.DefaultListableBeanFactory     : Returning cached instance of singleton bean 'autoConfigurationReport'
2024-04-10T13:26:28.676+05:30 TRACE 20084 --- [spring-boot-learn] [           main] o.s.b.a.condition.OnThreadingCondition   : Condition OnThreadingCondition on org.springframework.boot.autoconfigure.task.TaskExecutorConfigurations$TaskExecutorConfiguration#applicationTaskExecutor matched due to @ConditionalOnThreading found PLATFORM
2024-04-10T13:26:28.676+05:30 TRACE 20084 --- [spring-boot-learn] [           main] o.s.b.f.s.DefaultListableBeanFactory     : Returning cached instance of singleton bean 'autoConfigurationReport'
2024-04-10T13:26:28.676+05:30 TRACE 20084 --- [spring-boot-learn] [           main] o.s.b.f.s.DefaultListableBeanFactory     : Alias definition 'taskExecutor' registered for name 'applicationTaskExecutor'
2024-04-10T13:26:28.676+05:30 TRACE 20084 --- [spring-boot-learn] [           main] a.ConfigurationClassBeanDefinitionReader : Registering bean definition for @Bean method org.springframework.boot.autoconfigure.task.TaskExecutorConfigurations$TaskExecutorConfiguration.applicationTaskExecutor()
2024-04-10T13:26:28.677+05:30 TRACE 20084 --- [spring-boot-learn] [           main] a.ConfigurationClassBeanDefinitionReader : Registered bean definition for imported class 'org.springframework.boot.autoconfigure.task.TaskExecutionAutoConfiguration'
2024-04-10T13:26:28.678+05:30 TRACE 20084 --- [spring-boot-learn] [           main] o.s.b.a.condition.OnClassCondition       : Condition OnClassCondition on org.springframework.boot.autoconfigure.web.servlet.error.ErrorMvcAutoConfiguration matched due to @ConditionalOnClass found required classes 'jakarta.servlet.Servlet', 'org.springframework.web.servlet.DispatcherServlet'
2024-04-10T13:26:28.678+05:30 TRACE 20084 --- [spring-boot-learn] [           main] o.s.b.f.s.DefaultListableBeanFactory     : Returning cached instance of singleton bean 'autoConfigurationReport'
2024-04-10T13:26:28.678+05:30 TRACE 20084 --- [spring-boot-learn] [           main] o.s.b.a.c.OnWebApplicationCondition      : Condition OnWebApplicationCondition on org.springframework.boot.autoconfigure.web.servlet.error.ErrorMvcAutoConfiguration matched due to found 'session' scope
2024-04-10T13:26:28.678+05:30 TRACE 20084 --- [spring-boot-learn] [           main] o.s.b.f.s.DefaultListableBeanFactory     : Returning cached instance of singleton bean 'autoConfigurationReport'
2024-04-10T13:26:28.678+05:30 TRACE 20084 --- [spring-boot-learn] [           main] o.s.b.a.condition.OnPropertyCondition    : Condition OnPropertyCondition on org.springframework.boot.autoconfigure.web.servlet.error.ErrorMvcAutoConfiguration$WhitelabelErrorViewConfiguration matched due to @ConditionalOnProperty (server.error.whitelabel.enabled) matched
2024-04-10T13:26:28.678+05:30 TRACE 20084 --- [spring-boot-learn] [           main] o.s.b.f.s.DefaultListableBeanFactory     : Returning cached instance of singleton bean 'autoConfigurationReport'
2024-04-10T13:26:28.678+05:30 TRACE 20084 --- [spring-boot-learn] [           main] o.s.c.io.support.SpringFactoriesLoader   : Loaded [org.springframework.boot.autoconfigure.template.TemplateAvailabilityProvider] names: [org.springframework.boot.autoconfigure.freemarker.FreeMarkerTemplateAvailabilityProvider, org.springframework.boot.autoconfigure.mustache.MustacheTemplateAvailabilityProvider, org.springframework.boot.autoconfigure.groovy.template.GroovyTemplateAvailabilityProvider, org.springframework.boot.autoconfigure.thymeleaf.ThymeleafTemplateAvailabilityProvider, org.springframework.boot.autoconfigure.web.servlet.JspTemplateAvailabilityProvider]
2024-04-10T13:26:28.679+05:30 TRACE 20084 --- [spring-boot-learn] [           main] figuration$ErrorTemplateMissingCondition : Condition ErrorMvcAutoConfiguration.ErrorTemplateMissingCondition on org.springframework.boot.autoconfigure.web.servlet.error.ErrorMvcAutoConfiguration$WhitelabelErrorViewConfiguration matched due to ErrorTemplate Missing did not find error template view
2024-04-10T13:26:28.679+05:30 TRACE 20084 --- [spring-boot-learn] [           main] o.s.b.f.s.DefaultListableBeanFactory     : Returning cached instance of singleton bean 'autoConfigurationReport'
2024-04-10T13:26:28.679+05:30 TRACE 20084 --- [spring-boot-learn] [           main] a.ConfigurationClassBeanDefinitionReader : Registered bean definition for imported class 'org.springframework.boot.autoconfigure.web.servlet.error.ErrorMvcAutoConfiguration$WhitelabelErrorViewConfiguration'
2024-04-10T13:26:28.679+05:30 TRACE 20084 --- [spring-boot-learn] [           main] o.s.b.a.condition.OnBeanCondition        : Condition OnBeanCondition on org.springframework.boot.autoconfigure.web.servlet.error.ErrorMvcAutoConfiguration$WhitelabelErrorViewConfiguration#defaultErrorView matched due to @ConditionalOnMissingBean (names: error; SearchStrategy: all) did not find any beans
2024-04-10T13:26:28.679+05:30 TRACE 20084 --- [spring-boot-learn] [           main] o.s.b.f.s.DefaultListableBeanFactory     : Returning cached instance of singleton bean 'autoConfigurationReport'
2024-04-10T13:26:28.679+05:30 TRACE 20084 --- [spring-boot-learn] [           main] a.ConfigurationClassBeanDefinitionReader : Registering bean definition for @Bean method org.springframework.boot.autoconfigure.web.servlet.error.ErrorMvcAutoConfiguration$WhitelabelErrorViewConfiguration.error()
2024-04-10T13:26:28.683+05:30 TRACE 20084 --- [spring-boot-learn] [           main] o.s.b.a.condition.OnBeanCondition        : Condition OnBeanCondition on org.springframework.boot.autoconfigure.web.servlet.error.ErrorMvcAutoConfiguration$WhitelabelErrorViewConfiguration#beanNameViewResolver matched due to @ConditionalOnMissingBean (types: org.springframework.web.servlet.view.BeanNameViewResolver; SearchStrategy: all) did not find any beans
2024-04-10T13:26:28.683+05:30 TRACE 20084 --- [spring-boot-learn] [           main] o.s.b.f.s.DefaultListableBeanFactory     : Returning cached instance of singleton bean 'autoConfigurationReport'
2024-04-10T13:26:28.684+05:30 TRACE 20084 --- [spring-boot-learn] [           main] a.ConfigurationClassBeanDefinitionReader : Registering bean definition for @Bean method org.springframework.boot.autoconfigure.web.servlet.error.ErrorMvcAutoConfiguration$WhitelabelErrorViewConfiguration.beanNameViewResolver()
2024-04-10T13:26:28.685+05:30 TRACE 20084 --- [spring-boot-learn] [           main] a.ConfigurationClassBeanDefinitionReader : Registered bean definition for imported class 'org.springframework.boot.autoconfigure.web.servlet.error.ErrorMvcAutoConfiguration$DefaultErrorViewResolverConfiguration'
2024-04-10T13:26:28.688+05:30 TRACE 20084 --- [spring-boot-learn] [           main] o.s.b.a.condition.OnBeanCondition        : Condition OnBeanCondition on org.springframework.boot.autoconfigure.web.servlet.error.ErrorMvcAutoConfiguration$DefaultErrorViewResolverConfiguration#conventionErrorViewResolver matched due to @ConditionalOnBean (types: org.springframework.web.servlet.DispatcherServlet; SearchStrategy: all) found bean 'dispatcherServlet'; @ConditionalOnMissingBean (types: org.springframework.boot.autoconfigure.web.servlet.error.ErrorViewResolver; SearchStrategy: all) did not find any beans
2024-04-10T13:26:28.688+05:30 TRACE 20084 --- [spring-boot-learn] [           main] o.s.b.f.s.DefaultListableBeanFactory     : Returning cached instance of singleton bean 'autoConfigurationReport'
2024-04-10T13:26:28.689+05:30 TRACE 20084 --- [spring-boot-learn] [           main] o.s.b.a.condition.OnBeanCondition        : Condition OnBeanCondition on org.springframework.boot.autoconfigure.web.servlet.error.ErrorMvcAutoConfiguration$DefaultErrorViewResolverConfiguration#conventionErrorViewResolver matched due to @ConditionalOnBean (types: org.springframework.web.servlet.DispatcherServlet; SearchStrategy: all) found bean 'dispatcherServlet'; @ConditionalOnMissingBean (types: org.springframework.boot.autoconfigure.web.servlet.error.ErrorViewResolver; SearchStrategy: all) did not find any beans
2024-04-10T13:26:28.689+05:30 TRACE 20084 --- [spring-boot-learn] [           main] o.s.b.f.s.DefaultListableBeanFactory     : Returning cached instance of singleton bean 'autoConfigurationReport'
2024-04-10T13:26:28.689+05:30 TRACE 20084 --- [spring-boot-learn] [           main] a.ConfigurationClassBeanDefinitionReader : Registering bean definition for @Bean method org.springframework.boot.autoconfigure.web.servlet.error.ErrorMvcAutoConfiguration$DefaultErrorViewResolverConfiguration.conventionErrorViewResolver()
2024-04-10T13:26:28.690+05:30 TRACE 20084 --- [spring-boot-learn] [           main] a.ConfigurationClassBeanDefinitionReader : Registered bean definition for imported class 'org.springframework.boot.autoconfigure.web.servlet.error.ErrorMvcAutoConfiguration'
2024-04-10T13:26:28.692+05:30 TRACE 20084 --- [spring-boot-learn] [           main] o.s.b.a.condition.OnBeanCondition        : Condition OnBeanCondition on org.springframework.boot.autoconfigure.web.servlet.error.ErrorMvcAutoConfiguration#errorAttributes matched due to @ConditionalOnMissingBean (types: org.springframework.boot.web.servlet.error.ErrorAttributes; SearchStrategy: current) did not find any beans
2024-04-10T13:26:28.692+05:30 TRACE 20084 --- [spring-boot-learn] [           main] o.s.b.f.s.DefaultListableBeanFactory     : Returning cached instance of singleton bean 'autoConfigurationReport'
2024-04-10T13:26:28.692+05:30 TRACE 20084 --- [spring-boot-learn] [           main] a.ConfigurationClassBeanDefinitionReader : Registering bean definition for @Bean method org.springframework.boot.autoconfigure.web.servlet.error.ErrorMvcAutoConfiguration.errorAttributes()
2024-04-10T13:26:28.694+05:30 TRACE 20084 --- [spring-boot-learn] [           main] o.s.b.a.condition.OnBeanCondition        : Condition OnBeanCondition on org.springframework.boot.autoconfigure.web.servlet.error.ErrorMvcAutoConfiguration#basicErrorController matched due to @ConditionalOnMissingBean (types: org.springframework.boot.web.servlet.error.ErrorController; SearchStrategy: current) did not find any beans
2024-04-10T13:26:28.694+05:30 TRACE 20084 --- [spring-boot-learn] [           main] o.s.b.f.s.DefaultListableBeanFactory     : Returning cached instance of singleton bean 'autoConfigurationReport'
2024-04-10T13:26:28.695+05:30 TRACE 20084 --- [spring-boot-learn] [           main] a.ConfigurationClassBeanDefinitionReader : Registering bean definition for @Bean method org.springframework.boot.autoconfigure.web.servlet.error.ErrorMvcAutoConfiguration.basicErrorController()
2024-04-10T13:26:28.695+05:30 TRACE 20084 --- [spring-boot-learn] [           main] a.ConfigurationClassBeanDefinitionReader : Registering bean definition for @Bean method org.springframework.boot.autoconfigure.web.servlet.error.ErrorMvcAutoConfiguration.errorPageCustomizer()
2024-04-10T13:26:28.695+05:30 TRACE 20084 --- [spring-boot-learn] [           main] a.ConfigurationClassBeanDefinitionReader : Registering bean definition for @Bean method org.springframework.boot.autoconfigure.web.servlet.error.ErrorMvcAutoConfiguration.preserveErrorControllerTargetClassPostProcessor()
2024-04-10T13:26:28.695+05:30 TRACE 20084 --- [spring-boot-learn] [           main] o.s.b.a.condition.OnClassCondition       : Condition OnClassCondition on org.springframework.boot.autoconfigure.web.servlet.WebMvcAutoConfiguration matched due to @ConditionalOnClass found required classes 'jakarta.servlet.Servlet', 'org.springframework.web.servlet.DispatcherServlet', 'org.springframework.web.servlet.config.annotation.WebMvcConfigurer'
2024-04-10T13:26:28.695+05:30 TRACE 20084 --- [spring-boot-learn] [           main] o.s.b.f.s.DefaultListableBeanFactory     : Returning cached instance of singleton bean 'autoConfigurationReport'
2024-04-10T13:26:28.695+05:30 TRACE 20084 --- [spring-boot-learn] [           main] o.s.b.a.c.OnWebApplicationCondition      : Condition OnWebApplicationCondition on org.springframework.boot.autoconfigure.web.servlet.WebMvcAutoConfiguration matched due to found 'session' scope
2024-04-10T13:26:28.695+05:30 TRACE 20084 --- [spring-boot-learn] [           main] o.s.b.f.s.DefaultListableBeanFactory     : Returning cached instance of singleton bean 'autoConfigurationReport'
2024-04-10T13:26:28.696+05:30 TRACE 20084 --- [spring-boot-learn] [           main] o.s.b.a.condition.OnBeanCondition        : Condition OnBeanCondition on org.springframework.boot.autoconfigure.web.servlet.WebMvcAutoConfiguration matched due to @ConditionalOnMissingBean (types: org.springframework.web.servlet.config.annotation.WebMvcConfigurationSupport; SearchStrategy: all) did not find any beans
2024-04-10T13:26:28.696+05:30 TRACE 20084 --- [spring-boot-learn] [           main] o.s.b.f.s.DefaultListableBeanFactory     : Returning cached instance of singleton bean 'autoConfigurationReport'
2024-04-10T13:26:28.696+05:30 TRACE 20084 --- [spring-boot-learn] [           main] a.ConfigurationClassBeanDefinitionReader : Registered bean definition for imported class 'org.springframework.boot.autoconfigure.web.servlet.WebMvcAutoConfiguration$EnableWebMvcConfiguration'
2024-04-10T13:26:28.697+05:30 TRACE 20084 --- [spring-boot-learn] [           main] a.ConfigurationClassBeanDefinitionReader : Registering bean definition for @Bean method org.springframework.boot.autoconfigure.web.servlet.WebMvcAutoConfiguration$EnableWebMvcConfiguration.welcomePageHandlerMapping()
2024-04-10T13:26:28.697+05:30 TRACE 20084 --- [spring-boot-learn] [           main] a.ConfigurationClassBeanDefinitionReader : Registering bean definition for @Bean method org.springframework.boot.autoconfigure.web.servlet.WebMvcAutoConfiguration$EnableWebMvcConfiguration.welcomePageNotAcceptableHandlerMapping()
2024-04-10T13:26:28.697+05:30 TRACE 20084 --- [spring-boot-learn] [           main] o.s.b.a.condition.OnBeanCondition        : Condition OnBeanCondition on org.springframework.boot.autoconfigure.web.servlet.WebMvcAutoConfiguration$EnableWebMvcConfiguration#localeResolver matched due to @ConditionalOnMissingBean (names: localeResolver; SearchStrategy: all) did not find any beans
2024-04-10T13:26:28.697+05:30 TRACE 20084 --- [spring-boot-learn] [           main] o.s.b.f.s.DefaultListableBeanFactory     : Returning cached instance of singleton bean 'autoConfigurationReport'
2024-04-10T13:26:28.697+05:30 TRACE 20084 --- [spring-boot-learn] [           main] a.ConfigurationClassBeanDefinitionReader : Registering bean definition for @Bean method org.springframework.boot.autoconfigure.web.servlet.WebMvcAutoConfiguration$EnableWebMvcConfiguration.localeResolver()
2024-04-10T13:26:28.697+05:30 TRACE 20084 --- [spring-boot-learn] [           main] o.s.b.a.condition.OnBeanCondition        : Condition OnBeanCondition on org.springframework.boot.autoconfigure.web.servlet.WebMvcAutoConfiguration$EnableWebMvcConfiguration#themeResolver matched due to @ConditionalOnMissingBean (names: themeResolver; SearchStrategy: all) did not find any beans
2024-04-10T13:26:28.697+05:30 TRACE 20084 --- [spring-boot-learn] [           main] o.s.b.f.s.DefaultListableBeanFactory     : Returning cached instance of singleton bean 'autoConfigurationReport'
2024-04-10T13:26:28.697+05:30 TRACE 20084 --- [spring-boot-learn] [           main] a.ConfigurationClassBeanDefinitionReader : Registering bean definition for @Bean method org.springframework.boot.autoconfigure.web.servlet.WebMvcAutoConfiguration$EnableWebMvcConfiguration.themeResolver()
2024-04-10T13:26:28.697+05:30 TRACE 20084 --- [spring-boot-learn] [           main] o.s.b.a.condition.OnBeanCondition        : Condition OnBeanCondition on org.springframework.boot.autoconfigure.web.servlet.WebMvcAutoConfiguration$EnableWebMvcConfiguration#flashMapManager matched due to @ConditionalOnMissingBean (names: flashMapManager; SearchStrategy: all) did not find any beans
2024-04-10T13:26:28.697+05:30 TRACE 20084 --- [spring-boot-learn] [           main] o.s.b.f.s.DefaultListableBeanFactory     : Returning cached instance of singleton bean 'autoConfigurationReport'
2024-04-10T13:26:28.698+05:30 TRACE 20084 --- [spring-boot-learn] [           main] a.ConfigurationClassBeanDefinitionReader : Registering bean definition for @Bean method org.springframework.boot.autoconfigure.web.servlet.WebMvcAutoConfiguration$EnableWebMvcConfiguration.flashMapManager()
2024-04-10T13:26:28.698+05:30 TRACE 20084 --- [spring-boot-learn] [           main] a.ConfigurationClassBeanDefinitionReader : Registering bean definition for @Bean method org.springframework.boot.autoconfigure.web.servlet.WebMvcAutoConfiguration$EnableWebMvcConfiguration.mvcConversionService()
2024-04-10T13:26:28.698+05:30 TRACE 20084 --- [spring-boot-learn] [           main] a.ConfigurationClassBeanDefinitionReader : Registering bean definition for @Bean method org.springframework.boot.autoconfigure.web.servlet.WebMvcAutoConfiguration$EnableWebMvcConfiguration.mvcValidator()
2024-04-10T13:26:28.698+05:30 TRACE 20084 --- [spring-boot-learn] [           main] a.ConfigurationClassBeanDefinitionReader : Registering bean definition for @Bean method org.springframework.boot.autoconfigure.web.servlet.WebMvcAutoConfiguration$EnableWebMvcConfiguration.mvcContentNegotiationManager()
2024-04-10T13:26:28.698+05:30 TRACE 20084 --- [spring-boot-learn] [           main] a.ConfigurationClassBeanDefinitionReader : Registering bean definition for @Bean method org.springframework.boot.autoconfigure.web.servlet.WebMvcAutoConfiguration$EnableWebMvcConfiguration.requestMappingHandlerMapping()
2024-04-10T13:26:28.698+05:30 TRACE 20084 --- [spring-boot-learn] [           main] a.ConfigurationClassBeanDefinitionReader : Registering bean definition for @Bean method org.springframework.boot.autoconfigure.web.servlet.WebMvcAutoConfiguration$EnableWebMvcConfiguration.mvcPatternParser()
2024-04-10T13:26:28.698+05:30 TRACE 20084 --- [spring-boot-learn] [           main] a.ConfigurationClassBeanDefinitionReader : Registering bean definition for @Bean method org.springframework.boot.autoconfigure.web.servlet.WebMvcAutoConfiguration$EnableWebMvcConfiguration.mvcUrlPathHelper()
2024-04-10T13:26:28.699+05:30 TRACE 20084 --- [spring-boot-learn] [           main] a.ConfigurationClassBeanDefinitionReader : Registering bean definition for @Bean method org.springframework.boot.autoconfigure.web.servlet.WebMvcAutoConfiguration$EnableWebMvcConfiguration.mvcPathMatcher()
2024-04-10T13:26:28.699+05:30 TRACE 20084 --- [spring-boot-learn] [           main] a.ConfigurationClassBeanDefinitionReader : Registering bean definition for @Bean method org.springframework.boot.autoconfigure.web.servlet.WebMvcAutoConfiguration$EnableWebMvcConfiguration.viewControllerHandlerMapping()
2024-04-10T13:26:28.699+05:30 TRACE 20084 --- [spring-boot-learn] [           main] a.ConfigurationClassBeanDefinitionReader : Registering bean definition for @Bean method org.springframework.boot.autoconfigure.web.servlet.WebMvcAutoConfiguration$EnableWebMvcConfiguration.beanNameHandlerMapping()
2024-04-10T13:26:28.699+05:30 TRACE 20084 --- [spring-boot-learn] [           main] a.ConfigurationClassBeanDefinitionReader : Registering bean definition for @Bean method org.springframework.boot.autoconfigure.web.servlet.WebMvcAutoConfiguration$EnableWebMvcConfiguration.routerFunctionMapping()
2024-04-10T13:26:28.699+05:30 TRACE 20084 --- [spring-boot-learn] [           main] a.ConfigurationClassBeanDefinitionReader : Registering bean definition for @Bean method org.springframework.boot.autoconfigure.web.servlet.WebMvcAutoConfiguration$EnableWebMvcConfiguration.resourceHandlerMapping()
2024-04-10T13:26:28.699+05:30 TRACE 20084 --- [spring-boot-learn] [           main] a.ConfigurationClassBeanDefinitionReader : Registering bean definition for @Bean method org.springframework.boot.autoconfigure.web.servlet.WebMvcAutoConfiguration$EnableWebMvcConfiguration.mvcResourceUrlProvider()
2024-04-10T13:26:28.699+05:30 TRACE 20084 --- [spring-boot-learn] [           main] a.ConfigurationClassBeanDefinitionReader : Registering bean definition for @Bean method org.springframework.boot.autoconfigure.web.servlet.WebMvcAutoConfiguration$EnableWebMvcConfiguration.defaultServletHandlerMapping()
2024-04-10T13:26:28.699+05:30 TRACE 20084 --- [spring-boot-learn] [           main] a.ConfigurationClassBeanDefinitionReader : Registering bean definition for @Bean method org.springframework.boot.autoconfigure.web.servlet.WebMvcAutoConfiguration$EnableWebMvcConfiguration.requestMappingHandlerAdapter()
2024-04-10T13:26:28.699+05:30 TRACE 20084 --- [spring-boot-learn] [           main] a.ConfigurationClassBeanDefinitionReader : Registering bean definition for @Bean method org.springframework.boot.autoconfigure.web.servlet.WebMvcAutoConfiguration$EnableWebMvcConfiguration.handlerFunctionAdapter()
2024-04-10T13:26:28.699+05:30 TRACE 20084 --- [spring-boot-learn] [           main] a.ConfigurationClassBeanDefinitionReader : Registering bean definition for @Bean method org.springframework.boot.autoconfigure.web.servlet.WebMvcAutoConfiguration$EnableWebMvcConfiguration.mvcUriComponentsContributor()
2024-04-10T13:26:28.699+05:30 TRACE 20084 --- [spring-boot-learn] [           main] a.ConfigurationClassBeanDefinitionReader : Registering bean definition for @Bean method org.springframework.boot.autoconfigure.web.servlet.WebMvcAutoConfiguration$EnableWebMvcConfiguration.httpRequestHandlerAdapter()
2024-04-10T13:26:28.699+05:30 TRACE 20084 --- [spring-boot-learn] [           main] a.ConfigurationClassBeanDefinitionReader : Registering bean definition for @Bean method org.springframework.boot.autoconfigure.web.servlet.WebMvcAutoConfiguration$EnableWebMvcConfiguration.simpleControllerHandlerAdapter()
2024-04-10T13:26:28.699+05:30 TRACE 20084 --- [spring-boot-learn] [           main] a.ConfigurationClassBeanDefinitionReader : Registering bean definition for @Bean method org.springframework.boot.autoconfigure.web.servlet.WebMvcAutoConfiguration$EnableWebMvcConfiguration.handlerExceptionResolver()
2024-04-10T13:26:28.699+05:30 TRACE 20084 --- [spring-boot-learn] [           main] a.ConfigurationClassBeanDefinitionReader : Registering bean definition for @Bean method org.springframework.boot.autoconfigure.web.servlet.WebMvcAutoConfiguration$EnableWebMvcConfiguration.mvcViewResolver()
2024-04-10T13:26:28.699+05:30 TRACE 20084 --- [spring-boot-learn] [           main] a.ConfigurationClassBeanDefinitionReader : Registering bean definition for @Bean method org.springframework.boot.autoconfigure.web.servlet.WebMvcAutoConfiguration$EnableWebMvcConfiguration.mvcHandlerMappingIntrospector()
2024-04-10T13:26:28.699+05:30 TRACE 20084 --- [spring-boot-learn] [           main] a.ConfigurationClassBeanDefinitionReader : Registering bean definition for @Bean method org.springframework.boot.autoconfigure.web.servlet.WebMvcAutoConfiguration$EnableWebMvcConfiguration.viewNameTranslator()
2024-04-10T13:26:28.700+05:30 TRACE 20084 --- [spring-boot-learn] [           main] a.ConfigurationClassBeanDefinitionReader : Registered bean definition for imported class 'org.springframework.boot.autoconfigure.web.servlet.WebMvcAutoConfiguration$WebMvcAutoConfigurationAdapter'
2024-04-10T13:26:28.713+05:30 TRACE 20084 --- [spring-boot-learn] [           main] o.s.b.a.condition.OnBeanCondition        : Condition OnBeanCondition on org.springframework.boot.autoconfigure.web.servlet.WebMvcAutoConfiguration$WebMvcAutoConfigurationAdapter#defaultViewResolver matched due to @ConditionalOnMissingBean (types: org.springframework.web.servlet.view.InternalResourceViewResolver; SearchStrategy: all) did not find any beans
2024-04-10T13:26:28.713+05:30 TRACE 20084 --- [spring-boot-learn] [           main] o.s.b.f.s.DefaultListableBeanFactory     : Returning cached instance of singleton bean 'autoConfigurationReport'
2024-04-10T13:26:28.714+05:30 TRACE 20084 --- [spring-boot-learn] [           main] a.ConfigurationClassBeanDefinitionReader : Registering bean definition for @Bean method org.springframework.boot.autoconfigure.web.servlet.WebMvcAutoConfiguration$WebMvcAutoConfigurationAdapter.defaultViewResolver()
2024-04-10T13:26:28.716+05:30 TRACE 20084 --- [spring-boot-learn] [           main] o.s.b.a.condition.OnBeanCondition        : Condition OnBeanCondition on org.springframework.boot.autoconfigure.web.servlet.WebMvcAutoConfiguration$WebMvcAutoConfigurationAdapter#beanNameViewResolver did not match due to @ConditionalOnMissingBean (types: org.springframework.web.servlet.view.BeanNameViewResolver; SearchStrategy: all) found beans of type 'org.springframework.web.servlet.view.BeanNameViewResolver' beanNameViewResolver
2024-04-10T13:26:28.716+05:30 TRACE 20084 --- [spring-boot-learn] [           main] o.s.b.f.s.DefaultListableBeanFactory     : Returning cached instance of singleton bean 'autoConfigurationReport'
2024-04-10T13:26:28.716+05:30 TRACE 20084 --- [spring-boot-learn] [           main] o.s.b.a.condition.OnBeanCondition        : Condition OnBeanCondition on org.springframework.boot.autoconfigure.web.servlet.WebMvcAutoConfiguration$WebMvcAutoConfigurationAdapter#viewResolver matched due to @ConditionalOnBean (types: org.springframework.web.servlet.ViewResolver; SearchStrategy: all) found beans 'defaultViewResolver', 'beanNameViewResolver', 'mvcViewResolver'; @ConditionalOnMissingBean (names: viewResolver types: org.springframework.web.servlet.view.ContentNegotiatingViewResolver; SearchStrategy: all) did not find any beans
2024-04-10T13:26:28.716+05:30 TRACE 20084 --- [spring-boot-learn] [           main] o.s.b.f.s.DefaultListableBeanFactory     : Returning cached instance of singleton bean 'autoConfigurationReport'
2024-04-10T13:26:28.717+05:30 TRACE 20084 --- [spring-boot-learn] [           main] o.s.b.a.condition.OnBeanCondition        : Condition OnBeanCondition on org.springframework.boot.autoconfigure.web.servlet.WebMvcAutoConfiguration$WebMvcAutoConfigurationAdapter#viewResolver matched due to @ConditionalOnBean (types: org.springframework.web.servlet.ViewResolver; SearchStrategy: all) found beans 'defaultViewResolver', 'beanNameViewResolver', 'mvcViewResolver'; @ConditionalOnMissingBean (names: viewResolver types: org.springframework.web.servlet.view.ContentNegotiatingViewResolver; SearchStrategy: all) did not find any beans
2024-04-10T13:26:28.717+05:30 TRACE 20084 --- [spring-boot-learn] [           main] o.s.b.f.s.DefaultListableBeanFactory     : Returning cached instance of singleton bean 'autoConfigurationReport'
2024-04-10T13:26:28.717+05:30 TRACE 20084 --- [spring-boot-learn] [           main] a.ConfigurationClassBeanDefinitionReader : Registering bean definition for @Bean method org.springframework.boot.autoconfigure.web.servlet.WebMvcAutoConfiguration$WebMvcAutoConfigurationAdapter.viewResolver()
2024-04-10T13:26:28.720+05:30 TRACE 20084 --- [spring-boot-learn] [           main] o.s.b.a.condition.OnBeanCondition        : Condition OnBeanCondition on org.springframework.boot.autoconfigure.web.servlet.WebMvcAutoConfiguration$WebMvcAutoConfigurationAdapter#requestContextFilter matched due to @ConditionalOnMissingBean (types: org.springframework.web.context.request.RequestContextListener,org.springframework.web.filter.RequestContextFilter; SearchStrategy: all) did not find any beans
2024-04-10T13:26:28.720+05:30 TRACE 20084 --- [spring-boot-learn] [           main] o.s.b.f.s.DefaultListableBeanFactory     : Returning cached instance of singleton bean 'autoConfigurationReport'
2024-04-10T13:26:28.721+05:30 TRACE 20084 --- [spring-boot-learn] [           main] o.s.b.a.condition.OnBeanCondition        : Condition OnBeanCondition on org.springframework.boot.autoconfigure.web.servlet.WebMvcAutoConfiguration$WebMvcAutoConfigurationAdapter#requestContextFilter matched due to @ConditionalOnMissingBean (types: org.springframework.web.context.request.RequestContextListener,org.springframework.web.filter.RequestContextFilter; SearchStrategy: all) did not find any beans
2024-04-10T13:26:28.721+05:30 TRACE 20084 --- [spring-boot-learn] [           main] o.s.b.f.s.DefaultListableBeanFactory     : Returning cached instance of singleton bean 'autoConfigurationReport'
2024-04-10T13:26:28.721+05:30 TRACE 20084 --- [spring-boot-learn] [           main] a.ConfigurationClassBeanDefinitionReader : Registering bean definition for @Bean method org.springframework.boot.autoconfigure.web.servlet.WebMvcAutoConfiguration$WebMvcAutoConfigurationAdapter.requestContextFilter()
2024-04-10T13:26:28.722+05:30 TRACE 20084 --- [spring-boot-learn] [           main] a.ConfigurationClassBeanDefinitionReader : Registered bean definition for imported class 'org.springframework.boot.autoconfigure.web.servlet.WebMvcAutoConfiguration'
2024-04-10T13:26:28.723+05:30 TRACE 20084 --- [spring-boot-learn] [           main] o.s.b.a.condition.OnPropertyCondition    : Condition OnPropertyCondition on org.springframework.boot.autoconfigure.web.servlet.WebMvcAutoConfiguration#hiddenHttpMethodFilter did not match due to @ConditionalOnProperty (spring.mvc.hiddenmethod.filter.enabled) did not find property 'enabled'
2024-04-10T13:26:28.723+05:30 TRACE 20084 --- [spring-boot-learn] [           main] o.s.b.f.s.DefaultListableBeanFactory     : Returning cached instance of singleton bean 'autoConfigurationReport'
2024-04-10T13:26:28.723+05:30 TRACE 20084 --- [spring-boot-learn] [           main] o.s.b.a.condition.OnPropertyCondition    : Condition OnPropertyCondition on org.springframework.boot.autoconfigure.web.servlet.WebMvcAutoConfiguration#formContentFilter matched due to @ConditionalOnProperty (spring.mvc.formcontent.filter.enabled) matched
2024-04-10T13:26:28.723+05:30 TRACE 20084 --- [spring-boot-learn] [           main] o.s.b.f.s.DefaultListableBeanFactory     : Returning cached instance of singleton bean 'autoConfigurationReport'
2024-04-10T13:26:28.725+05:30 TRACE 20084 --- [spring-boot-learn] [           main] o.s.b.a.condition.OnBeanCondition        : Condition OnBeanCondition on org.springframework.boot.autoconfigure.web.servlet.WebMvcAutoConfiguration#formContentFilter matched due to @ConditionalOnMissingBean (types: org.springframework.web.filter.FormContentFilter; SearchStrategy: all) did not find any beans
2024-04-10T13:26:28.725+05:30 TRACE 20084 --- [spring-boot-learn] [           main] o.s.b.f.s.DefaultListableBeanFactory     : Returning cached instance of singleton bean 'autoConfigurationReport'
2024-04-10T13:26:28.725+05:30 TRACE 20084 --- [spring-boot-learn] [           main] a.ConfigurationClassBeanDefinitionReader : Registering bean definition for @Bean method org.springframework.boot.autoconfigure.web.servlet.WebMvcAutoConfiguration.formContentFilter()
2024-04-10T13:26:28.725+05:30 TRACE 20084 --- [spring-boot-learn] [           main] o.s.b.a.condition.OnPropertyCondition    : Condition OnPropertyCondition on org.springframework.boot.autoconfigure.aop.AopAutoConfiguration matched due to @ConditionalOnProperty (spring.aop.auto=true) matched
2024-04-10T13:26:28.725+05:30 TRACE 20084 --- [spring-boot-learn] [           main] o.s.b.f.s.DefaultListableBeanFactory     : Returning cached instance of singleton bean 'autoConfigurationReport'
2024-04-10T13:26:28.725+05:30 TRACE 20084 --- [spring-boot-learn] [           main] o.s.b.a.condition.OnClassCondition       : Condition OnClassCondition on org.springframework.boot.autoconfigure.aop.AopAutoConfiguration$ClassProxyingConfiguration matched due to @ConditionalOnMissingClass did not find unwanted class 'org.aspectj.weaver.Advice'
2024-04-10T13:26:28.725+05:30 TRACE 20084 --- [spring-boot-learn] [           main] o.s.b.f.s.DefaultListableBeanFactory     : Returning cached instance of singleton bean 'autoConfigurationReport'
2024-04-10T13:26:28.726+05:30 TRACE 20084 --- [spring-boot-learn] [           main] o.s.b.a.condition.OnPropertyCondition    : Condition OnPropertyCondition on org.springframework.boot.autoconfigure.aop.AopAutoConfiguration$ClassProxyingConfiguration matched due to @ConditionalOnProperty (spring.aop.proxy-target-class=true) matched
2024-04-10T13:26:28.726+05:30 TRACE 20084 --- [spring-boot-learn] [           main] o.s.b.f.s.DefaultListableBeanFactory     : Returning cached instance of singleton bean 'autoConfigurationReport'
2024-04-10T13:26:28.726+05:30 TRACE 20084 --- [spring-boot-learn] [           main] a.ConfigurationClassBeanDefinitionReader : Registered bean definition for imported class 'org.springframework.boot.autoconfigure.aop.AopAutoConfiguration$ClassProxyingConfiguration'
2024-04-10T13:26:28.726+05:30 TRACE 20084 --- [spring-boot-learn] [           main] a.ConfigurationClassBeanDefinitionReader : Registering bean definition for @Bean method org.springframework.boot.autoconfigure.aop.AopAutoConfiguration$ClassProxyingConfiguration.forceAutoProxyCreatorToUseClassProxying()
2024-04-10T13:26:28.726+05:30 TRACE 20084 --- [spring-boot-learn] [           main] a.ConfigurationClassBeanDefinitionReader : Registered bean definition for imported class 'org.springframework.boot.autoconfigure.aop.AopAutoConfiguration'
2024-04-10T13:26:28.726+05:30 TRACE 20084 --- [spring-boot-learn] [           main] a.ConfigurationClassBeanDefinitionReader : Registered bean definition for imported class 'org.springframework.boot.autoconfigure.availability.ApplicationAvailabilityAutoConfiguration'
2024-04-10T13:26:28.728+05:30 TRACE 20084 --- [spring-boot-learn] [           main] o.s.b.a.condition.OnBeanCondition        : Condition OnBeanCondition on org.springframework.boot.autoconfigure.availability.ApplicationAvailabilityAutoConfiguration#applicationAvailability matched due to @ConditionalOnMissingBean (types: org.springframework.boot.availability.ApplicationAvailability; SearchStrategy: all) did not find any beans
2024-04-10T13:26:28.728+05:30 TRACE 20084 --- [spring-boot-learn] [           main] o.s.b.f.s.DefaultListableBeanFactory     : Returning cached instance of singleton bean 'autoConfigurationReport'
2024-04-10T13:26:28.728+05:30 TRACE 20084 --- [spring-boot-learn] [           main] a.ConfigurationClassBeanDefinitionReader : Registering bean definition for @Bean method org.springframework.boot.autoconfigure.availability.ApplicationAvailabilityAutoConfiguration.applicationAvailability()
2024-04-10T13:26:28.729+05:30 TRACE 20084 --- [spring-boot-learn] [           main] o.s.b.a.condition.OnClassCondition       : Condition OnClassCondition on org.springframework.boot.autoconfigure.jackson.JacksonAutoConfiguration matched due to @ConditionalOnClass found required class 'com.fasterxml.jackson.databind.ObjectMapper'
2024-04-10T13:26:28.729+05:30 TRACE 20084 --- [spring-boot-learn] [           main] o.s.b.f.s.DefaultListableBeanFactory     : Returning cached instance of singleton bean 'autoConfigurationReport'
2024-04-10T13:26:28.729+05:30 TRACE 20084 --- [spring-boot-learn] [           main] o.s.b.a.condition.OnClassCondition       : Condition OnClassCondition on org.springframework.boot.autoconfigure.jackson.JacksonAutoConfiguration$Jackson2ObjectMapperBuilderCustomizerConfiguration matched due to @ConditionalOnClass found required class 'org.springframework.http.converter.json.Jackson2ObjectMapperBuilder'
2024-04-10T13:26:28.729+05:30 TRACE 20084 --- [spring-boot-learn] [           main] o.s.b.f.s.DefaultListableBeanFactory     : Returning cached instance of singleton bean 'autoConfigurationReport'
2024-04-10T13:26:28.729+05:30 TRACE 20084 --- [spring-boot-learn] [           main] a.ConfigurationClassBeanDefinitionReader : Registered bean definition for imported class 'org.springframework.boot.autoconfigure.jackson.JacksonAutoConfiguration$Jackson2ObjectMapperBuilderCustomizerConfiguration'
2024-04-10T13:26:28.729+05:30 TRACE 20084 --- [spring-boot-learn] [           main] a.ConfigurationClassBeanDefinitionReader : Registering bean definition for @Bean method org.springframework.boot.autoconfigure.jackson.JacksonAutoConfiguration$Jackson2ObjectMapperBuilderCustomizerConfiguration.standardJacksonObjectMapperBuilderCustomizer()
2024-04-10T13:26:28.730+05:30 TRACE 20084 --- [spring-boot-learn] [           main] o.s.b.a.condition.OnClassCondition       : Condition OnClassCondition on org.springframework.boot.autoconfigure.jackson.JacksonAutoConfiguration$JacksonObjectMapperBuilderConfiguration matched due to @ConditionalOnClass found required class 'org.springframework.http.converter.json.Jackson2ObjectMapperBuilder'
2024-04-10T13:26:28.730+05:30 TRACE 20084 --- [spring-boot-learn] [           main] o.s.b.f.s.DefaultListableBeanFactory     : Returning cached instance of singleton bean 'autoConfigurationReport'
2024-04-10T13:26:28.730+05:30 TRACE 20084 --- [spring-boot-learn] [           main] a.ConfigurationClassBeanDefinitionReader : Registered bean definition for imported class 'org.springframework.boot.autoconfigure.jackson.JacksonAutoConfiguration$JacksonObjectMapperBuilderConfiguration'
2024-04-10T13:26:28.731+05:30 TRACE 20084 --- [spring-boot-learn] [           main] o.s.b.a.condition.OnBeanCondition        : Condition OnBeanCondition on org.springframework.boot.autoconfigure.jackson.JacksonAutoConfiguration$JacksonObjectMapperBuilderConfiguration#jacksonObjectMapperBuilder matched due to @ConditionalOnMissingBean (types: org.springframework.http.converter.json.Jackson2ObjectMapperBuilder; SearchStrategy: all) did not find any beans
2024-04-10T13:26:28.731+05:30 TRACE 20084 --- [spring-boot-learn] [           main] o.s.b.f.s.DefaultListableBeanFactory     : Returning cached instance of singleton bean 'autoConfigurationReport'
2024-04-10T13:26:28.732+05:30 TRACE 20084 --- [spring-boot-learn] [           main] a.ConfigurationClassBeanDefinitionReader : Registering bean definition for @Bean method org.springframework.boot.autoconfigure.jackson.JacksonAutoConfiguration$JacksonObjectMapperBuilderConfiguration.jacksonObjectMapperBuilder()
2024-04-10T13:26:28.732+05:30 TRACE 20084 --- [spring-boot-learn] [           main] o.s.b.a.condition.OnClassCondition       : Condition OnClassCondition on org.springframework.boot.autoconfigure.jackson.JacksonAutoConfiguration$ParameterNamesModuleConfiguration matched due to @ConditionalOnClass found required class 'com.fasterxml.jackson.module.paramnames.ParameterNamesModule'
2024-04-10T13:26:28.732+05:30 TRACE 20084 --- [spring-boot-learn] [           main] o.s.b.f.s.DefaultListableBeanFactory     : Returning cached instance of singleton bean 'autoConfigurationReport'
2024-04-10T13:26:28.732+05:30 TRACE 20084 --- [spring-boot-learn] [           main] a.ConfigurationClassBeanDefinitionReader : Registered bean definition for imported class 'org.springframework.boot.autoconfigure.jackson.JacksonAutoConfiguration$ParameterNamesModuleConfiguration'
2024-04-10T13:26:28.733+05:30 TRACE 20084 --- [spring-boot-learn] [           main] o.s.b.a.condition.OnBeanCondition        : Condition OnBeanCondition on org.springframework.boot.autoconfigure.jackson.JacksonAutoConfiguration$ParameterNamesModuleConfiguration#parameterNamesModule matched due to @ConditionalOnMissingBean (types: com.fasterxml.jackson.module.paramnames.ParameterNamesModule; SearchStrategy: all) did not find any beans
2024-04-10T13:26:28.734+05:30 TRACE 20084 --- [spring-boot-learn] [           main] o.s.b.f.s.DefaultListableBeanFactory     : Returning cached instance of singleton bean 'autoConfigurationReport'
2024-04-10T13:26:28.734+05:30 TRACE 20084 --- [spring-boot-learn] [           main] a.ConfigurationClassBeanDefinitionReader : Registering bean definition for @Bean method org.springframework.boot.autoconfigure.jackson.JacksonAutoConfiguration$ParameterNamesModuleConfiguration.parameterNamesModule()
2024-04-10T13:26:28.734+05:30 TRACE 20084 --- [spring-boot-learn] [           main] o.s.b.a.condition.OnClassCondition       : Condition OnClassCondition on org.springframework.boot.autoconfigure.jackson.JacksonAutoConfiguration$JacksonObjectMapperConfiguration matched due to @ConditionalOnClass found required class 'org.springframework.http.converter.json.Jackson2ObjectMapperBuilder'
2024-04-10T13:26:28.734+05:30 TRACE 20084 --- [spring-boot-learn] [           main] o.s.b.f.s.DefaultListableBeanFactory     : Returning cached instance of singleton bean 'autoConfigurationReport'
2024-04-10T13:26:28.734+05:30 TRACE 20084 --- [spring-boot-learn] [           main] a.ConfigurationClassBeanDefinitionReader : Registered bean definition for imported class 'org.springframework.boot.autoconfigure.jackson.JacksonAutoConfiguration$JacksonObjectMapperConfiguration'
2024-04-10T13:26:28.735+05:30 TRACE 20084 --- [spring-boot-learn] [           main] o.s.b.a.condition.OnBeanCondition        : Condition OnBeanCondition on org.springframework.boot.autoconfigure.jackson.JacksonAutoConfiguration$JacksonObjectMapperConfiguration#jacksonObjectMapper matched due to @ConditionalOnMissingBean (types: com.fasterxml.jackson.databind.ObjectMapper; SearchStrategy: all) did not find any beans
2024-04-10T13:26:28.735+05:30 TRACE 20084 --- [spring-boot-learn] [           main] o.s.b.f.s.DefaultListableBeanFactory     : Returning cached instance of singleton bean 'autoConfigurationReport'
2024-04-10T13:26:28.735+05:30 TRACE 20084 --- [spring-boot-learn] [           main] a.ConfigurationClassBeanDefinitionReader : Registering bean definition for @Bean method org.springframework.boot.autoconfigure.jackson.JacksonAutoConfiguration$JacksonObjectMapperConfiguration.jacksonObjectMapper()
2024-04-10T13:26:28.735+05:30 TRACE 20084 --- [spring-boot-learn] [           main] a.ConfigurationClassBeanDefinitionReader : Registered bean definition for imported class 'org.springframework.boot.autoconfigure.jackson.JacksonAutoConfiguration$JacksonMixinConfiguration'
2024-04-10T13:26:28.735+05:30 TRACE 20084 --- [spring-boot-learn] [           main] a.ConfigurationClassBeanDefinitionReader : Registering bean definition for @Bean method org.springframework.boot.autoconfigure.jackson.JacksonAutoConfiguration$JacksonMixinConfiguration.jsonMixinModuleEntries()
2024-04-10T13:26:28.736+05:30 TRACE 20084 --- [spring-boot-learn] [           main] a.ConfigurationClassBeanDefinitionReader : Registering bean definition for @Bean method org.springframework.boot.autoconfigure.jackson.JacksonAutoConfiguration$JacksonMixinConfiguration.jsonMixinModule()
2024-04-10T13:26:28.736+05:30 TRACE 20084 --- [spring-boot-learn] [           main] a.ConfigurationClassBeanDefinitionReader : Registered bean definition for imported class 'org.springframework.boot.autoconfigure.jackson.JacksonAutoConfiguration'
2024-04-10T13:26:28.736+05:30 TRACE 20084 --- [spring-boot-learn] [           main] a.ConfigurationClassBeanDefinitionReader : Registering bean definition for @Bean method org.springframework.boot.autoconfigure.jackson.JacksonAutoConfiguration.jsonComponentModule()
2024-04-10T13:26:28.736+05:30 TRACE 20084 --- [spring-boot-learn] [           main] o.s.b.a.condition.OnClassCondition       : Condition OnClassCondition on org.springframework.boot.autoconfigure.cache.CacheAutoConfiguration matched due to @ConditionalOnClass found required class 'org.springframework.cache.CacheManager'
2024-04-10T13:26:28.736+05:30 TRACE 20084 --- [spring-boot-learn] [           main] o.s.b.f.s.DefaultListableBeanFactory     : Returning cached instance of singleton bean 'autoConfigurationReport'
2024-04-10T13:26:28.738+05:30 TRACE 20084 --- [spring-boot-learn] [           main] o.s.b.a.condition.OnBeanCondition        : Condition OnBeanCondition on org.springframework.boot.autoconfigure.cache.CacheAutoConfiguration did not match due to @ConditionalOnBean (types: org.springframework.cache.interceptor.CacheAspectSupport; SearchStrategy: all) did not find any beans of type org.springframework.cache.interceptor.CacheAspectSupport
2024-04-10T13:26:28.739+05:30 TRACE 20084 --- [spring-boot-learn] [           main] o.s.b.f.s.DefaultListableBeanFactory     : Returning cached instance of singleton bean 'autoConfigurationReport'
2024-04-10T13:26:28.739+05:30 TRACE 20084 --- [spring-boot-learn] [           main] a.ConfigurationClassBeanDefinitionReader : Registered bean definition for imported class 'org.springframework.boot.autoconfigure.context.ConfigurationPropertiesAutoConfiguration'
2024-04-10T13:26:28.739+05:30 TRACE 20084 --- [spring-boot-learn] [           main] a.ConfigurationClassBeanDefinitionReader : Registered bean definition for imported class 'org.springframework.boot.autoconfigure.context.LifecycleAutoConfiguration'
2024-04-10T13:26:28.739+05:30 TRACE 20084 --- [spring-boot-learn] [           main] o.s.b.a.condition.OnBeanCondition        : Condition OnBeanCondition on org.springframework.boot.autoconfigure.context.LifecycleAutoConfiguration#defaultLifecycleProcessor matched due to @ConditionalOnMissingBean (names: lifecycleProcessor; SearchStrategy: current) did not find any beans
2024-04-10T13:26:28.739+05:30 TRACE 20084 --- [spring-boot-learn] [           main] o.s.b.f.s.DefaultListableBeanFactory     : Returning cached instance of singleton bean 'autoConfigurationReport'
2024-04-10T13:26:28.739+05:30 TRACE 20084 --- [spring-boot-learn] [           main] a.ConfigurationClassBeanDefinitionReader : Registering bean definition for @Bean method org.springframework.boot.autoconfigure.context.LifecycleAutoConfiguration.lifecycleProcessor()
2024-04-10T13:26:28.740+05:30 TRACE 20084 --- [spring-boot-learn] [           main] o.s.b.a.condition.OnClassCondition       : Condition OnClassCondition on org.springframework.boot.autoconfigure.http.HttpMessageConvertersAutoConfiguration matched due to @ConditionalOnClass found required class 'org.springframework.http.converter.HttpMessageConverter'
2024-04-10T13:26:28.740+05:30 TRACE 20084 --- [spring-boot-learn] [           main] o.s.b.f.s.DefaultListableBeanFactory     : Returning cached instance of singleton bean 'autoConfigurationReport'
2024-04-10T13:26:28.740+05:30 TRACE 20084 --- [spring-boot-learn] [           main] o.s.b.a.condition.OnClassCondition       : Condition OnClassCondition on org.springframework.boot.autoconfigure.http.HttpMessageConvertersAutoConfiguration$StringHttpMessageConverterConfiguration matched due to @ConditionalOnClass found required class 'org.springframework.http.converter.StringHttpMessageConverter'
2024-04-10T13:26:28.740+05:30 TRACE 20084 --- [spring-boot-learn] [           main] o.s.b.f.s.DefaultListableBeanFactory     : Returning cached instance of singleton bean 'autoConfigurationReport'
2024-04-10T13:26:28.740+05:30 TRACE 20084 --- [spring-boot-learn] [           main] a.ConfigurationClassBeanDefinitionReader : Registered bean definition for imported class 'org.springframework.boot.autoconfigure.http.HttpMessageConvertersAutoConfiguration$StringHttpMessageConverterConfiguration'
2024-04-10T13:26:28.742+05:30 TRACE 20084 --- [spring-boot-learn] [           main] o.s.b.a.condition.OnBeanCondition        : Condition OnBeanCondition on org.springframework.boot.autoconfigure.http.HttpMessageConvertersAutoConfiguration$StringHttpMessageConverterConfiguration#stringHttpMessageConverter matched due to @ConditionalOnMissingBean (types: org.springframework.http.converter.StringHttpMessageConverter; SearchStrategy: all) did not find any beans
2024-04-10T13:26:28.742+05:30 TRACE 20084 --- [spring-boot-learn] [           main] o.s.b.f.s.DefaultListableBeanFactory     : Returning cached instance of singleton bean 'autoConfigurationReport'
2024-04-10T13:26:28.742+05:30 TRACE 20084 --- [spring-boot-learn] [           main] a.ConfigurationClassBeanDefinitionReader : Registering bean definition for @Bean method org.springframework.boot.autoconfigure.http.HttpMessageConvertersAutoConfiguration$StringHttpMessageConverterConfiguration.stringHttpMessageConverter()
2024-04-10T13:26:28.742+05:30 TRACE 20084 --- [spring-boot-learn] [           main] o.s.b.a.condition.OnClassCondition       : Condition OnClassCondition on org.springframework.boot.autoconfigure.http.JacksonHttpMessageConvertersConfiguration$MappingJackson2HttpMessageConverterConfiguration matched due to @ConditionalOnClass found required class 'com.fasterxml.jackson.databind.ObjectMapper'
2024-04-10T13:26:28.742+05:30 TRACE 20084 --- [spring-boot-learn] [           main] o.s.b.f.s.DefaultListableBeanFactory     : Returning cached instance of singleton bean 'autoConfigurationReport'
2024-04-10T13:26:28.742+05:30 TRACE 20084 --- [spring-boot-learn] [           main] o.s.b.a.condition.OnPropertyCondition    : Condition OnPropertyCondition on org.springframework.boot.autoconfigure.http.JacksonHttpMessageConvertersConfiguration$MappingJackson2HttpMessageConverterConfiguration matched due to @ConditionalOnProperty (spring.mvc.converters.preferred-json-mapper=jackson) matched
2024-04-10T13:26:28.742+05:30 TRACE 20084 --- [spring-boot-learn] [           main] o.s.b.f.s.DefaultListableBeanFactory     : Returning cached instance of singleton bean 'autoConfigurationReport'
2024-04-10T13:26:28.743+05:30 TRACE 20084 --- [spring-boot-learn] [           main] o.s.b.a.condition.OnBeanCondition        : Condition OnBeanCondition on org.springframework.boot.autoconfigure.http.JacksonHttpMessageConvertersConfiguration$MappingJackson2HttpMessageConverterConfiguration matched due to @ConditionalOnBean (types: com.fasterxml.jackson.databind.ObjectMapper; SearchStrategy: all) found bean 'jacksonObjectMapper'
2024-04-10T13:26:28.743+05:30 TRACE 20084 --- [spring-boot-learn] [           main] o.s.b.f.s.DefaultListableBeanFactory     : Returning cached instance of singleton bean 'autoConfigurationReport'
2024-04-10T13:26:28.743+05:30 TRACE 20084 --- [spring-boot-learn] [           main] a.ConfigurationClassBeanDefinitionReader : Registered bean definition for imported class 'org.springframework.boot.autoconfigure.http.JacksonHttpMessageConvertersConfiguration$MappingJackson2HttpMessageConverterConfiguration'
2024-04-10T13:26:28.743+05:30 TRACE 20084 --- [spring-boot-learn] [           main] o.s.b.a.condition.OnBeanCondition        : Condition OnBeanCondition on org.springframework.boot.autoconfigure.http.JacksonHttpMessageConvertersConfiguration$MappingJackson2HttpMessageConverterConfiguration#mappingJackson2HttpMessageConverter matched due to @ConditionalOnMissingBean (types: org.springframework.http.converter.json.MappingJackson2HttpMessageConverter ignored: org.springframework.hateoas.server.mvc.TypeConstrainedMappingJackson2HttpMessageConverter,org.springframework.data.rest.webmvc.alps.AlpsJsonHttpMessageConverter; SearchStrategy: all) did not find any beans
2024-04-10T13:26:28.743+05:30 TRACE 20084 --- [spring-boot-learn] [           main] o.s.b.f.s.DefaultListableBeanFactory     : Returning cached instance of singleton bean 'autoConfigurationReport'
2024-04-10T13:26:28.744+05:30 TRACE 20084 --- [spring-boot-learn] [           main] a.ConfigurationClassBeanDefinitionReader : Registering bean definition for @Bean method org.springframework.boot.autoconfigure.http.JacksonHttpMessageConvertersConfiguration$MappingJackson2HttpMessageConverterConfiguration.mappingJackson2HttpMessageConverter()
2024-04-10T13:26:28.744+05:30 TRACE 20084 --- [spring-boot-learn] [           main] a.ConfigurationClassBeanDefinitionReader : Registered bean definition for imported class 'org.springframework.boot.autoconfigure.http.JacksonHttpMessageConvertersConfiguration'
2024-04-10T13:26:28.744+05:30 TRACE 20084 --- [spring-boot-learn] [           main] a.ConfigurationClassBeanDefinitionReader : Registered bean definition for imported class 'org.springframework.boot.autoconfigure.http.HttpMessageConvertersAutoConfiguration'
2024-04-10T13:26:28.746+05:30 TRACE 20084 --- [spring-boot-learn] [           main] o.s.b.a.condition.OnBeanCondition        : Condition OnBeanCondition on org.springframework.boot.autoconfigure.http.HttpMessageConvertersAutoConfiguration#messageConverters matched due to @ConditionalOnMissingBean (types: org.springframework.boot.autoconfigure.http.HttpMessageConverters; SearchStrategy: all) did not find any beans
2024-04-10T13:26:28.746+05:30 TRACE 20084 --- [spring-boot-learn] [           main] o.s.b.f.s.DefaultListableBeanFactory     : Returning cached instance of singleton bean 'autoConfigurationReport'
2024-04-10T13:26:28.746+05:30 TRACE 20084 --- [spring-boot-learn] [           main] a.ConfigurationClassBeanDefinitionReader : Registering bean definition for @Bean method org.springframework.boot.autoconfigure.http.HttpMessageConvertersAutoConfiguration.messageConverters()
2024-04-10T13:26:28.746+05:30 TRACE 20084 --- [spring-boot-learn] [           main] a.ConfigurationClassBeanDefinitionReader : Registered bean definition for imported class 'org.springframework.boot.autoconfigure.info.ProjectInfoAutoConfiguration'
2024-04-10T13:26:28.747+05:30 TRACE 20084 --- [spring-boot-learn] [           main] figuration$GitResourceAvailableCondition : Condition ProjectInfoAutoConfiguration.GitResourceAvailableCondition on org.springframework.boot.autoconfigure.info.ProjectInfoAutoConfiguration#gitProperties did not match due to GitResource did not find git info at classpath:git.properties
2024-04-10T13:26:28.747+05:30 TRACE 20084 --- [spring-boot-learn] [           main] o.s.b.f.s.DefaultListableBeanFactory     : Returning cached instance of singleton bean 'autoConfigurationReport'
2024-04-10T13:26:28.747+05:30 TRACE 20084 --- [spring-boot-learn] [           main] ySourcesPropertyResolver$DefaultResolver : Searching for key 'spring.info.build.location:classpath:META-INF/build-info.properties' in PropertySource 'configurationProperties'
2024-04-10T13:26:28.747+05:30 TRACE 20084 --- [spring-boot-learn] [           main] ySourcesPropertyResolver$DefaultResolver : Searching for key 'spring.info.build.location:classpath:META-INF/build-info.properties' in PropertySource 'test'
2024-04-10T13:26:28.747+05:30 TRACE 20084 --- [spring-boot-learn] [           main] ySourcesPropertyResolver$DefaultResolver : Searching for key 'spring.info.build.location:classpath:META-INF/build-info.properties' in PropertySource 'Inlined Test Properties'
2024-04-10T13:26:28.747+05:30 TRACE 20084 --- [spring-boot-learn] [           main] ySourcesPropertyResolver$DefaultResolver : Searching for key 'spring.info.build.location:classpath:META-INF/build-info.properties' in PropertySource 'servletConfigInitParams'
2024-04-10T13:26:28.747+05:30 TRACE 20084 --- [spring-boot-learn] [           main] ySourcesPropertyResolver$DefaultResolver : Searching for key 'spring.info.build.location:classpath:META-INF/build-info.properties' in PropertySource 'servletContextInitParams'
2024-04-10T13:26:28.747+05:30 TRACE 20084 --- [spring-boot-learn] [           main] ySourcesPropertyResolver$DefaultResolver : Searching for key 'spring.info.build.location:classpath:META-INF/build-info.properties' in PropertySource 'systemProperties'
2024-04-10T13:26:28.747+05:30 TRACE 20084 --- [spring-boot-learn] [           main] ySourcesPropertyResolver$DefaultResolver : Searching for key 'spring.info.build.location:classpath:META-INF/build-info.properties' in PropertySource 'systemEnvironment'
2024-04-10T13:26:28.747+05:30 TRACE 20084 --- [spring-boot-learn] [           main] ySourcesPropertyResolver$DefaultResolver : Searching for key 'spring.info.build.location:classpath:META-INF/build-info.properties' in PropertySource 'random'
2024-04-10T13:26:28.747+05:30 TRACE 20084 --- [spring-boot-learn] [           main] ySourcesPropertyResolver$DefaultResolver : Searching for key 'spring.info.build.location:classpath:META-INF/build-info.properties' in PropertySource 'Config resource 'class path resource [application-dev.properties]' via location 'optional:classpath:/''
2024-04-10T13:26:28.747+05:30 TRACE 20084 --- [spring-boot-learn] [           main] ySourcesPropertyResolver$DefaultResolver : Searching for key 'spring.info.build.location:classpath:META-INF/build-info.properties' in PropertySource 'Config resource 'class path resource [application.properties]' via location 'optional:classpath:/''
2024-04-10T13:26:28.748+05:30 TRACE 20084 --- [spring-boot-learn] [           main] ySourcesPropertyResolver$DefaultResolver : Could not find key 'spring.info.build.location:classpath:META-INF/build-info.properties' in any property source
2024-04-10T13:26:28.748+05:30 TRACE 20084 --- [spring-boot-learn] [           main] o.s.util.PropertyPlaceholderHelper       : Resolved placeholder 'spring.info.build.location:classpath:META-INF/build-info.properties'
2024-04-10T13:26:28.748+05:30 TRACE 20084 --- [spring-boot-learn] [           main] o.s.b.a.condition.OnResourceCondition    : Condition OnResourceCondition on org.springframework.boot.autoconfigure.info.ProjectInfoAutoConfiguration#buildProperties did not match due to @ConditionalOnResource did not find resource '${spring.info.build.location:classpath:META-INF/build-info.properties}'
2024-04-10T13:26:28.748+05:30 TRACE 20084 --- [spring-boot-learn] [           main] o.s.b.f.s.DefaultListableBeanFactory     : Returning cached instance of singleton bean 'autoConfigurationReport'
2024-04-10T13:26:28.749+05:30 TRACE 20084 --- [spring-boot-learn] [           main] o.s.b.a.condition.OnPropertyCondition    : Condition OnPropertyCondition on org.springframework.boot.autoconfigure.sql.init.SqlInitializationAutoConfiguration matched due to @ConditionalOnProperty (spring.sql.init.enabled) matched
2024-04-10T13:26:28.749+05:30 TRACE 20084 --- [spring-boot-learn] [           main] o.s.b.f.s.DefaultListableBeanFactory     : Returning cached instance of singleton bean 'autoConfigurationReport'
2024-04-10T13:26:28.750+05:30 TRACE 20084 --- [spring-boot-learn] [           main] a.ConfigurationClassBeanDefinitionReader : Registered bean definition for imported class 'org.springframework.boot.autoconfigure.sql.init.SqlInitializationAutoConfiguration'
2024-04-10T13:26:28.751+05:30 TRACE 20084 --- [spring-boot-learn] [           main] o.s.b.a.condition.OnClassCondition       : Condition OnClassCondition on org.springframework.boot.autoconfigure.task.TaskSchedulingAutoConfiguration matched due to @ConditionalOnClass found required class 'org.springframework.scheduling.concurrent.ThreadPoolTaskScheduler'
2024-04-10T13:26:28.752+05:30 TRACE 20084 --- [spring-boot-learn] [           main] o.s.b.f.s.DefaultListableBeanFactory     : Returning cached instance of singleton bean 'autoConfigurationReport'
2024-04-10T13:26:28.752+05:30 TRACE 20084 --- [spring-boot-learn] [           main] a.ConfigurationClassBeanDefinitionReader : Registered bean definition for imported class 'org.springframework.boot.autoconfigure.task.TaskSchedulingConfigurations$ThreadPoolTaskSchedulerBuilderConfiguration'
2024-04-10T13:26:28.755+05:30 TRACE 20084 --- [spring-boot-learn] [           main] o.s.b.a.condition.OnBeanCondition        : Condition OnBeanCondition on org.springframework.boot.autoconfigure.task.TaskSchedulingConfigurations$ThreadPoolTaskSchedulerBuilderConfiguration#threadPoolTaskSchedulerBuilder matched due to @ConditionalOnMissingBean (types: org.springframework.boot.task.TaskSchedulerBuilder,org.springframework.boot.task.ThreadPoolTaskSchedulerBuilder; SearchStrategy: all) did not find any beans
2024-04-10T13:26:28.755+05:30 TRACE 20084 --- [spring-boot-learn] [           main] o.s.b.f.s.DefaultListableBeanFactory     : Returning cached instance of singleton bean 'autoConfigurationReport'
2024-04-10T13:26:28.755+05:30 TRACE 20084 --- [spring-boot-learn] [           main] a.ConfigurationClassBeanDefinitionReader : Registering bean definition for @Bean method org.springframework.boot.autoconfigure.task.TaskSchedulingConfigurations$ThreadPoolTaskSchedulerBuilderConfiguration.threadPoolTaskSchedulerBuilder()
2024-04-10T13:26:28.756+05:30 TRACE 20084 --- [spring-boot-learn] [           main] a.ConfigurationClassBeanDefinitionReader : Registered bean definition for imported class 'org.springframework.boot.autoconfigure.task.TaskSchedulingConfigurations$TaskSchedulerBuilderConfiguration'
2024-04-10T13:26:28.757+05:30 TRACE 20084 --- [spring-boot-learn] [           main] o.s.b.a.condition.OnBeanCondition        : Condition OnBeanCondition on org.springframework.boot.autoconfigure.task.TaskSchedulingConfigurations$TaskSchedulerBuilderConfiguration#taskSchedulerBuilder matched due to @ConditionalOnMissingBean (types: org.springframework.boot.task.TaskSchedulerBuilder; SearchStrategy: all) did not find any beans
2024-04-10T13:26:28.757+05:30 TRACE 20084 --- [spring-boot-learn] [           main] o.s.b.f.s.DefaultListableBeanFactory     : Returning cached instance of singleton bean 'autoConfigurationReport'
2024-04-10T13:26:28.757+05:30 TRACE 20084 --- [spring-boot-learn] [           main] a.ConfigurationClassBeanDefinitionReader : Registering bean definition for @Bean method org.springframework.boot.autoconfigure.task.TaskSchedulingConfigurations$TaskSchedulerBuilderConfiguration.taskSchedulerBuilder()
2024-04-10T13:26:28.757+05:30 TRACE 20084 --- [spring-boot-learn] [           main] a.ConfigurationClassBeanDefinitionReader : Registered bean definition for imported class 'org.springframework.boot.autoconfigure.task.TaskSchedulingConfigurations$SimpleAsyncTaskSchedulerBuilderConfiguration'
2024-04-10T13:26:28.759+05:30 TRACE 20084 --- [spring-boot-learn] [           main] o.s.b.a.condition.OnBeanCondition        : Condition OnBeanCondition on org.springframework.boot.autoconfigure.task.TaskSchedulingConfigurations$SimpleAsyncTaskSchedulerBuilderConfiguration#simpleAsyncTaskSchedulerBuilder matched due to @ConditionalOnMissingBean (types: org.springframework.boot.task.SimpleAsyncTaskSchedulerBuilder; SearchStrategy: all) did not find any beans
2024-04-10T13:26:28.759+05:30 TRACE 20084 --- [spring-boot-learn] [           main] o.s.b.f.s.DefaultListableBeanFactory     : Returning cached instance of singleton bean 'autoConfigurationReport'
2024-04-10T13:26:28.759+05:30 TRACE 20084 --- [spring-boot-learn] [           main] o.s.b.a.condition.OnThreadingCondition   : Condition OnThreadingCondition on org.springframework.boot.autoconfigure.task.TaskSchedulingConfigurations$SimpleAsyncTaskSchedulerBuilderConfiguration#simpleAsyncTaskSchedulerBuilder matched due to @ConditionalOnThreading found PLATFORM
2024-04-10T13:26:28.759+05:30 TRACE 20084 --- [spring-boot-learn] [           main] o.s.b.f.s.DefaultListableBeanFactory     : Returning cached instance of singleton bean 'autoConfigurationReport'
2024-04-10T13:26:28.759+05:30 TRACE 20084 --- [spring-boot-learn] [           main] a.ConfigurationClassBeanDefinitionReader : Registering bean definition for @Bean method org.springframework.boot.autoconfigure.task.TaskSchedulingConfigurations$SimpleAsyncTaskSchedulerBuilderConfiguration.simpleAsyncTaskSchedulerBuilder()
2024-04-10T13:26:28.760+05:30 TRACE 20084 --- [spring-boot-learn] [           main] o.s.b.a.condition.OnBeanCondition        : Condition OnBeanCondition on org.springframework.boot.autoconfigure.task.TaskSchedulingConfigurations$SimpleAsyncTaskSchedulerBuilderConfiguration#simpleAsyncTaskSchedulerBuilderVirtualThreads did not match due to @ConditionalOnMissingBean (types: org.springframework.boot.task.SimpleAsyncTaskSchedulerBuilder; SearchStrategy: all) found beans of type 'org.springframework.boot.task.SimpleAsyncTaskSchedulerBuilder' simpleAsyncTaskSchedulerBuilder
2024-04-10T13:26:28.761+05:30 TRACE 20084 --- [spring-boot-learn] [           main] o.s.b.f.s.DefaultListableBeanFactory     : Returning cached instance of singleton bean 'autoConfigurationReport'
2024-04-10T13:26:28.761+05:30 TRACE 20084 --- [spring-boot-learn] [           main] o.s.b.a.condition.OnBeanCondition        : Condition OnBeanCondition on org.springframework.boot.autoconfigure.task.TaskSchedulingConfigurations$TaskSchedulerConfiguration did not match due to @ConditionalOnBean (names: org.springframework.context.annotation.internalScheduledAnnotationProcessor; SearchStrategy: all) did not find any beans named org.springframework.context.annotation.internalScheduledAnnotationProcessor
2024-04-10T13:26:28.761+05:30 TRACE 20084 --- [spring-boot-learn] [           main] o.s.b.f.s.DefaultListableBeanFactory     : Returning cached instance of singleton bean 'autoConfigurationReport'
2024-04-10T13:26:28.761+05:30 TRACE 20084 --- [spring-boot-learn] [           main] a.ConfigurationClassBeanDefinitionReader : Registered bean definition for imported class 'org.springframework.boot.autoconfigure.task.TaskSchedulingAutoConfiguration'
2024-04-10T13:26:28.762+05:30 TRACE 20084 --- [spring-boot-learn] [           main] o.s.b.a.condition.OnBeanCondition        : Condition OnBeanCondition on org.springframework.boot.autoconfigure.task.TaskSchedulingAutoConfiguration#scheduledBeanLazyInitializationExcludeFilter did not match due to @ConditionalOnBean (names: org.springframework.context.annotation.internalScheduledAnnotationProcessor; SearchStrategy: all) did not find any beans named org.springframework.context.annotation.internalScheduledAnnotationProcessor
2024-04-10T13:26:28.762+05:30 TRACE 20084 --- [spring-boot-learn] [           main] o.s.b.f.s.DefaultListableBeanFactory     : Returning cached instance of singleton bean 'autoConfigurationReport'
2024-04-10T13:26:28.764+05:30 TRACE 20084 --- [spring-boot-learn] [           main] o.s.b.a.condition.OnClassCondition       : Condition OnClassCondition on org.springframework.boot.autoconfigure.web.client.RestClientAutoConfiguration matched due to @ConditionalOnClass found required class 'org.springframework.web.client.RestClient'
2024-04-10T13:26:28.764+05:30 TRACE 20084 --- [spring-boot-learn] [           main] o.s.b.f.s.DefaultListableBeanFactory     : Returning cached instance of singleton bean 'autoConfigurationReport'
2024-04-10T13:26:28.764+05:30 TRACE 20084 --- [spring-boot-learn] [           main] a.ConfigurationClassBeanDefinitionReader : Registered bean definition for imported class 'org.springframework.boot.autoconfigure.web.client.RestClientAutoConfiguration'
2024-04-10T13:26:28.766+05:30 TRACE 20084 --- [spring-boot-learn] [           main] o.s.b.a.condition.OnBeanCondition        : Condition OnBeanCondition on org.springframework.boot.autoconfigure.web.client.RestClientAutoConfiguration#httpMessageConvertersRestClientCustomizer matched due to @ConditionalOnMissingBean (types: org.springframework.boot.autoconfigure.web.client.HttpMessageConvertersRestClientCustomizer; SearchStrategy: all) did not find any beans
2024-04-10T13:26:28.766+05:30 TRACE 20084 --- [spring-boot-learn] [           main] o.s.b.f.s.DefaultListableBeanFactory     : Returning cached instance of singleton bean 'autoConfigurationReport'
2024-04-10T13:26:28.766+05:30 TRACE 20084 --- [spring-boot-learn] [           main] a.ConfigurationClassBeanDefinitionReader : Registering bean definition for @Bean method org.springframework.boot.autoconfigure.web.client.RestClientAutoConfiguration.httpMessageConvertersRestClientCustomizer()
2024-04-10T13:26:28.768+05:30 TRACE 20084 --- [spring-boot-learn] [           main] o.s.b.a.condition.OnBeanCondition        : Condition OnBeanCondition on org.springframework.boot.autoconfigure.web.client.RestClientAutoConfiguration#restClientSsl matched due to @ConditionalOnBean (types: org.springframework.boot.ssl.SslBundles; SearchStrategy: all) found bean 'sslBundleRegistry'; @ConditionalOnMissingBean (types: org.springframework.boot.autoconfigure.web.client.RestClientSsl; SearchStrategy: all) did not find any beans
2024-04-10T13:26:28.768+05:30 TRACE 20084 --- [spring-boot-learn] [           main] o.s.b.f.s.DefaultListableBeanFactory     : Returning cached instance of singleton bean 'autoConfigurationReport'
2024-04-10T13:26:28.769+05:30 TRACE 20084 --- [spring-boot-learn] [           main] o.s.b.a.condition.OnBeanCondition        : Condition OnBeanCondition on org.springframework.boot.autoconfigure.web.client.RestClientAutoConfiguration#restClientSsl matched due to @ConditionalOnBean (types: org.springframework.boot.ssl.SslBundles; SearchStrategy: all) found bean 'sslBundleRegistry'; @ConditionalOnMissingBean (types: org.springframework.boot.autoconfigure.web.client.RestClientSsl; SearchStrategy: all) did not find any beans
2024-04-10T13:26:28.769+05:30 TRACE 20084 --- [spring-boot-learn] [           main] o.s.b.f.s.DefaultListableBeanFactory     : Returning cached instance of singleton bean 'autoConfigurationReport'
2024-04-10T13:26:28.769+05:30 TRACE 20084 --- [spring-boot-learn] [           main] a.ConfigurationClassBeanDefinitionReader : Registering bean definition for @Bean method org.springframework.boot.autoconfigure.web.client.RestClientAutoConfiguration.restClientSsl()
2024-04-10T13:26:28.770+05:30 TRACE 20084 --- [spring-boot-learn] [           main] o.s.b.a.condition.OnBeanCondition        : Condition OnBeanCondition on org.springframework.boot.autoconfigure.web.client.RestClientAutoConfiguration#restClientBuilderConfigurer matched due to @ConditionalOnMissingBean (types: org.springframework.boot.autoconfigure.web.client.RestClientBuilderConfigurer; SearchStrategy: all) did not find any beans
2024-04-10T13:26:28.770+05:30 TRACE 20084 --- [spring-boot-learn] [           main] o.s.b.f.s.DefaultListableBeanFactory     : Returning cached instance of singleton bean 'autoConfigurationReport'
2024-04-10T13:26:28.770+05:30 TRACE 20084 --- [spring-boot-learn] [           main] a.ConfigurationClassBeanDefinitionReader : Registering bean definition for @Bean method org.springframework.boot.autoconfigure.web.client.RestClientAutoConfiguration.restClientBuilderConfigurer()
2024-04-10T13:26:28.770+05:30 TRACE 20084 --- [spring-boot-learn] [           main] o.s.b.a.condition.OnBeanCondition        : Condition OnBeanCondition on org.springframework.boot.autoconfigure.web.client.RestClientAutoConfiguration#restClientBuilder matched due to @ConditionalOnMissingBean (types: org.springframework.web.client.RestClient$Builder; SearchStrategy: all) did not find any beans
2024-04-10T13:26:28.770+05:30 TRACE 20084 --- [spring-boot-learn] [           main] o.s.b.f.s.DefaultListableBeanFactory     : Returning cached instance of singleton bean 'autoConfigurationReport'
2024-04-10T13:26:28.770+05:30 TRACE 20084 --- [spring-boot-learn] [           main] a.ConfigurationClassBeanDefinitionReader : Registering bean definition for @Bean method org.springframework.boot.autoconfigure.web.client.RestClientAutoConfiguration.restClientBuilder()
2024-04-10T13:26:28.771+05:30 TRACE 20084 --- [spring-boot-learn] [           main] o.s.b.a.condition.OnClassCondition       : Condition OnClassCondition on org.springframework.boot.autoconfigure.web.client.RestTemplateAutoConfiguration matched due to @ConditionalOnClass found required class 'org.springframework.web.client.RestTemplate'
2024-04-10T13:26:28.771+05:30 TRACE 20084 --- [spring-boot-learn] [           main] o.s.b.f.s.DefaultListableBeanFactory     : Returning cached instance of singleton bean 'autoConfigurationReport'
2024-04-10T13:26:28.771+05:30 TRACE 20084 --- [spring-boot-learn] [           main] a.ConfigurationClassBeanDefinitionReader : Registered bean definition for imported class 'org.springframework.boot.autoconfigure.web.client.RestTemplateAutoConfiguration'
2024-04-10T13:26:28.771+05:30 TRACE 20084 --- [spring-boot-learn] [           main] a.ConfigurationClassBeanDefinitionReader : Registering bean definition for @Bean method org.springframework.boot.autoconfigure.web.client.RestTemplateAutoConfiguration.restTemplateBuilderConfigurer()
2024-04-10T13:26:28.772+05:30 TRACE 20084 --- [spring-boot-learn] [           main] o.s.b.a.condition.OnBeanCondition        : Condition OnBeanCondition on org.springframework.boot.autoconfigure.web.client.RestTemplateAutoConfiguration#restTemplateBuilder matched due to @ConditionalOnMissingBean (types: org.springframework.boot.web.client.RestTemplateBuilder; SearchStrategy: all) did not find any beans
2024-04-10T13:26:28.773+05:30 TRACE 20084 --- [spring-boot-learn] [           main] o.s.b.f.s.DefaultListableBeanFactory     : Returning cached instance of singleton bean 'autoConfigurationReport'
2024-04-10T13:26:28.773+05:30 TRACE 20084 --- [spring-boot-learn] [           main] a.ConfigurationClassBeanDefinitionReader : Registering bean definition for @Bean method org.springframework.boot.autoconfigure.web.client.RestTemplateAutoConfiguration.restTemplateBuilder()
2024-04-10T13:26:28.773+05:30 TRACE 20084 --- [spring-boot-learn] [           main] o.s.b.a.condition.OnClassCondition       : Condition OnClassCondition on org.springframework.boot.autoconfigure.web.servlet.HttpEncodingAutoConfiguration matched due to @ConditionalOnClass found required class 'org.springframework.web.filter.CharacterEncodingFilter'
2024-04-10T13:26:28.773+05:30 TRACE 20084 --- [spring-boot-learn] [           main] o.s.b.f.s.DefaultListableBeanFactory     : Returning cached instance of singleton bean 'autoConfigurationReport'
2024-04-10T13:26:28.773+05:30 TRACE 20084 --- [spring-boot-learn] [           main] o.s.b.a.c.OnWebApplicationCondition      : Condition OnWebApplicationCondition on org.springframework.boot.autoconfigure.web.servlet.HttpEncodingAutoConfiguration matched due to found 'session' scope
2024-04-10T13:26:28.773+05:30 TRACE 20084 --- [spring-boot-learn] [           main] o.s.b.f.s.DefaultListableBeanFactory     : Returning cached instance of singleton bean 'autoConfigurationReport'
2024-04-10T13:26:28.773+05:30 TRACE 20084 --- [spring-boot-learn] [           main] o.s.b.a.condition.OnPropertyCondition    : Condition OnPropertyCondition on org.springframework.boot.autoconfigure.web.servlet.HttpEncodingAutoConfiguration matched due to @ConditionalOnProperty (server.servlet.encoding.enabled) matched
2024-04-10T13:26:28.773+05:30 TRACE 20084 --- [spring-boot-learn] [           main] o.s.b.f.s.DefaultListableBeanFactory     : Returning cached instance of singleton bean 'autoConfigurationReport'
2024-04-10T13:26:28.774+05:30 TRACE 20084 --- [spring-boot-learn] [           main] a.ConfigurationClassBeanDefinitionReader : Registered bean definition for imported class 'org.springframework.boot.autoconfigure.web.servlet.HttpEncodingAutoConfiguration'
2024-04-10T13:26:28.775+05:30 TRACE 20084 --- [spring-boot-learn] [           main] o.s.b.a.condition.OnBeanCondition        : Condition OnBeanCondition on org.springframework.boot.autoconfigure.web.servlet.HttpEncodingAutoConfiguration#characterEncodingFilter matched due to @ConditionalOnMissingBean (types: org.springframework.web.filter.CharacterEncodingFilter; SearchStrategy: all) did not find any beans
2024-04-10T13:26:28.775+05:30 TRACE 20084 --- [spring-boot-learn] [           main] o.s.b.f.s.DefaultListableBeanFactory     : Returning cached instance of singleton bean 'autoConfigurationReport'
2024-04-10T13:26:28.775+05:30 TRACE 20084 --- [spring-boot-learn] [           main] a.ConfigurationClassBeanDefinitionReader : Registering bean definition for @Bean method org.springframework.boot.autoconfigure.web.servlet.HttpEncodingAutoConfiguration.characterEncodingFilter()
2024-04-10T13:26:28.775+05:30 TRACE 20084 --- [spring-boot-learn] [           main] a.ConfigurationClassBeanDefinitionReader : Registering bean definition for @Bean method org.springframework.boot.autoconfigure.web.servlet.HttpEncodingAutoConfiguration.localeCharsetMappingsCustomizer()
2024-04-10T13:26:28.776+05:30 TRACE 20084 --- [spring-boot-learn] [           main] o.s.b.a.condition.OnClassCondition       : Condition OnClassCondition on org.springframework.boot.autoconfigure.web.servlet.MultipartAutoConfiguration matched due to @ConditionalOnClass found required classes 'jakarta.servlet.Servlet', 'org.springframework.web.multipart.support.StandardServletMultipartResolver', 'jakarta.servlet.MultipartConfigElement'
2024-04-10T13:26:28.776+05:30 TRACE 20084 --- [spring-boot-learn] [           main] o.s.b.f.s.DefaultListableBeanFactory     : Returning cached instance of singleton bean 'autoConfigurationReport'
2024-04-10T13:26:28.776+05:30 TRACE 20084 --- [spring-boot-learn] [           main] o.s.b.a.c.OnWebApplicationCondition      : Condition OnWebApplicationCondition on org.springframework.boot.autoconfigure.web.servlet.MultipartAutoConfiguration matched due to found 'session' scope
2024-04-10T13:26:28.776+05:30 TRACE 20084 --- [spring-boot-learn] [           main] o.s.b.f.s.DefaultListableBeanFactory     : Returning cached instance of singleton bean 'autoConfigurationReport'
2024-04-10T13:26:28.776+05:30 TRACE 20084 --- [spring-boot-learn] [           main] o.s.b.a.condition.OnPropertyCondition    : Condition OnPropertyCondition on org.springframework.boot.autoconfigure.web.servlet.MultipartAutoConfiguration matched due to @ConditionalOnProperty (spring.servlet.multipart.enabled) matched
2024-04-10T13:26:28.776+05:30 TRACE 20084 --- [spring-boot-learn] [           main] o.s.b.f.s.DefaultListableBeanFactory     : Returning cached instance of singleton bean 'autoConfigurationReport'
2024-04-10T13:26:28.776+05:30 TRACE 20084 --- [spring-boot-learn] [           main] a.ConfigurationClassBeanDefinitionReader : Registered bean definition for imported class 'org.springframework.boot.autoconfigure.web.servlet.MultipartAutoConfiguration'
2024-04-10T13:26:28.778+05:30 TRACE 20084 --- [spring-boot-learn] [           main] o.s.b.a.condition.OnBeanCondition        : Condition OnBeanCondition on org.springframework.boot.autoconfigure.web.servlet.MultipartAutoConfiguration#multipartConfigElement matched due to @ConditionalOnMissingBean (types: jakarta.servlet.MultipartConfigElement; SearchStrategy: all) did not find any beans
2024-04-10T13:26:28.778+05:30 TRACE 20084 --- [spring-boot-learn] [           main] o.s.b.f.s.DefaultListableBeanFactory     : Returning cached instance of singleton bean 'autoConfigurationReport'
2024-04-10T13:26:28.778+05:30 TRACE 20084 --- [spring-boot-learn] [           main] a.ConfigurationClassBeanDefinitionReader : Registering bean definition for @Bean method org.springframework.boot.autoconfigure.web.servlet.MultipartAutoConfiguration.multipartConfigElement()
2024-04-10T13:26:28.779+05:30 TRACE 20084 --- [spring-boot-learn] [           main] o.s.b.a.condition.OnBeanCondition        : Condition OnBeanCondition on org.springframework.boot.autoconfigure.web.servlet.MultipartAutoConfiguration#multipartResolver matched due to @ConditionalOnMissingBean (types: org.springframework.web.multipart.MultipartResolver; SearchStrategy: all) did not find any beans
2024-04-10T13:26:28.779+05:30 TRACE 20084 --- [spring-boot-learn] [           main] o.s.b.f.s.DefaultListableBeanFactory     : Returning cached instance of singleton bean 'autoConfigurationReport'
2024-04-10T13:26:28.779+05:30 TRACE 20084 --- [spring-boot-learn] [           main] a.ConfigurationClassBeanDefinitionReader : Registering bean definition for @Bean method org.springframework.boot.autoconfigure.web.servlet.MultipartAutoConfiguration.multipartResolver()
2024-04-10T13:26:28.852+05:30 TRACE 20084 --- [spring-boot-learn] [           main] o.s.c.a.ConfigurationClassEnhancer       : Successfully enhanced com.spring10.springbootlearn.SpringBootLearnApplication; enhanced class name is: com.spring10.springbootlearn.SpringBootLearnApplication$$SpringCGLIB$$0
2024-04-10T13:26:28.853+05:30 TRACE 20084 --- [spring-boot-learn] [           main] o.s.c.a.ConfigurationClassPostProcessor  : Replacing bean definition 'springBootLearnApplication' existing class 'com.spring10.springbootlearn.SpringBootLearnApplication' with enhanced class 'com.spring10.springbootlearn.SpringBootLearnApplication$$SpringCGLIB$$0'
2024-04-10T13:26:28.855+05:30 DEBUG 20084 --- [spring-boot-learn] [           main] o.s.b.f.s.DefaultListableBeanFactory     : Creating shared instance of singleton bean 'propertySourcesPlaceholderConfigurer'
2024-04-10T13:26:28.855+05:30 TRACE 20084 --- [spring-boot-learn] [           main] o.s.b.f.s.DefaultListableBeanFactory     : Creating instance of bean 'propertySourcesPlaceholderConfigurer'
2024-04-10T13:26:28.858+05:30 TRACE 20084 --- [spring-boot-learn] [           main] o.s.b.f.s.DefaultListableBeanFactory     : Finished creating instance of bean 'propertySourcesPlaceholderConfigurer'
2024-04-10T13:26:28.860+05:30 DEBUG 20084 --- [spring-boot-learn] [           main] o.s.b.f.s.DefaultListableBeanFactory     : Creating shared instance of singleton bean 'org.springframework.boot.test.mock.mockito.MockitoPostProcessor'
2024-04-10T13:26:28.860+05:30 TRACE 20084 --- [spring-boot-learn] [           main] o.s.b.f.s.DefaultListableBeanFactory     : Creating instance of bean 'org.springframework.boot.test.mock.mockito.MockitoPostProcessor'
2024-04-10T13:26:28.863+05:30 TRACE 20084 --- [spring-boot-learn] [           main] o.s.b.f.s.DefaultListableBeanFactory     : Finished creating instance of bean 'org.springframework.boot.test.mock.mockito.MockitoPostProcessor'
2024-04-10T13:26:28.864+05:30 DEBUG 20084 --- [spring-boot-learn] [           main] o.s.b.f.s.DefaultListableBeanFactory     : Creating shared instance of singleton bean 'org.springframework.boot.sql.init.dependency.DatabaseInitializationDependencyConfigurer$DependsOnDatabaseInitializationPostProcessor'
2024-04-10T13:26:28.864+05:30 TRACE 20084 --- [spring-boot-learn] [           main] o.s.b.f.s.DefaultListableBeanFactory     : Creating instance of bean 'org.springframework.boot.sql.init.dependency.DatabaseInitializationDependencyConfigurer$DependsOnDatabaseInitializationPostProcessor'
2024-04-10T13:26:28.864+05:30 TRACE 20084 --- [spring-boot-learn] [           main] o.s.b.f.s.DefaultListableBeanFactory     : Finished creating instance of bean 'org.springframework.boot.sql.init.dependency.DatabaseInitializationDependencyConfigurer$DependsOnDatabaseInitializationPostProcessor'
2024-04-10T13:26:28.864+05:30 TRACE 20084 --- [spring-boot-learn] [           main] o.s.c.io.support.SpringFactoriesLoader   : Loaded [org.springframework.boot.sql.init.dependency.DatabaseInitializerDetector] names: [org.springframework.boot.flyway.FlywayDatabaseInitializerDetector, org.springframework.boot.jdbc.init.DataSourceScriptDatabaseInitializerDetector, org.springframework.boot.liquibase.LiquibaseDatabaseInitializerDetector, org.springframework.boot.orm.jpa.JpaDatabaseInitializerDetector, org.springframework.boot.r2dbc.init.R2dbcScriptDatabaseInitializerDetector, org.springframework.boot.autoconfigure.flyway.FlywayMigrationInitializerDatabaseInitializerDetector]
2024-04-10T13:26:28.882+05:30 DEBUG 20084 --- [spring-boot-learn] [           main] o.s.b.f.s.DefaultListableBeanFactory     : Creating shared instance of singleton bean 'org.springframework.context.event.internalEventListenerProcessor'
2024-04-10T13:26:28.882+05:30 TRACE 20084 --- [spring-boot-learn] [           main] o.s.b.f.s.DefaultListableBeanFactory     : Creating instance of bean 'org.springframework.context.event.internalEventListenerProcessor'
2024-04-10T13:26:28.883+05:30 TRACE 20084 --- [spring-boot-learn] [           main] o.s.b.f.s.DefaultListableBeanFactory     : Finished creating instance of bean 'org.springframework.context.event.internalEventListenerProcessor'
2024-04-10T13:26:28.883+05:30 DEBUG 20084 --- [spring-boot-learn] [           main] o.s.b.f.s.DefaultListableBeanFactory     : Creating shared instance of singleton bean 'preserveErrorControllerTargetClassPostProcessor'
2024-04-10T13:26:28.883+05:30 TRACE 20084 --- [spring-boot-learn] [           main] o.s.b.f.s.DefaultListableBeanFactory     : Creating instance of bean 'preserveErrorControllerTargetClassPostProcessor'
2024-04-10T13:26:28.883+05:30 TRACE 20084 --- [spring-boot-learn] [           main] o.s.b.f.s.DefaultListableBeanFactory     : Finished creating instance of bean 'preserveErrorControllerTargetClassPostProcessor'
2024-04-10T13:26:28.883+05:30 DEBUG 20084 --- [spring-boot-learn] [           main] o.s.b.f.s.DefaultListableBeanFactory     : Creating shared instance of singleton bean 'forceAutoProxyCreatorToUseClassProxying'
2024-04-10T13:26:28.883+05:30 TRACE 20084 --- [spring-boot-learn] [           main] o.s.b.f.s.DefaultListableBeanFactory     : Creating instance of bean 'forceAutoProxyCreatorToUseClassProxying'
2024-04-10T13:26:28.883+05:30 TRACE 20084 --- [spring-boot-learn] [           main] o.s.b.f.s.DefaultListableBeanFactory     : Finished creating instance of bean 'forceAutoProxyCreatorToUseClassProxying'
2024-04-10T13:26:28.884+05:30 DEBUG 20084 --- [spring-boot-learn] [           main] o.s.b.f.s.DefaultListableBeanFactory     : Creating shared instance of singleton bean 'org.springframework.context.event.internalEventListenerFactory'
2024-04-10T13:26:28.884+05:30 TRACE 20084 --- [spring-boot-learn] [           main] o.s.b.f.s.DefaultListableBeanFactory     : Creating instance of bean 'org.springframework.context.event.internalEventListenerFactory'
2024-04-10T13:26:28.884+05:30 TRACE 20084 --- [spring-boot-learn] [           main] o.s.b.f.s.DefaultListableBeanFactory     : Finished creating instance of bean 'org.springframework.context.event.internalEventListenerFactory'
2024-04-10T13:26:28.889+05:30 DEBUG 20084 --- [spring-boot-learn] [           main] o.s.b.f.s.DefaultListableBeanFactory     : Creating shared instance of singleton bean 'org.springframework.boot.test.mock.mockito.MockitoPostProcessor$SpyPostProcessor'
2024-04-10T13:26:28.889+05:30 TRACE 20084 --- [spring-boot-learn] [           main] o.s.b.f.s.DefaultListableBeanFactory     : Creating instance of bean 'org.springframework.boot.test.mock.mockito.MockitoPostProcessor$SpyPostProcessor'
2024-04-10T13:26:28.890+05:30 TRACE 20084 --- [spring-boot-learn] [           main] o.s.b.f.s.DefaultListableBeanFactory     : Returning cached instance of singleton bean 'org.springframework.boot.test.mock.mockito.MockitoPostProcessor'
2024-04-10T13:26:28.890+05:30 TRACE 20084 --- [spring-boot-learn] [           main] o.s.b.f.s.DefaultListableBeanFactory     : Finished creating instance of bean 'org.springframework.boot.test.mock.mockito.MockitoPostProcessor$SpyPostProcessor'
2024-04-10T13:26:28.890+05:30 DEBUG 20084 --- [spring-boot-learn] [           main] o.s.b.f.s.DefaultListableBeanFactory     : Creating shared instance of singleton bean 'org.springframework.context.annotation.internalAutowiredAnnotationProcessor'
2024-04-10T13:26:28.890+05:30 TRACE 20084 --- [spring-boot-learn] [           main] o.s.b.f.s.DefaultListableBeanFactory     : Creating instance of bean 'org.springframework.context.annotation.internalAutowiredAnnotationProcessor'
2024-04-10T13:26:28.891+05:30 TRACE 20084 --- [spring-boot-learn] [           main] o.s.b.f.s.DefaultListableBeanFactory     : Finished creating instance of bean 'org.springframework.context.annotation.internalAutowiredAnnotationProcessor'
2024-04-10T13:26:28.891+05:30 DEBUG 20084 --- [spring-boot-learn] [           main] o.s.b.f.s.DefaultListableBeanFactory     : Creating shared instance of singleton bean 'org.springframework.context.annotation.internalCommonAnnotationProcessor'
2024-04-10T13:26:28.891+05:30 TRACE 20084 --- [spring-boot-learn] [           main] o.s.b.f.s.DefaultListableBeanFactory     : Creating instance of bean 'org.springframework.context.annotation.internalCommonAnnotationProcessor'
2024-04-10T13:26:28.893+05:30 TRACE 20084 --- [spring-boot-learn] [           main] o.s.b.f.s.DefaultListableBeanFactory     : Finished creating instance of bean 'org.springframework.context.annotation.internalCommonAnnotationProcessor'
2024-04-10T13:26:28.893+05:30 DEBUG 20084 --- [spring-boot-learn] [           main] o.s.b.f.s.DefaultListableBeanFactory     : Creating shared instance of singleton bean 'org.springframework.boot.context.properties.ConfigurationPropertiesBindingPostProcessor'
2024-04-10T13:26:28.893+05:30 TRACE 20084 --- [spring-boot-learn] [           main] o.s.b.f.s.DefaultListableBeanFactory     : Creating instance of bean 'org.springframework.boot.context.properties.ConfigurationPropertiesBindingPostProcessor'
2024-04-10T13:26:28.893+05:30 TRACE 20084 --- [spring-boot-learn] [           main] o.s.b.f.s.DefaultListableBeanFactory     : Invoking afterPropertiesSet() on bean with name 'org.springframework.boot.context.properties.ConfigurationPropertiesBindingPostProcessor'
2024-04-10T13:26:28.893+05:30 DEBUG 20084 --- [spring-boot-learn] [           main] o.s.b.f.s.DefaultListableBeanFactory     : Creating shared instance of singleton bean 'org.springframework.boot.context.internalConfigurationPropertiesBinder'
2024-04-10T13:26:28.893+05:30 TRACE 20084 --- [spring-boot-learn] [           main] o.s.b.f.s.DefaultListableBeanFactory     : Creating instance of bean 'org.springframework.boot.context.internalConfigurationPropertiesBinder'
2024-04-10T13:26:28.894+05:30 TRACE 20084 --- [spring-boot-learn] [           main] o.s.b.f.s.DefaultListableBeanFactory     : Returning cached instance of singleton bean 'propertySourcesPlaceholderConfigurer'
2024-04-10T13:26:28.894+05:30 TRACE 20084 --- [spring-boot-learn] [           main] o.s.b.f.s.DefaultListableBeanFactory     : Finished creating instance of bean 'org.springframework.boot.context.internalConfigurationPropertiesBinder'
2024-04-10T13:26:28.894+05:30 TRACE 20084 --- [spring-boot-learn] [           main] o.s.b.f.s.DefaultListableBeanFactory     : Finished creating instance of bean 'org.springframework.boot.context.properties.ConfigurationPropertiesBindingPostProcessor'
2024-04-10T13:26:28.895+05:30 TRACE 20084 --- [spring-boot-learn] [           main] o.s.b.f.s.DefaultListableBeanFactory     : Returning cached instance of singleton bean 'org.springframework.boot.test.mock.mockito.MockitoPostProcessor'
2024-04-10T13:26:28.895+05:30 DEBUG 20084 --- [spring-boot-learn] [           main] o.s.b.f.s.DefaultListableBeanFactory     : Creating shared instance of singleton bean 'org.springframework.aop.config.internalAutoProxyCreator'
2024-04-10T13:26:28.895+05:30 TRACE 20084 --- [spring-boot-learn] [           main] o.s.b.f.s.DefaultListableBeanFactory     : Creating instance of bean 'org.springframework.aop.config.internalAutoProxyCreator'
2024-04-10T13:26:28.899+05:30 TRACE 20084 --- [spring-boot-learn] [           main] o.s.beans.CachedIntrospectionResults     : Getting BeanInfo for class [org.springframework.aop.framework.autoproxy.InfrastructureAdvisorAutoProxyCreator]
2024-04-10T13:26:28.899+05:30 TRACE 20084 --- [spring-boot-learn] [           main] o.s.beans.CachedIntrospectionResults     : Caching PropertyDescriptors for class [org.springframework.aop.framework.autoproxy.InfrastructureAdvisorAutoProxyCreator]
2024-04-10T13:26:28.899+05:30 TRACE 20084 --- [spring-boot-learn] [           main] o.s.beans.CachedIntrospectionResults     : Found bean property 'advisorAdapterRegistry' of type [org.springframework.aop.framework.adapter.AdvisorAdapterRegistry]
2024-04-10T13:26:28.899+05:30 TRACE 20084 --- [spring-boot-learn] [           main] o.s.beans.CachedIntrospectionResults     : Found bean property 'applyCommonInterceptorsFirst' of type [boolean]
2024-04-10T13:26:28.899+05:30 TRACE 20084 --- [spring-boot-learn] [           main] o.s.beans.CachedIntrospectionResults     : Found bean property 'beanClassLoader' of type [java.lang.ClassLoader]
2024-04-10T13:26:28.899+05:30 TRACE 20084 --- [spring-boot-learn] [           main] o.s.beans.CachedIntrospectionResults     : Found bean property 'beanFactory' of type [org.springframework.beans.factory.BeanFactory]
2024-04-10T13:26:28.899+05:30 TRACE 20084 --- [spring-boot-learn] [           main] o.s.beans.CachedIntrospectionResults     : Found bean property 'class' of type [java.lang.Class]
2024-04-10T13:26:28.899+05:30 TRACE 20084 --- [spring-boot-learn] [           main] o.s.beans.CachedIntrospectionResults     : Found bean property 'customTargetSourceCreators' of type [[Lorg.springframework.aop.framework.autoproxy.TargetSourceCreator;]
2024-04-10T13:26:28.899+05:30 TRACE 20084 --- [spring-boot-learn] [           main] o.s.beans.CachedIntrospectionResults     : Found bean property 'exposeProxy' of type [boolean]
2024-04-10T13:26:28.899+05:30 TRACE 20084 --- [spring-boot-learn] [           main] o.s.beans.CachedIntrospectionResults     : Found bean property 'frozen' of type [boolean]
2024-04-10T13:26:28.899+05:30 TRACE 20084 --- [spring-boot-learn] [           main] o.s.beans.CachedIntrospectionResults     : Found bean property 'interceptorNames' of type [[Ljava.lang.String;]
2024-04-10T13:26:28.899+05:30 TRACE 20084 --- [spring-boot-learn] [           main] o.s.beans.CachedIntrospectionResults     : Found bean property 'opaque' of type [boolean]
2024-04-10T13:26:28.899+05:30 TRACE 20084 --- [spring-boot-learn] [           main] o.s.beans.CachedIntrospectionResults     : Found bean property 'optimize' of type [boolean]
2024-04-10T13:26:28.899+05:30 TRACE 20084 --- [spring-boot-learn] [           main] o.s.beans.CachedIntrospectionResults     : Found bean property 'order' of type [int]
2024-04-10T13:26:28.900+05:30 TRACE 20084 --- [spring-boot-learn] [           main] o.s.beans.CachedIntrospectionResults     : Found bean property 'proxyClassLoader' of type [java.lang.ClassLoader]
2024-04-10T13:26:28.900+05:30 TRACE 20084 --- [spring-boot-learn] [           main] o.s.beans.CachedIntrospectionResults     : Found bean property 'proxyTargetClass' of type [boolean]
2024-04-10T13:26:28.900+05:30 TRACE 20084 --- [spring-boot-learn] [           main] o.s.b.f.s.DefaultListableBeanFactory     : Finished creating instance of bean 'org.springframework.aop.config.internalAutoProxyCreator'
2024-04-10T13:26:28.901+05:30 DEBUG 20084 --- [spring-boot-learn] [           main] o.s.b.f.s.DefaultListableBeanFactory     : Creating shared instance of singleton bean 'webServerFactoryCustomizerBeanPostProcessor'
2024-04-10T13:26:28.901+05:30 TRACE 20084 --- [spring-boot-learn] [           main] o.s.b.f.s.DefaultListableBeanFactory     : Creating instance of bean 'webServerFactoryCustomizerBeanPostProcessor'
2024-04-10T13:26:28.901+05:30 TRACE 20084 --- [spring-boot-learn] [           main] o.s.b.f.s.DefaultListableBeanFactory     : Finished creating instance of bean 'webServerFactoryCustomizerBeanPostProcessor'
2024-04-10T13:26:28.901+05:30 DEBUG 20084 --- [spring-boot-learn] [           main] o.s.b.f.s.DefaultListableBeanFactory     : Creating shared instance of singleton bean 'errorPageRegistrarBeanPostProcessor'
2024-04-10T13:26:28.901+05:30 TRACE 20084 --- [spring-boot-learn] [           main] o.s.b.f.s.DefaultListableBeanFactory     : Creating instance of bean 'errorPageRegistrarBeanPostProcessor'
2024-04-10T13:26:28.901+05:30 TRACE 20084 --- [spring-boot-learn] [           main] o.s.b.f.s.DefaultListableBeanFactory     : Finished creating instance of bean 'errorPageRegistrarBeanPostProcessor'
2024-04-10T13:26:28.901+05:30 TRACE 20084 --- [spring-boot-learn] [           main] o.s.b.f.s.DefaultListableBeanFactory     : Returning cached instance of singleton bean 'org.springframework.boot.test.autoconfigure.properties.PropertyMappingContextCustomizer$PropertyMappingCheckBeanPostProcessor'
2024-04-10T13:26:28.902+05:30 TRACE 20084 --- [spring-boot-learn] [           main] o.s.w.c.s.GenericWebApplicationContext   : No 'messageSource' bean, using [Empty MessageSource]
2024-04-10T13:26:28.902+05:30 TRACE 20084 --- [spring-boot-learn] [           main] o.s.w.c.s.GenericWebApplicationContext   : No 'applicationEventMulticaster' bean, using [SimpleApplicationEventMulticaster]
2024-04-10T13:26:28.903+05:30 DEBUG 20084 --- [spring-boot-learn] [           main] o.s.u.c.s.UiApplicationContextUtils      : Unable to locate ThemeSource with name 'themeSource': using default [org.springframework.ui.context.support.ResourceBundleThemeSource@79d06bbd]
2024-04-10T13:26:28.904+05:30 TRACE 20084 --- [spring-boot-learn] [           main] o.s.b.f.s.DefaultListableBeanFactory     : Pre-instantiating singletons in org.springframework.beans.factory.support.DefaultListableBeanFactory@5bbbdd4b: defining beans [org.springframework.boot.test.mock.mockito.MockitoPostProcessor$SpyPostProcessor,org.springframework.boot.test.mock.mockito.MockitoPostProcessor,org.springframework.context.annotation.internalConfigurationAnnotationProcessor,org.springframework.context.annotation.internalAutowiredAnnotationProcessor,org.springframework.context.annotation.internalCommonAnnotationProcessor,org.springframework.context.event.internalEventListenerProcessor,org.springframework.context.event.internalEventListenerFactory,springBootLearnApplication,org.springframework.boot.autoconfigure.internalCachingMetadataReaderFactory,courseController,currencyConfigurationController,currencyServiceConfiguration,org.springframework.boot.autoconfigure.AutoConfigurationPackages,org.springframework.boot.autoconfigure.context.PropertyPlaceholderAutoConfiguration,propertySourcesPlaceholderConfigurer,org.springframework.boot.autoconfigure.ssl.SslAutoConfiguration,fileWatcher,sslPropertiesSslBundleRegistrar,sslBundleRegistry,org.springframework.boot.context.properties.ConfigurationPropertiesBindingPostProcessor,org.springframework.boot.context.internalConfigurationPropertiesBinder,org.springframework.boot.context.properties.BoundConfigurationProperties,org.springframework.boot.context.properties.EnableConfigurationPropertiesRegistrar.methodValidationExcludeFilter,spring.ssl-org.springframework.boot.autoconfigure.ssl.SslProperties,org.springframework.boot.autoconfigure.websocket.servlet.WebSocketServletAutoConfiguration$TomcatWebSocketConfiguration,websocketServletWebServerCustomizer,org.springframework.boot.autoconfigure.websocket.servlet.WebSocketServletAutoConfiguration,org.springframework.boot.autoconfigure.web.servlet.ServletWebServerFactoryConfiguration$EmbeddedTomcat,tomcatServletWebServerFactory,org.springframework.boot.autoconfigure.web.servlet.ServletWebServerFactoryAutoConfiguration,servletWebServerFactoryCustomizer,tomcatServletWebServerFactoryCustomizer,server-org.springframework.boot.autoconfigure.web.ServerProperties,webServerFactoryCustomizerBeanPostProcessor,errorPageRegistrarBeanPostProcessor,org.springframework.boot.autoconfigure.web.servlet.DispatcherServletAutoConfiguration$DispatcherServletConfiguration,dispatcherServlet,spring.mvc-org.springframework.boot.autoconfigure.web.servlet.WebMvcProperties,org.springframework.boot.autoconfigure.web.servlet.DispatcherServletAutoConfiguration$DispatcherServletRegistrationConfiguration,dispatcherServletRegistration,org.springframework.boot.autoconfigure.web.servlet.DispatcherServletAutoConfiguration,org.springframework.boot.autoconfigure.task.TaskExecutorConfigurations$ThreadPoolTaskExecutorBuilderConfiguration,threadPoolTaskExecutorBuilder,org.springframework.boot.autoconfigure.task.TaskExecutorConfigurations$TaskExecutorBuilderConfiguration,taskExecutorBuilder,org.springframework.boot.autoconfigure.task.TaskExecutorConfigurations$SimpleAsyncTaskExecutorBuilderConfiguration,simpleAsyncTaskExecutorBuilder,org.springframework.boot.autoconfigure.task.TaskExecutorConfigurations$TaskExecutorConfiguration,applicationTaskExecutor,org.springframework.boot.autoconfigure.task.TaskExecutionAutoConfiguration,spring.task.execution-org.springframework.boot.autoconfigure.task.TaskExecutionProperties,org.springframework.boot.autoconfigure.web.servlet.error.ErrorMvcAutoConfiguration$WhitelabelErrorViewConfiguration,error,beanNameViewResolver,org.springframework.boot.autoconfigure.web.servlet.error.ErrorMvcAutoConfiguration$DefaultErrorViewResolverConfiguration,conventionErrorViewResolver,spring.web-org.springframework.boot.autoconfigure.web.WebProperties,org.springframework.boot.autoconfigure.web.servlet.error.ErrorMvcAutoConfiguration,errorAttributes,basicErrorController,errorPageCustomizer,preserveErrorControllerTargetClassPostProcessor,org.springframework.boot.autoconfigure.web.servlet.WebMvcAutoConfiguration$EnableWebMvcConfiguration,welcomePageHandlerMapping,welcomePageNotAcceptableHandlerMapping,localeResolver,themeResolver,flashMapManager,mvcConversionService,mvcValidator,mvcContentNegotiationManager,requestMappingHandlerMapping,mvcPatternParser,mvcUrlPathHelper,mvcPathMatcher,viewControllerHandlerMapping,beanNameHandlerMapping,routerFunctionMapping,resourceHandlerMapping,mvcResourceUrlProvider,defaultServletHandlerMapping,requestMappingHandlerAdapter,handlerFunctionAdapter,mvcUriComponentsContributor,httpRequestHandlerAdapter,simpleControllerHandlerAdapter,handlerExceptionResolver,mvcViewResolver,mvcHandlerMappingIntrospector,viewNameTranslator,org.springframework.boot.autoconfigure.web.servlet.WebMvcAutoConfiguration$WebMvcAutoConfigurationAdapter,defaultViewResolver,viewResolver,requestContextFilter,org.springframework.boot.autoconfigure.web.servlet.WebMvcAutoConfiguration,formContentFilter,org.springframework.boot.autoconfigure.aop.AopAutoConfiguration$ClassProxyingConfiguration,forceAutoProxyCreatorToUseClassProxying,org.springframework.boot.autoconfigure.aop.AopAutoConfiguration,org.springframework.boot.autoconfigure.availability.ApplicationAvailabilityAutoConfiguration,applicationAvailability,org.springframework.boot.autoconfigure.jackson.JacksonAutoConfiguration$Jackson2ObjectMapperBuilderCustomizerConfiguration,standardJacksonObjectMapperBuilderCustomizer,spring.jackson-org.springframework.boot.autoconfigure.jackson.JacksonProperties,org.springframework.boot.autoconfigure.jackson.JacksonAutoConfiguration$JacksonObjectMapperBuilderConfiguration,jacksonObjectMapperBuilder,org.springframework.boot.autoconfigure.jackson.JacksonAutoConfiguration$ParameterNamesModuleConfiguration,parameterNamesModule,org.springframework.boot.autoconfigure.jackson.JacksonAutoConfiguration$JacksonObjectMapperConfiguration,jacksonObjectMapper,org.springframework.boot.autoconfigure.jackson.JacksonAutoConfiguration$JacksonMixinConfiguration,jsonMixinModuleEntries,jsonMixinModule,org.springframework.boot.autoconfigure.jackson.JacksonAutoConfiguration,jsonComponentModule,org.springframework.boot.autoconfigure.context.ConfigurationPropertiesAutoConfiguration,org.springframework.boot.autoconfigure.context.LifecycleAutoConfiguration,lifecycleProcessor,spring.lifecycle-org.springframework.boot.autoconfigure.context.LifecycleProperties,org.springframework.boot.autoconfigure.http.HttpMessageConvertersAutoConfiguration$StringHttpMessageConverterConfiguration,stringHttpMessageConverter,org.springframework.boot.autoconfigure.http.JacksonHttpMessageConvertersConfiguration$MappingJackson2HttpMessageConverterConfiguration,mappingJackson2HttpMessageConverter,org.springframework.boot.autoconfigure.http.JacksonHttpMessageConvertersConfiguration,org.springframework.boot.autoconfigure.http.HttpMessageConvertersAutoConfiguration,messageConverters,org.springframework.boot.autoconfigure.info.ProjectInfoAutoConfiguration,spring.info-org.springframework.boot.autoconfigure.info.ProjectInfoProperties,org.springframework.boot.autoconfigure.sql.init.SqlInitializationAutoConfiguration,spring.sql.init-org.springframework.boot.autoconfigure.sql.init.SqlInitializationProperties,org.springframework.boot.sql.init.dependency.DatabaseInitializationDependencyConfigurer$DependsOnDatabaseInitializationPostProcessor,org.springframework.boot.autoconfigure.task.TaskSchedulingConfigurations$ThreadPoolTaskSchedulerBuilderConfiguration,threadPoolTaskSchedulerBuilder,org.springframework.boot.autoconfigure.task.TaskSchedulingConfigurations$TaskSchedulerBuilderConfiguration,taskSchedulerBuilder,org.springframework.boot.autoconfigure.task.TaskSchedulingConfigurations$SimpleAsyncTaskSchedulerBuilderConfiguration,simpleAsyncTaskSchedulerBuilder,org.springframework.boot.autoconfigure.task.TaskSchedulingAutoConfiguration,spring.task.scheduling-org.springframework.boot.autoconfigure.task.TaskSchedulingProperties,org.springframework.boot.autoconfigure.web.client.RestClientAutoConfiguration,httpMessageConvertersRestClientCustomizer,restClientSsl,restClientBuilderConfigurer,restClientBuilder,org.springframework.boot.autoconfigure.web.client.RestTemplateAutoConfiguration,restTemplateBuilderConfigurer,restTemplateBuilder,org.springframework.boot.autoconfigure.web.servlet.HttpEncodingAutoConfiguration,characterEncodingFilter,localeCharsetMappingsCustomizer,org.springframework.boot.autoconfigure.web.servlet.MultipartAutoConfiguration,multipartConfigElement,multipartResolver,spring.servlet.multipart-org.springframework.boot.autoconfigure.web.servlet.MultipartProperties,org.springframework.aop.config.internalAutoProxyCreator]; root of factory hierarchy
2024-04-10T13:26:28.904+05:30 TRACE 20084 --- [spring-boot-learn] [           main] o.s.b.f.s.DefaultListableBeanFactory     : Returning cached instance of singleton bean 'org.springframework.boot.test.mock.mockito.MockitoPostProcessor$SpyPostProcessor'
2024-04-10T13:26:28.904+05:30 TRACE 20084 --- [spring-boot-learn] [           main] o.s.b.f.s.DefaultListableBeanFactory     : Returning cached instance of singleton bean 'org.springframework.boot.test.mock.mockito.MockitoPostProcessor'
2024-04-10T13:26:28.904+05:30 TRACE 20084 --- [spring-boot-learn] [           main] o.s.b.f.s.DefaultListableBeanFactory     : Returning cached instance of singleton bean 'org.springframework.context.annotation.internalConfigurationAnnotationProcessor'
2024-04-10T13:26:28.904+05:30 TRACE 20084 --- [spring-boot-learn] [           main] o.s.b.f.s.DefaultListableBeanFactory     : Returning cached instance of singleton bean 'org.springframework.context.annotation.internalAutowiredAnnotationProcessor'
2024-04-10T13:26:28.904+05:30 TRACE 20084 --- [spring-boot-learn] [           main] o.s.b.f.s.DefaultListableBeanFactory     : Returning cached instance of singleton bean 'org.springframework.context.annotation.internalCommonAnnotationProcessor'
2024-04-10T13:26:28.904+05:30 TRACE 20084 --- [spring-boot-learn] [           main] o.s.b.f.s.DefaultListableBeanFactory     : Returning cached instance of singleton bean 'org.springframework.context.event.internalEventListenerProcessor'
2024-04-10T13:26:28.904+05:30 TRACE 20084 --- [spring-boot-learn] [           main] o.s.b.f.s.DefaultListableBeanFactory     : Returning cached instance of singleton bean 'org.springframework.context.event.internalEventListenerFactory'
2024-04-10T13:26:28.904+05:30 DEBUG 20084 --- [spring-boot-learn] [           main] o.s.b.f.s.DefaultListableBeanFactory     : Creating shared instance of singleton bean 'springBootLearnApplication'
2024-04-10T13:26:28.904+05:30 TRACE 20084 --- [spring-boot-learn] [           main] o.s.b.f.s.DefaultListableBeanFactory     : Creating instance of bean 'springBootLearnApplication'
2024-04-10T13:26:28.906+05:30 TRACE 20084 --- [spring-boot-learn] [           main] o.s.b.f.s.DefaultListableBeanFactory     : Finished creating instance of bean 'springBootLearnApplication'
2024-04-10T13:26:28.906+05:30 TRACE 20084 --- [spring-boot-learn] [           main] o.s.b.f.s.DefaultListableBeanFactory     : Returning cached instance of singleton bean 'org.springframework.boot.autoconfigure.internalCachingMetadataReaderFactory'
2024-04-10T13:26:28.906+05:30 DEBUG 20084 --- [spring-boot-learn] [           main] o.s.b.f.s.DefaultListableBeanFactory     : Creating shared instance of singleton bean 'courseController'
2024-04-10T13:26:28.906+05:30 TRACE 20084 --- [spring-boot-learn] [           main] o.s.b.f.s.DefaultListableBeanFactory     : Creating instance of bean 'courseController'
2024-04-10T13:26:28.908+05:30 TRACE 20084 --- [spring-boot-learn] [           main] o.s.b.f.s.DefaultListableBeanFactory     : Finished creating instance of bean 'courseController'
2024-04-10T13:26:28.908+05:30 DEBUG 20084 --- [spring-boot-learn] [           main] o.s.b.f.s.DefaultListableBeanFactory     : Creating shared instance of singleton bean 'currencyConfigurationController'
2024-04-10T13:26:28.908+05:30 TRACE 20084 --- [spring-boot-learn] [           main] o.s.b.f.s.DefaultListableBeanFactory     : Creating instance of bean 'currencyConfigurationController'
2024-04-10T13:26:28.910+05:30 DEBUG 20084 --- [spring-boot-learn] [           main] o.s.b.f.s.DefaultListableBeanFactory     : Creating shared instance of singleton bean 'currencyServiceConfiguration'
2024-04-10T13:26:28.911+05:30 TRACE 20084 --- [spring-boot-learn] [           main] o.s.b.f.s.DefaultListableBeanFactory     : Creating instance of bean 'currencyServiceConfiguration'
2024-04-10T13:26:28.911+05:30 DEBUG 20084 --- [spring-boot-learn] [           main] o.s.b.f.s.DefaultListableBeanFactory     : Creating shared instance of singleton bean 'org.springframework.boot.context.properties.BoundConfigurationProperties'
2024-04-10T13:26:28.911+05:30 TRACE 20084 --- [spring-boot-learn] [           main] o.s.b.f.s.DefaultListableBeanFactory     : Creating instance of bean 'org.springframework.boot.context.properties.BoundConfigurationProperties'
2024-04-10T13:26:28.912+05:30 TRACE 20084 --- [spring-boot-learn] [           main] o.s.b.f.s.DefaultListableBeanFactory     : Finished creating instance of bean 'org.springframework.boot.context.properties.BoundConfigurationProperties'
2024-04-10T13:26:28.921+05:30 TRACE 20084 --- [spring-boot-learn] [           main] o.s.b.f.s.DefaultListableBeanFactory     : Finished creating instance of bean 'currencyServiceConfiguration'
2024-04-10T13:26:28.921+05:30 TRACE 20084 --- [spring-boot-learn] [           main] f.a.AutowiredAnnotationBeanPostProcessor : Autowiring by type from bean name 'currencyConfigurationController' to bean named 'currencyServiceConfiguration'
2024-04-10T13:26:28.921+05:30 TRACE 20084 --- [spring-boot-learn] [           main] o.s.b.f.s.DefaultListableBeanFactory     : Finished creating instance of bean 'currencyConfigurationController'
2024-04-10T13:26:28.922+05:30 TRACE 20084 --- [spring-boot-learn] [           main] o.s.b.f.s.DefaultListableBeanFactory     : Returning cached instance of singleton bean 'currencyServiceConfiguration'
2024-04-10T13:26:28.922+05:30 DEBUG 20084 --- [spring-boot-learn] [           main] o.s.b.f.s.DefaultListableBeanFactory     : Creating shared instance of singleton bean 'org.springframework.boot.autoconfigure.AutoConfigurationPackages'
2024-04-10T13:26:28.922+05:30 TRACE 20084 --- [spring-boot-learn] [           main] o.s.b.f.s.DefaultListableBeanFactory     : Creating instance of bean 'org.springframework.boot.autoconfigure.AutoConfigurationPackages'
2024-04-10T13:26:28.922+05:30 TRACE 20084 --- [spring-boot-learn] [           main] o.s.b.f.s.DefaultListableBeanFactory     : Finished creating instance of bean 'org.springframework.boot.autoconfigure.AutoConfigurationPackages'
2024-04-10T13:26:28.922+05:30 DEBUG 20084 --- [spring-boot-learn] [           main] o.s.b.f.s.DefaultListableBeanFactory     : Creating shared instance of singleton bean 'org.springframework.boot.autoconfigure.context.PropertyPlaceholderAutoConfiguration'
2024-04-10T13:26:28.922+05:30 TRACE 20084 --- [spring-boot-learn] [           main] o.s.b.f.s.DefaultListableBeanFactory     : Creating instance of bean 'org.springframework.boot.autoconfigure.context.PropertyPlaceholderAutoConfiguration'
2024-04-10T13:26:28.922+05:30 TRACE 20084 --- [spring-boot-learn] [           main] o.s.b.f.s.DefaultListableBeanFactory     : Finished creating instance of bean 'org.springframework.boot.autoconfigure.context.PropertyPlaceholderAutoConfiguration'
2024-04-10T13:26:28.922+05:30 TRACE 20084 --- [spring-boot-learn] [           main] o.s.b.f.s.DefaultListableBeanFactory     : Returning cached instance of singleton bean 'propertySourcesPlaceholderConfigurer'
2024-04-10T13:26:28.922+05:30 DEBUG 20084 --- [spring-boot-learn] [           main] o.s.b.f.s.DefaultListableBeanFactory     : Creating shared instance of singleton bean 'org.springframework.boot.autoconfigure.ssl.SslAutoConfiguration'
2024-04-10T13:26:28.922+05:30 TRACE 20084 --- [spring-boot-learn] [           main] o.s.b.f.s.DefaultListableBeanFactory     : Creating instance of bean 'org.springframework.boot.autoconfigure.ssl.SslAutoConfiguration'
2024-04-10T13:26:28.923+05:30 DEBUG 20084 --- [spring-boot-learn] [           main] o.s.b.f.s.DefaultListableBeanFactory     : Creating shared instance of singleton bean 'spring.ssl-org.springframework.boot.autoconfigure.ssl.SslProperties'
2024-04-10T13:26:28.923+05:30 TRACE 20084 --- [spring-boot-learn] [           main] o.s.b.f.s.DefaultListableBeanFactory     : Creating instance of bean 'spring.ssl-org.springframework.boot.autoconfigure.ssl.SslProperties'
2024-04-10T13:26:28.924+05:30 TRACE 20084 --- [spring-boot-learn] [           main] o.s.b.f.s.DefaultListableBeanFactory     : Returning cached instance of singleton bean 'org.springframework.boot.context.properties.BoundConfigurationProperties'
2024-04-10T13:26:28.925+05:30 TRACE 20084 --- [spring-boot-learn] [           main] o.s.b.f.s.DefaultListableBeanFactory     : Finished creating instance of bean 'spring.ssl-org.springframework.boot.autoconfigure.ssl.SslProperties'
2024-04-10T13:26:28.925+05:30 DEBUG 20084 --- [spring-boot-learn] [           main] o.s.b.f.s.DefaultListableBeanFactory     : Autowiring by type from bean name 'org.springframework.boot.autoconfigure.ssl.SslAutoConfiguration' via constructor to bean named 'spring.ssl-org.springframework.boot.autoconfigure.ssl.SslProperties'
2024-04-10T13:26:28.925+05:30 TRACE 20084 --- [spring-boot-learn] [           main] o.s.b.f.s.DefaultListableBeanFactory     : Finished creating instance of bean 'org.springframework.boot.autoconfigure.ssl.SslAutoConfiguration'
2024-04-10T13:26:28.925+05:30 DEBUG 20084 --- [spring-boot-learn] [           main] o.s.b.f.s.DefaultListableBeanFactory     : Creating shared instance of singleton bean 'fileWatcher'
2024-04-10T13:26:28.925+05:30 TRACE 20084 --- [spring-boot-learn] [           main] o.s.b.f.s.DefaultListableBeanFactory     : Creating instance of bean 'fileWatcher'
2024-04-10T13:26:28.926+05:30 TRACE 20084 --- [spring-boot-learn] [           main] o.s.b.f.s.DefaultListableBeanFactory     : Returning cached instance of singleton bean 'org.springframework.boot.autoconfigure.ssl.SslAutoConfiguration'
2024-04-10T13:26:28.926+05:30 TRACE 20084 --- [spring-boot-learn] [           main] o.s.b.f.s.DefaultListableBeanFactory     : Finished creating instance of bean 'fileWatcher'
2024-04-10T13:26:28.927+05:30 DEBUG 20084 --- [spring-boot-learn] [           main] o.s.b.f.s.DefaultListableBeanFactory     : Creating shared instance of singleton bean 'sslPropertiesSslBundleRegistrar'
2024-04-10T13:26:28.927+05:30 TRACE 20084 --- [spring-boot-learn] [           main] o.s.b.f.s.DefaultListableBeanFactory     : Creating instance of bean 'sslPropertiesSslBundleRegistrar'
2024-04-10T13:26:28.927+05:30 TRACE 20084 --- [spring-boot-learn] [           main] o.s.b.f.s.DefaultListableBeanFactory     : Returning cached instance of singleton bean 'org.springframework.boot.autoconfigure.ssl.SslAutoConfiguration'
2024-04-10T13:26:28.927+05:30 TRACE 20084 --- [spring-boot-learn] [           main] o.s.b.f.s.DefaultListableBeanFactory     : Returning cached instance of singleton bean 'fileWatcher'
2024-04-10T13:26:28.927+05:30 DEBUG 20084 --- [spring-boot-learn] [           main] o.s.b.f.s.DefaultListableBeanFactory     : Autowiring by type from bean name 'sslPropertiesSslBundleRegistrar' via factory method to bean named 'fileWatcher'
2024-04-10T13:26:28.929+05:30 TRACE 20084 --- [spring-boot-learn] [           main] o.s.b.f.s.DefaultListableBeanFactory     : Finished creating instance of bean 'sslPropertiesSslBundleRegistrar'
2024-04-10T13:26:28.929+05:30 DEBUG 20084 --- [spring-boot-learn] [           main] o.s.b.f.s.DefaultListableBeanFactory     : Creating shared instance of singleton bean 'sslBundleRegistry'
2024-04-10T13:26:28.929+05:30 TRACE 20084 --- [spring-boot-learn] [           main] o.s.b.f.s.DefaultListableBeanFactory     : Creating instance of bean 'sslBundleRegistry'
2024-04-10T13:26:28.929+05:30 TRACE 20084 --- [spring-boot-learn] [           main] o.s.b.f.s.DefaultListableBeanFactory     : Returning cached instance of singleton bean 'org.springframework.boot.autoconfigure.ssl.SslAutoConfiguration'
2024-04-10T13:26:28.931+05:30 TRACE 20084 --- [spring-boot-learn] [           main] o.s.b.f.s.DefaultListableBeanFactory     : Returning cached instance of singleton bean 'sslPropertiesSslBundleRegistrar'
2024-04-10T13:26:28.932+05:30 TRACE 20084 --- [spring-boot-learn] [           main] o.s.b.f.s.DefaultListableBeanFactory     : Returning cached instance of singleton bean 'sslPropertiesSslBundleRegistrar'
2024-04-10T13:26:28.935+05:30 TRACE 20084 --- [spring-boot-learn] [           main] o.s.b.f.s.DefaultListableBeanFactory     : Finished creating instance of bean 'sslBundleRegistry'
2024-04-10T13:26:28.935+05:30 TRACE 20084 --- [spring-boot-learn] [           main] o.s.b.f.s.DefaultListableBeanFactory     : Returning cached instance of singleton bean 'org.springframework.boot.context.properties.ConfigurationPropertiesBindingPostProcessor'
2024-04-10T13:26:28.935+05:30 TRACE 20084 --- [spring-boot-learn] [           main] o.s.b.f.s.DefaultListableBeanFactory     : Returning cached instance of singleton bean 'org.springframework.boot.context.internalConfigurationPropertiesBinder'
2024-04-10T13:26:28.935+05:30 TRACE 20084 --- [spring-boot-learn] [           main] o.s.b.f.s.DefaultListableBeanFactory     : Returning cached instance of singleton bean 'org.springframework.boot.context.properties.BoundConfigurationProperties'
2024-04-10T13:26:28.935+05:30 DEBUG 20084 --- [spring-boot-learn] [           main] o.s.b.f.s.DefaultListableBeanFactory     : Creating shared instance of singleton bean 'org.springframework.boot.context.properties.EnableConfigurationPropertiesRegistrar.methodValidationExcludeFilter'
2024-04-10T13:26:28.935+05:30 TRACE 20084 --- [spring-boot-learn] [           main] o.s.b.f.s.DefaultListableBeanFactory     : Creating instance of bean 'org.springframework.boot.context.properties.EnableConfigurationPropertiesRegistrar.methodValidationExcludeFilter'
2024-04-10T13:26:28.937+05:30 TRACE 20084 --- [spring-boot-learn] [           main] o.s.b.f.s.DefaultListableBeanFactory     : Ignoring factory method [public static org.springframework.boot.validation.beanvalidation.MethodValidationExcludeFilter org.springframework.boot.validation.beanvalidation.MethodValidationExcludeFilter.byAnnotation(java.lang.Class,org.springframework.core.annotation.MergedAnnotations$SearchStrategy)] of bean 'org.springframework.boot.context.properties.EnableConfigurationPropertiesRegistrar.methodValidationExcludeFilter': org.springframework.beans.factory.UnsatisfiedDependencyException: Error creating bean with name 'org.springframework.boot.context.properties.EnableConfigurationPropertiesRegistrar.methodValidationExcludeFilter': Unsatisfied dependency expressed through method 'byAnnotation' parameter 1: Ambiguous argument values for parameter of type [org.springframework.core.annotation.MergedAnnotations$SearchStrategy] - did you specify the correct bean references as arguments?
2024-04-10T13:26:28.940+05:30 TRACE 20084 --- [spring-boot-learn] [           main] o.s.b.f.s.DefaultListableBeanFactory     : Finished creating instance of bean 'org.springframework.boot.context.properties.EnableConfigurationPropertiesRegistrar.methodValidationExcludeFilter'
2024-04-10T13:26:28.940+05:30 TRACE 20084 --- [spring-boot-learn] [           main] o.s.b.f.s.DefaultListableBeanFactory     : Returning cached instance of singleton bean 'spring.ssl-org.springframework.boot.autoconfigure.ssl.SslProperties'
2024-04-10T13:26:28.940+05:30 DEBUG 20084 --- [spring-boot-learn] [           main] o.s.b.f.s.DefaultListableBeanFactory     : Creating shared instance of singleton bean 'org.springframework.boot.autoconfigure.websocket.servlet.WebSocketServletAutoConfiguration$TomcatWebSocketConfiguration'
2024-04-10T13:26:28.940+05:30 TRACE 20084 --- [spring-boot-learn] [           main] o.s.b.f.s.DefaultListableBeanFactory     : Creating instance of bean 'org.springframework.boot.autoconfigure.websocket.servlet.WebSocketServletAutoConfiguration$TomcatWebSocketConfiguration'
2024-04-10T13:26:28.940+05:30 TRACE 20084 --- [spring-boot-learn] [           main] o.s.b.f.s.DefaultListableBeanFactory     : Finished creating instance of bean 'org.springframework.boot.autoconfigure.websocket.servlet.WebSocketServletAutoConfiguration$TomcatWebSocketConfiguration'
2024-04-10T13:26:28.940+05:30 DEBUG 20084 --- [spring-boot-learn] [           main] o.s.b.f.s.DefaultListableBeanFactory     : Creating shared instance of singleton bean 'websocketServletWebServerCustomizer'
2024-04-10T13:26:28.940+05:30 TRACE 20084 --- [spring-boot-learn] [           main] o.s.b.f.s.DefaultListableBeanFactory     : Creating instance of bean 'websocketServletWebServerCustomizer'
2024-04-10T13:26:28.940+05:30 TRACE 20084 --- [spring-boot-learn] [           main] o.s.b.f.s.DefaultListableBeanFactory     : Returning cached instance of singleton bean 'org.springframework.boot.autoconfigure.websocket.servlet.WebSocketServletAutoConfiguration$TomcatWebSocketConfiguration'
2024-04-10T13:26:28.943+05:30 TRACE 20084 --- [spring-boot-learn] [           main] o.s.b.f.s.DefaultListableBeanFactory     : Finished creating instance of bean 'websocketServletWebServerCustomizer'
2024-04-10T13:26:28.943+05:30 DEBUG 20084 --- [spring-boot-learn] [           main] o.s.b.f.s.DefaultListableBeanFactory     : Creating shared instance of singleton bean 'org.springframework.boot.autoconfigure.websocket.servlet.WebSocketServletAutoConfiguration'
2024-04-10T13:26:28.943+05:30 TRACE 20084 --- [spring-boot-learn] [           main] o.s.b.f.s.DefaultListableBeanFactory     : Creating instance of bean 'org.springframework.boot.autoconfigure.websocket.servlet.WebSocketServletAutoConfiguration'
2024-04-10T13:26:28.943+05:30 TRACE 20084 --- [spring-boot-learn] [           main] o.s.b.f.s.DefaultListableBeanFactory     : Finished creating instance of bean 'org.springframework.boot.autoconfigure.websocket.servlet.WebSocketServletAutoConfiguration'
2024-04-10T13:26:28.943+05:30 DEBUG 20084 --- [spring-boot-learn] [           main] o.s.b.f.s.DefaultListableBeanFactory     : Creating shared instance of singleton bean 'org.springframework.boot.autoconfigure.web.servlet.ServletWebServerFactoryConfiguration$EmbeddedTomcat'
2024-04-10T13:26:28.943+05:30 TRACE 20084 --- [spring-boot-learn] [           main] o.s.b.f.s.DefaultListableBeanFactory     : Creating instance of bean 'org.springframework.boot.autoconfigure.web.servlet.ServletWebServerFactoryConfiguration$EmbeddedTomcat'
2024-04-10T13:26:28.944+05:30 TRACE 20084 --- [spring-boot-learn] [           main] o.s.b.f.s.DefaultListableBeanFactory     : Finished creating instance of bean 'org.springframework.boot.autoconfigure.web.servlet.ServletWebServerFactoryConfiguration$EmbeddedTomcat'
2024-04-10T13:26:28.944+05:30 DEBUG 20084 --- [spring-boot-learn] [           main] o.s.b.f.s.DefaultListableBeanFactory     : Creating shared instance of singleton bean 'tomcatServletWebServerFactory'
2024-04-10T13:26:28.944+05:30 TRACE 20084 --- [spring-boot-learn] [           main] o.s.b.f.s.DefaultListableBeanFactory     : Creating instance of bean 'tomcatServletWebServerFactory'
2024-04-10T13:26:28.944+05:30 TRACE 20084 --- [spring-boot-learn] [           main] o.s.b.f.s.DefaultListableBeanFactory     : Returning cached instance of singleton bean 'org.springframework.boot.autoconfigure.web.servlet.ServletWebServerFactoryConfiguration$EmbeddedTomcat'
2024-04-10T13:26:28.962+05:30 TRACE 20084 --- [spring-boot-learn] [           main] o.s.b.f.s.DefaultListableBeanFactory     : Returning cached instance of singleton bean 'websocketServletWebServerCustomizer'
2024-04-10T13:26:28.962+05:30 DEBUG 20084 --- [spring-boot-learn] [           main] o.s.b.f.s.DefaultListableBeanFactory     : Creating shared instance of singleton bean 'servletWebServerFactoryCustomizer'
2024-04-10T13:26:28.962+05:30 TRACE 20084 --- [spring-boot-learn] [           main] o.s.b.f.s.DefaultListableBeanFactory     : Creating instance of bean 'servletWebServerFactoryCustomizer'
2024-04-10T13:26:28.962+05:30 DEBUG 20084 --- [spring-boot-learn] [           main] o.s.b.f.s.DefaultListableBeanFactory     : Creating shared instance of singleton bean 'org.springframework.boot.autoconfigure.web.servlet.ServletWebServerFactoryAutoConfiguration'
2024-04-10T13:26:28.962+05:30 TRACE 20084 --- [spring-boot-learn] [           main] o.s.b.f.s.DefaultListableBeanFactory     : Creating instance of bean 'org.springframework.boot.autoconfigure.web.servlet.ServletWebServerFactoryAutoConfiguration'
2024-04-10T13:26:28.962+05:30 TRACE 20084 --- [spring-boot-learn] [           main] o.s.b.f.s.DefaultListableBeanFactory     : Finished creating instance of bean 'org.springframework.boot.autoconfigure.web.servlet.ServletWebServerFactoryAutoConfiguration'
2024-04-10T13:26:28.963+05:30 DEBUG 20084 --- [spring-boot-learn] [           main] o.s.b.f.s.DefaultListableBeanFactory     : Creating shared instance of singleton bean 'server-org.springframework.boot.autoconfigure.web.ServerProperties'
2024-04-10T13:26:28.963+05:30 TRACE 20084 --- [spring-boot-learn] [           main] o.s.b.f.s.DefaultListableBeanFactory     : Creating instance of bean 'server-org.springframework.boot.autoconfigure.web.ServerProperties'
2024-04-10T13:26:28.967+05:30 TRACE 20084 --- [spring-boot-learn] [           main] o.s.b.f.s.DefaultListableBeanFactory     : Returning cached instance of singleton bean 'org.springframework.boot.context.properties.BoundConfigurationProperties'
2024-04-10T13:26:28.971+05:30 TRACE 20084 --- [spring-boot-learn] [           main] o.s.b.f.s.DefaultListableBeanFactory     : Finished creating instance of bean 'server-org.springframework.boot.autoconfigure.web.ServerProperties'
2024-04-10T13:26:28.971+05:30 DEBUG 20084 --- [spring-boot-learn] [           main] o.s.b.f.s.DefaultListableBeanFactory     : Autowiring by type from bean name 'servletWebServerFactoryCustomizer' via factory method to bean named 'server-org.springframework.boot.autoconfigure.web.ServerProperties'
2024-04-10T13:26:28.973+05:30 TRACE 20084 --- [spring-boot-learn] [           main] o.s.b.f.s.DefaultListableBeanFactory     : Returning cached instance of singleton bean 'sslBundleRegistry'
2024-04-10T13:26:28.974+05:30 TRACE 20084 --- [spring-boot-learn] [           main] o.s.b.f.s.DefaultListableBeanFactory     : Finished creating instance of bean 'servletWebServerFactoryCustomizer'
2024-04-10T13:26:28.974+05:30 DEBUG 20084 --- [spring-boot-learn] [           main] o.s.b.f.s.DefaultListableBeanFactory     : Creating shared instance of singleton bean 'tomcatServletWebServerFactoryCustomizer'
2024-04-10T13:26:28.974+05:30 TRACE 20084 --- [spring-boot-learn] [           main] o.s.b.f.s.DefaultListableBeanFactory     : Creating instance of bean 'tomcatServletWebServerFactoryCustomizer'
2024-04-10T13:26:28.974+05:30 TRACE 20084 --- [spring-boot-learn] [           main] o.s.b.f.s.DefaultListableBeanFactory     : Returning cached instance of singleton bean 'org.springframework.boot.autoconfigure.web.servlet.ServletWebServerFactoryAutoConfiguration'
2024-04-10T13:26:28.975+05:30 TRACE 20084 --- [spring-boot-learn] [           main] o.s.b.f.s.DefaultListableBeanFactory     : Returning cached instance of singleton bean 'server-org.springframework.boot.autoconfigure.web.ServerProperties'
2024-04-10T13:26:28.975+05:30 DEBUG 20084 --- [spring-boot-learn] [           main] o.s.b.f.s.DefaultListableBeanFactory     : Autowiring by type from bean name 'tomcatServletWebServerFactoryCustomizer' via factory method to bean named 'server-org.springframework.boot.autoconfigure.web.ServerProperties'
2024-04-10T13:26:28.976+05:30 TRACE 20084 --- [spring-boot-learn] [           main] o.s.b.f.s.DefaultListableBeanFactory     : Finished creating instance of bean 'tomcatServletWebServerFactoryCustomizer'
2024-04-10T13:26:28.976+05:30 DEBUG 20084 --- [spring-boot-learn] [           main] o.s.b.f.s.DefaultListableBeanFactory     : Creating shared instance of singleton bean 'localeCharsetMappingsCustomizer'
2024-04-10T13:26:28.976+05:30 TRACE 20084 --- [spring-boot-learn] [           main] o.s.b.f.s.DefaultListableBeanFactory     : Creating instance of bean 'localeCharsetMappingsCustomizer'
2024-04-10T13:26:28.976+05:30 DEBUG 20084 --- [spring-boot-learn] [           main] o.s.b.f.s.DefaultListableBeanFactory     : Creating shared instance of singleton bean 'org.springframework.boot.autoconfigure.web.servlet.HttpEncodingAutoConfiguration'
2024-04-10T13:26:28.976+05:30 TRACE 20084 --- [spring-boot-learn] [           main] o.s.b.f.s.DefaultListableBeanFactory     : Creating instance of bean 'org.springframework.boot.autoconfigure.web.servlet.HttpEncodingAutoConfiguration'
2024-04-10T13:26:28.976+05:30 TRACE 20084 --- [spring-boot-learn] [           main] o.s.b.f.s.DefaultListableBeanFactory     : Returning cached instance of singleton bean 'server-org.springframework.boot.autoconfigure.web.ServerProperties'
2024-04-10T13:26:28.976+05:30 DEBUG 20084 --- [spring-boot-learn] [           main] o.s.b.f.s.DefaultListableBeanFactory     : Autowiring by type from bean name 'org.springframework.boot.autoconfigure.web.servlet.HttpEncodingAutoConfiguration' via constructor to bean named 'server-org.springframework.boot.autoconfigure.web.ServerProperties'
2024-04-10T13:26:28.976+05:30 TRACE 20084 --- [spring-boot-learn] [           main] o.s.b.f.s.DefaultListableBeanFactory     : Finished creating instance of bean 'org.springframework.boot.autoconfigure.web.servlet.HttpEncodingAutoConfiguration'
2024-04-10T13:26:28.977+05:30 TRACE 20084 --- [spring-boot-learn] [           main] o.s.b.f.s.DefaultListableBeanFactory     : Finished creating instance of bean 'localeCharsetMappingsCustomizer'
2024-04-10T13:26:28.989+05:30 DEBUG 20084 --- [spring-boot-learn] [           main] o.s.b.f.s.DefaultListableBeanFactory     : Creating shared instance of singleton bean 'errorPageCustomizer'
2024-04-10T13:26:28.989+05:30 TRACE 20084 --- [spring-boot-learn] [           main] o.s.b.f.s.DefaultListableBeanFactory     : Creating instance of bean 'errorPageCustomizer'
2024-04-10T13:26:28.989+05:30 DEBUG 20084 --- [spring-boot-learn] [           main] o.s.b.f.s.DefaultListableBeanFactory     : Creating shared instance of singleton bean 'org.springframework.boot.autoconfigure.web.servlet.error.ErrorMvcAutoConfiguration'
2024-04-10T13:26:28.989+05:30 TRACE 20084 --- [spring-boot-learn] [           main] o.s.b.f.s.DefaultListableBeanFactory     : Creating instance of bean 'org.springframework.boot.autoconfigure.web.servlet.error.ErrorMvcAutoConfiguration'
2024-04-10T13:26:28.989+05:30 TRACE 20084 --- [spring-boot-learn] [           main] o.s.b.f.s.DefaultListableBeanFactory     : Returning cached instance of singleton bean 'server-org.springframework.boot.autoconfigure.web.ServerProperties'
2024-04-10T13:26:28.989+05:30 DEBUG 20084 --- [spring-boot-learn] [           main] o.s.b.f.s.DefaultListableBeanFactory     : Autowiring by type from bean name 'org.springframework.boot.autoconfigure.web.servlet.error.ErrorMvcAutoConfiguration' via constructor to bean named 'server-org.springframework.boot.autoconfigure.web.ServerProperties'
2024-04-10T13:26:28.990+05:30 TRACE 20084 --- [spring-boot-learn] [           main] o.s.b.f.s.DefaultListableBeanFactory     : Finished creating instance of bean 'org.springframework.boot.autoconfigure.web.servlet.error.ErrorMvcAutoConfiguration'
2024-04-10T13:26:28.991+05:30 DEBUG 20084 --- [spring-boot-learn] [           main] o.s.b.f.s.DefaultListableBeanFactory     : Creating shared instance of singleton bean 'dispatcherServletRegistration'
2024-04-10T13:26:28.991+05:30 TRACE 20084 --- [spring-boot-learn] [           main] o.s.b.f.s.DefaultListableBeanFactory     : Creating instance of bean 'dispatcherServletRegistration'
2024-04-10T13:26:28.991+05:30 DEBUG 20084 --- [spring-boot-learn] [           main] o.s.b.f.s.DefaultListableBeanFactory     : Creating shared instance of singleton bean 'org.springframework.boot.autoconfigure.web.servlet.DispatcherServletAutoConfiguration$DispatcherServletRegistrationConfiguration'
2024-04-10T13:26:28.991+05:30 TRACE 20084 --- [spring-boot-learn] [           main] o.s.b.f.s.DefaultListableBeanFactory     : Creating instance of bean 'org.springframework.boot.autoconfigure.web.servlet.DispatcherServletAutoConfiguration$DispatcherServletRegistrationConfiguration'
2024-04-10T13:26:28.991+05:30 TRACE 20084 --- [spring-boot-learn] [           main] o.s.b.f.s.DefaultListableBeanFactory     : Finished creating instance of bean 'org.springframework.boot.autoconfigure.web.servlet.DispatcherServletAutoConfiguration$DispatcherServletRegistrationConfiguration'
2024-04-10T13:26:28.992+05:30 DEBUG 20084 --- [spring-boot-learn] [           main] o.s.b.f.s.DefaultListableBeanFactory     : Creating shared instance of singleton bean 'dispatcherServlet'
2024-04-10T13:26:28.992+05:30 TRACE 20084 --- [spring-boot-learn] [           main] o.s.b.f.s.DefaultListableBeanFactory     : Creating instance of bean 'dispatcherServlet'
2024-04-10T13:26:28.992+05:30 DEBUG 20084 --- [spring-boot-learn] [           main] o.s.b.f.s.DefaultListableBeanFactory     : Creating shared instance of singleton bean 'org.springframework.boot.autoconfigure.web.servlet.DispatcherServletAutoConfiguration$DispatcherServletConfiguration'
2024-04-10T13:26:28.992+05:30 TRACE 20084 --- [spring-boot-learn] [           main] o.s.b.f.s.DefaultListableBeanFactory     : Creating instance of bean 'org.springframework.boot.autoconfigure.web.servlet.DispatcherServletAutoConfiguration$DispatcherServletConfiguration'
2024-04-10T13:26:28.992+05:30 TRACE 20084 --- [spring-boot-learn] [           main] o.s.b.f.s.DefaultListableBeanFactory     : Finished creating instance of bean 'org.springframework.boot.autoconfigure.web.servlet.DispatcherServletAutoConfiguration$DispatcherServletConfiguration'
2024-04-10T13:26:28.993+05:30 DEBUG 20084 --- [spring-boot-learn] [           main] o.s.b.f.s.DefaultListableBeanFactory     : Creating shared instance of singleton bean 'spring.mvc-org.springframework.boot.autoconfigure.web.servlet.WebMvcProperties'
2024-04-10T13:26:28.993+05:30 TRACE 20084 --- [spring-boot-learn] [           main] o.s.b.f.s.DefaultListableBeanFactory     : Creating instance of bean 'spring.mvc-org.springframework.boot.autoconfigure.web.servlet.WebMvcProperties'
2024-04-10T13:26:28.995+05:30 TRACE 20084 --- [spring-boot-learn] [           main] o.s.b.f.s.DefaultListableBeanFactory     : Returning cached instance of singleton bean 'org.springframework.boot.context.properties.BoundConfigurationProperties'
2024-04-10T13:26:28.999+05:30 TRACE 20084 --- [spring-boot-learn] [           main] o.s.b.f.s.DefaultListableBeanFactory     : Finished creating instance of bean 'spring.mvc-org.springframework.boot.autoconfigure.web.servlet.WebMvcProperties'
2024-04-10T13:26:28.999+05:30 DEBUG 20084 --- [spring-boot-learn] [           main] o.s.b.f.s.DefaultListableBeanFactory     : Autowiring by type from bean name 'dispatcherServlet' via factory method to bean named 'spring.mvc-org.springframework.boot.autoconfigure.web.servlet.WebMvcProperties'
2024-04-10T13:26:29.006+05:30 TRACE 20084 --- [spring-boot-learn] [           main] o.s.b.f.s.DefaultListableBeanFactory     : Finished creating instance of bean 'dispatcherServlet'
2024-04-10T13:26:29.006+05:30 TRACE 20084 --- [spring-boot-learn] [           main] o.s.b.f.s.DefaultListableBeanFactory     : Returning cached instance of singleton bean 'spring.mvc-org.springframework.boot.autoconfigure.web.servlet.WebMvcProperties'
2024-04-10T13:26:29.006+05:30 DEBUG 20084 --- [spring-boot-learn] [           main] o.s.b.f.s.DefaultListableBeanFactory     : Autowiring by type from bean name 'dispatcherServletRegistration' via factory method to bean named 'dispatcherServlet'
2024-04-10T13:26:29.006+05:30 DEBUG 20084 --- [spring-boot-learn] [           main] o.s.b.f.s.DefaultListableBeanFactory     : Autowiring by type from bean name 'dispatcherServletRegistration' via factory method to bean named 'spring.mvc-org.springframework.boot.autoconfigure.web.servlet.WebMvcProperties'
2024-04-10T13:26:29.008+05:30 DEBUG 20084 --- [spring-boot-learn] [           main] o.s.b.f.s.DefaultListableBeanFactory     : Creating shared instance of singleton bean 'multipartConfigElement'
2024-04-10T13:26:29.009+05:30 TRACE 20084 --- [spring-boot-learn] [           main] o.s.b.f.s.DefaultListableBeanFactory     : Creating instance of bean 'multipartConfigElement'
2024-04-10T13:26:29.009+05:30 DEBUG 20084 --- [spring-boot-learn] [           main] o.s.b.f.s.DefaultListableBeanFactory     : Creating shared instance of singleton bean 'org.springframework.boot.autoconfigure.web.servlet.MultipartAutoConfiguration'
2024-04-10T13:26:29.009+05:30 TRACE 20084 --- [spring-boot-learn] [           main] o.s.b.f.s.DefaultListableBeanFactory     : Creating instance of bean 'org.springframework.boot.autoconfigure.web.servlet.MultipartAutoConfiguration'
2024-04-10T13:26:29.009+05:30 DEBUG 20084 --- [spring-boot-learn] [           main] o.s.b.f.s.DefaultListableBeanFactory     : Creating shared instance of singleton bean 'spring.servlet.multipart-org.springframework.boot.autoconfigure.web.servlet.MultipartProperties'
2024-04-10T13:26:29.009+05:30 TRACE 20084 --- [spring-boot-learn] [           main] o.s.b.f.s.DefaultListableBeanFactory     : Creating instance of bean 'spring.servlet.multipart-org.springframework.boot.autoconfigure.web.servlet.MultipartProperties'
2024-04-10T13:26:29.010+05:30 TRACE 20084 --- [spring-boot-learn] [           main] o.s.b.f.s.DefaultListableBeanFactory     : Returning cached instance of singleton bean 'org.springframework.boot.context.properties.BoundConfigurationProperties'
2024-04-10T13:26:29.014+05:30 TRACE 20084 --- [spring-boot-learn] [           main] o.s.b.f.s.DefaultListableBeanFactory     : Finished creating instance of bean 'spring.servlet.multipart-org.springframework.boot.autoconfigure.web.servlet.MultipartProperties'
2024-04-10T13:26:29.014+05:30 DEBUG 20084 --- [spring-boot-learn] [           main] o.s.b.f.s.DefaultListableBeanFactory     : Autowiring by type from bean name 'org.springframework.boot.autoconfigure.web.servlet.MultipartAutoConfiguration' via constructor to bean named 'spring.servlet.multipart-org.springframework.boot.autoconfigure.web.servlet.MultipartProperties'
2024-04-10T13:26:29.015+05:30 TRACE 20084 --- [spring-boot-learn] [           main] o.s.b.f.s.DefaultListableBeanFactory     : Finished creating instance of bean 'org.springframework.boot.autoconfigure.web.servlet.MultipartAutoConfiguration'
2024-04-10T13:26:29.017+05:30 TRACE 20084 --- [spring-boot-learn] [           main] o.s.b.f.s.DefaultListableBeanFactory     : Finished creating instance of bean 'multipartConfigElement'
2024-04-10T13:26:29.022+05:30 TRACE 20084 --- [spring-boot-learn] [           main] o.s.b.f.s.DefaultListableBeanFactory     : Finished creating instance of bean 'dispatcherServletRegistration'
2024-04-10T13:26:29.023+05:30 DEBUG 20084 --- [spring-boot-learn] [           main] o.s.b.f.s.DefaultListableBeanFactory     : Autowiring by type from bean name 'errorPageCustomizer' via factory method to bean named 'dispatcherServletRegistration'
2024-04-10T13:26:29.023+05:30 TRACE 20084 --- [spring-boot-learn] [           main] o.s.b.f.s.DefaultListableBeanFactory     : Finished creating instance of bean 'errorPageCustomizer'
2024-04-10T13:26:29.024+05:30 TRACE 20084 --- [spring-boot-learn] [           main] o.s.b.f.s.DefaultListableBeanFactory     : Finished creating instance of bean 'tomcatServletWebServerFactory'
2024-04-10T13:26:29.024+05:30 TRACE 20084 --- [spring-boot-learn] [           main] o.s.b.f.s.DefaultListableBeanFactory     : Returning cached instance of singleton bean 'org.springframework.boot.autoconfigure.web.servlet.ServletWebServerFactoryAutoConfiguration'
2024-04-10T13:26:29.024+05:30 TRACE 20084 --- [spring-boot-learn] [           main] o.s.b.f.s.DefaultListableBeanFactory     : Returning cached instance of singleton bean 'servletWebServerFactoryCustomizer'
2024-04-10T13:26:29.024+05:30 TRACE 20084 --- [spring-boot-learn] [           main] o.s.b.f.s.DefaultListableBeanFactory     : Returning cached instance of singleton bean 'tomcatServletWebServerFactoryCustomizer'
2024-04-10T13:26:29.024+05:30 TRACE 20084 --- [spring-boot-learn] [           main] o.s.b.f.s.DefaultListableBeanFactory     : Returning cached instance of singleton bean 'server-org.springframework.boot.autoconfigure.web.ServerProperties'
2024-04-10T13:26:29.024+05:30 TRACE 20084 --- [spring-boot-learn] [           main] o.s.b.f.s.DefaultListableBeanFactory     : Returning cached instance of singleton bean 'webServerFactoryCustomizerBeanPostProcessor'
2024-04-10T13:26:29.025+05:30 TRACE 20084 --- [spring-boot-learn] [           main] o.s.b.f.s.DefaultListableBeanFactory     : Returning cached instance of singleton bean 'errorPageRegistrarBeanPostProcessor'
2024-04-10T13:26:29.025+05:30 TRACE 20084 --- [spring-boot-learn] [           main] o.s.b.f.s.DefaultListableBeanFactory     : Returning cached instance of singleton bean 'org.springframework.boot.autoconfigure.web.servlet.DispatcherServletAutoConfiguration$DispatcherServletConfiguration'
2024-04-10T13:26:29.025+05:30 TRACE 20084 --- [spring-boot-learn] [           main] o.s.b.f.s.DefaultListableBeanFactory     : Returning cached instance of singleton bean 'dispatcherServlet'
2024-04-10T13:26:29.025+05:30 TRACE 20084 --- [spring-boot-learn] [           main] o.s.b.f.s.DefaultListableBeanFactory     : Returning cached instance of singleton bean 'spring.mvc-org.springframework.boot.autoconfigure.web.servlet.WebMvcProperties'
2024-04-10T13:26:29.025+05:30 TRACE 20084 --- [spring-boot-learn] [           main] o.s.b.f.s.DefaultListableBeanFactory     : Returning cached instance of singleton bean 'org.springframework.boot.autoconfigure.web.servlet.DispatcherServletAutoConfiguration$DispatcherServletRegistrationConfiguration'
2024-04-10T13:26:29.025+05:30 TRACE 20084 --- [spring-boot-learn] [           main] o.s.b.f.s.DefaultListableBeanFactory     : Returning cached instance of singleton bean 'dispatcherServletRegistration'
2024-04-10T13:26:29.025+05:30 DEBUG 20084 --- [spring-boot-learn] [           main] o.s.b.f.s.DefaultListableBeanFactory     : Creating shared instance of singleton bean 'org.springframework.boot.autoconfigure.web.servlet.DispatcherServletAutoConfiguration'
2024-04-10T13:26:29.025+05:30 TRACE 20084 --- [spring-boot-learn] [           main] o.s.b.f.s.DefaultListableBeanFactory     : Creating instance of bean 'org.springframework.boot.autoconfigure.web.servlet.DispatcherServletAutoConfiguration'
2024-04-10T13:26:29.025+05:30 TRACE 20084 --- [spring-boot-learn] [           main] o.s.b.f.s.DefaultListableBeanFactory     : Finished creating instance of bean 'org.springframework.boot.autoconfigure.web.servlet.DispatcherServletAutoConfiguration'
2024-04-10T13:26:29.025+05:30 DEBUG 20084 --- [spring-boot-learn] [           main] o.s.b.f.s.DefaultListableBeanFactory     : Creating shared instance of singleton bean 'org.springframework.boot.autoconfigure.task.TaskExecutorConfigurations$ThreadPoolTaskExecutorBuilderConfiguration'
2024-04-10T13:26:29.025+05:30 TRACE 20084 --- [spring-boot-learn] [           main] o.s.b.f.s.DefaultListableBeanFactory     : Creating instance of bean 'org.springframework.boot.autoconfigure.task.TaskExecutorConfigurations$ThreadPoolTaskExecutorBuilderConfiguration'
2024-04-10T13:26:29.026+05:30 TRACE 20084 --- [spring-boot-learn] [           main] o.s.b.f.s.DefaultListableBeanFactory     : Finished creating instance of bean 'org.springframework.boot.autoconfigure.task.TaskExecutorConfigurations$ThreadPoolTaskExecutorBuilderConfiguration'
2024-04-10T13:26:29.026+05:30 DEBUG 20084 --- [spring-boot-learn] [           main] o.s.b.f.s.DefaultListableBeanFactory     : Creating shared instance of singleton bean 'threadPoolTaskExecutorBuilder'
2024-04-10T13:26:29.026+05:30 TRACE 20084 --- [spring-boot-learn] [           main] o.s.b.f.s.DefaultListableBeanFactory     : Creating instance of bean 'threadPoolTaskExecutorBuilder'
2024-04-10T13:26:29.026+05:30 TRACE 20084 --- [spring-boot-learn] [           main] o.s.b.f.s.DefaultListableBeanFactory     : Returning cached instance of singleton bean 'org.springframework.boot.autoconfigure.task.TaskExecutorConfigurations$ThreadPoolTaskExecutorBuilderConfiguration'
2024-04-10T13:26:29.026+05:30 DEBUG 20084 --- [spring-boot-learn] [           main] o.s.b.f.s.DefaultListableBeanFactory     : Creating shared instance of singleton bean 'spring.task.execution-org.springframework.boot.autoconfigure.task.TaskExecutionProperties'
2024-04-10T13:26:29.026+05:30 TRACE 20084 --- [spring-boot-learn] [           main] o.s.b.f.s.DefaultListableBeanFactory     : Creating instance of bean 'spring.task.execution-org.springframework.boot.autoconfigure.task.TaskExecutionProperties'
2024-04-10T13:26:29.027+05:30 TRACE 20084 --- [spring-boot-learn] [           main] o.s.b.f.s.DefaultListableBeanFactory     : Returning cached instance of singleton bean 'org.springframework.boot.context.properties.BoundConfigurationProperties'
2024-04-10T13:26:29.028+05:30 TRACE 20084 --- [spring-boot-learn] [           main] o.s.b.f.s.DefaultListableBeanFactory     : Finished creating instance of bean 'spring.task.execution-org.springframework.boot.autoconfigure.task.TaskExecutionProperties'
2024-04-10T13:26:29.029+05:30 DEBUG 20084 --- [spring-boot-learn] [           main] o.s.b.f.s.DefaultListableBeanFactory     : Autowiring by type from bean name 'threadPoolTaskExecutorBuilder' via factory method to bean named 'spring.task.execution-org.springframework.boot.autoconfigure.task.TaskExecutionProperties'
2024-04-10T13:26:29.032+05:30 TRACE 20084 --- [spring-boot-learn] [           main] o.s.b.f.s.DefaultListableBeanFactory     : Finished creating instance of bean 'threadPoolTaskExecutorBuilder'
2024-04-10T13:26:29.032+05:30 DEBUG 20084 --- [spring-boot-learn] [           main] o.s.b.f.s.DefaultListableBeanFactory     : Creating shared instance of singleton bean 'org.springframework.boot.autoconfigure.task.TaskExecutorConfigurations$TaskExecutorBuilderConfiguration'
2024-04-10T13:26:29.032+05:30 TRACE 20084 --- [spring-boot-learn] [           main] o.s.b.f.s.DefaultListableBeanFactory     : Creating instance of bean 'org.springframework.boot.autoconfigure.task.TaskExecutorConfigurations$TaskExecutorBuilderConfiguration'
2024-04-10T13:26:29.032+05:30 TRACE 20084 --- [spring-boot-learn] [           main] o.s.b.f.s.DefaultListableBeanFactory     : Finished creating instance of bean 'org.springframework.boot.autoconfigure.task.TaskExecutorConfigurations$TaskExecutorBuilderConfiguration'
2024-04-10T13:26:29.032+05:30 DEBUG 20084 --- [spring-boot-learn] [           main] o.s.b.f.s.DefaultListableBeanFactory     : Creating shared instance of singleton bean 'taskExecutorBuilder'
2024-04-10T13:26:29.032+05:30 TRACE 20084 --- [spring-boot-learn] [           main] o.s.b.f.s.DefaultListableBeanFactory     : Creating instance of bean 'taskExecutorBuilder'
2024-04-10T13:26:29.032+05:30 TRACE 20084 --- [spring-boot-learn] [           main] o.s.b.f.s.DefaultListableBeanFactory     : Returning cached instance of singleton bean 'org.springframework.boot.autoconfigure.task.TaskExecutorConfigurations$TaskExecutorBuilderConfiguration'
2024-04-10T13:26:29.032+05:30 TRACE 20084 --- [spring-boot-learn] [           main] o.s.b.f.s.DefaultListableBeanFactory     : Returning cached instance of singleton bean 'spring.task.execution-org.springframework.boot.autoconfigure.task.TaskExecutionProperties'
2024-04-10T13:26:29.032+05:30 DEBUG 20084 --- [spring-boot-learn] [           main] o.s.b.f.s.DefaultListableBeanFactory     : Autowiring by type from bean name 'taskExecutorBuilder' via factory method to bean named 'spring.task.execution-org.springframework.boot.autoconfigure.task.TaskExecutionProperties'
2024-04-10T13:26:29.034+05:30 TRACE 20084 --- [spring-boot-learn] [           main] o.s.b.f.s.DefaultListableBeanFactory     : Finished creating instance of bean 'taskExecutorBuilder'
2024-04-10T13:26:29.034+05:30 DEBUG 20084 --- [spring-boot-learn] [           main] o.s.b.f.s.DefaultListableBeanFactory     : Creating shared instance of singleton bean 'org.springframework.boot.autoconfigure.task.TaskExecutorConfigurations$SimpleAsyncTaskExecutorBuilderConfiguration'
2024-04-10T13:26:29.034+05:30 TRACE 20084 --- [spring-boot-learn] [           main] o.s.b.f.s.DefaultListableBeanFactory     : Creating instance of bean 'org.springframework.boot.autoconfigure.task.TaskExecutorConfigurations$SimpleAsyncTaskExecutorBuilderConfiguration'
2024-04-10T13:26:29.034+05:30 TRACE 20084 --- [spring-boot-learn] [           main] o.s.b.f.s.DefaultListableBeanFactory     : Returning cached instance of singleton bean 'spring.task.execution-org.springframework.boot.autoconfigure.task.TaskExecutionProperties'
2024-04-10T13:26:29.034+05:30 DEBUG 20084 --- [spring-boot-learn] [           main] o.s.b.f.s.DefaultListableBeanFactory     : Autowiring by type from bean name 'org.springframework.boot.autoconfigure.task.TaskExecutorConfigurations$SimpleAsyncTaskExecutorBuilderConfiguration' via constructor to bean named 'spring.task.execution-org.springframework.boot.autoconfigure.task.TaskExecutionProperties'
2024-04-10T13:26:29.035+05:30 TRACE 20084 --- [spring-boot-learn] [           main] o.s.b.f.s.DefaultListableBeanFactory     : Finished creating instance of bean 'org.springframework.boot.autoconfigure.task.TaskExecutorConfigurations$SimpleAsyncTaskExecutorBuilderConfiguration'
2024-04-10T13:26:29.035+05:30 DEBUG 20084 --- [spring-boot-learn] [           main] o.s.b.f.s.DefaultListableBeanFactory     : Creating shared instance of singleton bean 'simpleAsyncTaskExecutorBuilder'
2024-04-10T13:26:29.035+05:30 TRACE 20084 --- [spring-boot-learn] [           main] o.s.b.f.s.DefaultListableBeanFactory     : Creating instance of bean 'simpleAsyncTaskExecutorBuilder'
2024-04-10T13:26:29.035+05:30 TRACE 20084 --- [spring-boot-learn] [           main] o.s.b.f.s.DefaultListableBeanFactory     : Returning cached instance of singleton bean 'org.springframework.boot.autoconfigure.task.TaskExecutorConfigurations$SimpleAsyncTaskExecutorBuilderConfiguration'
2024-04-10T13:26:29.036+05:30 TRACE 20084 --- [spring-boot-learn] [           main] o.s.b.f.s.DefaultListableBeanFactory     : Finished creating instance of bean 'simpleAsyncTaskExecutorBuilder'
2024-04-10T13:26:29.037+05:30 DEBUG 20084 --- [spring-boot-learn] [           main] o.s.b.f.s.DefaultListableBeanFactory     : Creating shared instance of singleton bean 'org.springframework.boot.autoconfigure.task.TaskExecutorConfigurations$TaskExecutorConfiguration'
2024-04-10T13:26:29.037+05:30 TRACE 20084 --- [spring-boot-learn] [           main] o.s.b.f.s.DefaultListableBeanFactory     : Creating instance of bean 'org.springframework.boot.autoconfigure.task.TaskExecutorConfigurations$TaskExecutorConfiguration'
2024-04-10T13:26:29.037+05:30 TRACE 20084 --- [spring-boot-learn] [           main] o.s.b.f.s.DefaultListableBeanFactory     : Finished creating instance of bean 'org.springframework.boot.autoconfigure.task.TaskExecutorConfigurations$TaskExecutorConfiguration'
2024-04-10T13:26:29.037+05:30 DEBUG 20084 --- [spring-boot-learn] [           main] o.s.b.f.s.DefaultListableBeanFactory     : Creating shared instance of singleton bean 'org.springframework.boot.autoconfigure.task.TaskExecutionAutoConfiguration'
2024-04-10T13:26:29.037+05:30 TRACE 20084 --- [spring-boot-learn] [           main] o.s.b.f.s.DefaultListableBeanFactory     : Creating instance of bean 'org.springframework.boot.autoconfigure.task.TaskExecutionAutoConfiguration'
2024-04-10T13:26:29.037+05:30 TRACE 20084 --- [spring-boot-learn] [           main] o.s.b.f.s.DefaultListableBeanFactory     : Finished creating instance of bean 'org.springframework.boot.autoconfigure.task.TaskExecutionAutoConfiguration'
2024-04-10T13:26:29.037+05:30 TRACE 20084 --- [spring-boot-learn] [           main] o.s.b.f.s.DefaultListableBeanFactory     : Returning cached instance of singleton bean 'spring.task.execution-org.springframework.boot.autoconfigure.task.TaskExecutionProperties'
2024-04-10T13:26:29.037+05:30 DEBUG 20084 --- [spring-boot-learn] [           main] o.s.b.f.s.DefaultListableBeanFactory     : Creating shared instance of singleton bean 'org.springframework.boot.autoconfigure.web.servlet.error.ErrorMvcAutoConfiguration$WhitelabelErrorViewConfiguration'
2024-04-10T13:26:29.037+05:30 TRACE 20084 --- [spring-boot-learn] [           main] o.s.b.f.s.DefaultListableBeanFactory     : Creating instance of bean 'org.springframework.boot.autoconfigure.web.servlet.error.ErrorMvcAutoConfiguration$WhitelabelErrorViewConfiguration'
2024-04-10T13:26:29.039+05:30 TRACE 20084 --- [spring-boot-learn] [           main] o.s.b.f.s.DefaultListableBeanFactory     : Finished creating instance of bean 'org.springframework.boot.autoconfigure.web.servlet.error.ErrorMvcAutoConfiguration$WhitelabelErrorViewConfiguration'
2024-04-10T13:26:29.039+05:30 DEBUG 20084 --- [spring-boot-learn] [           main] o.s.b.f.s.DefaultListableBeanFactory     : Creating shared instance of singleton bean 'error'
2024-04-10T13:26:29.039+05:30 TRACE 20084 --- [spring-boot-learn] [           main] o.s.b.f.s.DefaultListableBeanFactory     : Creating instance of bean 'error'
2024-04-10T13:26:29.039+05:30 TRACE 20084 --- [spring-boot-learn] [           main] o.s.b.f.s.DefaultListableBeanFactory     : Returning cached instance of singleton bean 'org.springframework.boot.autoconfigure.web.servlet.error.ErrorMvcAutoConfiguration$WhitelabelErrorViewConfiguration'
2024-04-10T13:26:29.040+05:30 TRACE 20084 --- [spring-boot-learn] [           main] o.s.b.f.s.DefaultListableBeanFactory     : Finished creating instance of bean 'error'
2024-04-10T13:26:29.040+05:30 DEBUG 20084 --- [spring-boot-learn] [           main] o.s.b.f.s.DefaultListableBeanFactory     : Creating shared instance of singleton bean 'beanNameViewResolver'
2024-04-10T13:26:29.040+05:30 TRACE 20084 --- [spring-boot-learn] [           main] o.s.b.f.s.DefaultListableBeanFactory     : Creating instance of bean 'beanNameViewResolver'
2024-04-10T13:26:29.040+05:30 TRACE 20084 --- [spring-boot-learn] [           main] o.s.b.f.s.DefaultListableBeanFactory     : Returning cached instance of singleton bean 'org.springframework.boot.autoconfigure.web.servlet.error.ErrorMvcAutoConfiguration$WhitelabelErrorViewConfiguration'
2024-04-10T13:26:29.043+05:30 TRACE 20084 --- [spring-boot-learn] [           main] o.s.b.f.s.DefaultListableBeanFactory     : Finished creating instance of bean 'beanNameViewResolver'
2024-04-10T13:26:29.043+05:30 DEBUG 20084 --- [spring-boot-learn] [           main] o.s.b.f.s.DefaultListableBeanFactory     : Creating shared instance of singleton bean 'org.springframework.boot.autoconfigure.web.servlet.error.ErrorMvcAutoConfiguration$DefaultErrorViewResolverConfiguration'
2024-04-10T13:26:29.043+05:30 TRACE 20084 --- [spring-boot-learn] [           main] o.s.b.f.s.DefaultListableBeanFactory     : Creating instance of bean 'org.springframework.boot.autoconfigure.web.servlet.error.ErrorMvcAutoConfiguration$DefaultErrorViewResolverConfiguration'
2024-04-10T13:26:29.044+05:30 DEBUG 20084 --- [spring-boot-learn] [           main] o.s.b.f.s.DefaultListableBeanFactory     : Creating shared instance of singleton bean 'spring.web-org.springframework.boot.autoconfigure.web.WebProperties'
2024-04-10T13:26:29.044+05:30 TRACE 20084 --- [spring-boot-learn] [           main] o.s.b.f.s.DefaultListableBeanFactory     : Creating instance of bean 'spring.web-org.springframework.boot.autoconfigure.web.WebProperties'
2024-04-10T13:26:29.046+05:30 TRACE 20084 --- [spring-boot-learn] [           main] o.s.b.f.s.DefaultListableBeanFactory     : Returning cached instance of singleton bean 'org.springframework.boot.context.properties.BoundConfigurationProperties'
2024-04-10T13:26:29.047+05:30 TRACE 20084 --- [spring-boot-learn] [           main] o.s.b.f.s.DefaultListableBeanFactory     : Finished creating instance of bean 'spring.web-org.springframework.boot.autoconfigure.web.WebProperties'
2024-04-10T13:26:29.048+05:30 DEBUG 20084 --- [spring-boot-learn] [           main] o.s.b.f.s.DefaultListableBeanFactory     : Autowiring by type from bean name 'org.springframework.boot.autoconfigure.web.servlet.error.ErrorMvcAutoConfiguration$DefaultErrorViewResolverConfiguration' via constructor to bean named 'org.springframework.web.context.support.GenericWebApplicationContext@2f2bf0e2'
2024-04-10T13:26:29.048+05:30 DEBUG 20084 --- [spring-boot-learn] [           main] o.s.b.f.s.DefaultListableBeanFactory     : Autowiring by type from bean name 'org.springframework.boot.autoconfigure.web.servlet.error.ErrorMvcAutoConfiguration$DefaultErrorViewResolverConfiguration' via constructor to bean named 'spring.web-org.springframework.boot.autoconfigure.web.WebProperties'
2024-04-10T13:26:29.048+05:30 TRACE 20084 --- [spring-boot-learn] [           main] o.s.b.f.s.DefaultListableBeanFactory     : Finished creating instance of bean 'org.springframework.boot.autoconfigure.web.servlet.error.ErrorMvcAutoConfiguration$DefaultErrorViewResolverConfiguration'
2024-04-10T13:26:29.048+05:30 DEBUG 20084 --- [spring-boot-learn] [           main] o.s.b.f.s.DefaultListableBeanFactory     : Creating shared instance of singleton bean 'conventionErrorViewResolver'
2024-04-10T13:26:29.048+05:30 TRACE 20084 --- [spring-boot-learn] [           main] o.s.b.f.s.DefaultListableBeanFactory     : Creating instance of bean 'conventionErrorViewResolver'
2024-04-10T13:26:29.048+05:30 TRACE 20084 --- [spring-boot-learn] [           main] o.s.b.f.s.DefaultListableBeanFactory     : Returning cached instance of singleton bean 'org.springframework.boot.autoconfigure.web.servlet.error.ErrorMvcAutoConfiguration$DefaultErrorViewResolverConfiguration'
2024-04-10T13:26:29.050+05:30 TRACE 20084 --- [spring-boot-learn] [           main] o.s.c.io.support.SpringFactoriesLoader   : Loaded [org.springframework.boot.autoconfigure.template.TemplateAvailabilityProvider] names: [org.springframework.boot.autoconfigure.freemarker.FreeMarkerTemplateAvailabilityProvider, org.springframework.boot.autoconfigure.mustache.MustacheTemplateAvailabilityProvider, org.springframework.boot.autoconfigure.groovy.template.GroovyTemplateAvailabilityProvider, org.springframework.boot.autoconfigure.thymeleaf.ThymeleafTemplateAvailabilityProvider, org.springframework.boot.autoconfigure.web.servlet.JspTemplateAvailabilityProvider]
2024-04-10T13:26:29.050+05:30 TRACE 20084 --- [spring-boot-learn] [           main] o.s.b.f.s.DefaultListableBeanFactory     : Finished creating instance of bean 'conventionErrorViewResolver'
2024-04-10T13:26:29.050+05:30 TRACE 20084 --- [spring-boot-learn] [           main] o.s.b.f.s.DefaultListableBeanFactory     : Returning cached instance of singleton bean 'spring.web-org.springframework.boot.autoconfigure.web.WebProperties'
2024-04-10T13:26:29.050+05:30 TRACE 20084 --- [spring-boot-learn] [           main] o.s.b.f.s.DefaultListableBeanFactory     : Returning cached instance of singleton bean 'org.springframework.boot.autoconfigure.web.servlet.error.ErrorMvcAutoConfiguration'
2024-04-10T13:26:29.051+05:30 DEBUG 20084 --- [spring-boot-learn] [           main] o.s.b.f.s.DefaultListableBeanFactory     : Creating shared instance of singleton bean 'errorAttributes'
2024-04-10T13:26:29.051+05:30 TRACE 20084 --- [spring-boot-learn] [           main] o.s.b.f.s.DefaultListableBeanFactory     : Creating instance of bean 'errorAttributes'
2024-04-10T13:26:29.051+05:30 TRACE 20084 --- [spring-boot-learn] [           main] o.s.b.f.s.DefaultListableBeanFactory     : Returning cached instance of singleton bean 'org.springframework.boot.autoconfigure.web.servlet.error.ErrorMvcAutoConfiguration'
2024-04-10T13:26:29.052+05:30 TRACE 20084 --- [spring-boot-learn] [           main] o.s.b.f.s.DefaultListableBeanFactory     : Finished creating instance of bean 'errorAttributes'
2024-04-10T13:26:29.052+05:30 DEBUG 20084 --- [spring-boot-learn] [           main] o.s.b.f.s.DefaultListableBeanFactory     : Creating shared instance of singleton bean 'basicErrorController'
2024-04-10T13:26:29.052+05:30 TRACE 20084 --- [spring-boot-learn] [           main] o.s.b.f.s.DefaultListableBeanFactory     : Creating instance of bean 'basicErrorController'
2024-04-10T13:26:29.052+05:30 TRACE 20084 --- [spring-boot-learn] [           main] o.s.b.f.s.DefaultListableBeanFactory     : Returning cached instance of singleton bean 'org.springframework.boot.autoconfigure.web.servlet.error.ErrorMvcAutoConfiguration'
2024-04-10T13:26:29.053+05:30 TRACE 20084 --- [spring-boot-learn] [           main] o.s.b.f.s.DefaultListableBeanFactory     : Returning cached instance of singleton bean 'errorAttributes'
2024-04-10T13:26:29.053+05:30 DEBUG 20084 --- [spring-boot-learn] [           main] o.s.b.f.s.DefaultListableBeanFactory     : Autowiring by type from bean name 'basicErrorController' via factory method to bean named 'errorAttributes'
2024-04-10T13:26:29.054+05:30 TRACE 20084 --- [spring-boot-learn] [           main] o.s.b.f.s.DefaultListableBeanFactory     : Returning cached instance of singleton bean 'conventionErrorViewResolver'
2024-04-10T13:26:29.054+05:30 TRACE 20084 --- [spring-boot-learn] [           main] o.s.b.f.s.DefaultListableBeanFactory     : Returning cached instance of singleton bean 'conventionErrorViewResolver'
2024-04-10T13:26:29.057+05:30 TRACE 20084 --- [spring-boot-learn] [           main] o.s.b.f.s.DefaultListableBeanFactory     : Finished creating instance of bean 'basicErrorController'
2024-04-10T13:26:29.058+05:30 TRACE 20084 --- [spring-boot-learn] [           main] o.s.b.f.s.DefaultListableBeanFactory     : Returning cached instance of singleton bean 'errorPageCustomizer'
2024-04-10T13:26:29.058+05:30 TRACE 20084 --- [spring-boot-learn] [           main] o.s.b.f.s.DefaultListableBeanFactory     : Returning cached instance of singleton bean 'preserveErrorControllerTargetClassPostProcessor'
2024-04-10T13:26:29.058+05:30 DEBUG 20084 --- [spring-boot-learn] [           main] o.s.b.f.s.DefaultListableBeanFactory     : Creating shared instance of singleton bean 'org.springframework.boot.autoconfigure.web.servlet.WebMvcAutoConfiguration$EnableWebMvcConfiguration'
2024-04-10T13:26:29.058+05:30 TRACE 20084 --- [spring-boot-learn] [           main] o.s.b.f.s.DefaultListableBeanFactory     : Creating instance of bean 'org.springframework.boot.autoconfigure.web.servlet.WebMvcAutoConfiguration$EnableWebMvcConfiguration'
2024-04-10T13:26:29.058+05:30 TRACE 20084 --- [spring-boot-learn] [           main] o.s.b.f.s.DefaultListableBeanFactory     : Returning cached instance of singleton bean 'spring.mvc-org.springframework.boot.autoconfigure.web.servlet.WebMvcProperties'
2024-04-10T13:26:29.059+05:30 TRACE 20084 --- [spring-boot-learn] [           main] o.s.b.f.s.DefaultListableBeanFactory     : Returning cached instance of singleton bean 'spring.web-org.springframework.boot.autoconfigure.web.WebProperties'
2024-04-10T13:26:29.059+05:30 DEBUG 20084 --- [spring-boot-learn] [           main] o.s.b.f.s.DefaultListableBeanFactory     : Autowiring by type from bean name 'org.springframework.boot.autoconfigure.web.servlet.WebMvcAutoConfiguration$EnableWebMvcConfiguration' via constructor to bean named 'spring.mvc-org.springframework.boot.autoconfigure.web.servlet.WebMvcProperties'
2024-04-10T13:26:29.059+05:30 DEBUG 20084 --- [spring-boot-learn] [           main] o.s.b.f.s.DefaultListableBeanFactory     : Autowiring by type from bean name 'org.springframework.boot.autoconfigure.web.servlet.WebMvcAutoConfiguration$EnableWebMvcConfiguration' via constructor to bean named 'spring.web-org.springframework.boot.autoconfigure.web.WebProperties'
2024-04-10T13:26:29.059+05:30 DEBUG 20084 --- [spring-boot-learn] [           main] o.s.b.f.s.DefaultListableBeanFactory     : Autowiring by type from bean name 'org.springframework.boot.autoconfigure.web.servlet.WebMvcAutoConfiguration$EnableWebMvcConfiguration' via constructor to bean named 'org.springframework.beans.factory.support.DefaultListableBeanFactory@5bbbdd4b'
2024-04-10T13:26:29.061+05:30 TRACE 20084 --- [spring-boot-learn] [           main] o.s.beans.CachedIntrospectionResults     : Getting BeanInfo for class [org.springframework.boot.autoconfigure.web.servlet.WebMvcAutoConfiguration$EnableWebMvcConfiguration]
2024-04-10T13:26:29.062+05:30 TRACE 20084 --- [spring-boot-learn] [           main] o.s.beans.CachedIntrospectionResults     : Caching PropertyDescriptors for class [org.springframework.boot.autoconfigure.web.servlet.WebMvcAutoConfiguration$EnableWebMvcConfiguration]
2024-04-10T13:26:29.063+05:30 TRACE 20084 --- [spring-boot-learn] [           main] o.s.beans.CachedIntrospectionResults     : Found bean property 'applicationContext' of type [org.springframework.context.ApplicationContext]
2024-04-10T13:26:29.063+05:30 TRACE 20084 --- [spring-boot-learn] [           main] o.s.beans.CachedIntrospectionResults     : Found bean property 'class' of type [java.lang.Class]
2024-04-10T13:26:29.064+05:30 TRACE 20084 --- [spring-boot-learn] [           main] o.s.beans.CachedIntrospectionResults     : Found bean property 'configurers' of type [java.util.List]
2024-04-10T13:26:29.065+05:30 TRACE 20084 --- [spring-boot-learn] [           main] o.s.beans.CachedIntrospectionResults     : Found bean property 'resourceLoader' of type [org.springframework.core.io.ResourceLoader]
2024-04-10T13:26:29.065+05:30 TRACE 20084 --- [spring-boot-learn] [           main] o.s.beans.CachedIntrospectionResults     : Found bean property 'servletContext' of type [jakarta.servlet.ServletContext]
2024-04-10T13:26:29.067+05:30 DEBUG 20084 --- [spring-boot-learn] [           main] o.s.b.f.s.DefaultListableBeanFactory     : Creating shared instance of singleton bean 'org.springframework.boot.autoconfigure.web.servlet.WebMvcAutoConfiguration$WebMvcAutoConfigurationAdapter'
2024-04-10T13:26:29.068+05:30 TRACE 20084 --- [spring-boot-learn] [           main] o.s.b.f.s.DefaultListableBeanFactory     : Creating instance of bean 'org.springframework.boot.autoconfigure.web.servlet.WebMvcAutoConfiguration$WebMvcAutoConfigurationAdapter'
2024-04-10T13:26:29.068+05:30 TRACE 20084 --- [spring-boot-learn] [           main] o.s.b.f.s.DefaultListableBeanFactory     : Returning cached instance of singleton bean 'spring.web-org.springframework.boot.autoconfigure.web.WebProperties'
2024-04-10T13:26:29.068+05:30 TRACE 20084 --- [spring-boot-learn] [           main] o.s.b.f.s.DefaultListableBeanFactory     : Returning cached instance of singleton bean 'spring.mvc-org.springframework.boot.autoconfigure.web.servlet.WebMvcProperties'
2024-04-10T13:26:29.068+05:30 DEBUG 20084 --- [spring-boot-learn] [           main] o.s.b.f.s.DefaultListableBeanFactory     : Autowiring by type from bean name 'org.springframework.boot.autoconfigure.web.servlet.WebMvcAutoConfiguration$WebMvcAutoConfigurationAdapter' via constructor to bean named 'spring.web-org.springframework.boot.autoconfigure.web.WebProperties'
2024-04-10T13:26:29.068+05:30 DEBUG 20084 --- [spring-boot-learn] [           main] o.s.b.f.s.DefaultListableBeanFactory     : Autowiring by type from bean name 'org.springframework.boot.autoconfigure.web.servlet.WebMvcAutoConfiguration$WebMvcAutoConfigurationAdapter' via constructor to bean named 'spring.mvc-org.springframework.boot.autoconfigure.web.servlet.WebMvcProperties'
2024-04-10T13:26:29.068+05:30 DEBUG 20084 --- [spring-boot-learn] [           main] o.s.b.f.s.DefaultListableBeanFactory     : Autowiring by type from bean name 'org.springframework.boot.autoconfigure.web.servlet.WebMvcAutoConfiguration$WebMvcAutoConfigurationAdapter' via constructor to bean named 'org.springframework.beans.factory.support.DefaultListableBeanFactory@5bbbdd4b'
2024-04-10T13:26:29.069+05:30 TRACE 20084 --- [spring-boot-learn] [           main] o.s.b.f.s.DefaultListableBeanFactory     : Finished creating instance of bean 'org.springframework.boot.autoconfigure.web.servlet.WebMvcAutoConfiguration$WebMvcAutoConfigurationAdapter'
2024-04-10T13:26:29.070+05:30 TRACE 20084 --- [spring-boot-learn] [           main] f.a.AutowiredAnnotationBeanPostProcessor : Autowiring by type from bean name 'org.springframework.boot.autoconfigure.web.servlet.WebMvcAutoConfiguration$EnableWebMvcConfiguration' to bean named 'org.springframework.boot.autoconfigure.web.servlet.WebMvcAutoConfiguration$WebMvcAutoConfigurationAdapter'
2024-04-10T13:26:29.070+05:30 TRACE 20084 --- [spring-boot-learn] [           main] o.s.b.f.s.DefaultListableBeanFactory     : Finished creating instance of bean 'org.springframework.boot.autoconfigure.web.servlet.WebMvcAutoConfiguration$EnableWebMvcConfiguration'
2024-04-10T13:26:29.070+05:30 DEBUG 20084 --- [spring-boot-learn] [           main] o.s.b.f.s.DefaultListableBeanFactory     : Creating shared instance of singleton bean 'welcomePageHandlerMapping'
2024-04-10T13:26:29.070+05:30 TRACE 20084 --- [spring-boot-learn] [           main] o.s.b.f.s.DefaultListableBeanFactory     : Creating instance of bean 'welcomePageHandlerMapping'
2024-04-10T13:26:29.070+05:30 TRACE 20084 --- [spring-boot-learn] [           main] o.s.b.f.s.DefaultListableBeanFactory     : Returning cached instance of singleton bean 'org.springframework.boot.autoconfigure.web.servlet.WebMvcAutoConfiguration$EnableWebMvcConfiguration'
2024-04-10T13:26:29.071+05:30 DEBUG 20084 --- [spring-boot-learn] [           main] o.s.b.f.s.DefaultListableBeanFactory     : Creating shared instance of singleton bean 'mvcConversionService'
2024-04-10T13:26:29.071+05:30 TRACE 20084 --- [spring-boot-learn] [           main] o.s.b.f.s.DefaultListableBeanFactory     : Creating instance of bean 'mvcConversionService'
2024-04-10T13:26:29.071+05:30 TRACE 20084 --- [spring-boot-learn] [           main] o.s.b.f.s.DefaultListableBeanFactory     : Returning cached instance of singleton bean 'org.springframework.boot.autoconfigure.web.servlet.WebMvcAutoConfiguration$EnableWebMvcConfiguration'
2024-04-10T13:26:29.076+05:30 TRACE 20084 --- [spring-boot-learn] [           main] o.s.b.f.s.DefaultListableBeanFactory     : Finished creating instance of bean 'mvcConversionService'
2024-04-10T13:26:29.076+05:30 DEBUG 20084 --- [spring-boot-learn] [           main] o.s.b.f.s.DefaultListableBeanFactory     : Creating shared instance of singleton bean 'mvcResourceUrlProvider'
2024-04-10T13:26:29.076+05:30 TRACE 20084 --- [spring-boot-learn] [           main] o.s.b.f.s.DefaultListableBeanFactory     : Creating instance of bean 'mvcResourceUrlProvider'
2024-04-10T13:26:29.076+05:30 TRACE 20084 --- [spring-boot-learn] [           main] o.s.b.f.s.DefaultListableBeanFactory     : Returning cached instance of singleton bean 'org.springframework.boot.autoconfigure.web.servlet.WebMvcAutoConfiguration$EnableWebMvcConfiguration'
2024-04-10T13:26:29.078+05:30 TRACE 20084 --- [spring-boot-learn] [           main] o.s.b.f.s.DefaultListableBeanFactory     : Finished creating instance of bean 'mvcResourceUrlProvider'
2024-04-10T13:26:29.078+05:30 DEBUG 20084 --- [spring-boot-learn] [           main] o.s.b.f.s.DefaultListableBeanFactory     : Autowiring by type from bean name 'welcomePageHandlerMapping' via factory method to bean named 'org.springframework.web.context.support.GenericWebApplicationContext@2f2bf0e2'
2024-04-10T13:26:29.078+05:30 DEBUG 20084 --- [spring-boot-learn] [           main] o.s.b.f.s.DefaultListableBeanFactory     : Autowiring by type from bean name 'welcomePageHandlerMapping' via factory method to bean named 'mvcConversionService'
2024-04-10T13:26:29.078+05:30 DEBUG 20084 --- [spring-boot-learn] [           main] o.s.b.f.s.DefaultListableBeanFactory     : Autowiring by type from bean name 'welcomePageHandlerMapping' via factory method to bean named 'mvcResourceUrlProvider'
2024-04-10T13:26:29.080+05:30 TRACE 20084 --- [spring-boot-learn] [           main] o.s.c.io.support.SpringFactoriesLoader   : Loaded [org.springframework.boot.autoconfigure.template.TemplateAvailabilityProvider] names: [org.springframework.boot.autoconfigure.freemarker.FreeMarkerTemplateAvailabilityProvider, org.springframework.boot.autoconfigure.mustache.MustacheTemplateAvailabilityProvider, org.springframework.boot.autoconfigure.groovy.template.GroovyTemplateAvailabilityProvider, org.springframework.boot.autoconfigure.thymeleaf.ThymeleafTemplateAvailabilityProvider, org.springframework.boot.autoconfigure.web.servlet.JspTemplateAvailabilityProvider]
2024-04-10T13:26:29.089+05:30 TRACE 20084 --- [spring-boot-learn] [           main] o.s.b.f.s.DefaultListableBeanFactory     : Finished creating instance of bean 'welcomePageHandlerMapping'
2024-04-10T13:26:29.089+05:30 DEBUG 20084 --- [spring-boot-learn] [           main] o.s.b.f.s.DefaultListableBeanFactory     : Creating shared instance of singleton bean 'welcomePageNotAcceptableHandlerMapping'
2024-04-10T13:26:29.089+05:30 TRACE 20084 --- [spring-boot-learn] [           main] o.s.b.f.s.DefaultListableBeanFactory     : Creating instance of bean 'welcomePageNotAcceptableHandlerMapping'
2024-04-10T13:26:29.089+05:30 TRACE 20084 --- [spring-boot-learn] [           main] o.s.b.f.s.DefaultListableBeanFactory     : Returning cached instance of singleton bean 'org.springframework.boot.autoconfigure.web.servlet.WebMvcAutoConfiguration$EnableWebMvcConfiguration'
2024-04-10T13:26:29.089+05:30 TRACE 20084 --- [spring-boot-learn] [           main] o.s.b.f.s.DefaultListableBeanFactory     : Returning cached instance of singleton bean 'mvcConversionService'
2024-04-10T13:26:29.089+05:30 TRACE 20084 --- [spring-boot-learn] [           main] o.s.b.f.s.DefaultListableBeanFactory     : Returning cached instance of singleton bean 'mvcResourceUrlProvider'
2024-04-10T13:26:29.089+05:30 DEBUG 20084 --- [spring-boot-learn] [           main] o.s.b.f.s.DefaultListableBeanFactory     : Autowiring by type from bean name 'welcomePageNotAcceptableHandlerMapping' via factory method to bean named 'org.springframework.web.context.support.GenericWebApplicationContext@2f2bf0e2'
2024-04-10T13:26:29.089+05:30 DEBUG 20084 --- [spring-boot-learn] [           main] o.s.b.f.s.DefaultListableBeanFactory     : Autowiring by type from bean name 'welcomePageNotAcceptableHandlerMapping' via factory method to bean named 'mvcConversionService'
2024-04-10T13:26:29.089+05:30 DEBUG 20084 --- [spring-boot-learn] [           main] o.s.b.f.s.DefaultListableBeanFactory     : Autowiring by type from bean name 'welcomePageNotAcceptableHandlerMapping' via factory method to bean named 'mvcResourceUrlProvider'
2024-04-10T13:26:29.089+05:30 TRACE 20084 --- [spring-boot-learn] [           main] o.s.c.io.support.SpringFactoriesLoader   : Loaded [org.springframework.boot.autoconfigure.template.TemplateAvailabilityProvider] names: [org.springframework.boot.autoconfigure.freemarker.FreeMarkerTemplateAvailabilityProvider, org.springframework.boot.autoconfigure.mustache.MustacheTemplateAvailabilityProvider, org.springframework.boot.autoconfigure.groovy.template.GroovyTemplateAvailabilityProvider, org.springframework.boot.autoconfigure.thymeleaf.ThymeleafTemplateAvailabilityProvider, org.springframework.boot.autoconfigure.web.servlet.JspTemplateAvailabilityProvider]
2024-04-10T13:26:29.091+05:30 TRACE 20084 --- [spring-boot-learn] [           main] o.s.b.f.s.DefaultListableBeanFactory     : Finished creating instance of bean 'welcomePageNotAcceptableHandlerMapping'
2024-04-10T13:26:29.091+05:30 DEBUG 20084 --- [spring-boot-learn] [           main] o.s.b.f.s.DefaultListableBeanFactory     : Creating shared instance of singleton bean 'localeResolver'
2024-04-10T13:26:29.091+05:30 TRACE 20084 --- [spring-boot-learn] [           main] o.s.b.f.s.DefaultListableBeanFactory     : Creating instance of bean 'localeResolver'
2024-04-10T13:26:29.091+05:30 TRACE 20084 --- [spring-boot-learn] [           main] o.s.b.f.s.DefaultListableBeanFactory     : Returning cached instance of singleton bean 'org.springframework.boot.autoconfigure.web.servlet.WebMvcAutoConfiguration$EnableWebMvcConfiguration'
2024-04-10T13:26:29.092+05:30 TRACE 20084 --- [spring-boot-learn] [           main] o.s.b.f.s.DefaultListableBeanFactory     : Finished creating instance of bean 'localeResolver'
2024-04-10T13:26:29.092+05:30 DEBUG 20084 --- [spring-boot-learn] [           main] o.s.b.f.s.DefaultListableBeanFactory     : Creating shared instance of singleton bean 'themeResolver'
2024-04-10T13:26:29.092+05:30 TRACE 20084 --- [spring-boot-learn] [           main] o.s.b.f.s.DefaultListableBeanFactory     : Creating instance of bean 'themeResolver'
2024-04-10T13:26:29.092+05:30 TRACE 20084 --- [spring-boot-learn] [           main] o.s.b.f.s.DefaultListableBeanFactory     : Returning cached instance of singleton bean 'org.springframework.boot.autoconfigure.web.servlet.WebMvcAutoConfiguration$EnableWebMvcConfiguration'
2024-04-10T13:26:29.093+05:30 TRACE 20084 --- [spring-boot-learn] [           main] o.s.b.f.s.DefaultListableBeanFactory     : Finished creating instance of bean 'themeResolver'
2024-04-10T13:26:29.093+05:30 DEBUG 20084 --- [spring-boot-learn] [           main] o.s.b.f.s.DefaultListableBeanFactory     : Creating shared instance of singleton bean 'flashMapManager'
2024-04-10T13:26:29.093+05:30 TRACE 20084 --- [spring-boot-learn] [           main] o.s.b.f.s.DefaultListableBeanFactory     : Creating instance of bean 'flashMapManager'
2024-04-10T13:26:29.093+05:30 TRACE 20084 --- [spring-boot-learn] [           main] o.s.b.f.s.DefaultListableBeanFactory     : Returning cached instance of singleton bean 'org.springframework.boot.autoconfigure.web.servlet.WebMvcAutoConfiguration$EnableWebMvcConfiguration'
2024-04-10T13:26:29.094+05:30 TRACE 20084 --- [spring-boot-learn] [           main] o.s.b.f.s.DefaultListableBeanFactory     : Finished creating instance of bean 'flashMapManager'
2024-04-10T13:26:29.095+05:30 TRACE 20084 --- [spring-boot-learn] [           main] o.s.b.f.s.DefaultListableBeanFactory     : Returning cached instance of singleton bean 'mvcConversionService'
2024-04-10T13:26:29.095+05:30 DEBUG 20084 --- [spring-boot-learn] [           main] o.s.b.f.s.DefaultListableBeanFactory     : Creating shared instance of singleton bean 'mvcValidator'
2024-04-10T13:26:29.095+05:30 TRACE 20084 --- [spring-boot-learn] [           main] o.s.b.f.s.DefaultListableBeanFactory     : Creating instance of bean 'mvcValidator'
2024-04-10T13:26:29.095+05:30 TRACE 20084 --- [spring-boot-learn] [           main] o.s.b.f.s.DefaultListableBeanFactory     : Returning cached instance of singleton bean 'org.springframework.boot.autoconfigure.web.servlet.WebMvcAutoConfiguration$EnableWebMvcConfiguration'
2024-04-10T13:26:29.095+05:30 TRACE 20084 --- [spring-boot-learn] [           main] o.s.b.f.s.DefaultListableBeanFactory     : Finished creating instance of bean 'mvcValidator'
2024-04-10T13:26:29.095+05:30 DEBUG 20084 --- [spring-boot-learn] [           main] o.s.b.f.s.DefaultListableBeanFactory     : Creating shared instance of singleton bean 'mvcContentNegotiationManager'
2024-04-10T13:26:29.095+05:30 TRACE 20084 --- [spring-boot-learn] [           main] o.s.b.f.s.DefaultListableBeanFactory     : Creating instance of bean 'mvcContentNegotiationManager'
2024-04-10T13:26:29.095+05:30 TRACE 20084 --- [spring-boot-learn] [           main] o.s.b.f.s.DefaultListableBeanFactory     : Returning cached instance of singleton bean 'org.springframework.boot.autoconfigure.web.servlet.WebMvcAutoConfiguration$EnableWebMvcConfiguration'
2024-04-10T13:26:29.098+05:30 TRACE 20084 --- [spring-boot-learn] [           main] o.s.b.f.s.DefaultListableBeanFactory     : Finished creating instance of bean 'mvcContentNegotiationManager'
2024-04-10T13:26:29.098+05:30 DEBUG 20084 --- [spring-boot-learn] [           main] o.s.b.f.s.DefaultListableBeanFactory     : Creating shared instance of singleton bean 'requestMappingHandlerMapping'
2024-04-10T13:26:29.098+05:30 TRACE 20084 --- [spring-boot-learn] [           main] o.s.b.f.s.DefaultListableBeanFactory     : Creating instance of bean 'requestMappingHandlerMapping'
2024-04-10T13:26:29.098+05:30 TRACE 20084 --- [spring-boot-learn] [           main] o.s.b.f.s.DefaultListableBeanFactory     : Returning cached instance of singleton bean 'org.springframework.boot.autoconfigure.web.servlet.WebMvcAutoConfiguration$EnableWebMvcConfiguration'
2024-04-10T13:26:29.102+05:30 TRACE 20084 --- [spring-boot-learn] [           main] o.s.b.f.s.DefaultListableBeanFactory     : Returning cached instance of singleton bean 'mvcContentNegotiationManager'
2024-04-10T13:26:29.103+05:30 TRACE 20084 --- [spring-boot-learn] [           main] o.s.b.f.s.DefaultListableBeanFactory     : Returning cached instance of singleton bean 'mvcConversionService'
2024-04-10T13:26:29.103+05:30 TRACE 20084 --- [spring-boot-learn] [           main] o.s.b.f.s.DefaultListableBeanFactory     : Returning cached instance of singleton bean 'mvcResourceUrlProvider'
2024-04-10T13:26:29.103+05:30 DEBUG 20084 --- [spring-boot-learn] [           main] o.s.b.f.s.DefaultListableBeanFactory     : Autowiring by type from bean name 'requestMappingHandlerMapping' via factory method to bean named 'mvcContentNegotiationManager'
2024-04-10T13:26:29.103+05:30 DEBUG 20084 --- [spring-boot-learn] [           main] o.s.b.f.s.DefaultListableBeanFactory     : Autowiring by type from bean name 'requestMappingHandlerMapping' via factory method to bean named 'mvcConversionService'
2024-04-10T13:26:29.103+05:30 DEBUG 20084 --- [spring-boot-learn] [           main] o.s.b.f.s.DefaultListableBeanFactory     : Autowiring by type from bean name 'requestMappingHandlerMapping' via factory method to bean named 'mvcResourceUrlProvider'
2024-04-10T13:26:29.115+05:30 TRACE 20084 --- [spring-boot-learn] [           main] o.s.b.f.s.DefaultListableBeanFactory     : Invoking afterPropertiesSet() on bean with name 'requestMappingHandlerMapping'
2024-04-10T13:26:29.128+05:30 TRACE 20084 --- [spring-boot-learn] [           main] s.w.s.m.m.a.RequestMappingHandlerMapping : 
	c.s.s.a.CourseController:
	{ [/courses]}: retrieveAllCourses()
2024-04-10T13:26:29.130+05:30 TRACE 20084 --- [spring-boot-learn] [           main] s.w.s.m.m.a.RequestMappingHandlerMapping : 
	c.s.s.a.CurrencyConfigurationController:
	{ [/currency-configuration]}: retrieveAllCourses()
2024-04-10T13:26:29.132+05:30 TRACE 20084 --- [spring-boot-learn] [           main] o.s.c.e.PropertySourcesPropertyResolver  : Searching for key 'error.path:/error' in PropertySource 'environmentProperties'
2024-04-10T13:26:29.132+05:30 TRACE 20084 --- [spring-boot-learn] [           main] ySourcesPropertyResolver$DefaultResolver : Searching for key 'error.path:/error' in PropertySource 'configurationProperties'
2024-04-10T13:26:29.132+05:30 TRACE 20084 --- [spring-boot-learn] [           main] ySourcesPropertyResolver$DefaultResolver : Searching for key 'error.path:/error' in PropertySource 'test'
2024-04-10T13:26:29.132+05:30 TRACE 20084 --- [spring-boot-learn] [           main] ySourcesPropertyResolver$DefaultResolver : Searching for key 'error.path:/error' in PropertySource 'Inlined Test Properties'
2024-04-10T13:26:29.132+05:30 TRACE 20084 --- [spring-boot-learn] [           main] ySourcesPropertyResolver$DefaultResolver : Searching for key 'error.path:/error' in PropertySource 'servletConfigInitParams'
2024-04-10T13:26:29.132+05:30 TRACE 20084 --- [spring-boot-learn] [           main] ySourcesPropertyResolver$DefaultResolver : Searching for key 'error.path:/error' in PropertySource 'servletContextInitParams'
2024-04-10T13:26:29.132+05:30 TRACE 20084 --- [spring-boot-learn] [           main] ySourcesPropertyResolver$DefaultResolver : Searching for key 'error.path:/error' in PropertySource 'systemProperties'
2024-04-10T13:26:29.132+05:30 TRACE 20084 --- [spring-boot-learn] [           main] ySourcesPropertyResolver$DefaultResolver : Searching for key 'error.path:/error' in PropertySource 'systemEnvironment'
2024-04-10T13:26:29.132+05:30 TRACE 20084 --- [spring-boot-learn] [           main] ySourcesPropertyResolver$DefaultResolver : Searching for key 'error.path:/error' in PropertySource 'random'
2024-04-10T13:26:29.132+05:30 TRACE 20084 --- [spring-boot-learn] [           main] ySourcesPropertyResolver$DefaultResolver : Searching for key 'error.path:/error' in PropertySource 'Config resource 'class path resource [application-dev.properties]' via location 'optional:classpath:/''
2024-04-10T13:26:29.132+05:30 TRACE 20084 --- [spring-boot-learn] [           main] ySourcesPropertyResolver$DefaultResolver : Searching for key 'error.path:/error' in PropertySource 'Config resource 'class path resource [application.properties]' via location 'optional:classpath:/''
2024-04-10T13:26:29.132+05:30 TRACE 20084 --- [spring-boot-learn] [           main] ySourcesPropertyResolver$DefaultResolver : Could not find key 'error.path:/error' in any property source
2024-04-10T13:26:29.132+05:30 TRACE 20084 --- [spring-boot-learn] [           main] o.s.c.e.PropertySourcesPropertyResolver  : Searching for key 'error.path:/error' in PropertySource 'localProperties'
2024-04-10T13:26:29.132+05:30 TRACE 20084 --- [spring-boot-learn] [           main] o.s.c.e.PropertySourcesPropertyResolver  : Could not find key 'error.path:/error' in any property source
2024-04-10T13:26:29.132+05:30 TRACE 20084 --- [spring-boot-learn] [           main] o.s.c.e.PropertySourcesPropertyResolver  : Searching for key 'error.path' in PropertySource 'environmentProperties'
2024-04-10T13:26:29.132+05:30 TRACE 20084 --- [spring-boot-learn] [           main] o.s.c.e.PropertySourcesPropertyResolver  : Searching for key 'error.path' in PropertySource 'localProperties'
2024-04-10T13:26:29.132+05:30 TRACE 20084 --- [spring-boot-learn] [           main] o.s.c.e.PropertySourcesPropertyResolver  : Could not find key 'error.path' in any property source
2024-04-10T13:26:29.132+05:30 TRACE 20084 --- [spring-boot-learn] [           main] o.s.util.PropertyPlaceholderHelper       : Resolved placeholder 'error.path:/error'
2024-04-10T13:26:29.132+05:30 TRACE 20084 --- [spring-boot-learn] [           main] o.s.c.e.PropertySourcesPropertyResolver  : Searching for key 'server.error.path:/error' in PropertySource 'environmentProperties'
2024-04-10T13:26:29.132+05:30 TRACE 20084 --- [spring-boot-learn] [           main] ySourcesPropertyResolver$DefaultResolver : Searching for key 'server.error.path:/error' in PropertySource 'configurationProperties'
2024-04-10T13:26:29.132+05:30 TRACE 20084 --- [spring-boot-learn] [           main] ySourcesPropertyResolver$DefaultResolver : Searching for key 'server.error.path:/error' in PropertySource 'test'
2024-04-10T13:26:29.132+05:30 TRACE 20084 --- [spring-boot-learn] [           main] ySourcesPropertyResolver$DefaultResolver : Searching for key 'server.error.path:/error' in PropertySource 'Inlined Test Properties'
2024-04-10T13:26:29.132+05:30 TRACE 20084 --- [spring-boot-learn] [           main] ySourcesPropertyResolver$DefaultResolver : Searching for key 'server.error.path:/error' in PropertySource 'servletConfigInitParams'
2024-04-10T13:26:29.132+05:30 TRACE 20084 --- [spring-boot-learn] [           main] ySourcesPropertyResolver$DefaultResolver : Searching for key 'server.error.path:/error' in PropertySource 'servletContextInitParams'
2024-04-10T13:26:29.132+05:30 TRACE 20084 --- [spring-boot-learn] [           main] ySourcesPropertyResolver$DefaultResolver : Searching for key 'server.error.path:/error' in PropertySource 'systemProperties'
2024-04-10T13:26:29.132+05:30 TRACE 20084 --- [spring-boot-learn] [           main] ySourcesPropertyResolver$DefaultResolver : Searching for key 'server.error.path:/error' in PropertySource 'systemEnvironment'
2024-04-10T13:26:29.132+05:30 TRACE 20084 --- [spring-boot-learn] [           main] ySourcesPropertyResolver$DefaultResolver : Searching for key 'server.error.path:/error' in PropertySource 'random'
2024-04-10T13:26:29.132+05:30 TRACE 20084 --- [spring-boot-learn] [           main] ySourcesPropertyResolver$DefaultResolver : Searching for key 'server.error.path:/error' in PropertySource 'Config resource 'class path resource [application-dev.properties]' via location 'optional:classpath:/''
2024-04-10T13:26:29.132+05:30 TRACE 20084 --- [spring-boot-learn] [           main] ySourcesPropertyResolver$DefaultResolver : Searching for key 'server.error.path:/error' in PropertySource 'Config resource 'class path resource [application.properties]' via location 'optional:classpath:/''
2024-04-10T13:26:29.132+05:30 TRACE 20084 --- [spring-boot-learn] [           main] ySourcesPropertyResolver$DefaultResolver : Could not find key 'server.error.path:/error' in any property source
2024-04-10T13:26:29.132+05:30 TRACE 20084 --- [spring-boot-learn] [           main] o.s.c.e.PropertySourcesPropertyResolver  : Searching for key 'server.error.path:/error' in PropertySource 'localProperties'
2024-04-10T13:26:29.132+05:30 TRACE 20084 --- [spring-boot-learn] [           main] o.s.c.e.PropertySourcesPropertyResolver  : Could not find key 'server.error.path:/error' in any property source
2024-04-10T13:26:29.132+05:30 TRACE 20084 --- [spring-boot-learn] [           main] o.s.c.e.PropertySourcesPropertyResolver  : Searching for key 'server.error.path' in PropertySource 'environmentProperties'
2024-04-10T13:26:29.133+05:30 TRACE 20084 --- [spring-boot-learn] [           main] o.s.c.e.PropertySourcesPropertyResolver  : Searching for key 'server.error.path' in PropertySource 'localProperties'
2024-04-10T13:26:29.133+05:30 TRACE 20084 --- [spring-boot-learn] [           main] o.s.c.e.PropertySourcesPropertyResolver  : Could not find key 'server.error.path' in any property source
2024-04-10T13:26:29.133+05:30 TRACE 20084 --- [spring-boot-learn] [           main] o.s.util.PropertyPlaceholderHelper       : Resolved placeholder 'server.error.path:/error'
2024-04-10T13:26:29.133+05:30 TRACE 20084 --- [spring-boot-learn] [           main] o.s.c.e.PropertySourcesPropertyResolver  : Searching for key 'error.path:/error' in PropertySource 'environmentProperties'
2024-04-10T13:26:29.133+05:30 TRACE 20084 --- [spring-boot-learn] [           main] ySourcesPropertyResolver$DefaultResolver : Searching for key 'error.path:/error' in PropertySource 'configurationProperties'
2024-04-10T13:26:29.133+05:30 TRACE 20084 --- [spring-boot-learn] [           main] ySourcesPropertyResolver$DefaultResolver : Searching for key 'error.path:/error' in PropertySource 'test'
2024-04-10T13:26:29.133+05:30 TRACE 20084 --- [spring-boot-learn] [           main] ySourcesPropertyResolver$DefaultResolver : Searching for key 'error.path:/error' in PropertySource 'Inlined Test Properties'
2024-04-10T13:26:29.133+05:30 TRACE 20084 --- [spring-boot-learn] [           main] ySourcesPropertyResolver$DefaultResolver : Searching for key 'error.path:/error' in PropertySource 'servletConfigInitParams'
2024-04-10T13:26:29.133+05:30 TRACE 20084 --- [spring-boot-learn] [           main] ySourcesPropertyResolver$DefaultResolver : Searching for key 'error.path:/error' in PropertySource 'servletContextInitParams'
2024-04-10T13:26:29.133+05:30 TRACE 20084 --- [spring-boot-learn] [           main] ySourcesPropertyResolver$DefaultResolver : Searching for key 'error.path:/error' in PropertySource 'systemProperties'
2024-04-10T13:26:29.133+05:30 TRACE 20084 --- [spring-boot-learn] [           main] ySourcesPropertyResolver$DefaultResolver : Searching for key 'error.path:/error' in PropertySource 'systemEnvironment'
2024-04-10T13:26:29.133+05:30 TRACE 20084 --- [spring-boot-learn] [           main] ySourcesPropertyResolver$DefaultResolver : Searching for key 'error.path:/error' in PropertySource 'random'
2024-04-10T13:26:29.133+05:30 TRACE 20084 --- [spring-boot-learn] [           main] ySourcesPropertyResolver$DefaultResolver : Searching for key 'error.path:/error' in PropertySource 'Config resource 'class path resource [application-dev.properties]' via location 'optional:classpath:/''
2024-04-10T13:26:29.133+05:30 TRACE 20084 --- [spring-boot-learn] [           main] ySourcesPropertyResolver$DefaultResolver : Searching for key 'error.path:/error' in PropertySource 'Config resource 'class path resource [application.properties]' via location 'optional:classpath:/''
2024-04-10T13:26:29.133+05:30 TRACE 20084 --- [spring-boot-learn] [           main] ySourcesPropertyResolver$DefaultResolver : Could not find key 'error.path:/error' in any property source
2024-04-10T13:26:29.133+05:30 TRACE 20084 --- [spring-boot-learn] [           main] o.s.c.e.PropertySourcesPropertyResolver  : Searching for key 'error.path:/error' in PropertySource 'localProperties'
2024-04-10T13:26:29.133+05:30 TRACE 20084 --- [spring-boot-learn] [           main] o.s.c.e.PropertySourcesPropertyResolver  : Could not find key 'error.path:/error' in any property source
2024-04-10T13:26:29.133+05:30 TRACE 20084 --- [spring-boot-learn] [           main] o.s.c.e.PropertySourcesPropertyResolver  : Searching for key 'error.path' in PropertySource 'environmentProperties'
2024-04-10T13:26:29.133+05:30 TRACE 20084 --- [spring-boot-learn] [           main] o.s.c.e.PropertySourcesPropertyResolver  : Searching for key 'error.path' in PropertySource 'localProperties'
2024-04-10T13:26:29.133+05:30 TRACE 20084 --- [spring-boot-learn] [           main] o.s.c.e.PropertySourcesPropertyResolver  : Could not find key 'error.path' in any property source
2024-04-10T13:26:29.133+05:30 TRACE 20084 --- [spring-boot-learn] [           main] o.s.util.PropertyPlaceholderHelper       : Resolved placeholder 'error.path:/error'
2024-04-10T13:26:29.133+05:30 TRACE 20084 --- [spring-boot-learn] [           main] o.s.c.e.PropertySourcesPropertyResolver  : Searching for key 'server.error.path:/error' in PropertySource 'environmentProperties'
2024-04-10T13:26:29.133+05:30 TRACE 20084 --- [spring-boot-learn] [           main] ySourcesPropertyResolver$DefaultResolver : Searching for key 'server.error.path:/error' in PropertySource 'configurationProperties'
2024-04-10T13:26:29.133+05:30 TRACE 20084 --- [spring-boot-learn] [           main] ySourcesPropertyResolver$DefaultResolver : Searching for key 'server.error.path:/error' in PropertySource 'test'
2024-04-10T13:26:29.133+05:30 TRACE 20084 --- [spring-boot-learn] [           main] ySourcesPropertyResolver$DefaultResolver : Searching for key 'server.error.path:/error' in PropertySource 'Inlined Test Properties'
2024-04-10T13:26:29.133+05:30 TRACE 20084 --- [spring-boot-learn] [           main] ySourcesPropertyResolver$DefaultResolver : Searching for key 'server.error.path:/error' in PropertySource 'servletConfigInitParams'
2024-04-10T13:26:29.133+05:30 TRACE 20084 --- [spring-boot-learn] [           main] ySourcesPropertyResolver$DefaultResolver : Searching for key 'server.error.path:/error' in PropertySource 'servletContextInitParams'
2024-04-10T13:26:29.133+05:30 TRACE 20084 --- [spring-boot-learn] [           main] ySourcesPropertyResolver$DefaultResolver : Searching for key 'server.error.path:/error' in PropertySource 'systemProperties'
2024-04-10T13:26:29.133+05:30 TRACE 20084 --- [spring-boot-learn] [           main] ySourcesPropertyResolver$DefaultResolver : Searching for key 'server.error.path:/error' in PropertySource 'systemEnvironment'
2024-04-10T13:26:29.133+05:30 TRACE 20084 --- [spring-boot-learn] [           main] ySourcesPropertyResolver$DefaultResolver : Searching for key 'server.error.path:/error' in PropertySource 'random'
2024-04-10T13:26:29.133+05:30 TRACE 20084 --- [spring-boot-learn] [           main] ySourcesPropertyResolver$DefaultResolver : Searching for key 'server.error.path:/error' in PropertySource 'Config resource 'class path resource [application-dev.properties]' via location 'optional:classpath:/''
2024-04-10T13:26:29.133+05:30 TRACE 20084 --- [spring-boot-learn] [           main] ySourcesPropertyResolver$DefaultResolver : Searching for key 'server.error.path:/error' in PropertySource 'Config resource 'class path resource [application.properties]' via location 'optional:classpath:/''
2024-04-10T13:26:29.133+05:30 TRACE 20084 --- [spring-boot-learn] [           main] ySourcesPropertyResolver$DefaultResolver : Could not find key 'server.error.path:/error' in any property source
2024-04-10T13:26:29.133+05:30 TRACE 20084 --- [spring-boot-learn] [           main] o.s.c.e.PropertySourcesPropertyResolver  : Searching for key 'server.error.path:/error' in PropertySource 'localProperties'
2024-04-10T13:26:29.133+05:30 TRACE 20084 --- [spring-boot-learn] [           main] o.s.c.e.PropertySourcesPropertyResolver  : Could not find key 'server.error.path:/error' in any property source
2024-04-10T13:26:29.133+05:30 TRACE 20084 --- [spring-boot-learn] [           main] o.s.c.e.PropertySourcesPropertyResolver  : Searching for key 'server.error.path' in PropertySource 'environmentProperties'
2024-04-10T13:26:29.134+05:30 TRACE 20084 --- [spring-boot-learn] [           main] o.s.c.e.PropertySourcesPropertyResolver  : Searching for key 'server.error.path' in PropertySource 'localProperties'
2024-04-10T13:26:29.134+05:30 TRACE 20084 --- [spring-boot-learn] [           main] o.s.c.e.PropertySourcesPropertyResolver  : Could not find key 'server.error.path' in any property source
2024-04-10T13:26:29.134+05:30 TRACE 20084 --- [spring-boot-learn] [           main] o.s.util.PropertyPlaceholderHelper       : Resolved placeholder 'server.error.path:/error'
2024-04-10T13:26:29.134+05:30 TRACE 20084 --- [spring-boot-learn] [           main] s.w.s.m.m.a.RequestMappingHandlerMapping : 
	o.s.b.a.w.s.e.BasicErrorController:
	{ [/error]}: error(HttpServletRequest)
	{ [/error], produces [text/html]}: errorHtml(HttpServletRequest,HttpServletResponse)
2024-04-10T13:26:29.137+05:30 DEBUG 20084 --- [spring-boot-learn] [           main] s.w.s.m.m.a.RequestMappingHandlerMapping : 4 mappings in 'requestMappingHandlerMapping'
2024-04-10T13:26:29.137+05:30 TRACE 20084 --- [spring-boot-learn] [           main] o.s.b.f.s.DefaultListableBeanFactory     : Finished creating instance of bean 'requestMappingHandlerMapping'
2024-04-10T13:26:29.137+05:30 DEBUG 20084 --- [spring-boot-learn] [           main] o.s.b.f.s.DefaultListableBeanFactory     : Creating shared instance of singleton bean 'mvcPatternParser'
2024-04-10T13:26:29.137+05:30 TRACE 20084 --- [spring-boot-learn] [           main] o.s.b.f.s.DefaultListableBeanFactory     : Creating instance of bean 'mvcPatternParser'
2024-04-10T13:26:29.137+05:30 TRACE 20084 --- [spring-boot-learn] [           main] o.s.b.f.s.DefaultListableBeanFactory     : Returning cached instance of singleton bean 'org.springframework.boot.autoconfigure.web.servlet.WebMvcAutoConfiguration$EnableWebMvcConfiguration'
2024-04-10T13:26:29.138+05:30 TRACE 20084 --- [spring-boot-learn] [           main] o.s.b.f.s.DefaultListableBeanFactory     : Finished creating instance of bean 'mvcPatternParser'
2024-04-10T13:26:29.138+05:30 DEBUG 20084 --- [spring-boot-learn] [           main] o.s.b.f.s.DefaultListableBeanFactory     : Creating shared instance of singleton bean 'mvcUrlPathHelper'
2024-04-10T13:26:29.138+05:30 TRACE 20084 --- [spring-boot-learn] [           main] o.s.b.f.s.DefaultListableBeanFactory     : Creating instance of bean 'mvcUrlPathHelper'
2024-04-10T13:26:29.138+05:30 TRACE 20084 --- [spring-boot-learn] [           main] o.s.b.f.s.DefaultListableBeanFactory     : Returning cached instance of singleton bean 'org.springframework.boot.autoconfigure.web.servlet.WebMvcAutoConfiguration$EnableWebMvcConfiguration'
2024-04-10T13:26:29.139+05:30 TRACE 20084 --- [spring-boot-learn] [           main] o.s.b.f.s.DefaultListableBeanFactory     : Finished creating instance of bean 'mvcUrlPathHelper'
2024-04-10T13:26:29.139+05:30 DEBUG 20084 --- [spring-boot-learn] [           main] o.s.b.f.s.DefaultListableBeanFactory     : Creating shared instance of singleton bean 'mvcPathMatcher'
2024-04-10T13:26:29.139+05:30 TRACE 20084 --- [spring-boot-learn] [           main] o.s.b.f.s.DefaultListableBeanFactory     : Creating instance of bean 'mvcPathMatcher'
2024-04-10T13:26:29.139+05:30 TRACE 20084 --- [spring-boot-learn] [           main] o.s.b.f.s.DefaultListableBeanFactory     : Returning cached instance of singleton bean 'org.springframework.boot.autoconfigure.web.servlet.WebMvcAutoConfiguration$EnableWebMvcConfiguration'
2024-04-10T13:26:29.139+05:30 TRACE 20084 --- [spring-boot-learn] [           main] o.s.b.f.s.DefaultListableBeanFactory     : Finished creating instance of bean 'mvcPathMatcher'
2024-04-10T13:26:29.139+05:30 DEBUG 20084 --- [spring-boot-learn] [           main] o.s.b.f.s.DefaultListableBeanFactory     : Creating shared instance of singleton bean 'viewControllerHandlerMapping'
2024-04-10T13:26:29.139+05:30 TRACE 20084 --- [spring-boot-learn] [           main] o.s.b.f.s.DefaultListableBeanFactory     : Creating instance of bean 'viewControllerHandlerMapping'
2024-04-10T13:26:29.139+05:30 TRACE 20084 --- [spring-boot-learn] [           main] o.s.b.f.s.DefaultListableBeanFactory     : Returning cached instance of singleton bean 'org.springframework.boot.autoconfigure.web.servlet.WebMvcAutoConfiguration$EnableWebMvcConfiguration'
2024-04-10T13:26:29.139+05:30 TRACE 20084 --- [spring-boot-learn] [           main] o.s.b.f.s.DefaultListableBeanFactory     : Returning cached instance of singleton bean 'mvcConversionService'
2024-04-10T13:26:29.139+05:30 TRACE 20084 --- [spring-boot-learn] [           main] o.s.b.f.s.DefaultListableBeanFactory     : Returning cached instance of singleton bean 'mvcResourceUrlProvider'
2024-04-10T13:26:29.139+05:30 DEBUG 20084 --- [spring-boot-learn] [           main] o.s.b.f.s.DefaultListableBeanFactory     : Autowiring by type from bean name 'viewControllerHandlerMapping' via factory method to bean named 'mvcConversionService'
2024-04-10T13:26:29.139+05:30 DEBUG 20084 --- [spring-boot-learn] [           main] o.s.b.f.s.DefaultListableBeanFactory     : Autowiring by type from bean name 'viewControllerHandlerMapping' via factory method to bean named 'mvcResourceUrlProvider'
2024-04-10T13:26:29.140+05:30 TRACE 20084 --- [spring-boot-learn] [           main] o.s.b.f.s.DefaultListableBeanFactory     : Finished creating instance of bean 'viewControllerHandlerMapping'
2024-04-10T13:26:29.140+05:30 DEBUG 20084 --- [spring-boot-learn] [           main] o.s.b.f.s.DefaultListableBeanFactory     : Creating shared instance of singleton bean 'beanNameHandlerMapping'
2024-04-10T13:26:29.140+05:30 TRACE 20084 --- [spring-boot-learn] [           main] o.s.b.f.s.DefaultListableBeanFactory     : Creating instance of bean 'beanNameHandlerMapping'
2024-04-10T13:26:29.140+05:30 TRACE 20084 --- [spring-boot-learn] [           main] o.s.b.f.s.DefaultListableBeanFactory     : Returning cached instance of singleton bean 'org.springframework.boot.autoconfigure.web.servlet.WebMvcAutoConfiguration$EnableWebMvcConfiguration'
2024-04-10T13:26:29.140+05:30 TRACE 20084 --- [spring-boot-learn] [           main] o.s.b.f.s.DefaultListableBeanFactory     : Returning cached instance of singleton bean 'mvcConversionService'
2024-04-10T13:26:29.140+05:30 TRACE 20084 --- [spring-boot-learn] [           main] o.s.b.f.s.DefaultListableBeanFactory     : Returning cached instance of singleton bean 'mvcResourceUrlProvider'
2024-04-10T13:26:29.140+05:30 DEBUG 20084 --- [spring-boot-learn] [           main] o.s.b.f.s.DefaultListableBeanFactory     : Autowiring by type from bean name 'beanNameHandlerMapping' via factory method to bean named 'mvcConversionService'
2024-04-10T13:26:29.140+05:30 DEBUG 20084 --- [spring-boot-learn] [           main] o.s.b.f.s.DefaultListableBeanFactory     : Autowiring by type from bean name 'beanNameHandlerMapping' via factory method to bean named 'mvcResourceUrlProvider'
2024-04-10T13:26:29.142+05:30 DEBUG 20084 --- [spring-boot-learn] [           main] o.s.w.s.h.BeanNameUrlHandlerMapping      : Detected 0 mappings in 'beanNameHandlerMapping'
2024-04-10T13:26:29.142+05:30 TRACE 20084 --- [spring-boot-learn] [           main] o.s.b.f.s.DefaultListableBeanFactory     : Finished creating instance of bean 'beanNameHandlerMapping'
2024-04-10T13:26:29.142+05:30 DEBUG 20084 --- [spring-boot-learn] [           main] o.s.b.f.s.DefaultListableBeanFactory     : Creating shared instance of singleton bean 'routerFunctionMapping'
2024-04-10T13:26:29.142+05:30 TRACE 20084 --- [spring-boot-learn] [           main] o.s.b.f.s.DefaultListableBeanFactory     : Creating instance of bean 'routerFunctionMapping'
2024-04-10T13:26:29.142+05:30 TRACE 20084 --- [spring-boot-learn] [           main] o.s.b.f.s.DefaultListableBeanFactory     : Returning cached instance of singleton bean 'org.springframework.boot.autoconfigure.web.servlet.WebMvcAutoConfiguration$EnableWebMvcConfiguration'
2024-04-10T13:26:29.142+05:30 TRACE 20084 --- [spring-boot-learn] [           main] o.s.b.f.s.DefaultListableBeanFactory     : Returning cached instance of singleton bean 'mvcConversionService'
2024-04-10T13:26:29.142+05:30 TRACE 20084 --- [spring-boot-learn] [           main] o.s.b.f.s.DefaultListableBeanFactory     : Returning cached instance of singleton bean 'mvcResourceUrlProvider'
2024-04-10T13:26:29.142+05:30 DEBUG 20084 --- [spring-boot-learn] [           main] o.s.b.f.s.DefaultListableBeanFactory     : Autowiring by type from bean name 'routerFunctionMapping' via factory method to bean named 'mvcConversionService'
2024-04-10T13:26:29.142+05:30 DEBUG 20084 --- [spring-boot-learn] [           main] o.s.b.f.s.DefaultListableBeanFactory     : Autowiring by type from bean name 'routerFunctionMapping' via factory method to bean named 'mvcResourceUrlProvider'
2024-04-10T13:26:29.143+05:30 DEBUG 20084 --- [spring-boot-learn] [           main] o.s.b.f.s.DefaultListableBeanFactory     : Creating shared instance of singleton bean 'messageConverters'
2024-04-10T13:26:29.143+05:30 TRACE 20084 --- [spring-boot-learn] [           main] o.s.b.f.s.DefaultListableBeanFactory     : Creating instance of bean 'messageConverters'
2024-04-10T13:26:29.143+05:30 DEBUG 20084 --- [spring-boot-learn] [           main] o.s.b.f.s.DefaultListableBeanFactory     : Creating shared instance of singleton bean 'org.springframework.boot.autoconfigure.http.HttpMessageConvertersAutoConfiguration'
2024-04-10T13:26:29.143+05:30 TRACE 20084 --- [spring-boot-learn] [           main] o.s.b.f.s.DefaultListableBeanFactory     : Creating instance of bean 'org.springframework.boot.autoconfigure.http.HttpMessageConvertersAutoConfiguration'
2024-04-10T13:26:29.143+05:30 TRACE 20084 --- [spring-boot-learn] [           main] o.s.b.f.s.DefaultListableBeanFactory     : Finished creating instance of bean 'org.springframework.boot.autoconfigure.http.HttpMessageConvertersAutoConfiguration'
2024-04-10T13:26:29.145+05:30 DEBUG 20084 --- [spring-boot-learn] [           main] o.s.b.f.s.DefaultListableBeanFactory     : Creating shared instance of singleton bean 'stringHttpMessageConverter'
2024-04-10T13:26:29.145+05:30 TRACE 20084 --- [spring-boot-learn] [           main] o.s.b.f.s.DefaultListableBeanFactory     : Creating instance of bean 'stringHttpMessageConverter'
2024-04-10T13:26:29.145+05:30 DEBUG 20084 --- [spring-boot-learn] [           main] o.s.b.f.s.DefaultListableBeanFactory     : Creating shared instance of singleton bean 'org.springframework.boot.autoconfigure.http.HttpMessageConvertersAutoConfiguration$StringHttpMessageConverterConfiguration'
2024-04-10T13:26:29.145+05:30 TRACE 20084 --- [spring-boot-learn] [           main] o.s.b.f.s.DefaultListableBeanFactory     : Creating instance of bean 'org.springframework.boot.autoconfigure.http.HttpMessageConvertersAutoConfiguration$StringHttpMessageConverterConfiguration'
2024-04-10T13:26:29.146+05:30 TRACE 20084 --- [spring-boot-learn] [           main] o.s.b.f.s.DefaultListableBeanFactory     : Finished creating instance of bean 'org.springframework.boot.autoconfigure.http.HttpMessageConvertersAutoConfiguration$StringHttpMessageConverterConfiguration'
2024-04-10T13:26:29.146+05:30 TRACE 20084 --- [spring-boot-learn] [           main] o.s.b.f.s.DefaultListableBeanFactory     : Returning cached instance of singleton bean 'environment'
2024-04-10T13:26:29.146+05:30 DEBUG 20084 --- [spring-boot-learn] [           main] o.s.b.f.s.DefaultListableBeanFactory     : Autowiring by type from bean name 'stringHttpMessageConverter' via factory method to bean named 'environment'
2024-04-10T13:26:29.148+05:30 TRACE 20084 --- [spring-boot-learn] [           main] o.s.b.f.s.DefaultListableBeanFactory     : Finished creating instance of bean 'stringHttpMessageConverter'
2024-04-10T13:26:29.149+05:30 DEBUG 20084 --- [spring-boot-learn] [           main] o.s.b.f.s.DefaultListableBeanFactory     : Creating shared instance of singleton bean 'mappingJackson2HttpMessageConverter'
2024-04-10T13:26:29.149+05:30 TRACE 20084 --- [spring-boot-learn] [           main] o.s.b.f.s.DefaultListableBeanFactory     : Creating instance of bean 'mappingJackson2HttpMessageConverter'
2024-04-10T13:26:29.149+05:30 DEBUG 20084 --- [spring-boot-learn] [           main] o.s.b.f.s.DefaultListableBeanFactory     : Creating shared instance of singleton bean 'org.springframework.boot.autoconfigure.http.JacksonHttpMessageConvertersConfiguration$MappingJackson2HttpMessageConverterConfiguration'
2024-04-10T13:26:29.149+05:30 TRACE 20084 --- [spring-boot-learn] [           main] o.s.b.f.s.DefaultListableBeanFactory     : Creating instance of bean 'org.springframework.boot.autoconfigure.http.JacksonHttpMessageConvertersConfiguration$MappingJackson2HttpMessageConverterConfiguration'
2024-04-10T13:26:29.149+05:30 TRACE 20084 --- [spring-boot-learn] [           main] o.s.b.f.s.DefaultListableBeanFactory     : Finished creating instance of bean 'org.springframework.boot.autoconfigure.http.JacksonHttpMessageConvertersConfiguration$MappingJackson2HttpMessageConverterConfiguration'
2024-04-10T13:26:29.149+05:30 DEBUG 20084 --- [spring-boot-learn] [           main] o.s.b.f.s.DefaultListableBeanFactory     : Creating shared instance of singleton bean 'jacksonObjectMapper'
2024-04-10T13:26:29.149+05:30 TRACE 20084 --- [spring-boot-learn] [           main] o.s.b.f.s.DefaultListableBeanFactory     : Creating instance of bean 'jacksonObjectMapper'
2024-04-10T13:26:29.149+05:30 DEBUG 20084 --- [spring-boot-learn] [           main] o.s.b.f.s.DefaultListableBeanFactory     : Creating shared instance of singleton bean 'org.springframework.boot.autoconfigure.jackson.JacksonAutoConfiguration$JacksonObjectMapperConfiguration'
2024-04-10T13:26:29.149+05:30 TRACE 20084 --- [spring-boot-learn] [           main] o.s.b.f.s.DefaultListableBeanFactory     : Creating instance of bean 'org.springframework.boot.autoconfigure.jackson.JacksonAutoConfiguration$JacksonObjectMapperConfiguration'
2024-04-10T13:26:29.150+05:30 TRACE 20084 --- [spring-boot-learn] [           main] o.s.b.f.s.DefaultListableBeanFactory     : Finished creating instance of bean 'org.springframework.boot.autoconfigure.jackson.JacksonAutoConfiguration$JacksonObjectMapperConfiguration'
2024-04-10T13:26:29.150+05:30 TRACE 20084 --- [spring-boot-learn] [           main] o.s.b.f.s.DefaultListableBeanFactory     : Creating instance of bean 'jacksonObjectMapperBuilder'
2024-04-10T13:26:29.150+05:30 DEBUG 20084 --- [spring-boot-learn] [           main] o.s.b.f.s.DefaultListableBeanFactory     : Creating shared instance of singleton bean 'org.springframework.boot.autoconfigure.jackson.JacksonAutoConfiguration$JacksonObjectMapperBuilderConfiguration'
2024-04-10T13:26:29.150+05:30 TRACE 20084 --- [spring-boot-learn] [           main] o.s.b.f.s.DefaultListableBeanFactory     : Creating instance of bean 'org.springframework.boot.autoconfigure.jackson.JacksonAutoConfiguration$JacksonObjectMapperBuilderConfiguration'
2024-04-10T13:26:29.150+05:30 TRACE 20084 --- [spring-boot-learn] [           main] o.s.b.f.s.DefaultListableBeanFactory     : Finished creating instance of bean 'org.springframework.boot.autoconfigure.jackson.JacksonAutoConfiguration$JacksonObjectMapperBuilderConfiguration'
2024-04-10T13:26:29.151+05:30 DEBUG 20084 --- [spring-boot-learn] [           main] o.s.b.f.s.DefaultListableBeanFactory     : Creating shared instance of singleton bean 'standardJacksonObjectMapperBuilderCustomizer'
2024-04-10T13:26:29.151+05:30 TRACE 20084 --- [spring-boot-learn] [           main] o.s.b.f.s.DefaultListableBeanFactory     : Creating instance of bean 'standardJacksonObjectMapperBuilderCustomizer'
2024-04-10T13:26:29.151+05:30 DEBUG 20084 --- [spring-boot-learn] [           main] o.s.b.f.s.DefaultListableBeanFactory     : Creating shared instance of singleton bean 'org.springframework.boot.autoconfigure.jackson.JacksonAutoConfiguration$Jackson2ObjectMapperBuilderCustomizerConfiguration'
2024-04-10T13:26:29.151+05:30 TRACE 20084 --- [spring-boot-learn] [           main] o.s.b.f.s.DefaultListableBeanFactory     : Creating instance of bean 'org.springframework.boot.autoconfigure.jackson.JacksonAutoConfiguration$Jackson2ObjectMapperBuilderCustomizerConfiguration'
2024-04-10T13:26:29.151+05:30 TRACE 20084 --- [spring-boot-learn] [           main] o.s.b.f.s.DefaultListableBeanFactory     : Finished creating instance of bean 'org.springframework.boot.autoconfigure.jackson.JacksonAutoConfiguration$Jackson2ObjectMapperBuilderCustomizerConfiguration'
2024-04-10T13:26:29.151+05:30 DEBUG 20084 --- [spring-boot-learn] [           main] o.s.b.f.s.DefaultListableBeanFactory     : Creating shared instance of singleton bean 'spring.jackson-org.springframework.boot.autoconfigure.jackson.JacksonProperties'
2024-04-10T13:26:29.151+05:30 TRACE 20084 --- [spring-boot-learn] [           main] o.s.b.f.s.DefaultListableBeanFactory     : Creating instance of bean 'spring.jackson-org.springframework.boot.autoconfigure.jackson.JacksonProperties'
2024-04-10T13:26:29.152+05:30 TRACE 20084 --- [spring-boot-learn] [           main] o.s.b.f.s.DefaultListableBeanFactory     : Returning cached instance of singleton bean 'org.springframework.boot.context.properties.BoundConfigurationProperties'
2024-04-10T13:26:29.154+05:30 TRACE 20084 --- [spring-boot-learn] [           main] o.s.b.f.s.DefaultListableBeanFactory     : Finished creating instance of bean 'spring.jackson-org.springframework.boot.autoconfigure.jackson.JacksonProperties'
2024-04-10T13:26:29.154+05:30 DEBUG 20084 --- [spring-boot-learn] [           main] o.s.b.f.s.DefaultListableBeanFactory     : Autowiring by type from bean name 'standardJacksonObjectMapperBuilderCustomizer' via factory method to bean named 'spring.jackson-org.springframework.boot.autoconfigure.jackson.JacksonProperties'
2024-04-10T13:26:29.154+05:30 DEBUG 20084 --- [spring-boot-learn] [           main] o.s.b.f.s.DefaultListableBeanFactory     : Creating shared instance of singleton bean 'parameterNamesModule'
2024-04-10T13:26:29.154+05:30 TRACE 20084 --- [spring-boot-learn] [           main] o.s.b.f.s.DefaultListableBeanFactory     : Creating instance of bean 'parameterNamesModule'
2024-04-10T13:26:29.155+05:30 DEBUG 20084 --- [spring-boot-learn] [           main] o.s.b.f.s.DefaultListableBeanFactory     : Creating shared instance of singleton bean 'org.springframework.boot.autoconfigure.jackson.JacksonAutoConfiguration$ParameterNamesModuleConfiguration'
2024-04-10T13:26:29.155+05:30 TRACE 20084 --- [spring-boot-learn] [           main] o.s.b.f.s.DefaultListableBeanFactory     : Creating instance of bean 'org.springframework.boot.autoconfigure.jackson.JacksonAutoConfiguration$ParameterNamesModuleConfiguration'
2024-04-10T13:26:29.155+05:30 TRACE 20084 --- [spring-boot-learn] [           main] o.s.b.f.s.DefaultListableBeanFactory     : Finished creating instance of bean 'org.springframework.boot.autoconfigure.jackson.JacksonAutoConfiguration$ParameterNamesModuleConfiguration'
2024-04-10T13:26:29.156+05:30 TRACE 20084 --- [spring-boot-learn] [           main] o.s.b.f.s.DefaultListableBeanFactory     : Finished creating instance of bean 'parameterNamesModule'
2024-04-10T13:26:29.156+05:30 DEBUG 20084 --- [spring-boot-learn] [           main] o.s.b.f.s.DefaultListableBeanFactory     : Creating shared instance of singleton bean 'jsonMixinModule'
2024-04-10T13:26:29.156+05:30 TRACE 20084 --- [spring-boot-learn] [           main] o.s.b.f.s.DefaultListableBeanFactory     : Creating instance of bean 'jsonMixinModule'
2024-04-10T13:26:29.156+05:30 DEBUG 20084 --- [spring-boot-learn] [           main] o.s.b.f.s.DefaultListableBeanFactory     : Creating shared instance of singleton bean 'org.springframework.boot.autoconfigure.jackson.JacksonAutoConfiguration$JacksonMixinConfiguration'
2024-04-10T13:26:29.156+05:30 TRACE 20084 --- [spring-boot-learn] [           main] o.s.b.f.s.DefaultListableBeanFactory     : Creating instance of bean 'org.springframework.boot.autoconfigure.jackson.JacksonAutoConfiguration$JacksonMixinConfiguration'
2024-04-10T13:26:29.157+05:30 TRACE 20084 --- [spring-boot-learn] [           main] o.s.b.f.s.DefaultListableBeanFactory     : Finished creating instance of bean 'org.springframework.boot.autoconfigure.jackson.JacksonAutoConfiguration$JacksonMixinConfiguration'
2024-04-10T13:26:29.157+05:30 DEBUG 20084 --- [spring-boot-learn] [           main] o.s.b.f.s.DefaultListableBeanFactory     : Creating shared instance of singleton bean 'jsonMixinModuleEntries'
2024-04-10T13:26:29.157+05:30 TRACE 20084 --- [spring-boot-learn] [           main] o.s.b.f.s.DefaultListableBeanFactory     : Creating instance of bean 'jsonMixinModuleEntries'
2024-04-10T13:26:29.157+05:30 DEBUG 20084 --- [spring-boot-learn] [           main] o.s.b.f.s.DefaultListableBeanFactory     : Autowiring by type from bean name 'jsonMixinModuleEntries' via factory method to bean named 'org.springframework.web.context.support.GenericWebApplicationContext@2f2bf0e2'
2024-04-10T13:26:29.157+05:30 TRACE 20084 --- [spring-boot-learn] [           main] o.s.b.f.s.DefaultListableBeanFactory     : Returning cached instance of singleton bean 'org.springframework.boot.autoconfigure.AutoConfigurationPackages'
2024-04-10T13:26:29.157+05:30 DEBUG 20084 --- [spring-boot-learn] [           main] o.s.b.a.AutoConfigurationPackages        : @EnableAutoConfiguration was declared on a class in the package 'com.spring10.springbootlearn'. Automatic @Repository and @Entity scanning is enabled.
2024-04-10T13:26:29.157+05:30 TRACE 20084 --- [spring-boot-learn] [           main] o.s.b.f.s.DefaultListableBeanFactory     : Returning cached instance of singleton bean 'org.springframework.boot.autoconfigure.AutoConfigurationPackages'
2024-04-10T13:26:29.158+05:30 TRACE 20084 --- [spring-boot-learn] [           main] .i.s.PathMatchingResourcePatternResolver : Resolved module-path location pattern [com/spring10/springbootlearn/**/*.class] to resources []
2024-04-10T13:26:29.158+05:30 TRACE 20084 --- [spring-boot-learn] [           main] .i.s.PathMatchingResourcePatternResolver : Resolved module-path location pattern [com/spring10/springbootlearn/] to resources []
2024-04-10T13:26:29.158+05:30 TRACE 20084 --- [spring-boot-learn] [           main] .i.s.PathMatchingResourcePatternResolver : Resolved class path location [com/spring10/springbootlearn/] to resources [file [/home/ttpl-lnv15-092/IdeaProjects/spring-boot-learn/target/test-classes/com/spring10/springbootlearn], file [/home/ttpl-lnv15-092/IdeaProjects/spring-boot-learn/target/classes/com/spring10/springbootlearn]]
2024-04-10T13:26:29.159+05:30 TRACE 20084 --- [spring-boot-learn] [           main] .i.s.PathMatchingResourcePatternResolver : Searching directory [/home/ttpl-lnv15-092/IdeaProjects/spring-boot-learn/target/test-classes/com/spring10/springbootlearn] for files matching pattern [**/*.class]
2024-04-10T13:26:29.159+05:30 TRACE 20084 --- [spring-boot-learn] [           main] .i.s.PathMatchingResourcePatternResolver : Searching directory [/home/ttpl-lnv15-092/IdeaProjects/spring-boot-learn/target/classes/com/spring10/springbootlearn] for files matching pattern [**/*.class]
2024-04-10T13:26:29.159+05:30 TRACE 20084 --- [spring-boot-learn] [           main] .i.s.PathMatchingResourcePatternResolver : Resolved location pattern [classpath*:com/spring10/springbootlearn/**/*.class] to resources [file [/home/ttpl-lnv15-092/IdeaProjects/spring-boot-learn/target/test-classes/com/spring10/springbootlearn/SpringBootLearnApplicationTests.class], file [/home/ttpl-lnv15-092/IdeaProjects/spring-boot-learn/target/classes/com/spring10/springbootlearn/SpringBootLearnApplication.class], file [/home/ttpl-lnv15-092/IdeaProjects/spring-boot-learn/target/classes/com/spring10/springbootlearn/a1/Course.class], file [/home/ttpl-lnv15-092/IdeaProjects/spring-boot-learn/target/classes/com/spring10/springbootlearn/a1/CourseController.class], file [/home/ttpl-lnv15-092/IdeaProjects/spring-boot-learn/target/classes/com/spring10/springbootlearn/a1/CurrencyConfigurationController.class], file [/home/ttpl-lnv15-092/IdeaProjects/spring-boot-learn/target/classes/com/spring10/springbootlearn/a1/CurrencyServiceConfiguration.class]]
2024-04-10T13:26:29.159+05:30 TRACE 20084 --- [spring-boot-learn] [           main] nModuleEntries$JsonMixinComponentScanner : Scanning file [/home/ttpl-lnv15-092/IdeaProjects/spring-boot-learn/target/test-classes/com/spring10/springbootlearn/SpringBootLearnApplicationTests.class]
2024-04-10T13:26:29.159+05:30 TRACE 20084 --- [spring-boot-learn] [           main] nModuleEntries$JsonMixinComponentScanner : Ignored because not matching any filter: file [/home/ttpl-lnv15-092/IdeaProjects/spring-boot-learn/target/test-classes/com/spring10/springbootlearn/SpringBootLearnApplicationTests.class]
2024-04-10T13:26:29.159+05:30 TRACE 20084 --- [spring-boot-learn] [           main] nModuleEntries$JsonMixinComponentScanner : Scanning file [/home/ttpl-lnv15-092/IdeaProjects/spring-boot-learn/target/classes/com/spring10/springbootlearn/SpringBootLearnApplication.class]
2024-04-10T13:26:29.159+05:30 TRACE 20084 --- [spring-boot-learn] [           main] nModuleEntries$JsonMixinComponentScanner : Ignored because not matching any filter: file [/home/ttpl-lnv15-092/IdeaProjects/spring-boot-learn/target/classes/com/spring10/springbootlearn/SpringBootLearnApplication.class]
2024-04-10T13:26:29.159+05:30 TRACE 20084 --- [spring-boot-learn] [           main] nModuleEntries$JsonMixinComponentScanner : Scanning file [/home/ttpl-lnv15-092/IdeaProjects/spring-boot-learn/target/classes/com/spring10/springbootlearn/a1/Course.class]
2024-04-10T13:26:29.159+05:30 TRACE 20084 --- [spring-boot-learn] [           main] nModuleEntries$JsonMixinComponentScanner : Ignored because not matching any filter: file [/home/ttpl-lnv15-092/IdeaProjects/spring-boot-learn/target/classes/com/spring10/springbootlearn/a1/Course.class]
2024-04-10T13:26:29.160+05:30 TRACE 20084 --- [spring-boot-learn] [           main] nModuleEntries$JsonMixinComponentScanner : Scanning file [/home/ttpl-lnv15-092/IdeaProjects/spring-boot-learn/target/classes/com/spring10/springbootlearn/a1/CourseController.class]
2024-04-10T13:26:29.160+05:30 TRACE 20084 --- [spring-boot-learn] [           main] nModuleEntries$JsonMixinComponentScanner : Ignored because not matching any filter: file [/home/ttpl-lnv15-092/IdeaProjects/spring-boot-learn/target/classes/com/spring10/springbootlearn/a1/CourseController.class]
2024-04-10T13:26:29.160+05:30 TRACE 20084 --- [spring-boot-learn] [           main] nModuleEntries$JsonMixinComponentScanner : Scanning file [/home/ttpl-lnv15-092/IdeaProjects/spring-boot-learn/target/classes/com/spring10/springbootlearn/a1/CurrencyConfigurationController.class]
2024-04-10T13:26:29.160+05:30 TRACE 20084 --- [spring-boot-learn] [           main] nModuleEntries$JsonMixinComponentScanner : Ignored because not matching any filter: file [/home/ttpl-lnv15-092/IdeaProjects/spring-boot-learn/target/classes/com/spring10/springbootlearn/a1/CurrencyConfigurationController.class]
2024-04-10T13:26:29.160+05:30 TRACE 20084 --- [spring-boot-learn] [           main] nModuleEntries$JsonMixinComponentScanner : Scanning file [/home/ttpl-lnv15-092/IdeaProjects/spring-boot-learn/target/classes/com/spring10/springbootlearn/a1/CurrencyServiceConfiguration.class]
2024-04-10T13:26:29.160+05:30 TRACE 20084 --- [spring-boot-learn] [           main] nModuleEntries$JsonMixinComponentScanner : Ignored because not matching any filter: file [/home/ttpl-lnv15-092/IdeaProjects/spring-boot-learn/target/classes/com/spring10/springbootlearn/a1/CurrencyServiceConfiguration.class]
2024-04-10T13:26:29.160+05:30 TRACE 20084 --- [spring-boot-learn] [           main] o.s.b.f.s.DefaultListableBeanFactory     : Finished creating instance of bean 'jsonMixinModuleEntries'
2024-04-10T13:26:29.160+05:30 DEBUG 20084 --- [spring-boot-learn] [           main] o.s.b.f.s.DefaultListableBeanFactory     : Autowiring by type from bean name 'jsonMixinModule' via factory method to bean named 'org.springframework.web.context.support.GenericWebApplicationContext@2f2bf0e2'
2024-04-10T13:26:29.160+05:30 DEBUG 20084 --- [spring-boot-learn] [           main] o.s.b.f.s.DefaultListableBeanFactory     : Autowiring by type from bean name 'jsonMixinModule' via factory method to bean named 'jsonMixinModuleEntries'
2024-04-10T13:26:29.161+05:30 TRACE 20084 --- [spring-boot-learn] [           main] o.s.b.f.s.DefaultListableBeanFactory     : Finished creating instance of bean 'jsonMixinModule'
2024-04-10T13:26:29.161+05:30 DEBUG 20084 --- [spring-boot-learn] [           main] o.s.b.f.s.DefaultListableBeanFactory     : Creating shared instance of singleton bean 'jsonComponentModule'
2024-04-10T13:26:29.161+05:30 TRACE 20084 --- [spring-boot-learn] [           main] o.s.b.f.s.DefaultListableBeanFactory     : Creating instance of bean 'jsonComponentModule'
2024-04-10T13:26:29.161+05:30 DEBUG 20084 --- [spring-boot-learn] [           main] o.s.b.f.s.DefaultListableBeanFactory     : Creating shared instance of singleton bean 'org.springframework.boot.autoconfigure.jackson.JacksonAutoConfiguration'
2024-04-10T13:26:29.161+05:30 TRACE 20084 --- [spring-boot-learn] [           main] o.s.b.f.s.DefaultListableBeanFactory     : Creating instance of bean 'org.springframework.boot.autoconfigure.jackson.JacksonAutoConfiguration'
2024-04-10T13:26:29.161+05:30 TRACE 20084 --- [spring-boot-learn] [           main] o.s.b.f.s.DefaultListableBeanFactory     : Finished creating instance of bean 'org.springframework.boot.autoconfigure.jackson.JacksonAutoConfiguration'
2024-04-10T13:26:29.163+05:30 TRACE 20084 --- [spring-boot-learn] [           main] o.s.b.f.s.DefaultListableBeanFactory     : Invoking afterPropertiesSet() on bean with name 'jsonComponentModule'
2024-04-10T13:26:29.165+05:30 TRACE 20084 --- [spring-boot-learn] [           main] o.s.b.f.s.DefaultListableBeanFactory     : Finished creating instance of bean 'jsonComponentModule'
2024-04-10T13:26:29.165+05:30 TRACE 20084 --- [spring-boot-learn] [           main] o.s.b.f.s.DefaultListableBeanFactory     : Finished creating instance of bean 'standardJacksonObjectMapperBuilderCustomizer'
2024-04-10T13:26:29.165+05:30 DEBUG 20084 --- [spring-boot-learn] [           main] o.s.b.f.s.DefaultListableBeanFactory     : Autowiring by type from bean name 'jacksonObjectMapperBuilder' via factory method to bean named 'org.springframework.web.context.support.GenericWebApplicationContext@2f2bf0e2'
2024-04-10T13:26:29.165+05:30 DEBUG 20084 --- [spring-boot-learn] [           main] o.s.b.f.s.DefaultListableBeanFactory     : Autowiring by type from bean name 'jacksonObjectMapperBuilder' via factory method to bean named 'standardJacksonObjectMapperBuilderCustomizer'
2024-04-10T13:26:29.167+05:30 TRACE 20084 --- [spring-boot-learn] [           main] o.s.b.f.s.DefaultListableBeanFactory     : Finished creating instance of bean 'jacksonObjectMapperBuilder'
2024-04-10T13:26:29.167+05:30 DEBUG 20084 --- [spring-boot-learn] [           main] o.s.b.f.s.DefaultListableBeanFactory     : Autowiring by type from bean name 'jacksonObjectMapper' via factory method to bean named 'jacksonObjectMapperBuilder'
2024-04-10T13:26:29.173+05:30 TRACE 20084 --- [spring-boot-learn] [           main] o.s.b.f.s.DefaultListableBeanFactory     : Finished creating instance of bean 'jacksonObjectMapper'
2024-04-10T13:26:29.173+05:30 DEBUG 20084 --- [spring-boot-learn] [           main] o.s.b.f.s.DefaultListableBeanFactory     : Autowiring by type from bean name 'mappingJackson2HttpMessageConverter' via factory method to bean named 'jacksonObjectMapper'
2024-04-10T13:26:29.174+05:30 TRACE 20084 --- [spring-boot-learn] [           main] o.s.b.f.s.DefaultListableBeanFactory     : Finished creating instance of bean 'mappingJackson2HttpMessageConverter'
2024-04-10T13:26:29.174+05:30 TRACE 20084 --- [spring-boot-learn] [           main] o.s.b.f.s.DefaultListableBeanFactory     : Returning cached instance of singleton bean 'stringHttpMessageConverter'
2024-04-10T13:26:29.174+05:30 TRACE 20084 --- [spring-boot-learn] [           main] o.s.b.f.s.DefaultListableBeanFactory     : Returning cached instance of singleton bean 'mappingJackson2HttpMessageConverter'
2024-04-10T13:26:29.177+05:30 TRACE 20084 --- [spring-boot-learn] [           main] o.s.b.f.s.DefaultListableBeanFactory     : Finished creating instance of bean 'messageConverters'
2024-04-10T13:26:29.179+05:30 TRACE 20084 --- [spring-boot-learn] [           main] o.s.b.f.s.DefaultListableBeanFactory     : Invoking afterPropertiesSet() on bean with name 'routerFunctionMapping'
2024-04-10T13:26:29.181+05:30 TRACE 20084 --- [spring-boot-learn] [           main] o.s.w.s.f.support.RouterFunctionMapping  : 0 RouterFunction(s) in 'routerFunctionMapping'
2024-04-10T13:26:29.181+05:30 TRACE 20084 --- [spring-boot-learn] [           main] o.s.b.f.s.DefaultListableBeanFactory     : Finished creating instance of bean 'routerFunctionMapping'
2024-04-10T13:26:29.181+05:30 DEBUG 20084 --- [spring-boot-learn] [           main] o.s.b.f.s.DefaultListableBeanFactory     : Creating shared instance of singleton bean 'resourceHandlerMapping'
2024-04-10T13:26:29.181+05:30 TRACE 20084 --- [spring-boot-learn] [           main] o.s.b.f.s.DefaultListableBeanFactory     : Creating instance of bean 'resourceHandlerMapping'
2024-04-10T13:26:29.181+05:30 TRACE 20084 --- [spring-boot-learn] [           main] o.s.b.f.s.DefaultListableBeanFactory     : Returning cached instance of singleton bean 'org.springframework.boot.autoconfigure.web.servlet.WebMvcAutoConfiguration$EnableWebMvcConfiguration'
2024-04-10T13:26:29.182+05:30 TRACE 20084 --- [spring-boot-learn] [           main] o.s.b.f.s.DefaultListableBeanFactory     : Returning cached instance of singleton bean 'mvcContentNegotiationManager'
2024-04-10T13:26:29.182+05:30 TRACE 20084 --- [spring-boot-learn] [           main] o.s.b.f.s.DefaultListableBeanFactory     : Returning cached instance of singleton bean 'mvcConversionService'
2024-04-10T13:26:29.182+05:30 TRACE 20084 --- [spring-boot-learn] [           main] o.s.b.f.s.DefaultListableBeanFactory     : Returning cached instance of singleton bean 'mvcResourceUrlProvider'
2024-04-10T13:26:29.182+05:30 DEBUG 20084 --- [spring-boot-learn] [           main] o.s.b.f.s.DefaultListableBeanFactory     : Autowiring by type from bean name 'resourceHandlerMapping' via factory method to bean named 'mvcContentNegotiationManager'
2024-04-10T13:26:29.182+05:30 DEBUG 20084 --- [spring-boot-learn] [           main] o.s.b.f.s.DefaultListableBeanFactory     : Autowiring by type from bean name 'resourceHandlerMapping' via factory method to bean named 'mvcConversionService'
2024-04-10T13:26:29.182+05:30 DEBUG 20084 --- [spring-boot-learn] [           main] o.s.b.f.s.DefaultListableBeanFactory     : Autowiring by type from bean name 'resourceHandlerMapping' via factory method to bean named 'mvcResourceUrlProvider'
2024-04-10T13:26:29.191+05:30 TRACE 20084 --- [spring-boot-learn] [           main] o.s.w.s.handler.SimpleUrlHandlerMapping  : Mapped [/webjars/**] onto ResourceHttpRequestHandler [classpath [META-INF/resources/webjars/]]
2024-04-10T13:26:29.191+05:30 TRACE 20084 --- [spring-boot-learn] [           main] o.s.w.s.handler.SimpleUrlHandlerMapping  : Mapped [/**] onto ResourceHttpRequestHandler [classpath [META-INF/resources/], classpath [resources/], classpath [static/], classpath [public/], ServletContext [/]]
2024-04-10T13:26:29.192+05:30 DEBUG 20084 --- [spring-boot-learn] [           main] o.s.w.s.handler.SimpleUrlHandlerMapping  : Patterns [/webjars/**, /**] in 'resourceHandlerMapping'
2024-04-10T13:26:29.192+05:30 TRACE 20084 --- [spring-boot-learn] [           main] o.s.b.f.s.DefaultListableBeanFactory     : Finished creating instance of bean 'resourceHandlerMapping'
2024-04-10T13:26:29.192+05:30 TRACE 20084 --- [spring-boot-learn] [           main] o.s.b.f.s.DefaultListableBeanFactory     : Returning cached instance of singleton bean 'mvcResourceUrlProvider'
2024-04-10T13:26:29.192+05:30 DEBUG 20084 --- [spring-boot-learn] [           main] o.s.b.f.s.DefaultListableBeanFactory     : Creating shared instance of singleton bean 'defaultServletHandlerMapping'
2024-04-10T13:26:29.192+05:30 TRACE 20084 --- [spring-boot-learn] [           main] o.s.b.f.s.DefaultListableBeanFactory     : Creating instance of bean 'defaultServletHandlerMapping'
2024-04-10T13:26:29.192+05:30 TRACE 20084 --- [spring-boot-learn] [           main] o.s.b.f.s.DefaultListableBeanFactory     : Returning cached instance of singleton bean 'org.springframework.boot.autoconfigure.web.servlet.WebMvcAutoConfiguration$EnableWebMvcConfiguration'
2024-04-10T13:26:29.192+05:30 TRACE 20084 --- [spring-boot-learn] [           main] o.s.b.f.s.DefaultListableBeanFactory     : Finished creating instance of bean 'defaultServletHandlerMapping'
2024-04-10T13:26:29.192+05:30 DEBUG 20084 --- [spring-boot-learn] [           main] o.s.b.f.s.DefaultListableBeanFactory     : Creating shared instance of singleton bean 'requestMappingHandlerAdapter'
2024-04-10T13:26:29.192+05:30 TRACE 20084 --- [spring-boot-learn] [           main] o.s.b.f.s.DefaultListableBeanFactory     : Creating instance of bean 'requestMappingHandlerAdapter'
2024-04-10T13:26:29.192+05:30 TRACE 20084 --- [spring-boot-learn] [           main] o.s.b.f.s.DefaultListableBeanFactory     : Returning cached instance of singleton bean 'org.springframework.boot.autoconfigure.web.servlet.WebMvcAutoConfiguration$EnableWebMvcConfiguration'
2024-04-10T13:26:29.193+05:30 TRACE 20084 --- [spring-boot-learn] [           main] o.s.b.f.s.DefaultListableBeanFactory     : Returning cached instance of singleton bean 'mvcContentNegotiationManager'
2024-04-10T13:26:29.193+05:30 TRACE 20084 --- [spring-boot-learn] [           main] o.s.b.f.s.DefaultListableBeanFactory     : Returning cached instance of singleton bean 'mvcConversionService'
2024-04-10T13:26:29.193+05:30 TRACE 20084 --- [spring-boot-learn] [           main] o.s.b.f.s.DefaultListableBeanFactory     : Returning cached instance of singleton bean 'mvcValidator'
2024-04-10T13:26:29.193+05:30 DEBUG 20084 --- [spring-boot-learn] [           main] o.s.b.f.s.DefaultListableBeanFactory     : Autowiring by type from bean name 'requestMappingHandlerAdapter' via factory method to bean named 'mvcContentNegotiationManager'
2024-04-10T13:26:29.193+05:30 DEBUG 20084 --- [spring-boot-learn] [           main] o.s.b.f.s.DefaultListableBeanFactory     : Autowiring by type from bean name 'requestMappingHandlerAdapter' via factory method to bean named 'mvcConversionService'
2024-04-10T13:26:29.193+05:30 DEBUG 20084 --- [spring-boot-learn] [           main] o.s.b.f.s.DefaultListableBeanFactory     : Autowiring by type from bean name 'requestMappingHandlerAdapter' via factory method to bean named 'mvcValidator'
2024-04-10T13:26:29.200+05:30 DEBUG 20084 --- [spring-boot-learn] [           main] o.s.b.f.s.DefaultListableBeanFactory     : Creating shared instance of singleton bean 'applicationTaskExecutor'
2024-04-10T13:26:29.200+05:30 TRACE 20084 --- [spring-boot-learn] [           main] o.s.b.f.s.DefaultListableBeanFactory     : Creating instance of bean 'applicationTaskExecutor'
2024-04-10T13:26:29.200+05:30 TRACE 20084 --- [spring-boot-learn] [           main] o.s.b.f.s.DefaultListableBeanFactory     : Returning cached instance of singleton bean 'org.springframework.boot.autoconfigure.task.TaskExecutorConfigurations$TaskExecutorConfiguration'
2024-04-10T13:26:29.200+05:30 TRACE 20084 --- [spring-boot-learn] [           main] o.s.b.f.s.DefaultListableBeanFactory     : Returning cached instance of singleton bean 'taskExecutorBuilder'
2024-04-10T13:26:29.200+05:30 DEBUG 20084 --- [spring-boot-learn] [           main] o.s.b.f.s.DefaultListableBeanFactory     : Autowiring by type from bean name 'applicationTaskExecutor' via factory method to bean named 'taskExecutorBuilder'
2024-04-10T13:26:29.201+05:30 TRACE 20084 --- [spring-boot-learn] [           main] o.s.b.f.s.DefaultListableBeanFactory     : Returning cached instance of singleton bean 'threadPoolTaskExecutorBuilder'
2024-04-10T13:26:29.207+05:30 TRACE 20084 --- [spring-boot-learn] [           main] o.s.b.f.s.DefaultListableBeanFactory     : Invoking afterPropertiesSet() on bean with name 'applicationTaskExecutor'
2024-04-10T13:26:29.208+05:30 DEBUG 20084 --- [spring-boot-learn] [           main] o.s.s.concurrent.ThreadPoolTaskExecutor  : Initializing ExecutorService 'applicationTaskExecutor'
2024-04-10T13:26:29.208+05:30 TRACE 20084 --- [spring-boot-learn] [           main] o.s.b.f.s.DefaultListableBeanFactory     : Finished creating instance of bean 'applicationTaskExecutor'
2024-04-10T13:26:29.211+05:30 TRACE 20084 --- [spring-boot-learn] [           main] o.s.b.f.s.DefaultListableBeanFactory     : Invoking afterPropertiesSet() on bean with name 'requestMappingHandlerAdapter'
2024-04-10T13:26:29.217+05:30 DEBUG 20084 --- [spring-boot-learn] [           main] s.w.s.m.m.a.RequestMappingHandlerAdapter : ControllerAdvice beans: 0 @ModelAttribute, 0 @InitBinder, 1 RequestBodyAdvice, 1 ResponseBodyAdvice
2024-04-10T13:26:29.236+05:30 TRACE 20084 --- [spring-boot-learn] [           main] o.s.b.f.s.DefaultListableBeanFactory     : Finished creating instance of bean 'requestMappingHandlerAdapter'
2024-04-10T13:26:29.236+05:30 DEBUG 20084 --- [spring-boot-learn] [           main] o.s.b.f.s.DefaultListableBeanFactory     : Creating shared instance of singleton bean 'handlerFunctionAdapter'
2024-04-10T13:26:29.237+05:30 TRACE 20084 --- [spring-boot-learn] [           main] o.s.b.f.s.DefaultListableBeanFactory     : Creating instance of bean 'handlerFunctionAdapter'
2024-04-10T13:26:29.237+05:30 TRACE 20084 --- [spring-boot-learn] [           main] o.s.b.f.s.DefaultListableBeanFactory     : Returning cached instance of singleton bean 'org.springframework.boot.autoconfigure.web.servlet.WebMvcAutoConfiguration$EnableWebMvcConfiguration'
2024-04-10T13:26:29.238+05:30 TRACE 20084 --- [spring-boot-learn] [           main] o.s.b.f.s.DefaultListableBeanFactory     : Finished creating instance of bean 'handlerFunctionAdapter'
2024-04-10T13:26:29.238+05:30 DEBUG 20084 --- [spring-boot-learn] [           main] o.s.b.f.s.DefaultListableBeanFactory     : Creating shared instance of singleton bean 'mvcUriComponentsContributor'
2024-04-10T13:26:29.238+05:30 TRACE 20084 --- [spring-boot-learn] [           main] o.s.b.f.s.DefaultListableBeanFactory     : Creating instance of bean 'mvcUriComponentsContributor'
2024-04-10T13:26:29.238+05:30 TRACE 20084 --- [spring-boot-learn] [           main] o.s.b.f.s.DefaultListableBeanFactory     : Returning cached instance of singleton bean 'org.springframework.boot.autoconfigure.web.servlet.WebMvcAutoConfiguration$EnableWebMvcConfiguration'
2024-04-10T13:26:29.238+05:30 TRACE 20084 --- [spring-boot-learn] [           main] o.s.b.f.s.DefaultListableBeanFactory     : Returning cached instance of singleton bean 'mvcConversionService'
2024-04-10T13:26:29.239+05:30 TRACE 20084 --- [spring-boot-learn] [           main] o.s.b.f.s.DefaultListableBeanFactory     : Returning cached instance of singleton bean 'requestMappingHandlerAdapter'
2024-04-10T13:26:29.239+05:30 DEBUG 20084 --- [spring-boot-learn] [           main] o.s.b.f.s.DefaultListableBeanFactory     : Autowiring by type from bean name 'mvcUriComponentsContributor' via factory method to bean named 'mvcConversionService'
2024-04-10T13:26:29.239+05:30 DEBUG 20084 --- [spring-boot-learn] [           main] o.s.b.f.s.DefaultListableBeanFactory     : Autowiring by type from bean name 'mvcUriComponentsContributor' via factory method to bean named 'requestMappingHandlerAdapter'
2024-04-10T13:26:29.241+05:30 TRACE 20084 --- [spring-boot-learn] [           main] o.s.b.f.s.DefaultListableBeanFactory     : Finished creating instance of bean 'mvcUriComponentsContributor'
2024-04-10T13:26:29.241+05:30 DEBUG 20084 --- [spring-boot-learn] [           main] o.s.b.f.s.DefaultListableBeanFactory     : Creating shared instance of singleton bean 'httpRequestHandlerAdapter'
2024-04-10T13:26:29.241+05:30 TRACE 20084 --- [spring-boot-learn] [           main] o.s.b.f.s.DefaultListableBeanFactory     : Creating instance of bean 'httpRequestHandlerAdapter'
2024-04-10T13:26:29.241+05:30 TRACE 20084 --- [spring-boot-learn] [           main] o.s.b.f.s.DefaultListableBeanFactory     : Returning cached instance of singleton bean 'org.springframework.boot.autoconfigure.web.servlet.WebMvcAutoConfiguration$EnableWebMvcConfiguration'
2024-04-10T13:26:29.242+05:30 TRACE 20084 --- [spring-boot-learn] [           main] o.s.b.f.s.DefaultListableBeanFactory     : Finished creating instance of bean 'httpRequestHandlerAdapter'
2024-04-10T13:26:29.242+05:30 DEBUG 20084 --- [spring-boot-learn] [           main] o.s.b.f.s.DefaultListableBeanFactory     : Creating shared instance of singleton bean 'simpleControllerHandlerAdapter'
2024-04-10T13:26:29.242+05:30 TRACE 20084 --- [spring-boot-learn] [           main] o.s.b.f.s.DefaultListableBeanFactory     : Creating instance of bean 'simpleControllerHandlerAdapter'
2024-04-10T13:26:29.242+05:30 TRACE 20084 --- [spring-boot-learn] [           main] o.s.b.f.s.DefaultListableBeanFactory     : Returning cached instance of singleton bean 'org.springframework.boot.autoconfigure.web.servlet.WebMvcAutoConfiguration$EnableWebMvcConfiguration'
2024-04-10T13:26:29.242+05:30 TRACE 20084 --- [spring-boot-learn] [           main] o.s.b.f.s.DefaultListableBeanFactory     : Finished creating instance of bean 'simpleControllerHandlerAdapter'
2024-04-10T13:26:29.242+05:30 DEBUG 20084 --- [spring-boot-learn] [           main] o.s.b.f.s.DefaultListableBeanFactory     : Creating shared instance of singleton bean 'handlerExceptionResolver'
2024-04-10T13:26:29.242+05:30 TRACE 20084 --- [spring-boot-learn] [           main] o.s.b.f.s.DefaultListableBeanFactory     : Creating instance of bean 'handlerExceptionResolver'
2024-04-10T13:26:29.242+05:30 TRACE 20084 --- [spring-boot-learn] [           main] o.s.b.f.s.DefaultListableBeanFactory     : Returning cached instance of singleton bean 'org.springframework.boot.autoconfigure.web.servlet.WebMvcAutoConfiguration$EnableWebMvcConfiguration'
2024-04-10T13:26:29.243+05:30 TRACE 20084 --- [spring-boot-learn] [           main] o.s.b.f.s.DefaultListableBeanFactory     : Returning cached instance of singleton bean 'mvcContentNegotiationManager'
2024-04-10T13:26:29.243+05:30 DEBUG 20084 --- [spring-boot-learn] [           main] o.s.b.f.s.DefaultListableBeanFactory     : Autowiring by type from bean name 'handlerExceptionResolver' via factory method to bean named 'mvcContentNegotiationManager'
2024-04-10T13:26:29.245+05:30 DEBUG 20084 --- [spring-boot-learn] [           main] .m.m.a.ExceptionHandlerExceptionResolver : ControllerAdvice beans: 0 @ExceptionHandler, 1 ResponseBodyAdvice
2024-04-10T13:26:29.247+05:30 TRACE 20084 --- [spring-boot-learn] [           main] o.s.b.f.s.DefaultListableBeanFactory     : Finished creating instance of bean 'handlerExceptionResolver'
2024-04-10T13:26:29.248+05:30 DEBUG 20084 --- [spring-boot-learn] [           main] o.s.b.f.s.DefaultListableBeanFactory     : Creating shared instance of singleton bean 'mvcViewResolver'
2024-04-10T13:26:29.248+05:30 TRACE 20084 --- [spring-boot-learn] [           main] o.s.b.f.s.DefaultListableBeanFactory     : Creating instance of bean 'mvcViewResolver'
2024-04-10T13:26:29.248+05:30 TRACE 20084 --- [spring-boot-learn] [           main] o.s.b.f.s.DefaultListableBeanFactory     : Returning cached instance of singleton bean 'org.springframework.boot.autoconfigure.web.servlet.WebMvcAutoConfiguration$EnableWebMvcConfiguration'
2024-04-10T13:26:29.253+05:30 TRACE 20084 --- [spring-boot-learn] [           main] o.s.b.f.s.DefaultListableBeanFactory     : Returning cached instance of singleton bean 'mvcContentNegotiationManager'
2024-04-10T13:26:29.253+05:30 DEBUG 20084 --- [spring-boot-learn] [           main] o.s.b.f.s.DefaultListableBeanFactory     : Autowiring by type from bean name 'mvcViewResolver' via factory method to bean named 'mvcContentNegotiationManager'
2024-04-10T13:26:29.254+05:30 TRACE 20084 --- [spring-boot-learn] [           main] o.s.b.f.s.DefaultListableBeanFactory     : Invoking afterPropertiesSet() on bean with name 'mvcViewResolver'
2024-04-10T13:26:29.255+05:30 TRACE 20084 --- [spring-boot-learn] [           main] o.s.b.f.s.DefaultListableBeanFactory     : Finished creating instance of bean 'mvcViewResolver'
2024-04-10T13:26:29.255+05:30 DEBUG 20084 --- [spring-boot-learn] [           main] o.s.b.f.s.DefaultListableBeanFactory     : Creating shared instance of singleton bean 'viewNameTranslator'
2024-04-10T13:26:29.255+05:30 TRACE 20084 --- [spring-boot-learn] [           main] o.s.b.f.s.DefaultListableBeanFactory     : Creating instance of bean 'viewNameTranslator'
2024-04-10T13:26:29.255+05:30 TRACE 20084 --- [spring-boot-learn] [           main] o.s.b.f.s.DefaultListableBeanFactory     : Returning cached instance of singleton bean 'org.springframework.boot.autoconfigure.web.servlet.WebMvcAutoConfiguration$EnableWebMvcConfiguration'
2024-04-10T13:26:29.256+05:30 TRACE 20084 --- [spring-boot-learn] [           main] o.s.b.f.s.DefaultListableBeanFactory     : Finished creating instance of bean 'viewNameTranslator'
2024-04-10T13:26:29.256+05:30 TRACE 20084 --- [spring-boot-learn] [           main] o.s.b.f.s.DefaultListableBeanFactory     : Returning cached instance of singleton bean 'org.springframework.boot.autoconfigure.web.servlet.WebMvcAutoConfiguration$WebMvcAutoConfigurationAdapter'
2024-04-10T13:26:29.256+05:30 DEBUG 20084 --- [spring-boot-learn] [           main] o.s.b.f.s.DefaultListableBeanFactory     : Creating shared instance of singleton bean 'defaultViewResolver'
2024-04-10T13:26:29.256+05:30 TRACE 20084 --- [spring-boot-learn] [           main] o.s.b.f.s.DefaultListableBeanFactory     : Creating instance of bean 'defaultViewResolver'
2024-04-10T13:26:29.256+05:30 TRACE 20084 --- [spring-boot-learn] [           main] o.s.b.f.s.DefaultListableBeanFactory     : Returning cached instance of singleton bean 'org.springframework.boot.autoconfigure.web.servlet.WebMvcAutoConfiguration$WebMvcAutoConfigurationAdapter'
2024-04-10T13:26:29.260+05:30 TRACE 20084 --- [spring-boot-learn] [           main] o.s.b.f.s.DefaultListableBeanFactory     : Finished creating instance of bean 'defaultViewResolver'
2024-04-10T13:26:29.260+05:30 DEBUG 20084 --- [spring-boot-learn] [           main] o.s.b.f.s.DefaultListableBeanFactory     : Creating shared instance of singleton bean 'viewResolver'
2024-04-10T13:26:29.260+05:30 TRACE 20084 --- [spring-boot-learn] [           main] o.s.b.f.s.DefaultListableBeanFactory     : Creating instance of bean 'viewResolver'
2024-04-10T13:26:29.260+05:30 TRACE 20084 --- [spring-boot-learn] [           main] o.s.b.f.s.DefaultListableBeanFactory     : Returning cached instance of singleton bean 'org.springframework.boot.autoconfigure.web.servlet.WebMvcAutoConfiguration$WebMvcAutoConfigurationAdapter'
2024-04-10T13:26:29.260+05:30 DEBUG 20084 --- [spring-boot-learn] [           main] o.s.b.f.s.DefaultListableBeanFactory     : Autowiring by type from bean name 'viewResolver' via factory method to bean named 'org.springframework.beans.factory.support.DefaultListableBeanFactory@5bbbdd4b'
2024-04-10T13:26:29.261+05:30 TRACE 20084 --- [spring-boot-learn] [           main] o.s.b.f.s.DefaultListableBeanFactory     : Returning cached instance of singleton bean 'mvcContentNegotiationManager'
2024-04-10T13:26:29.263+05:30 TRACE 20084 --- [spring-boot-learn] [           main] o.s.b.f.s.DefaultListableBeanFactory     : Returning cached instance of singleton bean 'beanNameViewResolver'
2024-04-10T13:26:29.263+05:30 TRACE 20084 --- [spring-boot-learn] [           main] o.s.b.f.s.DefaultListableBeanFactory     : Returning cached instance of singleton bean 'mvcViewResolver'
2024-04-10T13:26:29.263+05:30 TRACE 20084 --- [spring-boot-learn] [           main] o.s.b.f.s.DefaultListableBeanFactory     : Returning cached instance of singleton bean 'defaultViewResolver'
2024-04-10T13:26:29.263+05:30 DEBUG 20084 --- [spring-boot-learn] [           main] o.s.b.f.s.DefaultListableBeanFactory     : Creating shared instance of singleton bean 'viewResolver'
2024-04-10T13:26:29.265+05:30 TRACE 20084 --- [spring-boot-learn] [           main] o.s.b.f.s.DefaultListableBeanFactory     : Ignoring match to currently created bean 'viewResolver': Error creating bean with name 'viewResolver': Requested bean is currently in creation: Is there an unresolvable circular reference?
2024-04-10T13:26:29.265+05:30 TRACE 20084 --- [spring-boot-learn] [           main] o.s.b.f.s.DefaultListableBeanFactory     : Invoking afterPropertiesSet() on bean with name 'viewResolver'
2024-04-10T13:26:29.265+05:30 TRACE 20084 --- [spring-boot-learn] [           main] o.s.b.f.s.DefaultListableBeanFactory     : Finished creating instance of bean 'viewResolver'
2024-04-10T13:26:29.265+05:30 DEBUG 20084 --- [spring-boot-learn] [           main] o.s.b.f.s.DefaultListableBeanFactory     : Creating shared instance of singleton bean 'requestContextFilter'
2024-04-10T13:26:29.265+05:30 TRACE 20084 --- [spring-boot-learn] [           main] o.s.b.f.s.DefaultListableBeanFactory     : Creating instance of bean 'requestContextFilter'
2024-04-10T13:26:29.266+05:30 TRACE 20084 --- [spring-boot-learn] [           main] o.s.b.f.s.DefaultListableBeanFactory     : Invoking afterPropertiesSet() on bean with name 'requestContextFilter'
2024-04-10T13:26:29.266+05:30 TRACE 20084 --- [spring-boot-learn] [           main] o.s.b.f.s.DefaultListableBeanFactory     : Finished creating instance of bean 'requestContextFilter'
2024-04-10T13:26:29.267+05:30 DEBUG 20084 --- [spring-boot-learn] [           main] o.s.b.f.s.DefaultListableBeanFactory     : Creating shared instance of singleton bean 'org.springframework.boot.autoconfigure.web.servlet.WebMvcAutoConfiguration'
2024-04-10T13:26:29.267+05:30 TRACE 20084 --- [spring-boot-learn] [           main] o.s.b.f.s.DefaultListableBeanFactory     : Creating instance of bean 'org.springframework.boot.autoconfigure.web.servlet.WebMvcAutoConfiguration'
2024-04-10T13:26:29.267+05:30 TRACE 20084 --- [spring-boot-learn] [           main] o.s.b.f.s.DefaultListableBeanFactory     : Finished creating instance of bean 'org.springframework.boot.autoconfigure.web.servlet.WebMvcAutoConfiguration'
2024-04-10T13:26:29.267+05:30 DEBUG 20084 --- [spring-boot-learn] [           main] o.s.b.f.s.DefaultListableBeanFactory     : Creating shared instance of singleton bean 'formContentFilter'
2024-04-10T13:26:29.267+05:30 TRACE 20084 --- [spring-boot-learn] [           main] o.s.b.f.s.DefaultListableBeanFactory     : Creating instance of bean 'formContentFilter'
2024-04-10T13:26:29.267+05:30 TRACE 20084 --- [spring-boot-learn] [           main] o.s.b.f.s.DefaultListableBeanFactory     : Returning cached instance of singleton bean 'org.springframework.boot.autoconfigure.web.servlet.WebMvcAutoConfiguration'
2024-04-10T13:26:29.268+05:30 TRACE 20084 --- [spring-boot-learn] [           main] o.s.b.f.s.DefaultListableBeanFactory     : Invoking afterPropertiesSet() on bean with name 'formContentFilter'
2024-04-10T13:26:29.268+05:30 TRACE 20084 --- [spring-boot-learn] [           main] o.s.b.f.s.DefaultListableBeanFactory     : Finished creating instance of bean 'formContentFilter'
2024-04-10T13:26:29.268+05:30 DEBUG 20084 --- [spring-boot-learn] [           main] o.s.b.f.s.DefaultListableBeanFactory     : Creating shared instance of singleton bean 'org.springframework.boot.autoconfigure.aop.AopAutoConfiguration$ClassProxyingConfiguration'
2024-04-10T13:26:29.268+05:30 TRACE 20084 --- [spring-boot-learn] [           main] o.s.b.f.s.DefaultListableBeanFactory     : Creating instance of bean 'org.springframework.boot.autoconfigure.aop.AopAutoConfiguration$ClassProxyingConfiguration'
2024-04-10T13:26:29.268+05:30 TRACE 20084 --- [spring-boot-learn] [           main] o.s.b.f.s.DefaultListableBeanFactory     : Finished creating instance of bean 'org.springframework.boot.autoconfigure.aop.AopAutoConfiguration$ClassProxyingConfiguration'
2024-04-10T13:26:29.268+05:30 TRACE 20084 --- [spring-boot-learn] [           main] o.s.b.f.s.DefaultListableBeanFactory     : Returning cached instance of singleton bean 'forceAutoProxyCreatorToUseClassProxying'
2024-04-10T13:26:29.268+05:30 DEBUG 20084 --- [spring-boot-learn] [           main] o.s.b.f.s.DefaultListableBeanFactory     : Creating shared instance of singleton bean 'org.springframework.boot.autoconfigure.aop.AopAutoConfiguration'
2024-04-10T13:26:29.268+05:30 TRACE 20084 --- [spring-boot-learn] [           main] o.s.b.f.s.DefaultListableBeanFactory     : Creating instance of bean 'org.springframework.boot.autoconfigure.aop.AopAutoConfiguration'
2024-04-10T13:26:29.269+05:30 TRACE 20084 --- [spring-boot-learn] [           main] o.s.b.f.s.DefaultListableBeanFactory     : Finished creating instance of bean 'org.springframework.boot.autoconfigure.aop.AopAutoConfiguration'
2024-04-10T13:26:29.269+05:30 DEBUG 20084 --- [spring-boot-learn] [           main] o.s.b.f.s.DefaultListableBeanFactory     : Creating shared instance of singleton bean 'org.springframework.boot.autoconfigure.availability.ApplicationAvailabilityAutoConfiguration'
2024-04-10T13:26:29.269+05:30 TRACE 20084 --- [spring-boot-learn] [           main] o.s.b.f.s.DefaultListableBeanFactory     : Creating instance of bean 'org.springframework.boot.autoconfigure.availability.ApplicationAvailabilityAutoConfiguration'
2024-04-10T13:26:29.269+05:30 TRACE 20084 --- [spring-boot-learn] [           main] o.s.b.f.s.DefaultListableBeanFactory     : Finished creating instance of bean 'org.springframework.boot.autoconfigure.availability.ApplicationAvailabilityAutoConfiguration'
2024-04-10T13:26:29.269+05:30 DEBUG 20084 --- [spring-boot-learn] [           main] o.s.b.f.s.DefaultListableBeanFactory     : Creating shared instance of singleton bean 'applicationAvailability'
2024-04-10T13:26:29.269+05:30 TRACE 20084 --- [spring-boot-learn] [           main] o.s.b.f.s.DefaultListableBeanFactory     : Creating instance of bean 'applicationAvailability'
2024-04-10T13:26:29.269+05:30 TRACE 20084 --- [spring-boot-learn] [           main] o.s.b.f.s.DefaultListableBeanFactory     : Returning cached instance of singleton bean 'org.springframework.boot.autoconfigure.availability.ApplicationAvailabilityAutoConfiguration'
2024-04-10T13:26:29.270+05:30 TRACE 20084 --- [spring-boot-learn] [           main] o.s.b.f.s.DefaultListableBeanFactory     : Finished creating instance of bean 'applicationAvailability'
2024-04-10T13:26:29.270+05:30 TRACE 20084 --- [spring-boot-learn] [           main] o.s.b.f.s.DefaultListableBeanFactory     : Returning cached instance of singleton bean 'org.springframework.boot.autoconfigure.jackson.JacksonAutoConfiguration$Jackson2ObjectMapperBuilderCustomizerConfiguration'
2024-04-10T13:26:29.270+05:30 TRACE 20084 --- [spring-boot-learn] [           main] o.s.b.f.s.DefaultListableBeanFactory     : Returning cached instance of singleton bean 'standardJacksonObjectMapperBuilderCustomizer'
2024-04-10T13:26:29.270+05:30 TRACE 20084 --- [spring-boot-learn] [           main] o.s.b.f.s.DefaultListableBeanFactory     : Returning cached instance of singleton bean 'spring.jackson-org.springframework.boot.autoconfigure.jackson.JacksonProperties'
2024-04-10T13:26:29.270+05:30 TRACE 20084 --- [spring-boot-learn] [           main] o.s.b.f.s.DefaultListableBeanFactory     : Returning cached instance of singleton bean 'org.springframework.boot.autoconfigure.jackson.JacksonAutoConfiguration$JacksonObjectMapperBuilderConfiguration'
2024-04-10T13:26:29.270+05:30 TRACE 20084 --- [spring-boot-learn] [           main] o.s.b.f.s.DefaultListableBeanFactory     : Returning cached instance of singleton bean 'org.springframework.boot.autoconfigure.jackson.JacksonAutoConfiguration$ParameterNamesModuleConfiguration'
2024-04-10T13:26:29.270+05:30 TRACE 20084 --- [spring-boot-learn] [           main] o.s.b.f.s.DefaultListableBeanFactory     : Returning cached instance of singleton bean 'parameterNamesModule'
2024-04-10T13:26:29.270+05:30 TRACE 20084 --- [spring-boot-learn] [           main] o.s.b.f.s.DefaultListableBeanFactory     : Returning cached instance of singleton bean 'org.springframework.boot.autoconfigure.jackson.JacksonAutoConfiguration$JacksonObjectMapperConfiguration'
2024-04-10T13:26:29.270+05:30 TRACE 20084 --- [spring-boot-learn] [           main] o.s.b.f.s.DefaultListableBeanFactory     : Returning cached instance of singleton bean 'jacksonObjectMapper'
2024-04-10T13:26:29.270+05:30 TRACE 20084 --- [spring-boot-learn] [           main] o.s.b.f.s.DefaultListableBeanFactory     : Returning cached instance of singleton bean 'org.springframework.boot.autoconfigure.jackson.JacksonAutoConfiguration$JacksonMixinConfiguration'
2024-04-10T13:26:29.270+05:30 TRACE 20084 --- [spring-boot-learn] [           main] o.s.b.f.s.DefaultListableBeanFactory     : Returning cached instance of singleton bean 'jsonMixinModuleEntries'
2024-04-10T13:26:29.270+05:30 TRACE 20084 --- [spring-boot-learn] [           main] o.s.b.f.s.DefaultListableBeanFactory     : Returning cached instance of singleton bean 'jsonMixinModule'
2024-04-10T13:26:29.270+05:30 TRACE 20084 --- [spring-boot-learn] [           main] o.s.b.f.s.DefaultListableBeanFactory     : Returning cached instance of singleton bean 'org.springframework.boot.autoconfigure.jackson.JacksonAutoConfiguration'
2024-04-10T13:26:29.270+05:30 TRACE 20084 --- [spring-boot-learn] [           main] o.s.b.f.s.DefaultListableBeanFactory     : Returning cached instance of singleton bean 'jsonComponentModule'
2024-04-10T13:26:29.270+05:30 DEBUG 20084 --- [spring-boot-learn] [           main] o.s.b.f.s.DefaultListableBeanFactory     : Creating shared instance of singleton bean 'org.springframework.boot.autoconfigure.context.ConfigurationPropertiesAutoConfiguration'
2024-04-10T13:26:29.270+05:30 TRACE 20084 --- [spring-boot-learn] [           main] o.s.b.f.s.DefaultListableBeanFactory     : Creating instance of bean 'org.springframework.boot.autoconfigure.context.ConfigurationPropertiesAutoConfiguration'
2024-04-10T13:26:29.271+05:30 TRACE 20084 --- [spring-boot-learn] [           main] o.s.b.f.s.DefaultListableBeanFactory     : Finished creating instance of bean 'org.springframework.boot.autoconfigure.context.ConfigurationPropertiesAutoConfiguration'
2024-04-10T13:26:29.271+05:30 DEBUG 20084 --- [spring-boot-learn] [           main] o.s.b.f.s.DefaultListableBeanFactory     : Creating shared instance of singleton bean 'org.springframework.boot.autoconfigure.context.LifecycleAutoConfiguration'
2024-04-10T13:26:29.271+05:30 TRACE 20084 --- [spring-boot-learn] [           main] o.s.b.f.s.DefaultListableBeanFactory     : Creating instance of bean 'org.springframework.boot.autoconfigure.context.LifecycleAutoConfiguration'
2024-04-10T13:26:29.271+05:30 TRACE 20084 --- [spring-boot-learn] [           main] o.s.b.f.s.DefaultListableBeanFactory     : Finished creating instance of bean 'org.springframework.boot.autoconfigure.context.LifecycleAutoConfiguration'
2024-04-10T13:26:29.271+05:30 DEBUG 20084 --- [spring-boot-learn] [           main] o.s.b.f.s.DefaultListableBeanFactory     : Creating shared instance of singleton bean 'lifecycleProcessor'
2024-04-10T13:26:29.271+05:30 TRACE 20084 --- [spring-boot-learn] [           main] o.s.b.f.s.DefaultListableBeanFactory     : Creating instance of bean 'lifecycleProcessor'
2024-04-10T13:26:29.271+05:30 TRACE 20084 --- [spring-boot-learn] [           main] o.s.b.f.s.DefaultListableBeanFactory     : Returning cached instance of singleton bean 'org.springframework.boot.autoconfigure.context.LifecycleAutoConfiguration'
2024-04-10T13:26:29.271+05:30 DEBUG 20084 --- [spring-boot-learn] [           main] o.s.b.f.s.DefaultListableBeanFactory     : Creating shared instance of singleton bean 'spring.lifecycle-org.springframework.boot.autoconfigure.context.LifecycleProperties'
2024-04-10T13:26:29.271+05:30 TRACE 20084 --- [spring-boot-learn] [           main] o.s.b.f.s.DefaultListableBeanFactory     : Creating instance of bean 'spring.lifecycle-org.springframework.boot.autoconfigure.context.LifecycleProperties'
2024-04-10T13:26:29.271+05:30 TRACE 20084 --- [spring-boot-learn] [           main] o.s.b.f.s.DefaultListableBeanFactory     : Returning cached instance of singleton bean 'org.springframework.boot.context.properties.BoundConfigurationProperties'
2024-04-10T13:26:29.272+05:30 TRACE 20084 --- [spring-boot-learn] [           main] o.s.b.f.s.DefaultListableBeanFactory     : Finished creating instance of bean 'spring.lifecycle-org.springframework.boot.autoconfigure.context.LifecycleProperties'
2024-04-10T13:26:29.272+05:30 DEBUG 20084 --- [spring-boot-learn] [           main] o.s.b.f.s.DefaultListableBeanFactory     : Autowiring by type from bean name 'lifecycleProcessor' via factory method to bean named 'spring.lifecycle-org.springframework.boot.autoconfigure.context.LifecycleProperties'
2024-04-10T13:26:29.274+05:30 TRACE 20084 --- [spring-boot-learn] [           main] o.s.b.f.s.DefaultListableBeanFactory     : Finished creating instance of bean 'lifecycleProcessor'
2024-04-10T13:26:29.274+05:30 TRACE 20084 --- [spring-boot-learn] [           main] o.s.b.f.s.DefaultListableBeanFactory     : Returning cached instance of singleton bean 'spring.lifecycle-org.springframework.boot.autoconfigure.context.LifecycleProperties'
2024-04-10T13:26:29.274+05:30 TRACE 20084 --- [spring-boot-learn] [           main] o.s.b.f.s.DefaultListableBeanFactory     : Returning cached instance of singleton bean 'org.springframework.boot.autoconfigure.http.HttpMessageConvertersAutoConfiguration$StringHttpMessageConverterConfiguration'
2024-04-10T13:26:29.274+05:30 TRACE 20084 --- [spring-boot-learn] [           main] o.s.b.f.s.DefaultListableBeanFactory     : Returning cached instance of singleton bean 'stringHttpMessageConverter'
2024-04-10T13:26:29.274+05:30 TRACE 20084 --- [spring-boot-learn] [           main] o.s.b.f.s.DefaultListableBeanFactory     : Returning cached instance of singleton bean 'org.springframework.boot.autoconfigure.http.JacksonHttpMessageConvertersConfiguration$MappingJackson2HttpMessageConverterConfiguration'
2024-04-10T13:26:29.274+05:30 TRACE 20084 --- [spring-boot-learn] [           main] o.s.b.f.s.DefaultListableBeanFactory     : Returning cached instance of singleton bean 'mappingJackson2HttpMessageConverter'
2024-04-10T13:26:29.274+05:30 DEBUG 20084 --- [spring-boot-learn] [           main] o.s.b.f.s.DefaultListableBeanFactory     : Creating shared instance of singleton bean 'org.springframework.boot.autoconfigure.http.JacksonHttpMessageConvertersConfiguration'
2024-04-10T13:26:29.274+05:30 TRACE 20084 --- [spring-boot-learn] [           main] o.s.b.f.s.DefaultListableBeanFactory     : Creating instance of bean 'org.springframework.boot.autoconfigure.http.JacksonHttpMessageConvertersConfiguration'
2024-04-10T13:26:29.275+05:30 TRACE 20084 --- [spring-boot-learn] [           main] o.s.b.f.s.DefaultListableBeanFactory     : Finished creating instance of bean 'org.springframework.boot.autoconfigure.http.JacksonHttpMessageConvertersConfiguration'
2024-04-10T13:26:29.275+05:30 TRACE 20084 --- [spring-boot-learn] [           main] o.s.b.f.s.DefaultListableBeanFactory     : Returning cached instance of singleton bean 'org.springframework.boot.autoconfigure.http.HttpMessageConvertersAutoConfiguration'
2024-04-10T13:26:29.275+05:30 TRACE 20084 --- [spring-boot-learn] [           main] o.s.b.f.s.DefaultListableBeanFactory     : Returning cached instance of singleton bean 'messageConverters'
2024-04-10T13:26:29.275+05:30 DEBUG 20084 --- [spring-boot-learn] [           main] o.s.b.f.s.DefaultListableBeanFactory     : Creating shared instance of singleton bean 'org.springframework.boot.autoconfigure.info.ProjectInfoAutoConfiguration'
2024-04-10T13:26:29.275+05:30 TRACE 20084 --- [spring-boot-learn] [           main] o.s.b.f.s.DefaultListableBeanFactory     : Creating instance of bean 'org.springframework.boot.autoconfigure.info.ProjectInfoAutoConfiguration'
2024-04-10T13:26:29.277+05:30 DEBUG 20084 --- [spring-boot-learn] [           main] o.s.b.f.s.DefaultListableBeanFactory     : Creating shared instance of singleton bean 'spring.info-org.springframework.boot.autoconfigure.info.ProjectInfoProperties'
2024-04-10T13:26:29.277+05:30 TRACE 20084 --- [spring-boot-learn] [           main] o.s.b.f.s.DefaultListableBeanFactory     : Creating instance of bean 'spring.info-org.springframework.boot.autoconfigure.info.ProjectInfoProperties'
2024-04-10T13:26:29.278+05:30 TRACE 20084 --- [spring-boot-learn] [           main] o.s.b.f.s.DefaultListableBeanFactory     : Returning cached instance of singleton bean 'org.springframework.boot.context.properties.BoundConfigurationProperties'
2024-04-10T13:26:29.279+05:30 TRACE 20084 --- [spring-boot-learn] [           main] o.s.b.f.s.DefaultListableBeanFactory     : Finished creating instance of bean 'spring.info-org.springframework.boot.autoconfigure.info.ProjectInfoProperties'
2024-04-10T13:26:29.279+05:30 DEBUG 20084 --- [spring-boot-learn] [           main] o.s.b.f.s.DefaultListableBeanFactory     : Autowiring by type from bean name 'org.springframework.boot.autoconfigure.info.ProjectInfoAutoConfiguration' via constructor to bean named 'spring.info-org.springframework.boot.autoconfigure.info.ProjectInfoProperties'
2024-04-10T13:26:29.279+05:30 TRACE 20084 --- [spring-boot-learn] [           main] o.s.b.f.s.DefaultListableBeanFactory     : Finished creating instance of bean 'org.springframework.boot.autoconfigure.info.ProjectInfoAutoConfiguration'
2024-04-10T13:26:29.279+05:30 TRACE 20084 --- [spring-boot-learn] [           main] o.s.b.f.s.DefaultListableBeanFactory     : Returning cached instance of singleton bean 'spring.info-org.springframework.boot.autoconfigure.info.ProjectInfoProperties'
2024-04-10T13:26:29.279+05:30 DEBUG 20084 --- [spring-boot-learn] [           main] o.s.b.f.s.DefaultListableBeanFactory     : Creating shared instance of singleton bean 'org.springframework.boot.autoconfigure.sql.init.SqlInitializationAutoConfiguration'
2024-04-10T13:26:29.279+05:30 TRACE 20084 --- [spring-boot-learn] [           main] o.s.b.f.s.DefaultListableBeanFactory     : Creating instance of bean 'org.springframework.boot.autoconfigure.sql.init.SqlInitializationAutoConfiguration'
2024-04-10T13:26:29.280+05:30 TRACE 20084 --- [spring-boot-learn] [           main] o.s.b.f.s.DefaultListableBeanFactory     : Finished creating instance of bean 'org.springframework.boot.autoconfigure.sql.init.SqlInitializationAutoConfiguration'
2024-04-10T13:26:29.280+05:30 DEBUG 20084 --- [spring-boot-learn] [           main] o.s.b.f.s.DefaultListableBeanFactory     : Creating shared instance of singleton bean 'spring.sql.init-org.springframework.boot.autoconfigure.sql.init.SqlInitializationProperties'
2024-04-10T13:26:29.280+05:30 TRACE 20084 --- [spring-boot-learn] [           main] o.s.b.f.s.DefaultListableBeanFactory     : Creating instance of bean 'spring.sql.init-org.springframework.boot.autoconfigure.sql.init.SqlInitializationProperties'
2024-04-10T13:26:29.280+05:30 TRACE 20084 --- [spring-boot-learn] [           main] o.s.b.f.s.DefaultListableBeanFactory     : Returning cached instance of singleton bean 'org.springframework.boot.context.properties.BoundConfigurationProperties'
2024-04-10T13:26:29.282+05:30 TRACE 20084 --- [spring-boot-learn] [           main] o.s.b.f.s.DefaultListableBeanFactory     : Finished creating instance of bean 'spring.sql.init-org.springframework.boot.autoconfigure.sql.init.SqlInitializationProperties'
2024-04-10T13:26:29.282+05:30 TRACE 20084 --- [spring-boot-learn] [           main] o.s.b.f.s.DefaultListableBeanFactory     : Returning cached instance of singleton bean 'org.springframework.boot.sql.init.dependency.DatabaseInitializationDependencyConfigurer$DependsOnDatabaseInitializationPostProcessor'
2024-04-10T13:26:29.282+05:30 DEBUG 20084 --- [spring-boot-learn] [           main] o.s.b.f.s.DefaultListableBeanFactory     : Creating shared instance of singleton bean 'org.springframework.boot.autoconfigure.task.TaskSchedulingConfigurations$ThreadPoolTaskSchedulerBuilderConfiguration'
2024-04-10T13:26:29.282+05:30 TRACE 20084 --- [spring-boot-learn] [           main] o.s.b.f.s.DefaultListableBeanFactory     : Creating instance of bean 'org.springframework.boot.autoconfigure.task.TaskSchedulingConfigurations$ThreadPoolTaskSchedulerBuilderConfiguration'
2024-04-10T13:26:29.282+05:30 TRACE 20084 --- [spring-boot-learn] [           main] o.s.b.f.s.DefaultListableBeanFactory     : Finished creating instance of bean 'org.springframework.boot.autoconfigure.task.TaskSchedulingConfigurations$ThreadPoolTaskSchedulerBuilderConfiguration'
2024-04-10T13:26:29.282+05:30 DEBUG 20084 --- [spring-boot-learn] [           main] o.s.b.f.s.DefaultListableBeanFactory     : Creating shared instance of singleton bean 'threadPoolTaskSchedulerBuilder'
2024-04-10T13:26:29.282+05:30 TRACE 20084 --- [spring-boot-learn] [           main] o.s.b.f.s.DefaultListableBeanFactory     : Creating instance of bean 'threadPoolTaskSchedulerBuilder'
2024-04-10T13:26:29.283+05:30 TRACE 20084 --- [spring-boot-learn] [           main] o.s.b.f.s.DefaultListableBeanFactory     : Returning cached instance of singleton bean 'org.springframework.boot.autoconfigure.task.TaskSchedulingConfigurations$ThreadPoolTaskSchedulerBuilderConfiguration'
2024-04-10T13:26:29.283+05:30 DEBUG 20084 --- [spring-boot-learn] [           main] o.s.b.f.s.DefaultListableBeanFactory     : Creating shared instance of singleton bean 'spring.task.scheduling-org.springframework.boot.autoconfigure.task.TaskSchedulingProperties'
2024-04-10T13:26:29.283+05:30 TRACE 20084 --- [spring-boot-learn] [           main] o.s.b.f.s.DefaultListableBeanFactory     : Creating instance of bean 'spring.task.scheduling-org.springframework.boot.autoconfigure.task.TaskSchedulingProperties'
2024-04-10T13:26:29.284+05:30 TRACE 20084 --- [spring-boot-learn] [           main] o.s.b.f.s.DefaultListableBeanFactory     : Returning cached instance of singleton bean 'org.springframework.boot.context.properties.BoundConfigurationProperties'
2024-04-10T13:26:29.286+05:30 TRACE 20084 --- [spring-boot-learn] [           main] o.s.b.f.s.DefaultListableBeanFactory     : Finished creating instance of bean 'spring.task.scheduling-org.springframework.boot.autoconfigure.task.TaskSchedulingProperties'
2024-04-10T13:26:29.286+05:30 DEBUG 20084 --- [spring-boot-learn] [           main] o.s.b.f.s.DefaultListableBeanFactory     : Autowiring by type from bean name 'threadPoolTaskSchedulerBuilder' via factory method to bean named 'spring.task.scheduling-org.springframework.boot.autoconfigure.task.TaskSchedulingProperties'
2024-04-10T13:26:29.289+05:30 TRACE 20084 --- [spring-boot-learn] [           main] o.s.b.f.s.DefaultListableBeanFactory     : Finished creating instance of bean 'threadPoolTaskSchedulerBuilder'
2024-04-10T13:26:29.289+05:30 DEBUG 20084 --- [spring-boot-learn] [           main] o.s.b.f.s.DefaultListableBeanFactory     : Creating shared instance of singleton bean 'org.springframework.boot.autoconfigure.task.TaskSchedulingConfigurations$TaskSchedulerBuilderConfiguration'
2024-04-10T13:26:29.289+05:30 TRACE 20084 --- [spring-boot-learn] [           main] o.s.b.f.s.DefaultListableBeanFactory     : Creating instance of bean 'org.springframework.boot.autoconfigure.task.TaskSchedulingConfigurations$TaskSchedulerBuilderConfiguration'
2024-04-10T13:26:29.290+05:30 TRACE 20084 --- [spring-boot-learn] [           main] o.s.b.f.s.DefaultListableBeanFactory     : Finished creating instance of bean 'org.springframework.boot.autoconfigure.task.TaskSchedulingConfigurations$TaskSchedulerBuilderConfiguration'
2024-04-10T13:26:29.290+05:30 DEBUG 20084 --- [spring-boot-learn] [           main] o.s.b.f.s.DefaultListableBeanFactory     : Creating shared instance of singleton bean 'taskSchedulerBuilder'
2024-04-10T13:26:29.290+05:30 TRACE 20084 --- [spring-boot-learn] [           main] o.s.b.f.s.DefaultListableBeanFactory     : Creating instance of bean 'taskSchedulerBuilder'
2024-04-10T13:26:29.290+05:30 TRACE 20084 --- [spring-boot-learn] [           main] o.s.b.f.s.DefaultListableBeanFactory     : Returning cached instance of singleton bean 'org.springframework.boot.autoconfigure.task.TaskSchedulingConfigurations$TaskSchedulerBuilderConfiguration'
2024-04-10T13:26:29.290+05:30 TRACE 20084 --- [spring-boot-learn] [           main] o.s.b.f.s.DefaultListableBeanFactory     : Returning cached instance of singleton bean 'spring.task.scheduling-org.springframework.boot.autoconfigure.task.TaskSchedulingProperties'
2024-04-10T13:26:29.290+05:30 DEBUG 20084 --- [spring-boot-learn] [           main] o.s.b.f.s.DefaultListableBeanFactory     : Autowiring by type from bean name 'taskSchedulerBuilder' via factory method to bean named 'spring.task.scheduling-org.springframework.boot.autoconfigure.task.TaskSchedulingProperties'
2024-04-10T13:26:29.291+05:30 TRACE 20084 --- [spring-boot-learn] [           main] o.s.b.f.s.DefaultListableBeanFactory     : Finished creating instance of bean 'taskSchedulerBuilder'
2024-04-10T13:26:29.291+05:30 DEBUG 20084 --- [spring-boot-learn] [           main] o.s.b.f.s.DefaultListableBeanFactory     : Creating shared instance of singleton bean 'org.springframework.boot.autoconfigure.task.TaskSchedulingConfigurations$SimpleAsyncTaskSchedulerBuilderConfiguration'
2024-04-10T13:26:29.291+05:30 TRACE 20084 --- [spring-boot-learn] [           main] o.s.b.f.s.DefaultListableBeanFactory     : Creating instance of bean 'org.springframework.boot.autoconfigure.task.TaskSchedulingConfigurations$SimpleAsyncTaskSchedulerBuilderConfiguration'
2024-04-10T13:26:29.292+05:30 TRACE 20084 --- [spring-boot-learn] [           main] o.s.b.f.s.DefaultListableBeanFactory     : Returning cached instance of singleton bean 'spring.task.scheduling-org.springframework.boot.autoconfigure.task.TaskSchedulingProperties'
2024-04-10T13:26:29.292+05:30 DEBUG 20084 --- [spring-boot-learn] [           main] o.s.b.f.s.DefaultListableBeanFactory     : Autowiring by type from bean name 'org.springframework.boot.autoconfigure.task.TaskSchedulingConfigurations$SimpleAsyncTaskSchedulerBuilderConfiguration' via constructor to bean named 'spring.task.scheduling-org.springframework.boot.autoconfigure.task.TaskSchedulingProperties'
2024-04-10T13:26:29.292+05:30 TRACE 20084 --- [spring-boot-learn] [           main] o.s.b.f.s.DefaultListableBeanFactory     : Finished creating instance of bean 'org.springframework.boot.autoconfigure.task.TaskSchedulingConfigurations$SimpleAsyncTaskSchedulerBuilderConfiguration'
2024-04-10T13:26:29.292+05:30 DEBUG 20084 --- [spring-boot-learn] [           main] o.s.b.f.s.DefaultListableBeanFactory     : Creating shared instance of singleton bean 'simpleAsyncTaskSchedulerBuilder'
2024-04-10T13:26:29.292+05:30 TRACE 20084 --- [spring-boot-learn] [           main] o.s.b.f.s.DefaultListableBeanFactory     : Creating instance of bean 'simpleAsyncTaskSchedulerBuilder'
2024-04-10T13:26:29.292+05:30 TRACE 20084 --- [spring-boot-learn] [           main] o.s.b.f.s.DefaultListableBeanFactory     : Returning cached instance of singleton bean 'org.springframework.boot.autoconfigure.task.TaskSchedulingConfigurations$SimpleAsyncTaskSchedulerBuilderConfiguration'
2024-04-10T13:26:29.294+05:30 TRACE 20084 --- [spring-boot-learn] [           main] o.s.b.f.s.DefaultListableBeanFactory     : Finished creating instance of bean 'simpleAsyncTaskSchedulerBuilder'
2024-04-10T13:26:29.294+05:30 DEBUG 20084 --- [spring-boot-learn] [           main] o.s.b.f.s.DefaultListableBeanFactory     : Creating shared instance of singleton bean 'org.springframework.boot.autoconfigure.task.TaskSchedulingAutoConfiguration'
2024-04-10T13:26:29.294+05:30 TRACE 20084 --- [spring-boot-learn] [           main] o.s.b.f.s.DefaultListableBeanFactory     : Creating instance of bean 'org.springframework.boot.autoconfigure.task.TaskSchedulingAutoConfiguration'
2024-04-10T13:26:29.294+05:30 TRACE 20084 --- [spring-boot-learn] [           main] o.s.b.f.s.DefaultListableBeanFactory     : Finished creating instance of bean 'org.springframework.boot.autoconfigure.task.TaskSchedulingAutoConfiguration'
2024-04-10T13:26:29.294+05:30 TRACE 20084 --- [spring-boot-learn] [           main] o.s.b.f.s.DefaultListableBeanFactory     : Returning cached instance of singleton bean 'spring.task.scheduling-org.springframework.boot.autoconfigure.task.TaskSchedulingProperties'
2024-04-10T13:26:29.294+05:30 DEBUG 20084 --- [spring-boot-learn] [           main] o.s.b.f.s.DefaultListableBeanFactory     : Creating shared instance of singleton bean 'org.springframework.boot.autoconfigure.web.client.RestClientAutoConfiguration'
2024-04-10T13:26:29.294+05:30 TRACE 20084 --- [spring-boot-learn] [           main] o.s.b.f.s.DefaultListableBeanFactory     : Creating instance of bean 'org.springframework.boot.autoconfigure.web.client.RestClientAutoConfiguration'
2024-04-10T13:26:29.294+05:30 TRACE 20084 --- [spring-boot-learn] [           main] o.s.b.f.s.DefaultListableBeanFactory     : Finished creating instance of bean 'org.springframework.boot.autoconfigure.web.client.RestClientAutoConfiguration'
2024-04-10T13:26:29.295+05:30 DEBUG 20084 --- [spring-boot-learn] [           main] o.s.b.f.s.DefaultListableBeanFactory     : Creating shared instance of singleton bean 'httpMessageConvertersRestClientCustomizer'
2024-04-10T13:26:29.295+05:30 TRACE 20084 --- [spring-boot-learn] [           main] o.s.b.f.s.DefaultListableBeanFactory     : Creating instance of bean 'httpMessageConvertersRestClientCustomizer'
2024-04-10T13:26:29.295+05:30 TRACE 20084 --- [spring-boot-learn] [           main] o.s.b.f.s.DefaultListableBeanFactory     : Returning cached instance of singleton bean 'org.springframework.boot.autoconfigure.web.client.RestClientAutoConfiguration'
2024-04-10T13:26:29.295+05:30 TRACE 20084 --- [spring-boot-learn] [           main] o.s.b.f.s.DefaultListableBeanFactory     : Returning cached instance of singleton bean 'messageConverters'
2024-04-10T13:26:29.295+05:30 TRACE 20084 --- [spring-boot-learn] [           main] o.s.b.f.s.DefaultListableBeanFactory     : Finished creating instance of bean 'httpMessageConvertersRestClientCustomizer'
2024-04-10T13:26:29.295+05:30 DEBUG 20084 --- [spring-boot-learn] [           main] o.s.b.f.s.DefaultListableBeanFactory     : Creating shared instance of singleton bean 'restClientSsl'
2024-04-10T13:26:29.295+05:30 TRACE 20084 --- [spring-boot-learn] [           main] o.s.b.f.s.DefaultListableBeanFactory     : Creating instance of bean 'restClientSsl'
2024-04-10T13:26:29.296+05:30 TRACE 20084 --- [spring-boot-learn] [           main] o.s.b.f.s.DefaultListableBeanFactory     : Returning cached instance of singleton bean 'org.springframework.boot.autoconfigure.web.client.RestClientAutoConfiguration'
2024-04-10T13:26:29.296+05:30 TRACE 20084 --- [spring-boot-learn] [           main] o.s.b.f.s.DefaultListableBeanFactory     : Returning cached instance of singleton bean 'sslBundleRegistry'
2024-04-10T13:26:29.296+05:30 DEBUG 20084 --- [spring-boot-learn] [           main] o.s.b.f.s.DefaultListableBeanFactory     : Autowiring by type from bean name 'restClientSsl' via factory method to bean named 'sslBundleRegistry'
2024-04-10T13:26:29.296+05:30 TRACE 20084 --- [spring-boot-learn] [           main] o.s.b.f.s.DefaultListableBeanFactory     : Finished creating instance of bean 'restClientSsl'
2024-04-10T13:26:29.296+05:30 DEBUG 20084 --- [spring-boot-learn] [           main] o.s.b.f.s.DefaultListableBeanFactory     : Creating shared instance of singleton bean 'restClientBuilderConfigurer'
2024-04-10T13:26:29.296+05:30 TRACE 20084 --- [spring-boot-learn] [           main] o.s.b.f.s.DefaultListableBeanFactory     : Creating instance of bean 'restClientBuilderConfigurer'
2024-04-10T13:26:29.296+05:30 TRACE 20084 --- [spring-boot-learn] [           main] o.s.b.f.s.DefaultListableBeanFactory     : Returning cached instance of singleton bean 'org.springframework.boot.autoconfigure.web.client.RestClientAutoConfiguration'
2024-04-10T13:26:29.297+05:30 TRACE 20084 --- [spring-boot-learn] [           main] o.s.b.f.s.DefaultListableBeanFactory     : Returning cached instance of singleton bean 'httpMessageConvertersRestClientCustomizer'
2024-04-10T13:26:29.297+05:30 TRACE 20084 --- [spring-boot-learn] [           main] o.s.b.f.s.DefaultListableBeanFactory     : Returning cached instance of singleton bean 'httpMessageConvertersRestClientCustomizer'
2024-04-10T13:26:29.297+05:30 TRACE 20084 --- [spring-boot-learn] [           main] o.s.b.f.s.DefaultListableBeanFactory     : Finished creating instance of bean 'restClientBuilderConfigurer'
2024-04-10T13:26:29.297+05:30 DEBUG 20084 --- [spring-boot-learn] [           main] o.s.b.f.s.DefaultListableBeanFactory     : Creating shared instance of singleton bean 'org.springframework.boot.autoconfigure.web.client.RestTemplateAutoConfiguration'
2024-04-10T13:26:29.297+05:30 TRACE 20084 --- [spring-boot-learn] [           main] o.s.b.f.s.DefaultListableBeanFactory     : Creating instance of bean 'org.springframework.boot.autoconfigure.web.client.RestTemplateAutoConfiguration'
2024-04-10T13:26:29.297+05:30 TRACE 20084 --- [spring-boot-learn] [           main] o.s.b.f.s.DefaultListableBeanFactory     : Finished creating instance of bean 'org.springframework.boot.autoconfigure.web.client.RestTemplateAutoConfiguration'
2024-04-10T13:26:29.297+05:30 TRACE 20084 --- [spring-boot-learn] [           main] o.s.b.f.s.DefaultListableBeanFactory     : Returning cached instance of singleton bean 'org.springframework.boot.autoconfigure.web.servlet.HttpEncodingAutoConfiguration'
2024-04-10T13:26:29.297+05:30 DEBUG 20084 --- [spring-boot-learn] [           main] o.s.b.f.s.DefaultListableBeanFactory     : Creating shared instance of singleton bean 'characterEncodingFilter'
2024-04-10T13:26:29.297+05:30 TRACE 20084 --- [spring-boot-learn] [           main] o.s.b.f.s.DefaultListableBeanFactory     : Creating instance of bean 'characterEncodingFilter'
2024-04-10T13:26:29.297+05:30 TRACE 20084 --- [spring-boot-learn] [           main] o.s.b.f.s.DefaultListableBeanFactory     : Returning cached instance of singleton bean 'org.springframework.boot.autoconfigure.web.servlet.HttpEncodingAutoConfiguration'
2024-04-10T13:26:29.298+05:30 TRACE 20084 --- [spring-boot-learn] [           main] o.s.b.f.s.DefaultListableBeanFactory     : Invoking afterPropertiesSet() on bean with name 'characterEncodingFilter'
2024-04-10T13:26:29.298+05:30 TRACE 20084 --- [spring-boot-learn] [           main] o.s.b.f.s.DefaultListableBeanFactory     : Finished creating instance of bean 'characterEncodingFilter'
2024-04-10T13:26:29.298+05:30 TRACE 20084 --- [spring-boot-learn] [           main] o.s.b.f.s.DefaultListableBeanFactory     : Returning cached instance of singleton bean 'localeCharsetMappingsCustomizer'
2024-04-10T13:26:29.298+05:30 TRACE 20084 --- [spring-boot-learn] [           main] o.s.b.f.s.DefaultListableBeanFactory     : Returning cached instance of singleton bean 'org.springframework.boot.autoconfigure.web.servlet.MultipartAutoConfiguration'
2024-04-10T13:26:29.298+05:30 TRACE 20084 --- [spring-boot-learn] [           main] o.s.b.f.s.DefaultListableBeanFactory     : Returning cached instance of singleton bean 'multipartConfigElement'
2024-04-10T13:26:29.298+05:30 DEBUG 20084 --- [spring-boot-learn] [           main] o.s.b.f.s.DefaultListableBeanFactory     : Creating shared instance of singleton bean 'multipartResolver'
2024-04-10T13:26:29.298+05:30 TRACE 20084 --- [spring-boot-learn] [           main] o.s.b.f.s.DefaultListableBeanFactory     : Creating instance of bean 'multipartResolver'
2024-04-10T13:26:29.298+05:30 TRACE 20084 --- [spring-boot-learn] [           main] o.s.b.f.s.DefaultListableBeanFactory     : Returning cached instance of singleton bean 'org.springframework.boot.autoconfigure.web.servlet.MultipartAutoConfiguration'
2024-04-10T13:26:29.299+05:30 TRACE 20084 --- [spring-boot-learn] [           main] o.s.b.f.s.DefaultListableBeanFactory     : Finished creating instance of bean 'multipartResolver'
2024-04-10T13:26:29.299+05:30 TRACE 20084 --- [spring-boot-learn] [           main] o.s.b.f.s.DefaultListableBeanFactory     : Returning cached instance of singleton bean 'spring.servlet.multipart-org.springframework.boot.autoconfigure.web.servlet.MultipartProperties'
2024-04-10T13:26:29.299+05:30 TRACE 20084 --- [spring-boot-learn] [           main] o.s.b.f.s.DefaultListableBeanFactory     : Returning cached instance of singleton bean 'org.springframework.aop.config.internalAutoProxyCreator'
2024-04-10T13:26:29.300+05:30 TRACE 20084 --- [spring-boot-learn] [           main] o.s.c.e.EventListenerMethodProcessor     : No @EventListener annotations found on bean class: com.spring10.springbootlearn.SpringBootLearnApplication$$SpringCGLIB$$0
2024-04-10T13:26:29.300+05:30 TRACE 20084 --- [spring-boot-learn] [           main] o.s.c.e.EventListenerMethodProcessor     : No @EventListener annotations found on bean class: com.spring10.springbootlearn.a1.CourseController
2024-04-10T13:26:29.300+05:30 TRACE 20084 --- [spring-boot-learn] [           main] o.s.c.e.EventListenerMethodProcessor     : No @EventListener annotations found on bean class: com.spring10.springbootlearn.a1.CurrencyConfigurationController
2024-04-10T13:26:29.300+05:30 TRACE 20084 --- [spring-boot-learn] [           main] o.s.c.e.EventListenerMethodProcessor     : No @EventListener annotations found on bean class: com.spring10.springbootlearn.a1.CurrencyServiceConfiguration
2024-04-10T13:26:29.300+05:30 TRACE 20084 --- [spring-boot-learn] [           main] o.s.c.e.EventListenerMethodProcessor     : No @EventListener annotations found on bean class: org.springframework.boot.autoconfigure.context.PropertyPlaceholderAutoConfiguration
2024-04-10T13:26:29.300+05:30 TRACE 20084 --- [spring-boot-learn] [           main] o.s.c.e.EventListenerMethodProcessor     : No @EventListener annotations found on bean class: org.springframework.boot.autoconfigure.ssl.SslAutoConfiguration
2024-04-10T13:26:29.300+05:30 TRACE 20084 --- [spring-boot-learn] [           main] o.s.c.e.EventListenerMethodProcessor     : No @EventListener annotations found on bean class: org.springframework.boot.autoconfigure.websocket.servlet.WebSocketServletAutoConfiguration$TomcatWebSocketConfiguration
2024-04-10T13:26:29.300+05:30 TRACE 20084 --- [spring-boot-learn] [           main] o.s.c.e.EventListenerMethodProcessor     : No @EventListener annotations found on bean class: org.springframework.boot.autoconfigure.websocket.servlet.WebSocketServletAutoConfiguration
2024-04-10T13:26:29.300+05:30 TRACE 20084 --- [spring-boot-learn] [           main] o.s.c.e.EventListenerMethodProcessor     : No @EventListener annotations found on bean class: org.springframework.boot.autoconfigure.web.servlet.ServletWebServerFactoryConfiguration$EmbeddedTomcat
2024-04-10T13:26:29.300+05:30 TRACE 20084 --- [spring-boot-learn] [           main] o.s.c.e.EventListenerMethodProcessor     : No @EventListener annotations found on bean class: org.springframework.boot.autoconfigure.web.servlet.ServletWebServerFactoryAutoConfiguration
2024-04-10T13:26:29.300+05:30 TRACE 20084 --- [spring-boot-learn] [           main] o.s.c.e.EventListenerMethodProcessor     : No @EventListener annotations found on bean class: org.springframework.boot.autoconfigure.web.servlet.DispatcherServletAutoConfiguration$DispatcherServletConfiguration
2024-04-10T13:26:29.300+05:30 TRACE 20084 --- [spring-boot-learn] [           main] o.s.c.e.EventListenerMethodProcessor     : No @EventListener annotations found on bean class: org.springframework.boot.autoconfigure.web.servlet.DispatcherServletAutoConfiguration$DispatcherServletRegistrationConfiguration
2024-04-10T13:26:29.300+05:30 TRACE 20084 --- [spring-boot-learn] [           main] o.s.c.e.EventListenerMethodProcessor     : No @EventListener annotations found on bean class: org.springframework.boot.autoconfigure.web.servlet.DispatcherServletAutoConfiguration
2024-04-10T13:26:29.300+05:30 TRACE 20084 --- [spring-boot-learn] [           main] o.s.c.e.EventListenerMethodProcessor     : No @EventListener annotations found on bean class: org.springframework.boot.autoconfigure.task.TaskExecutorConfigurations$ThreadPoolTaskExecutorBuilderConfiguration
2024-04-10T13:26:29.300+05:30 TRACE 20084 --- [spring-boot-learn] [           main] o.s.c.e.EventListenerMethodProcessor     : No @EventListener annotations found on bean class: org.springframework.boot.autoconfigure.task.TaskExecutorConfigurations$TaskExecutorBuilderConfiguration
2024-04-10T13:26:29.300+05:30 TRACE 20084 --- [spring-boot-learn] [           main] o.s.c.e.EventListenerMethodProcessor     : No @EventListener annotations found on bean class: org.springframework.boot.autoconfigure.task.TaskExecutorConfigurations$SimpleAsyncTaskExecutorBuilderConfiguration
2024-04-10T13:26:29.300+05:30 TRACE 20084 --- [spring-boot-learn] [           main] o.s.c.e.EventListenerMethodProcessor     : No @EventListener annotations found on bean class: org.springframework.boot.autoconfigure.task.TaskExecutorConfigurations$TaskExecutorConfiguration
2024-04-10T13:26:29.300+05:30 TRACE 20084 --- [spring-boot-learn] [           main] o.s.c.e.EventListenerMethodProcessor     : No @EventListener annotations found on bean class: org.springframework.boot.autoconfigure.task.TaskExecutionAutoConfiguration
2024-04-10T13:26:29.300+05:30 TRACE 20084 --- [spring-boot-learn] [           main] o.s.c.e.EventListenerMethodProcessor     : No @EventListener annotations found on bean class: org.springframework.boot.autoconfigure.web.servlet.error.ErrorMvcAutoConfiguration$WhitelabelErrorViewConfiguration
2024-04-10T13:26:29.300+05:30 TRACE 20084 --- [spring-boot-learn] [           main] o.s.c.e.EventListenerMethodProcessor     : No @EventListener annotations found on bean class: org.springframework.boot.autoconfigure.web.servlet.error.ErrorMvcAutoConfiguration$DefaultErrorViewResolverConfiguration
2024-04-10T13:26:29.300+05:30 TRACE 20084 --- [spring-boot-learn] [           main] o.s.c.e.EventListenerMethodProcessor     : No @EventListener annotations found on bean class: org.springframework.boot.autoconfigure.web.servlet.error.ErrorMvcAutoConfiguration
2024-04-10T13:26:29.301+05:30 TRACE 20084 --- [spring-boot-learn] [           main] o.s.c.e.EventListenerMethodProcessor     : No @EventListener annotations found on bean class: org.springframework.boot.autoconfigure.web.servlet.error.BasicErrorController
2024-04-10T13:26:29.301+05:30 TRACE 20084 --- [spring-boot-learn] [           main] o.s.c.e.EventListenerMethodProcessor     : No @EventListener annotations found on bean class: org.springframework.boot.autoconfigure.web.servlet.WebMvcAutoConfiguration$EnableWebMvcConfiguration
2024-04-10T13:26:29.302+05:30 TRACE 20084 --- [spring-boot-learn] [           main] o.s.c.e.EventListenerMethodProcessor     : No @EventListener annotations found on bean class: org.springframework.boot.autoconfigure.web.servlet.WebMvcAutoConfiguration$WebMvcAutoConfigurationAdapter
2024-04-10T13:26:29.302+05:30 TRACE 20084 --- [spring-boot-learn] [           main] o.s.c.e.EventListenerMethodProcessor     : No @EventListener annotations found on bean class: org.springframework.boot.autoconfigure.web.servlet.WebMvcAutoConfiguration
2024-04-10T13:26:29.302+05:30 TRACE 20084 --- [spring-boot-learn] [           main] o.s.c.e.EventListenerMethodProcessor     : No @EventListener annotations found on bean class: org.springframework.boot.autoconfigure.aop.AopAutoConfiguration$ClassProxyingConfiguration
2024-04-10T13:26:29.302+05:30 TRACE 20084 --- [spring-boot-learn] [           main] o.s.c.e.EventListenerMethodProcessor     : No @EventListener annotations found on bean class: org.springframework.boot.autoconfigure.aop.AopAutoConfiguration
2024-04-10T13:26:29.302+05:30 TRACE 20084 --- [spring-boot-learn] [           main] o.s.c.e.EventListenerMethodProcessor     : No @EventListener annotations found on bean class: org.springframework.boot.autoconfigure.availability.ApplicationAvailabilityAutoConfiguration
2024-04-10T13:26:29.302+05:30 TRACE 20084 --- [spring-boot-learn] [           main] o.s.c.e.EventListenerMethodProcessor     : No @EventListener annotations found on bean class: org.springframework.boot.autoconfigure.jackson.JacksonAutoConfiguration$Jackson2ObjectMapperBuilderCustomizerConfiguration
2024-04-10T13:26:29.302+05:30 TRACE 20084 --- [spring-boot-learn] [           main] o.s.c.e.EventListenerMethodProcessor     : No @EventListener annotations found on bean class: org.springframework.boot.autoconfigure.jackson.JacksonAutoConfiguration$JacksonObjectMapperBuilderConfiguration
2024-04-10T13:26:29.302+05:30 TRACE 20084 --- [spring-boot-learn] [           main] o.s.c.e.EventListenerMethodProcessor     : No @EventListener annotations found on bean class: org.springframework.boot.autoconfigure.jackson.JacksonAutoConfiguration$ParameterNamesModuleConfiguration
2024-04-10T13:26:29.302+05:30 TRACE 20084 --- [spring-boot-learn] [           main] o.s.c.e.EventListenerMethodProcessor     : No @EventListener annotations found on bean class: com.fasterxml.jackson.module.paramnames.ParameterNamesModule
2024-04-10T13:26:29.302+05:30 TRACE 20084 --- [spring-boot-learn] [           main] o.s.c.e.EventListenerMethodProcessor     : No @EventListener annotations found on bean class: org.springframework.boot.autoconfigure.jackson.JacksonAutoConfiguration$JacksonObjectMapperConfiguration
2024-04-10T13:26:29.303+05:30 TRACE 20084 --- [spring-boot-learn] [           main] o.s.c.e.EventListenerMethodProcessor     : No @EventListener annotations found on bean class: com.fasterxml.jackson.databind.ObjectMapper
2024-04-10T13:26:29.303+05:30 TRACE 20084 --- [spring-boot-learn] [           main] o.s.c.e.EventListenerMethodProcessor     : No @EventListener annotations found on bean class: org.springframework.boot.autoconfigure.jackson.JacksonAutoConfiguration$JacksonMixinConfiguration
2024-04-10T13:26:29.303+05:30 TRACE 20084 --- [spring-boot-learn] [           main] o.s.c.e.EventListenerMethodProcessor     : No @EventListener annotations found on bean class: org.springframework.boot.autoconfigure.jackson.JacksonAutoConfiguration
2024-04-10T13:26:29.303+05:30 TRACE 20084 --- [spring-boot-learn] [           main] o.s.c.e.EventListenerMethodProcessor     : No @EventListener annotations found on bean class: org.springframework.boot.autoconfigure.context.ConfigurationPropertiesAutoConfiguration
2024-04-10T13:26:29.303+05:30 TRACE 20084 --- [spring-boot-learn] [           main] o.s.c.e.EventListenerMethodProcessor     : No @EventListener annotations found on bean class: org.springframework.boot.autoconfigure.context.LifecycleAutoConfiguration
2024-04-10T13:26:29.303+05:30 TRACE 20084 --- [spring-boot-learn] [           main] o.s.c.e.EventListenerMethodProcessor     : No @EventListener annotations found on bean class: org.springframework.boot.autoconfigure.http.HttpMessageConvertersAutoConfiguration$StringHttpMessageConverterConfiguration
2024-04-10T13:26:29.303+05:30 TRACE 20084 --- [spring-boot-learn] [           main] o.s.c.e.EventListenerMethodProcessor     : No @EventListener annotations found on bean class: org.springframework.boot.autoconfigure.http.JacksonHttpMessageConvertersConfiguration$MappingJackson2HttpMessageConverterConfiguration
2024-04-10T13:26:29.303+05:30 TRACE 20084 --- [spring-boot-learn] [           main] o.s.c.e.EventListenerMethodProcessor     : No @EventListener annotations found on bean class: org.springframework.boot.autoconfigure.http.JacksonHttpMessageConvertersConfiguration
2024-04-10T13:26:29.303+05:30 TRACE 20084 --- [spring-boot-learn] [           main] o.s.c.e.EventListenerMethodProcessor     : No @EventListener annotations found on bean class: org.springframework.boot.autoconfigure.http.HttpMessageConvertersAutoConfiguration
2024-04-10T13:26:29.303+05:30 TRACE 20084 --- [spring-boot-learn] [           main] o.s.c.e.EventListenerMethodProcessor     : No @EventListener annotations found on bean class: org.springframework.boot.autoconfigure.info.ProjectInfoAutoConfiguration
2024-04-10T13:26:29.303+05:30 TRACE 20084 --- [spring-boot-learn] [           main] o.s.c.e.EventListenerMethodProcessor     : No @EventListener annotations found on bean class: org.springframework.boot.autoconfigure.sql.init.SqlInitializationAutoConfiguration
2024-04-10T13:26:29.303+05:30 TRACE 20084 --- [spring-boot-learn] [           main] o.s.c.e.EventListenerMethodProcessor     : No @EventListener annotations found on bean class: org.springframework.boot.autoconfigure.task.TaskSchedulingConfigurations$ThreadPoolTaskSchedulerBuilderConfiguration
2024-04-10T13:26:29.303+05:30 TRACE 20084 --- [spring-boot-learn] [           main] o.s.c.e.EventListenerMethodProcessor     : No @EventListener annotations found on bean class: org.springframework.boot.autoconfigure.task.TaskSchedulingConfigurations$TaskSchedulerBuilderConfiguration
2024-04-10T13:26:29.303+05:30 TRACE 20084 --- [spring-boot-learn] [           main] o.s.c.e.EventListenerMethodProcessor     : No @EventListener annotations found on bean class: org.springframework.boot.autoconfigure.task.TaskSchedulingConfigurations$SimpleAsyncTaskSchedulerBuilderConfiguration
2024-04-10T13:26:29.303+05:30 TRACE 20084 --- [spring-boot-learn] [           main] o.s.c.e.EventListenerMethodProcessor     : No @EventListener annotations found on bean class: org.springframework.boot.autoconfigure.task.TaskSchedulingAutoConfiguration
2024-04-10T13:26:29.303+05:30 TRACE 20084 --- [spring-boot-learn] [           main] o.s.c.e.EventListenerMethodProcessor     : No @EventListener annotations found on bean class: org.springframework.boot.autoconfigure.web.client.RestClientAutoConfiguration
2024-04-10T13:26:29.303+05:30 TRACE 20084 --- [spring-boot-learn] [           main] o.s.c.e.EventListenerMethodProcessor     : No @EventListener annotations found on bean class: org.springframework.boot.autoconfigure.web.client.RestTemplateAutoConfiguration
2024-04-10T13:26:29.303+05:30 TRACE 20084 --- [spring-boot-learn] [           main] o.s.c.e.EventListenerMethodProcessor     : No @EventListener annotations found on bean class: org.springframework.boot.autoconfigure.web.servlet.HttpEncodingAutoConfiguration
2024-04-10T13:26:29.303+05:30 TRACE 20084 --- [spring-boot-learn] [           main] o.s.c.e.EventListenerMethodProcessor     : No @EventListener annotations found on bean class: org.springframework.boot.autoconfigure.web.servlet.MultipartAutoConfiguration
2024-04-10T13:26:29.303+05:30 TRACE 20084 --- [spring-boot-learn] [           main] o.s.c.e.EventListenerMethodProcessor     : No @EventListener annotations found on bean class: jakarta.servlet.MultipartConfigElement
2024-04-10T13:26:29.304+05:30 TRACE 20084 --- [spring-boot-learn] [           main] o.s.b.f.s.DefaultListableBeanFactory     : Returning cached instance of singleton bean 'lifecycleProcessor'
2024-04-10T13:26:29.305+05:30 TRACE 20084 --- [spring-boot-learn] [           main] o.s.w.c.s.GenericWebApplicationContext   : Using LifecycleProcessor [org.springframework.context.support.DefaultLifecycleProcessor@33f2df51]
2024-04-10T13:26:29.305+05:30 TRACE 20084 --- [spring-boot-learn] [           main] o.s.b.f.s.DefaultListableBeanFactory     : Returning cached instance of singleton bean 'applicationTaskExecutor'
2024-04-10T13:26:29.305+05:30 TRACE 20084 --- [spring-boot-learn] [           main] o.s.b.f.s.DefaultListableBeanFactory     : Returning cached instance of singleton bean 'lifecycleProcessor'
2024-04-10T13:26:29.305+05:30 TRACE 20084 --- [spring-boot-learn] [           main] o.s.b.f.s.DefaultListableBeanFactory     : Returning cached instance of singleton bean 'springBootLoggingLifecycle'
2024-04-10T13:26:29.307+05:30 DEBUG 20084 --- [spring-boot-learn] [           main] o.s.c.support.DefaultLifecycleProcessor  : Starting beans in phase -2147483647
2024-04-10T13:26:29.307+05:30 TRACE 20084 --- [spring-boot-learn] [           main] o.s.c.support.DefaultLifecycleProcessor  : Starting bean 'springBootLoggingLifecycle' of type [org.springframework.boot.context.logging.LoggingApplicationListener$Lifecycle]
2024-04-10T13:26:29.307+05:30 DEBUG 20084 --- [spring-boot-learn] [           main] o.s.c.support.DefaultLifecycleProcessor  : Successfully started bean 'springBootLoggingLifecycle'
2024-04-10T13:26:29.307+05:30 DEBUG 20084 --- [spring-boot-learn] [           main] o.s.c.support.DefaultLifecycleProcessor  : Starting beans in phase 2147483647
2024-04-10T13:26:29.308+05:30 TRACE 20084 --- [spring-boot-learn] [           main] o.s.b.f.s.DefaultListableBeanFactory     : Returning cached instance of singleton bean 'org.springframework.boot.autoconfigure.internalCachingMetadataReaderFactory'
2024-04-10T13:26:29.308+05:30 TRACE 20084 --- [spring-boot-learn] [           main] o.s.b.f.s.DefaultListableBeanFactory     : Returning cached instance of singleton bean 'mvcResourceUrlProvider'
2024-04-10T13:26:29.321+05:30 DEBUG 20084 --- [spring-boot-learn] [           main] .s.b.a.l.ConditionEvaluationReportLogger : 


============================
CONDITIONS EVALUATION REPORT
============================


Positive matches:
-----------------

   AopAutoConfiguration matched:
      - @ConditionalOnProperty (spring.aop.auto=true) matched (OnPropertyCondition)

   AopAutoConfiguration.ClassProxyingConfiguration matched:
      - @ConditionalOnMissingClass did not find unwanted class 'org.aspectj.weaver.Advice' (OnClassCondition)
      - @ConditionalOnProperty (spring.aop.proxy-target-class=true) matched (OnPropertyCondition)

   ApplicationAvailabilityAutoConfiguration#applicationAvailability matched:
      - @ConditionalOnMissingBean (types: org.springframework.boot.availability.ApplicationAvailability; SearchStrategy: all) did not find any beans (OnBeanCondition)

   DispatcherServletAutoConfiguration matched:
      - @ConditionalOnClass found required class 'org.springframework.web.servlet.DispatcherServlet' (OnClassCondition)
      - found 'session' scope (OnWebApplicationCondition)

   DispatcherServletAutoConfiguration.DispatcherServletConfiguration matched:
      - @ConditionalOnClass found required class 'jakarta.servlet.ServletRegistration' (OnClassCondition)
      - Default DispatcherServlet did not find dispatcher servlet beans (DispatcherServletAutoConfiguration.DefaultDispatcherServletCondition)

   DispatcherServletAutoConfiguration.DispatcherServletRegistrationConfiguration matched:
      - @ConditionalOnClass found required class 'jakarta.servlet.ServletRegistration' (OnClassCondition)
      - DispatcherServlet Registration did not find servlet registration bean (DispatcherServletAutoConfiguration.DispatcherServletRegistrationCondition)

   DispatcherServletAutoConfiguration.DispatcherServletRegistrationConfiguration#dispatcherServletRegistration matched:
      - @ConditionalOnBean (names: dispatcherServlet types: org.springframework.web.servlet.DispatcherServlet; SearchStrategy: all) found bean 'dispatcherServlet' (OnBeanCondition)

   ErrorMvcAutoConfiguration matched:
      - @ConditionalOnClass found required classes 'jakarta.servlet.Servlet', 'org.springframework.web.servlet.DispatcherServlet' (OnClassCondition)
      - found 'session' scope (OnWebApplicationCondition)

   ErrorMvcAutoConfiguration#basicErrorController matched:
      - @ConditionalOnMissingBean (types: org.springframework.boot.web.servlet.error.ErrorController; SearchStrategy: current) did not find any beans (OnBeanCondition)

   ErrorMvcAutoConfiguration#errorAttributes matched:
      - @ConditionalOnMissingBean (types: org.springframework.boot.web.servlet.error.ErrorAttributes; SearchStrategy: current) did not find any beans (OnBeanCondition)

   ErrorMvcAutoConfiguration.DefaultErrorViewResolverConfiguration#conventionErrorViewResolver matched:
      - @ConditionalOnBean (types: org.springframework.web.servlet.DispatcherServlet; SearchStrategy: all) found bean 'dispatcherServlet'; @ConditionalOnMissingBean (types: org.springframework.boot.autoconfigure.web.servlet.error.ErrorViewResolver; SearchStrategy: all) did not find any beans (OnBeanCondition)

   ErrorMvcAutoConfiguration.WhitelabelErrorViewConfiguration matched:
      - @ConditionalOnProperty (server.error.whitelabel.enabled) matched (OnPropertyCondition)
      - ErrorTemplate Missing did not find error template view (ErrorMvcAutoConfiguration.ErrorTemplateMissingCondition)

   ErrorMvcAutoConfiguration.WhitelabelErrorViewConfiguration#beanNameViewResolver matched:
      - @ConditionalOnMissingBean (types: org.springframework.web.servlet.view.BeanNameViewResolver; SearchStrategy: all) did not find any beans (OnBeanCondition)

   ErrorMvcAutoConfiguration.WhitelabelErrorViewConfiguration#defaultErrorView matched:
      - @ConditionalOnMissingBean (names: error; SearchStrategy: all) did not find any beans (OnBeanCondition)

   GenericCacheConfiguration matched:
      - Cache org.springframework.boot.autoconfigure.cache.GenericCacheConfiguration automatic cache type (CacheCondition)

   HttpEncodingAutoConfiguration matched:
      - @ConditionalOnClass found required class 'org.springframework.web.filter.CharacterEncodingFilter' (OnClassCondition)
      - found 'session' scope (OnWebApplicationCondition)
      - @ConditionalOnProperty (server.servlet.encoding.enabled) matched (OnPropertyCondition)

   HttpEncodingAutoConfiguration#characterEncodingFilter matched:
      - @ConditionalOnMissingBean (types: org.springframework.web.filter.CharacterEncodingFilter; SearchStrategy: all) did not find any beans (OnBeanCondition)

   HttpMessageConvertersAutoConfiguration matched:
      - @ConditionalOnClass found required class 'org.springframework.http.converter.HttpMessageConverter' (OnClassCondition)
      - NoneNestedConditions 0 matched 1 did not; NestedCondition on HttpMessageConvertersAutoConfiguration.NotReactiveWebApplicationCondition.ReactiveWebApplication did not find reactive web application classes (HttpMessageConvertersAutoConfiguration.NotReactiveWebApplicationCondition)

   HttpMessageConvertersAutoConfiguration#messageConverters matched:
      - @ConditionalOnMissingBean (types: org.springframework.boot.autoconfigure.http.HttpMessageConverters; SearchStrategy: all) did not find any beans (OnBeanCondition)

   HttpMessageConvertersAutoConfiguration.StringHttpMessageConverterConfiguration matched:
      - @ConditionalOnClass found required class 'org.springframework.http.converter.StringHttpMessageConverter' (OnClassCondition)

   HttpMessageConvertersAutoConfiguration.StringHttpMessageConverterConfiguration#stringHttpMessageConverter matched:
      - @ConditionalOnMissingBean (types: org.springframework.http.converter.StringHttpMessageConverter; SearchStrategy: all) did not find any beans (OnBeanCondition)

   JacksonAutoConfiguration matched:
      - @ConditionalOnClass found required class 'com.fasterxml.jackson.databind.ObjectMapper' (OnClassCondition)

   JacksonAutoConfiguration.Jackson2ObjectMapperBuilderCustomizerConfiguration matched:
      - @ConditionalOnClass found required class 'org.springframework.http.converter.json.Jackson2ObjectMapperBuilder' (OnClassCondition)

   JacksonAutoConfiguration.JacksonObjectMapperBuilderConfiguration matched:
      - @ConditionalOnClass found required class 'org.springframework.http.converter.json.Jackson2ObjectMapperBuilder' (OnClassCondition)

   JacksonAutoConfiguration.JacksonObjectMapperBuilderConfiguration#jacksonObjectMapperBuilder matched:
      - @ConditionalOnMissingBean (types: org.springframework.http.converter.json.Jackson2ObjectMapperBuilder; SearchStrategy: all) did not find any beans (OnBeanCondition)

   JacksonAutoConfiguration.JacksonObjectMapperConfiguration matched:
      - @ConditionalOnClass found required class 'org.springframework.http.converter.json.Jackson2ObjectMapperBuilder' (OnClassCondition)

   JacksonAutoConfiguration.JacksonObjectMapperConfiguration#jacksonObjectMapper matched:
      - @ConditionalOnMissingBean (types: com.fasterxml.jackson.databind.ObjectMapper; SearchStrategy: all) did not find any beans (OnBeanCondition)

   JacksonAutoConfiguration.ParameterNamesModuleConfiguration matched:
      - @ConditionalOnClass found required class 'com.fasterxml.jackson.module.paramnames.ParameterNamesModule' (OnClassCondition)

   JacksonAutoConfiguration.ParameterNamesModuleConfiguration#parameterNamesModule matched:
      - @ConditionalOnMissingBean (types: com.fasterxml.jackson.module.paramnames.ParameterNamesModule; SearchStrategy: all) did not find any beans (OnBeanCondition)

   JacksonHttpMessageConvertersConfiguration.MappingJackson2HttpMessageConverterConfiguration matched:
      - @ConditionalOnClass found required class 'com.fasterxml.jackson.databind.ObjectMapper' (OnClassCondition)
      - @ConditionalOnProperty (spring.mvc.converters.preferred-json-mapper=jackson) matched (OnPropertyCondition)
      - @ConditionalOnBean (types: com.fasterxml.jackson.databind.ObjectMapper; SearchStrategy: all) found bean 'jacksonObjectMapper' (OnBeanCondition)

   JacksonHttpMessageConvertersConfiguration.MappingJackson2HttpMessageConverterConfiguration#mappingJackson2HttpMessageConverter matched:
      - @ConditionalOnMissingBean (types: org.springframework.http.converter.json.MappingJackson2HttpMessageConverter ignored: org.springframework.hateoas.server.mvc.TypeConstrainedMappingJackson2HttpMessageConverter,org.springframework.data.rest.webmvc.alps.AlpsJsonHttpMessageConverter; SearchStrategy: all) did not find any beans (OnBeanCondition)

   LifecycleAutoConfiguration#defaultLifecycleProcessor matched:
      - @ConditionalOnMissingBean (names: lifecycleProcessor; SearchStrategy: current) did not find any beans (OnBeanCondition)

   MultipartAutoConfiguration matched:
      - @ConditionalOnClass found required classes 'jakarta.servlet.Servlet', 'org.springframework.web.multipart.support.StandardServletMultipartResolver', 'jakarta.servlet.MultipartConfigElement' (OnClassCondition)
      - found 'session' scope (OnWebApplicationCondition)
      - @ConditionalOnProperty (spring.servlet.multipart.enabled) matched (OnPropertyCondition)

   MultipartAutoConfiguration#multipartConfigElement matched:
      - @ConditionalOnMissingBean (types: jakarta.servlet.MultipartConfigElement; SearchStrategy: all) did not find any beans (OnBeanCondition)

   MultipartAutoConfiguration#multipartResolver matched:
      - @ConditionalOnMissingBean (types: org.springframework.web.multipart.MultipartResolver; SearchStrategy: all) did not find any beans (OnBeanCondition)

   NoOpCacheConfiguration matched:
      - Cache org.springframework.boot.autoconfigure.cache.NoOpCacheConfiguration automatic cache type (CacheCondition)

   PropertyPlaceholderAutoConfiguration#propertySourcesPlaceholderConfigurer matched:
      - @ConditionalOnMissingBean (types: org.springframework.context.support.PropertySourcesPlaceholderConfigurer; SearchStrategy: current) did not find any beans (OnBeanCondition)

   RestClientAutoConfiguration matched:
      - @ConditionalOnClass found required class 'org.springframework.web.client.RestClient' (OnClassCondition)
      - NoneNestedConditions 0 matched 1 did not; NestedCondition on NotReactiveWebApplicationCondition.ReactiveWebApplication did not find reactive web application classes (NotReactiveWebApplicationCondition)

   RestClientAutoConfiguration#httpMessageConvertersRestClientCustomizer matched:
      - @ConditionalOnMissingBean (types: org.springframework.boot.autoconfigure.web.client.HttpMessageConvertersRestClientCustomizer; SearchStrategy: all) did not find any beans (OnBeanCondition)

   RestClientAutoConfiguration#restClientBuilder matched:
      - @ConditionalOnMissingBean (types: org.springframework.web.client.RestClient$Builder; SearchStrategy: all) did not find any beans (OnBeanCondition)

   RestClientAutoConfiguration#restClientBuilderConfigurer matched:
      - @ConditionalOnMissingBean (types: org.springframework.boot.autoconfigure.web.client.RestClientBuilderConfigurer; SearchStrategy: all) did not find any beans (OnBeanCondition)

   RestClientAutoConfiguration#restClientSsl matched:
      - @ConditionalOnBean (types: org.springframework.boot.ssl.SslBundles; SearchStrategy: all) found bean 'sslBundleRegistry'; @ConditionalOnMissingBean (types: org.springframework.boot.autoconfigure.web.client.RestClientSsl; SearchStrategy: all) did not find any beans (OnBeanCondition)

   RestTemplateAutoConfiguration matched:
      - @ConditionalOnClass found required class 'org.springframework.web.client.RestTemplate' (OnClassCondition)
      - NoneNestedConditions 0 matched 1 did not; NestedCondition on NotReactiveWebApplicationCondition.ReactiveWebApplication did not find reactive web application classes (NotReactiveWebApplicationCondition)

   RestTemplateAutoConfiguration#restTemplateBuilder matched:
      - @ConditionalOnMissingBean (types: org.springframework.boot.web.client.RestTemplateBuilder; SearchStrategy: all) did not find any beans (OnBeanCondition)

   ServletWebServerFactoryAutoConfiguration matched:
      - @ConditionalOnClass found required class 'jakarta.servlet.ServletRequest' (OnClassCondition)
      - found 'session' scope (OnWebApplicationCondition)

   ServletWebServerFactoryAutoConfiguration#tomcatServletWebServerFactoryCustomizer matched:
      - @ConditionalOnClass found required class 'org.apache.catalina.startup.Tomcat' (OnClassCondition)

   ServletWebServerFactoryConfiguration.EmbeddedTomcat matched:
      - @ConditionalOnClass found required classes 'jakarta.servlet.Servlet', 'org.apache.catalina.startup.Tomcat', 'org.apache.coyote.UpgradeProtocol' (OnClassCondition)
      - @ConditionalOnMissingBean (types: org.springframework.boot.web.servlet.server.ServletWebServerFactory; SearchStrategy: current) did not find any beans (OnBeanCondition)

   SimpleCacheConfiguration matched:
      - Cache org.springframework.boot.autoconfigure.cache.SimpleCacheConfiguration automatic cache type (CacheCondition)

   SqlInitializationAutoConfiguration matched:
      - @ConditionalOnProperty (spring.sql.init.enabled) matched (OnPropertyCondition)
      - NoneNestedConditions 0 matched 1 did not; NestedCondition on SqlInitializationAutoConfiguration.SqlInitializationModeCondition.ModeIsNever @ConditionalOnProperty (spring.sql.init.mode=never) did not find property 'mode' (SqlInitializationAutoConfiguration.SqlInitializationModeCondition)

   SslAutoConfiguration#sslBundleRegistry matched:
      - @ConditionalOnMissingBean (types: org.springframework.boot.ssl.SslBundleRegistry,org.springframework.boot.ssl.SslBundles; SearchStrategy: all) did not find any beans (OnBeanCondition)

   TaskExecutionAutoConfiguration matched:
      - @ConditionalOnClass found required class 'org.springframework.scheduling.concurrent.ThreadPoolTaskExecutor' (OnClassCondition)

   TaskExecutorConfigurations.SimpleAsyncTaskExecutorBuilderConfiguration#simpleAsyncTaskExecutorBuilder matched:
      - @ConditionalOnMissingBean (types: org.springframework.boot.task.SimpleAsyncTaskExecutorBuilder; SearchStrategy: all) did not find any beans (OnBeanCondition)
      - @ConditionalOnThreading found PLATFORM (OnThreadingCondition)

   TaskExecutorConfigurations.TaskExecutorBuilderConfiguration#taskExecutorBuilder matched:
      - @ConditionalOnMissingBean (types: org.springframework.boot.task.TaskExecutorBuilder; SearchStrategy: all) did not find any beans (OnBeanCondition)

   TaskExecutorConfigurations.TaskExecutorConfiguration matched:
      - @ConditionalOnMissingBean (types: java.util.concurrent.Executor; SearchStrategy: all) did not find any beans (OnBeanCondition)

   TaskExecutorConfigurations.TaskExecutorConfiguration#applicationTaskExecutor matched:
      - @ConditionalOnThreading found PLATFORM (OnThreadingCondition)

   TaskExecutorConfigurations.ThreadPoolTaskExecutorBuilderConfiguration#threadPoolTaskExecutorBuilder matched:
      - @ConditionalOnMissingBean (types: org.springframework.boot.task.TaskExecutorBuilder,org.springframework.boot.task.ThreadPoolTaskExecutorBuilder; SearchStrategy: all) did not find any beans (OnBeanCondition)

   TaskSchedulingAutoConfiguration matched:
      - @ConditionalOnClass found required class 'org.springframework.scheduling.concurrent.ThreadPoolTaskScheduler' (OnClassCondition)

   TaskSchedulingConfigurations.SimpleAsyncTaskSchedulerBuilderConfiguration#simpleAsyncTaskSchedulerBuilder matched:
      - @ConditionalOnMissingBean (types: org.springframework.boot.task.SimpleAsyncTaskSchedulerBuilder; SearchStrategy: all) did not find any beans (OnBeanCondition)
      - @ConditionalOnThreading found PLATFORM (OnThreadingCondition)

   TaskSchedulingConfigurations.TaskSchedulerBuilderConfiguration#taskSchedulerBuilder matched:
      - @ConditionalOnMissingBean (types: org.springframework.boot.task.TaskSchedulerBuilder; SearchStrategy: all) did not find any beans (OnBeanCondition)

   TaskSchedulingConfigurations.ThreadPoolTaskSchedulerBuilderConfiguration#threadPoolTaskSchedulerBuilder matched:
      - @ConditionalOnMissingBean (types: org.springframework.boot.task.TaskSchedulerBuilder,org.springframework.boot.task.ThreadPoolTaskSchedulerBuilder; SearchStrategy: all) did not find any beans (OnBeanCondition)

   WebMvcAutoConfiguration matched:
      - @ConditionalOnClass found required classes 'jakarta.servlet.Servlet', 'org.springframework.web.servlet.DispatcherServlet', 'org.springframework.web.servlet.config.annotation.WebMvcConfigurer' (OnClassCondition)
      - found 'session' scope (OnWebApplicationCondition)
      - @ConditionalOnMissingBean (types: org.springframework.web.servlet.config.annotation.WebMvcConfigurationSupport; SearchStrategy: all) did not find any beans (OnBeanCondition)

   WebMvcAutoConfiguration#formContentFilter matched:
      - @ConditionalOnProperty (spring.mvc.formcontent.filter.enabled) matched (OnPropertyCondition)
      - @ConditionalOnMissingBean (types: org.springframework.web.filter.FormContentFilter; SearchStrategy: all) did not find any beans (OnBeanCondition)

   WebMvcAutoConfiguration.EnableWebMvcConfiguration#flashMapManager matched:
      - @ConditionalOnMissingBean (names: flashMapManager; SearchStrategy: all) did not find any beans (OnBeanCondition)

   WebMvcAutoConfiguration.EnableWebMvcConfiguration#localeResolver matched:
      - @ConditionalOnMissingBean (names: localeResolver; SearchStrategy: all) did not find any beans (OnBeanCondition)

   WebMvcAutoConfiguration.EnableWebMvcConfiguration#themeResolver matched:
      - @ConditionalOnMissingBean (names: themeResolver; SearchStrategy: all) did not find any beans (OnBeanCondition)

   WebMvcAutoConfiguration.WebMvcAutoConfigurationAdapter#defaultViewResolver matched:
      - @ConditionalOnMissingBean (types: org.springframework.web.servlet.view.InternalResourceViewResolver; SearchStrategy: all) did not find any beans (OnBeanCondition)

   WebMvcAutoConfiguration.WebMvcAutoConfigurationAdapter#requestContextFilter matched:
      - @ConditionalOnMissingBean (types: org.springframework.web.context.request.RequestContextListener,org.springframework.web.filter.RequestContextFilter; SearchStrategy: all) did not find any beans (OnBeanCondition)

   WebMvcAutoConfiguration.WebMvcAutoConfigurationAdapter#viewResolver matched:
      - @ConditionalOnBean (types: org.springframework.web.servlet.ViewResolver; SearchStrategy: all) found beans 'defaultViewResolver', 'beanNameViewResolver', 'mvcViewResolver'; @ConditionalOnMissingBean (names: viewResolver types: org.springframework.web.servlet.view.ContentNegotiatingViewResolver; SearchStrategy: all) did not find any beans (OnBeanCondition)

   WebSocketServletAutoConfiguration matched:
      - @ConditionalOnClass found required classes 'jakarta.servlet.Servlet', 'jakarta.websocket.server.ServerContainer' (OnClassCondition)
      - found 'session' scope (OnWebApplicationCondition)

   WebSocketServletAutoConfiguration.TomcatWebSocketConfiguration matched:
      - @ConditionalOnClass found required classes 'org.apache.catalina.startup.Tomcat', 'org.apache.tomcat.websocket.server.WsSci' (OnClassCondition)

   WebSocketServletAutoConfiguration.TomcatWebSocketConfiguration#websocketServletWebServerCustomizer matched:
      - @ConditionalOnMissingBean (names: websocketServletWebServerCustomizer; SearchStrategy: all) did not find any beans (OnBeanCondition)


Negative matches:
-----------------

   ActiveMQAutoConfiguration:
      Did not match:
         - @ConditionalOnClass did not find required class 'jakarta.jms.ConnectionFactory' (OnClassCondition)

   AopAutoConfiguration.AspectJAutoProxyingConfiguration:
      Did not match:
         - @ConditionalOnClass did not find required class 'org.aspectj.weaver.Advice' (OnClassCondition)

   ArtemisAutoConfiguration:
      Did not match:
         - @ConditionalOnClass did not find required class 'jakarta.jms.ConnectionFactory' (OnClassCondition)

   BatchAutoConfiguration:
      Did not match:
         - @ConditionalOnClass did not find required class 'org.springframework.batch.core.launch.JobLauncher' (OnClassCondition)

   Cache2kCacheConfiguration:
      Did not match:
         - @ConditionalOnClass did not find required class 'org.cache2k.Cache2kBuilder' (OnClassCondition)

   CacheAutoConfiguration:
      Did not match:
         - @ConditionalOnBean (types: org.springframework.cache.interceptor.CacheAspectSupport; SearchStrategy: all) did not find any beans of type org.springframework.cache.interceptor.CacheAspectSupport (OnBeanCondition)
      Matched:
         - @ConditionalOnClass found required class 'org.springframework.cache.CacheManager' (OnClassCondition)

   CacheAutoConfiguration.CacheManagerEntityManagerFactoryDependsOnPostProcessor:
      Did not match:
         - @ConditionalOnClass did not find required class 'org.springframework.orm.jpa.LocalContainerEntityManagerFactoryBean' (OnClassCondition)
         - Ancestor org.springframework.boot.autoconfigure.cache.CacheAutoConfiguration did not match (ConditionEvaluationReport.AncestorsMatchedCondition)

   CaffeineCacheConfiguration:
      Did not match:
         - @ConditionalOnClass did not find required class 'com.github.benmanes.caffeine.cache.Caffeine' (OnClassCondition)

   CassandraAutoConfiguration:
      Did not match:
         - @ConditionalOnClass did not find required class 'com.datastax.oss.driver.api.core.CqlSession' (OnClassCondition)

   CassandraDataAutoConfiguration:
      Did not match:
         - @ConditionalOnClass did not find required class 'com.datastax.oss.driver.api.core.CqlSession' (OnClassCondition)

   CassandraReactiveDataAutoConfiguration:
      Did not match:
         - @ConditionalOnClass did not find required class 'com.datastax.oss.driver.api.core.CqlSession' (OnClassCondition)

   CassandraReactiveRepositoriesAutoConfiguration:
      Did not match:
         - @ConditionalOnClass did not find required class 'org.springframework.data.cassandra.ReactiveSession' (OnClassCondition)

   CassandraRepositoriesAutoConfiguration:
      Did not match:
         - @ConditionalOnClass did not find required class 'com.datastax.oss.driver.api.core.CqlSession' (OnClassCondition)

   ClientHttpConnectorAutoConfiguration:
      Did not match:
         - @ConditionalOnClass did not find required class 'org.springframework.web.reactive.function.client.WebClient' (OnClassCondition)

   CodecsAutoConfiguration:
      Did not match:
         - @ConditionalOnClass did not find required class 'org.springframework.web.reactive.function.client.WebClient' (OnClassCondition)

   CouchbaseAutoConfiguration:
      Did not match:
         - @ConditionalOnClass did not find required class 'com.couchbase.client.java.Cluster' (OnClassCondition)

   CouchbaseCacheConfiguration:
      Did not match:
         - @ConditionalOnClass did not find required class 'com.couchbase.client.java.Cluster' (OnClassCondition)

   CouchbaseDataAutoConfiguration:
      Did not match:
         - @ConditionalOnClass did not find required class 'com.couchbase.client.java.Bucket' (OnClassCondition)

   CouchbaseReactiveDataAutoConfiguration:
      Did not match:
         - @ConditionalOnClass did not find required class 'com.couchbase.client.java.Cluster' (OnClassCondition)

   CouchbaseReactiveRepositoriesAutoConfiguration:
      Did not match:
         - @ConditionalOnClass did not find required class 'com.couchbase.client.java.Cluster' (OnClassCondition)

   CouchbaseRepositoriesAutoConfiguration:
      Did not match:
         - @ConditionalOnClass did not find required class 'com.couchbase.client.java.Bucket' (OnClassCondition)

   DataSourceAutoConfiguration:
      Did not match:
         - @ConditionalOnClass did not find required class 'org.springframework.jdbc.datasource.embedded.EmbeddedDatabaseType' (OnClassCondition)

   DataSourceInitializationConfiguration:
      Did not match:
         - @ConditionalOnClass did not find required class 'org.springframework.jdbc.datasource.init.DatabasePopulator' (OnClassCondition)

   DataSourceTransactionManagerAutoConfiguration:
      Did not match:
         - @ConditionalOnClass did not find required class 'org.springframework.jdbc.core.JdbcTemplate' (OnClassCondition)

   DevToolsDataSourceAutoConfiguration:
      Did not match:
         - Devtools devtools is disabled for current context. (OnEnabledDevToolsCondition)

   DevToolsR2dbcAutoConfiguration:
      Did not match:
         - @ConditionalOnClass did not find required class 'io.r2dbc.spi.ConnectionFactory' (OnClassCondition)

   DispatcherServletAutoConfiguration.DispatcherServletConfiguration#multipartResolver:
      Did not match:
         - @ConditionalOnBean (types: org.springframework.web.multipart.MultipartResolver; SearchStrategy: all) did not find any beans of type org.springframework.web.multipart.MultipartResolver (OnBeanCondition)

   ElasticsearchClientAutoConfiguration:
      Did not match:
         - @ConditionalOnClass did not find required class 'co.elastic.clients.elasticsearch.ElasticsearchClient' (OnClassCondition)

   ElasticsearchDataAutoConfiguration:
      Did not match:
         - @ConditionalOnClass did not find required class 'org.springframework.data.elasticsearch.client.elc.ElasticsearchTemplate' (OnClassCondition)

   ElasticsearchRepositoriesAutoConfiguration:
      Did not match:
         - @ConditionalOnClass did not find required class 'org.springframework.data.elasticsearch.repository.ElasticsearchRepository' (OnClassCondition)

   ElasticsearchRestClientAutoConfiguration:
      Did not match:
         - @ConditionalOnClass did not find required class 'org.elasticsearch.client.RestClientBuilder' (OnClassCondition)

   EmbeddedLdapAutoConfiguration:
      Did not match:
         - @ConditionalOnClass did not find required class 'com.unboundid.ldap.listener.InMemoryDirectoryServer' (OnClassCondition)

   EmbeddedWebServerFactoryCustomizerAutoConfiguration:
      Did not match:
         - Application is deployed as a WAR file. (OnWarDeploymentCondition)
      Matched:
         - @ConditionalOnWebApplication (required) found 'session' scope (OnWebApplicationCondition)

   ErrorWebFluxAutoConfiguration:
      Did not match:
         - @ConditionalOnClass did not find required class 'org.springframework.web.reactive.config.WebFluxConfigurer' (OnClassCondition)

   FlywayAutoConfiguration:
      Did not match:
         - @ConditionalOnClass did not find required class 'org.flywaydb.core.Flyway' (OnClassCondition)

   FreeMarkerAutoConfiguration:
      Did not match:
         - @ConditionalOnClass did not find required class 'freemarker.template.Configuration' (OnClassCondition)

   GraphQlAutoConfiguration:
      Did not match:
         - @ConditionalOnClass did not find required class 'graphql.GraphQL' (OnClassCondition)

   GraphQlQueryByExampleAutoConfiguration:
      Did not match:
         - @ConditionalOnClass did not find required class 'graphql.GraphQL' (OnClassCondition)

   GraphQlQuerydslAutoConfiguration:
      Did not match:
         - @ConditionalOnClass did not find required class 'com.querydsl.core.Query' (OnClassCondition)

   GraphQlRSocketAutoConfiguration:
      Did not match:
         - @ConditionalOnClass did not find required class 'graphql.GraphQL' (OnClassCondition)

   GraphQlReactiveQueryByExampleAutoConfiguration:
      Did not match:
         - @ConditionalOnClass did not find required class 'graphql.GraphQL' (OnClassCondition)

   GraphQlReactiveQuerydslAutoConfiguration:
      Did not match:
         - @ConditionalOnClass did not find required class 'com.querydsl.core.Query' (OnClassCondition)

   GraphQlWebFluxAutoConfiguration:
      Did not match:
         - @ConditionalOnClass did not find required class 'graphql.GraphQL' (OnClassCondition)

   GraphQlWebFluxSecurityAutoConfiguration:
      Did not match:
         - @ConditionalOnClass did not find required class 'graphql.GraphQL' (OnClassCondition)

   GraphQlWebMvcAutoConfiguration:
      Did not match:
         - @ConditionalOnClass did not find required class 'graphql.GraphQL' (OnClassCondition)

   GraphQlWebMvcSecurityAutoConfiguration:
      Did not match:
         - @ConditionalOnClass did not find required class 'graphql.GraphQL' (OnClassCondition)

   GroovyTemplateAutoConfiguration:
      Did not match:
         - @ConditionalOnClass did not find required class 'groovy.text.markup.MarkupTemplateEngine' (OnClassCondition)

   GsonAutoConfiguration:
      Did not match:
         - @ConditionalOnClass did not find required class 'com.google.gson.Gson' (OnClassCondition)

   GsonHttpMessageConvertersConfiguration:
      Did not match:
         - @ConditionalOnClass did not find required class 'com.google.gson.Gson' (OnClassCondition)

   H2ConsoleAutoConfiguration:
      Did not match:
         - @ConditionalOnClass did not find required class 'org.h2.server.web.JakartaWebServlet' (OnClassCondition)

   HazelcastAutoConfiguration:
      Did not match:
         - @ConditionalOnClass did not find required class 'com.hazelcast.core.HazelcastInstance' (OnClassCondition)

   HazelcastCacheConfiguration:
      Did not match:
         - @ConditionalOnClass did not find required class 'com.hazelcast.core.HazelcastInstance' (OnClassCondition)

   HazelcastJpaDependencyAutoConfiguration:
      Did not match:
         - @ConditionalOnClass did not find required class 'com.hazelcast.core.HazelcastInstance' (OnClassCondition)

   HibernateJpaAutoConfiguration:
      Did not match:
         - @ConditionalOnClass did not find required class 'jakarta.persistence.EntityManager' (OnClassCondition)

   HttpHandlerAutoConfiguration:
      Did not match:
         - @ConditionalOnClass did not find required class 'org.springframework.web.reactive.DispatcherHandler' (OnClassCondition)

   HypermediaAutoConfiguration:
      Did not match:
         - @ConditionalOnClass did not find required class 'org.springframework.hateoas.EntityModel' (OnClassCondition)

   InfinispanCacheConfiguration:
      Did not match:
         - @ConditionalOnClass did not find required class 'org.infinispan.spring.embedded.provider.SpringEmbeddedCacheManager' (OnClassCondition)

   InfluxDbAutoConfiguration:
      Did not match:
         - @ConditionalOnClass did not find required class 'org.influxdb.InfluxDB' (OnClassCondition)

   IntegrationAutoConfiguration:
      Did not match:
         - @ConditionalOnClass did not find required class 'org.springframework.integration.config.EnableIntegration' (OnClassCondition)

   JCacheCacheConfiguration:
      Did not match:
         - @ConditionalOnClass did not find required class 'javax.cache.Caching' (OnClassCondition)

   JacksonHttpMessageConvertersConfiguration.MappingJackson2XmlHttpMessageConverterConfiguration:
      Did not match:
         - @ConditionalOnClass did not find required class 'com.fasterxml.jackson.dataformat.xml.XmlMapper' (OnClassCondition)

   JdbcClientAutoConfiguration:
      Did not match:
         - @ConditionalOnSingleCandidate did not find required type 'org.springframework.jdbc.core.namedparam.NamedParameterJdbcTemplate' (OnBeanCondition)

   JdbcRepositoriesAutoConfiguration:
      Did not match:
         - @ConditionalOnClass did not find required class 'org.springframework.data.jdbc.repository.config.AbstractJdbcConfiguration' (OnClassCondition)

   JdbcTemplateAutoConfiguration:
      Did not match:
         - @ConditionalOnClass did not find required class 'org.springframework.jdbc.core.JdbcTemplate' (OnClassCondition)

   JerseyAutoConfiguration:
      Did not match:
         - @ConditionalOnClass did not find required class 'org.glassfish.jersey.server.spring.SpringComponentProvider' (OnClassCondition)

   JmsAutoConfiguration:
      Did not match:
         - @ConditionalOnClass did not find required class 'jakarta.jms.Message' (OnClassCondition)

   JmxAutoConfiguration:
      Did not match:
         - @ConditionalOnProperty (spring.jmx.enabled=true) found different value in property 'enabled' (OnPropertyCondition)
      Matched:
         - @ConditionalOnClass found required class 'org.springframework.jmx.export.MBeanExporter' (OnClassCondition)

   JndiConnectionFactoryAutoConfiguration:
      Did not match:
         - @ConditionalOnClass did not find required class 'org.springframework.jms.core.JmsTemplate' (OnClassCondition)

   JndiDataSourceAutoConfiguration:
      Did not match:
         - @ConditionalOnClass did not find required class 'org.springframework.jdbc.datasource.embedded.EmbeddedDatabaseType' (OnClassCondition)

   JooqAutoConfiguration:
      Did not match:
         - @ConditionalOnClass did not find required class 'org.jooq.DSLContext' (OnClassCondition)

   JpaRepositoriesAutoConfiguration:
      Did not match:
         - @ConditionalOnClass did not find required class 'org.springframework.data.jpa.repository.JpaRepository' (OnClassCondition)

   JsonbAutoConfiguration:
      Did not match:
         - @ConditionalOnClass did not find required class 'jakarta.json.bind.Jsonb' (OnClassCondition)

   JsonbHttpMessageConvertersConfiguration:
      Did not match:
         - @ConditionalOnClass did not find required class 'jakarta.json.bind.Jsonb' (OnClassCondition)

   JtaAutoConfiguration:
      Did not match:
         - @ConditionalOnClass did not find required class 'jakarta.transaction.Transaction' (OnClassCondition)

   KafkaAutoConfiguration:
      Did not match:
         - @ConditionalOnClass did not find required class 'org.springframework.kafka.core.KafkaTemplate' (OnClassCondition)

   LdapAutoConfiguration:
      Did not match:
         - @ConditionalOnClass did not find required class 'org.springframework.ldap.core.ContextSource' (OnClassCondition)

   LdapRepositoriesAutoConfiguration:
      Did not match:
         - @ConditionalOnClass did not find required class 'org.springframework.data.ldap.repository.LdapRepository' (OnClassCondition)

   LiquibaseAutoConfiguration:
      Did not match:
         - @ConditionalOnClass did not find required class 'liquibase.change.DatabaseChange' (OnClassCondition)

   LocalDevToolsAutoConfiguration:
      Did not match:
         - Initialized Restarter Condition initialized without URLs (OnInitializedRestarterCondition)

   MailSenderAutoConfiguration:
      Did not match:
         - @ConditionalOnClass did not find required class 'jakarta.mail.internet.MimeMessage' (OnClassCondition)

   MailSenderValidatorAutoConfiguration:
      Did not match:
         - @ConditionalOnSingleCandidate did not find required type 'org.springframework.mail.javamail.JavaMailSenderImpl' (OnBeanCondition)

   MessageSourceAutoConfiguration:
      Did not match:
         - ResourceBundle did not find bundle with basename messages (MessageSourceAutoConfiguration.ResourceBundleCondition)

   MongoAutoConfiguration:
      Did not match:
         - @ConditionalOnClass did not find required class 'com.mongodb.client.MongoClient' (OnClassCondition)

   MongoDataAutoConfiguration:
      Did not match:
         - @ConditionalOnClass did not find required class 'com.mongodb.client.MongoClient' (OnClassCondition)

   MongoReactiveAutoConfiguration:
      Did not match:
         - @ConditionalOnClass did not find required class 'com.mongodb.reactivestreams.client.MongoClient' (OnClassCondition)

   MongoReactiveDataAutoConfiguration:
      Did not match:
         - @ConditionalOnClass did not find required class 'com.mongodb.reactivestreams.client.MongoClient' (OnClassCondition)

   MongoReactiveRepositoriesAutoConfiguration:
      Did not match:
         - @ConditionalOnClass did not find required class 'com.mongodb.reactivestreams.client.MongoClient' (OnClassCondition)

   MongoRepositoriesAutoConfiguration:
      Did not match:
         - @ConditionalOnClass did not find required class 'com.mongodb.client.MongoClient' (OnClassCondition)

   MustacheAutoConfiguration:
      Did not match:
         - @ConditionalOnClass did not find required class 'com.samskivert.mustache.Mustache' (OnClassCondition)

   Neo4jAutoConfiguration:
      Did not match:
         - @ConditionalOnClass did not find required class 'org.neo4j.driver.Driver' (OnClassCondition)

   Neo4jDataAutoConfiguration:
      Did not match:
         - @ConditionalOnClass did not find required class 'org.neo4j.driver.Driver' (OnClassCondition)

   Neo4jReactiveDataAutoConfiguration:
      Did not match:
         - @ConditionalOnClass did not find required class 'org.neo4j.driver.Driver' (OnClassCondition)

   Neo4jReactiveRepositoriesAutoConfiguration:
      Did not match:
         - @ConditionalOnClass did not find required class 'org.neo4j.driver.Driver' (OnClassCondition)

   Neo4jRepositoriesAutoConfiguration:
      Did not match:
         - @ConditionalOnClass did not find required class 'org.neo4j.driver.Driver' (OnClassCondition)

   NettyAutoConfiguration:
      Did not match:
         - @ConditionalOnClass did not find required class 'io.netty.util.NettyRuntime' (OnClassCondition)

   OAuth2AuthorizationServerAutoConfiguration:
      Did not match:
         - @ConditionalOnClass did not find required class 'org.springframework.security.oauth2.server.authorization.OAuth2Authorization' (OnClassCondition)

   OAuth2AuthorizationServerJwtAutoConfiguration:
      Did not match:
         - @ConditionalOnClass did not find required class 'org.springframework.security.oauth2.server.authorization.OAuth2Authorization' (OnClassCondition)

   OAuth2ClientAutoConfiguration:
      Did not match:
         - @ConditionalOnClass did not find required class 'org.springframework.security.config.annotation.web.configuration.EnableWebSecurity' (OnClassCondition)

   OAuth2ResourceServerAutoConfiguration:
      Did not match:
         - @ConditionalOnClass did not find required class 'org.springframework.security.oauth2.server.resource.authentication.BearerTokenAuthenticationToken' (OnClassCondition)

   PersistenceExceptionTranslationAutoConfiguration:
      Did not match:
         - @ConditionalOnClass did not find required class 'org.springframework.dao.annotation.PersistenceExceptionTranslationPostProcessor' (OnClassCondition)

   ProjectInfoAutoConfiguration#buildProperties:
      Did not match:
         - @ConditionalOnResource did not find resource '${spring.info.build.location:classpath:META-INF/build-info.properties}' (OnResourceCondition)

   ProjectInfoAutoConfiguration#gitProperties:
      Did not match:
         - GitResource did not find git info at classpath:git.properties (ProjectInfoAutoConfiguration.GitResourceAvailableCondition)

   PulsarAutoConfiguration:
      Did not match:
         - @ConditionalOnClass did not find required class 'org.apache.pulsar.client.api.PulsarClient' (OnClassCondition)

   PulsarReactiveAutoConfiguration:
      Did not match:
         - @ConditionalOnClass did not find required class 'org.apache.pulsar.client.api.PulsarClient' (OnClassCondition)

   QuartzAutoConfiguration:
      Did not match:
         - @ConditionalOnClass did not find required class 'org.quartz.Scheduler' (OnClassCondition)

   R2dbcAutoConfiguration:
      Did not match:
         - @ConditionalOnClass did not find required class 'io.r2dbc.spi.ConnectionFactory' (OnClassCondition)

   R2dbcDataAutoConfiguration:
      Did not match:
         - @ConditionalOnClass did not find required class 'org.springframework.data.r2dbc.core.R2dbcEntityTemplate' (OnClassCondition)

   R2dbcInitializationConfiguration:
      Did not match:
         - @ConditionalOnClass did not find required classes 'io.r2dbc.spi.ConnectionFactory', 'org.springframework.r2dbc.connection.init.DatabasePopulator' (OnClassCondition)

   R2dbcRepositoriesAutoConfiguration:
      Did not match:
         - @ConditionalOnClass did not find required class 'io.r2dbc.spi.ConnectionFactory' (OnClassCondition)

   R2dbcTransactionManagerAutoConfiguration:
      Did not match:
         - @ConditionalOnClass did not find required class 'org.springframework.r2dbc.connection.R2dbcTransactionManager' (OnClassCondition)

   RSocketGraphQlClientAutoConfiguration:
      Did not match:
         - @ConditionalOnClass did not find required class 'graphql.GraphQL' (OnClassCondition)

   RSocketMessagingAutoConfiguration:
      Did not match:
         - @ConditionalOnClass did not find required class 'io.rsocket.RSocket' (OnClassCondition)

   RSocketRequesterAutoConfiguration:
      Did not match:
         - @ConditionalOnClass did not find required class 'io.rsocket.RSocket' (OnClassCondition)

   RSocketSecurityAutoConfiguration:
      Did not match:
         - @ConditionalOnClass did not find required class 'org.springframework.security.rsocket.core.SecuritySocketAcceptorInterceptor' (OnClassCondition)

   RSocketServerAutoConfiguration:
      Did not match:
         - @ConditionalOnClass did not find required class 'io.rsocket.core.RSocketServer' (OnClassCondition)

   RSocketStrategiesAutoConfiguration:
      Did not match:
         - @ConditionalOnClass did not find required class 'io.netty.buffer.PooledByteBufAllocator' (OnClassCondition)

   RabbitAutoConfiguration:
      Did not match:
         - @ConditionalOnClass did not find required class 'com.rabbitmq.client.Channel' (OnClassCondition)

   ReactiveElasticsearchClientAutoConfiguration:
      Did not match:
         - @ConditionalOnClass did not find required class 'co.elastic.clients.transport.ElasticsearchTransport' (OnClassCondition)

   ReactiveElasticsearchRepositoriesAutoConfiguration:
      Did not match:
         - @ConditionalOnClass did not find required class 'org.springframework.data.elasticsearch.client.elc.ReactiveElasticsearchClient' (OnClassCondition)

   ReactiveMultipartAutoConfiguration:
      Did not match:
         - @ConditionalOnClass did not find required class 'org.springframework.web.reactive.config.WebFluxConfigurer' (OnClassCondition)

   ReactiveOAuth2ClientAutoConfiguration:
      Did not match:
         - @ConditionalOnClass did not find required class 'reactor.core.publisher.Flux' (OnClassCondition)

   ReactiveOAuth2ResourceServerAutoConfiguration:
      Did not match:
         - @ConditionalOnClass did not find required class 'org.springframework.security.config.annotation.web.reactive.EnableWebFluxSecurity' (OnClassCondition)

   ReactiveSecurityAutoConfiguration:
      Did not match:
         - @ConditionalOnClass did not find required class 'reactor.core.publisher.Flux' (OnClassCondition)

   ReactiveUserDetailsServiceAutoConfiguration:
      Did not match:
         - @ConditionalOnClass did not find required class 'org.springframework.security.authentication.ReactiveAuthenticationManager' (OnClassCondition)

   ReactiveWebServerFactoryAutoConfiguration:
      Did not match:
         - @ConditionalOnWebApplication did not find reactive web application classes (OnWebApplicationCondition)

   ReactorAutoConfiguration:
      Did not match:
         - @ConditionalOnClass did not find required class 'reactor.core.publisher.Hooks' (OnClassCondition)

   RedisAutoConfiguration:
      Did not match:
         - @ConditionalOnClass did not find required class 'org.springframework.data.redis.core.RedisOperations' (OnClassCondition)

   RedisCacheConfiguration:
      Did not match:
         - @ConditionalOnClass did not find required class 'org.springframework.data.redis.connection.RedisConnectionFactory' (OnClassCondition)

   RedisReactiveAutoConfiguration:
      Did not match:
         - @ConditionalOnClass did not find required class 'reactor.core.publisher.Flux' (OnClassCondition)

   RedisRepositoriesAutoConfiguration:
      Did not match:
         - @ConditionalOnClass did not find required class 'org.springframework.data.redis.repository.configuration.EnableRedisRepositories' (OnClassCondition)

   RemoteDevToolsAutoConfiguration:
      Did not match:
         - @ConditionalOnProperty (spring.devtools.remote.secret) did not find property 'secret' (OnPropertyCondition)
      Matched:
         - @ConditionalOnClass found required classes 'jakarta.servlet.Filter', 'org.springframework.http.server.ServerHttpRequest' (OnClassCondition)

   RepositoryRestMvcAutoConfiguration:
      Did not match:
         - @ConditionalOnClass did not find required class 'org.springframework.data.rest.webmvc.config.RepositoryRestMvcConfiguration' (OnClassCondition)

   Saml2RelyingPartyAutoConfiguration:
      Did not match:
         - @ConditionalOnClass did not find required class 'org.springframework.security.saml2.provider.service.registration.RelyingPartyRegistrationRepository' (OnClassCondition)

   SecurityAutoConfiguration:
      Did not match:
         - @ConditionalOnClass did not find required class 'org.springframework.security.authentication.DefaultAuthenticationEventPublisher' (OnClassCondition)

   SecurityFilterAutoConfiguration:
      Did not match:
         - @ConditionalOnClass did not find required class 'org.springframework.security.config.http.SessionCreationPolicy' (OnClassCondition)

   SendGridAutoConfiguration:
      Did not match:
         - @ConditionalOnClass did not find required class 'com.sendgrid.SendGrid' (OnClassCondition)

   ServletWebServerFactoryAutoConfiguration.ForwardedHeaderFilterConfiguration:
      Did not match:
         - @ConditionalOnProperty (server.forward-headers-strategy=framework) did not find property 'server.forward-headers-strategy' (OnPropertyCondition)

   ServletWebServerFactoryConfiguration.EmbeddedJetty:
      Did not match:
         - @ConditionalOnClass did not find required classes 'org.eclipse.jetty.server.Server', 'org.eclipse.jetty.util.Loader', 'org.eclipse.jetty.ee10.webapp.WebAppContext' (OnClassCondition)

   ServletWebServerFactoryConfiguration.EmbeddedUndertow:
      Did not match:
         - @ConditionalOnClass did not find required classes 'io.undertow.Undertow', 'org.xnio.SslClientAuthMode' (OnClassCondition)

   SessionAutoConfiguration:
      Did not match:
         - @ConditionalOnClass did not find required class 'org.springframework.session.Session' (OnClassCondition)

   SpringApplicationAdminJmxAutoConfiguration:
      Did not match:
         - @ConditionalOnProperty (spring.application.admin.enabled=true) did not find property 'enabled' (OnPropertyCondition)

   SpringDataWebAutoConfiguration:
      Did not match:
         - @ConditionalOnClass did not find required class 'org.springframework.data.web.PageableHandlerMethodArgumentResolver' (OnClassCondition)

   TaskExecutorConfigurations.SimpleAsyncTaskExecutorBuilderConfiguration#simpleAsyncTaskExecutorBuilderVirtualThreads:
      Did not match:
         - @ConditionalOnMissingBean (types: org.springframework.boot.task.SimpleAsyncTaskExecutorBuilder; SearchStrategy: all) found beans of type 'org.springframework.boot.task.SimpleAsyncTaskExecutorBuilder' simpleAsyncTaskExecutorBuilder (OnBeanCondition)

   TaskExecutorConfigurations.TaskExecutorConfiguration#applicationTaskExecutorVirtualThreads:
      Did not match:
         - @ConditionalOnThreading did not find VIRTUAL (OnThreadingCondition)

   TaskSchedulingAutoConfiguration#scheduledBeanLazyInitializationExcludeFilter:
      Did not match:
         - @ConditionalOnBean (names: org.springframework.context.annotation.internalScheduledAnnotationProcessor; SearchStrategy: all) did not find any beans named org.springframework.context.annotation.internalScheduledAnnotationProcessor (OnBeanCondition)

   TaskSchedulingConfigurations.SimpleAsyncTaskSchedulerBuilderConfiguration#simpleAsyncTaskSchedulerBuilderVirtualThreads:
      Did not match:
         - @ConditionalOnMissingBean (types: org.springframework.boot.task.SimpleAsyncTaskSchedulerBuilder; SearchStrategy: all) found beans of type 'org.springframework.boot.task.SimpleAsyncTaskSchedulerBuilder' simpleAsyncTaskSchedulerBuilder (OnBeanCondition)

   TaskSchedulingConfigurations.TaskSchedulerConfiguration:
      Did not match:
         - @ConditionalOnBean (names: org.springframework.context.annotation.internalScheduledAnnotationProcessor; SearchStrategy: all) did not find any beans named org.springframework.context.annotation.internalScheduledAnnotationProcessor (OnBeanCondition)

   ThymeleafAutoConfiguration:
      Did not match:
         - @ConditionalOnClass did not find required class 'org.thymeleaf.spring6.SpringTemplateEngine' (OnClassCondition)

   TransactionAutoConfiguration:
      Did not match:
         - @ConditionalOnClass did not find required class 'org.springframework.transaction.PlatformTransactionManager' (OnClassCondition)

   TransactionManagerCustomizationAutoConfiguration:
      Did not match:
         - @ConditionalOnClass did not find required class 'org.springframework.transaction.PlatformTransactionManager' (OnClassCondition)

   UserDetailsServiceAutoConfiguration:
      Did not match:
         - @ConditionalOnClass did not find required class 'org.springframework.security.authentication.AuthenticationManager' (OnClassCondition)

   ValidationAutoConfiguration:
      Did not match:
         - @ConditionalOnClass did not find required class 'jakarta.validation.executable.ExecutableValidator' (OnClassCondition)

   WebClientAutoConfiguration:
      Did not match:
         - @ConditionalOnClass did not find required class 'org.springframework.web.reactive.function.client.WebClient' (OnClassCondition)

   WebFluxAutoConfiguration:
      Did not match:
         - @ConditionalOnClass did not find required class 'org.springframework.web.reactive.config.WebFluxConfigurer' (OnClassCondition)

   WebMvcAutoConfiguration#hiddenHttpMethodFilter:
      Did not match:
         - @ConditionalOnProperty (spring.mvc.hiddenmethod.filter.enabled) did not find property 'enabled' (OnPropertyCondition)

   WebMvcAutoConfiguration.ProblemDetailsErrorHandlingConfiguration:
      Did not match:
         - @ConditionalOnProperty (spring.mvc.problemdetails.enabled=true) did not find property 'enabled' (OnPropertyCondition)

   WebMvcAutoConfiguration.ResourceChainCustomizerConfiguration:
      Did not match:
         - @ConditionalOnEnabledResourceChain did not find class org.webjars.WebJarAssetLocator (OnEnabledResourceChainCondition)

   WebMvcAutoConfiguration.WebMvcAutoConfigurationAdapter#beanNameViewResolver:
      Did not match:
         - @ConditionalOnMissingBean (types: org.springframework.web.servlet.view.BeanNameViewResolver; SearchStrategy: all) found beans of type 'org.springframework.web.servlet.view.BeanNameViewResolver' beanNameViewResolver (OnBeanCondition)

   WebServiceTemplateAutoConfiguration:
      Did not match:
         - @ConditionalOnClass did not find required class 'org.springframework.oxm.Marshaller' (OnClassCondition)

   WebServicesAutoConfiguration:
      Did not match:
         - @ConditionalOnClass did not find required class 'org.springframework.ws.transport.http.MessageDispatcherServlet' (OnClassCondition)

   WebSessionIdResolverAutoConfiguration:
      Did not match:
         - @ConditionalOnClass did not find required class 'reactor.core.publisher.Mono' (OnClassCondition)

   WebSocketMessagingAutoConfiguration:
      Did not match:
         - @ConditionalOnClass did not find required class 'org.springframework.web.socket.config.annotation.WebSocketMessageBrokerConfigurer' (OnClassCondition)

   WebSocketReactiveAutoConfiguration:
      Did not match:
         - @ConditionalOnWebApplication did not find reactive web application classes (OnWebApplicationCondition)

   WebSocketServletAutoConfiguration.JettyWebSocketConfiguration:
      Did not match:
         - @ConditionalOnClass did not find required class 'org.eclipse.jetty.ee10.websocket.jakarta.server.config.JakartaWebSocketServletContainerInitializer' (OnClassCondition)

   WebSocketServletAutoConfiguration.UndertowWebSocketConfiguration:
      Did not match:
         - @ConditionalOnClass did not find required class 'io.undertow.websockets.jsr.Bootstrap' (OnClassCondition)

   XADataSourceAutoConfiguration:
      Did not match:
         - @ConditionalOnClass did not find required class 'jakarta.transaction.TransactionManager' (OnClassCondition)


Exclusions:
-----------

    None


Unconditional classes:
----------------------

    org.springframework.boot.autoconfigure.context.ConfigurationPropertiesAutoConfiguration

    org.springframework.boot.autoconfigure.ssl.SslAutoConfiguration

    org.springframework.boot.autoconfigure.context.LifecycleAutoConfiguration

    org.springframework.boot.autoconfigure.context.PropertyPlaceholderAutoConfiguration

    org.springframework.boot.autoconfigure.availability.ApplicationAvailabilityAutoConfiguration

    org.springframework.boot.autoconfigure.info.ProjectInfoAutoConfiguration



2024-04-10T13:26:29.322+05:30 TRACE 20084 --- [spring-boot-learn] [           main] o.s.b.f.s.DefaultListableBeanFactory     : Returning cached instance of singleton bean 'welcomePageHandlerMapping'
2024-04-10T13:26:29.322+05:30 TRACE 20084 --- [spring-boot-learn] [           main] o.s.b.f.s.DefaultListableBeanFactory     : Returning cached instance of singleton bean 'welcomePageNotAcceptableHandlerMapping'
2024-04-10T13:26:29.322+05:30 TRACE 20084 --- [spring-boot-learn] [           main] o.s.b.f.s.DefaultListableBeanFactory     : Returning cached instance of singleton bean 'requestMappingHandlerMapping'
2024-04-10T13:26:29.322+05:30 TRACE 20084 --- [spring-boot-learn] [           main] o.s.b.f.s.DefaultListableBeanFactory     : Returning cached instance of singleton bean 'viewControllerHandlerMapping'
2024-04-10T13:26:29.322+05:30 TRACE 20084 --- [spring-boot-learn] [           main] o.s.b.f.s.DefaultListableBeanFactory     : Returning cached instance of singleton bean 'beanNameHandlerMapping'
2024-04-10T13:26:29.322+05:30 TRACE 20084 --- [spring-boot-learn] [           main] o.s.b.f.s.DefaultListableBeanFactory     : Returning cached instance of singleton bean 'routerFunctionMapping'
2024-04-10T13:26:29.322+05:30 TRACE 20084 --- [spring-boot-learn] [           main] o.s.b.f.s.DefaultListableBeanFactory     : Returning cached instance of singleton bean 'resourceHandlerMapping'
2024-04-10T13:26:29.322+05:30 TRACE 20084 --- [spring-boot-learn] [           main] o.s.b.f.s.DefaultListableBeanFactory     : Returning cached instance of singleton bean 'defaultServletHandlerMapping'
2024-04-10T13:26:29.324+05:30  INFO 20084 --- [spring-boot-learn] [           main] c.s.s.SpringBootLearnApplicationTests    : Started SpringBootLearnApplicationTests in 1.329 seconds (process running for 1.907)
2024-04-10T13:26:29.325+05:30 TRACE 20084 --- [spring-boot-learn] [           main] o.s.b.f.s.DefaultListableBeanFactory     : Returning cached instance of singleton bean 'applicationAvailability'
2024-04-10T13:26:29.325+05:30 DEBUG 20084 --- [spring-boot-learn] [           main] o.s.b.a.ApplicationAvailabilityBean      : Application availability state LivenessState changed to CORRECT
2024-04-10T13:26:29.327+05:30 DEBUG 20084 --- [spring-boot-learn] [           main] o.s.boot.devtools.restart.Restarter      : Creating new Restarter for thread Thread[main,5,main]
2024-04-10T13:26:29.327+05:30 TRACE 20084 --- [spring-boot-learn] [           main] o.s.b.f.s.DefaultListableBeanFactory     : Returning cached instance of singleton bean 'applicationAvailability'
2024-04-10T13:26:29.327+05:30 DEBUG 20084 --- [spring-boot-learn] [           main] o.s.b.a.ApplicationAvailabilityBean      : Application availability state ReadinessState changed to ACCEPTING_TRAFFIC
2024-04-10T13:26:29.328+05:30 TRACE 20084 --- [spring-boot-learn] [           main] c.DefaultCacheAwareContextLoaderDelegate : Storing ApplicationContext [791408866] in cache under key [WebMergedContextConfiguration@3a8d467e testClass = com.spring10.springbootlearn.SpringBootLearnApplicationTests, locations = [], classes = [com.spring10.springbootlearn.SpringBootLearnApplication], contextInitializerClasses = [], activeProfiles = [], propertySourceDescriptors = [], propertySourceProperties = ["org.springframework.boot.test.context.SpringBootTestContextBootstrapper=true"], contextCustomizers = [org.springframework.boot.test.context.filter.ExcludeFilterContextCustomizer@6340e5f0, org.springframework.boot.test.json.DuplicateJsonObjectContextCustomizerFactory$DuplicateJsonObjectContextCustomizer@6c1a5b54, org.springframework.boot.test.mock.mockito.MockitoContextCustomizer@0, org.springframework.boot.test.web.client.TestRestTemplateContextCustomizer@644baf4a, org.springframework.boot.test.autoconfigure.actuate.observability.ObservabilityContextCustomizerFactory$DisableObservabilityContextCustomizer@1f, org.springframework.boot.test.autoconfigure.properties.PropertyMappingContextCustomizer@0, org.springframework.boot.test.autoconfigure.web.servlet.WebDriverContextCustomizer@74e28667, org.springframework.boot.test.context.SpringBootTestAnnotation@bf8a1fe5], resourceBasePath = "src/main/webapp", contextLoader = org.springframework.boot.test.context.SpringBootContextLoader, parent = null]
2024-04-10T13:26:29.328+05:30 DEBUG 20084 --- [spring-boot-learn] [           main] org.springframework.test.context.cache   : Spring test ApplicationContext cache statistics: [DefaultContextCache@141d3d43 size = 1, maxSize = 32, parentContextCount = 0, hitCount = 0, missCount = 1, failureCount = 0]
2024-04-10T13:26:29.329+05:30 TRACE 20084 --- [spring-boot-learn] [           main] o.s.t.c.w.ServletTestExecutionListener   : Setting up MockHttpServletRequest, MockHttpServletResponse, ServletWebRequest, and RequestContextHolder for test context [DefaultTestContext@3ebe4ccc testClass = com.spring10.springbootlearn.SpringBootLearnApplicationTests, testInstance = com.spring10.springbootlearn.SpringBootLearnApplicationTests@6ed043d3, testMethod = null, testException = null, mergedContextConfiguration = [WebMergedContextConfiguration@3a8d467e testClass = com.spring10.springbootlearn.SpringBootLearnApplicationTests, locations = [], classes = [com.spring10.springbootlearn.SpringBootLearnApplication], contextInitializerClasses = [], activeProfiles = [], propertySourceDescriptors = [], propertySourceProperties = ["org.springframework.boot.test.context.SpringBootTestContextBootstrapper=true"], contextCustomizers = [org.springframework.boot.test.context.filter.ExcludeFilterContextCustomizer@6340e5f0, org.springframework.boot.test.json.DuplicateJsonObjectContextCustomizerFactory$DuplicateJsonObjectContextCustomizer@6c1a5b54, org.springframework.boot.test.mock.mockito.MockitoContextCustomizer@0, org.springframework.boot.test.web.client.TestRestTemplateContextCustomizer@644baf4a, org.springframework.boot.test.autoconfigure.actuate.observability.ObservabilityContextCustomizerFactory$DisableObservabilityContextCustomizer@1f, org.springframework.boot.test.autoconfigure.properties.PropertyMappingContextCustomizer@0, org.springframework.boot.test.autoconfigure.web.servlet.WebDriverContextCustomizer@74e28667, org.springframework.boot.test.context.SpringBootTestAnnotation@bf8a1fe5], resourceBasePath = "src/main/webapp", contextLoader = org.springframework.boot.test.context.SpringBootContextLoader, parent = null], attributes = {"org.springframework.test.context.web.ServletTestExecutionListener.activateListener" -> true}]
2024-04-10T13:26:29.335+05:30 TRACE 20084 --- [spring-boot-learn] [           main] DependencyInjectionTestExecutionListener : Performing dependency injection for test context [DefaultTestContext@3ebe4ccc testClass = com.spring10.springbootlearn.SpringBootLearnApplicationTests, testInstance = com.spring10.springbootlearn.SpringBootLearnApplicationTests@6ed043d3, testMethod = null, testException = null, mergedContextConfiguration = [WebMergedContextConfiguration@3a8d467e testClass = com.spring10.springbootlearn.SpringBootLearnApplicationTests, locations = [], classes = [com.spring10.springbootlearn.SpringBootLearnApplication], contextInitializerClasses = [], activeProfiles = [], propertySourceDescriptors = [], propertySourceProperties = ["org.springframework.boot.test.context.SpringBootTestContextBootstrapper=true"], contextCustomizers = [org.springframework.boot.test.context.filter.ExcludeFilterContextCustomizer@6340e5f0, org.springframework.boot.test.json.DuplicateJsonObjectContextCustomizerFactory$DuplicateJsonObjectContextCustomizer@6c1a5b54, org.springframework.boot.test.mock.mockito.MockitoContextCustomizer@0, org.springframework.boot.test.web.client.TestRestTemplateContextCustomizer@644baf4a, org.springframework.boot.test.autoconfigure.actuate.observability.ObservabilityContextCustomizerFactory$DisableObservabilityContextCustomizer@1f, org.springframework.boot.test.autoconfigure.properties.PropertyMappingContextCustomizer@0, org.springframework.boot.test.autoconfigure.web.servlet.WebDriverContextCustomizer@74e28667, org.springframework.boot.test.context.SpringBootTestAnnotation@bf8a1fe5], resourceBasePath = "src/main/webapp", contextLoader = org.springframework.boot.test.context.SpringBootContextLoader, parent = null], attributes = {"org.springframework.test.context.web.ServletTestExecutionListener.activateListener" -> true, "org.springframework.test.context.web.ServletTestExecutionListener.populatedRequestContextHolder" -> true, "org.springframework.test.context.web.ServletTestExecutionListener.resetRequestContextHolder" -> true, "org.springframework.test.context.event.ApplicationEventsTestExecutionListener.recordApplicationEvents" -> false}]
2024-04-10T13:26:29.336+05:30 TRACE 20084 --- [spring-boot-learn] [           main] c.DefaultCacheAwareContextLoaderDelegate : Retrieved ApplicationContext [791408866] from cache with key [WebMergedContextConfiguration@3a8d467e testClass = com.spring10.springbootlearn.SpringBootLearnApplicationTests, locations = [], classes = [com.spring10.springbootlearn.SpringBootLearnApplication], contextInitializerClasses = [], activeProfiles = [], propertySourceDescriptors = [], propertySourceProperties = ["org.springframework.boot.test.context.SpringBootTestContextBootstrapper=true"], contextCustomizers = [org.springframework.boot.test.context.filter.ExcludeFilterContextCustomizer@6340e5f0, org.springframework.boot.test.json.DuplicateJsonObjectContextCustomizerFactory$DuplicateJsonObjectContextCustomizer@6c1a5b54, org.springframework.boot.test.mock.mockito.MockitoContextCustomizer@0, org.springframework.boot.test.web.client.TestRestTemplateContextCustomizer@644baf4a, org.springframework.boot.test.autoconfigure.actuate.observability.ObservabilityContextCustomizerFactory$DisableObservabilityContextCustomizer@1f, org.springframework.boot.test.autoconfigure.properties.PropertyMappingContextCustomizer@0, org.springframework.boot.test.autoconfigure.web.servlet.WebDriverContextCustomizer@74e28667, org.springframework.boot.test.context.SpringBootTestAnnotation@bf8a1fe5], resourceBasePath = "src/main/webapp", contextLoader = org.springframework.boot.test.context.SpringBootContextLoader, parent = null]
2024-04-10T13:26:29.336+05:30 DEBUG 20084 --- [spring-boot-learn] [           main] org.springframework.test.context.cache   : Spring test ApplicationContext cache statistics: [DefaultContextCache@141d3d43 size = 1, maxSize = 32, parentContextCount = 0, hitCount = 1, missCount = 1, failureCount = 0]
2024-04-10T13:26:29.336+05:30 TRACE 20084 --- [spring-boot-learn] [           main] c.DefaultCacheAwareContextLoaderDelegate : Retrieved ApplicationContext [791408866] from cache with key [WebMergedContextConfiguration@3a8d467e testClass = com.spring10.springbootlearn.SpringBootLearnApplicationTests, locations = [], classes = [com.spring10.springbootlearn.SpringBootLearnApplication], contextInitializerClasses = [], activeProfiles = [], propertySourceDescriptors = [], propertySourceProperties = ["org.springframework.boot.test.context.SpringBootTestContextBootstrapper=true"], contextCustomizers = [org.springframework.boot.test.context.filter.ExcludeFilterContextCustomizer@6340e5f0, org.springframework.boot.test.json.DuplicateJsonObjectContextCustomizerFactory$DuplicateJsonObjectContextCustomizer@6c1a5b54, org.springframework.boot.test.mock.mockito.MockitoContextCustomizer@0, org.springframework.boot.test.web.client.TestRestTemplateContextCustomizer@644baf4a, org.springframework.boot.test.autoconfigure.actuate.observability.ObservabilityContextCustomizerFactory$DisableObservabilityContextCustomizer@1f, org.springframework.boot.test.autoconfigure.properties.PropertyMappingContextCustomizer@0, org.springframework.boot.test.autoconfigure.web.servlet.WebDriverContextCustomizer@74e28667, org.springframework.boot.test.context.SpringBootTestAnnotation@bf8a1fe5], resourceBasePath = "src/main/webapp", contextLoader = org.springframework.boot.test.context.SpringBootContextLoader, parent = null]
2024-04-10T13:26:29.336+05:30 DEBUG 20084 --- [spring-boot-learn] [           main] org.springframework.test.context.cache   : Spring test ApplicationContext cache statistics: [DefaultContextCache@141d3d43 size = 1, maxSize = 32, parentContextCount = 0, hitCount = 2, missCount = 1, failureCount = 0]
2024-04-10T13:26:29.340+05:30 TRACE 20084 --- [spring-boot-learn] [           main] o.s.test.context.TestContextManager      : beforeTestMethod(): instance [com.spring10.springbootlearn.SpringBootLearnApplicationTests@6ed043d3], method [void com.spring10.springbootlearn.SpringBootLearnApplicationTests.contextLoads()]
2024-04-10T13:26:29.342+05:30 TRACE 20084 --- [spring-boot-learn] [           main] sContextBeforeModesTestExecutionListener : Before test method: context [DefaultTestContext@3ebe4ccc testClass = com.spring10.springbootlearn.SpringBootLearnApplicationTests, testInstance = com.spring10.springbootlearn.SpringBootLearnApplicationTests@6ed043d3, testMethod = contextLoads(), testException = null, mergedContextConfiguration = [WebMergedContextConfiguration@3a8d467e testClass = com.spring10.springbootlearn.SpringBootLearnApplicationTests, locations = [], classes = [com.spring10.springbootlearn.SpringBootLearnApplication], contextInitializerClasses = [], activeProfiles = [], propertySourceDescriptors = [], propertySourceProperties = ["org.springframework.boot.test.context.SpringBootTestContextBootstrapper=true"], contextCustomizers = [org.springframework.boot.test.context.filter.ExcludeFilterContextCustomizer@6340e5f0, org.springframework.boot.test.json.DuplicateJsonObjectContextCustomizerFactory$DuplicateJsonObjectContextCustomizer@6c1a5b54, org.springframework.boot.test.mock.mockito.MockitoContextCustomizer@0, org.springframework.boot.test.web.client.TestRestTemplateContextCustomizer@644baf4a, org.springframework.boot.test.autoconfigure.actuate.observability.ObservabilityContextCustomizerFactory$DisableObservabilityContextCustomizer@1f, org.springframework.boot.test.autoconfigure.properties.PropertyMappingContextCustomizer@0, org.springframework.boot.test.autoconfigure.web.servlet.WebDriverContextCustomizer@74e28667, org.springframework.boot.test.context.SpringBootTestAnnotation@bf8a1fe5], resourceBasePath = "src/main/webapp", contextLoader = org.springframework.boot.test.context.SpringBootContextLoader, parent = null], attributes = {"org.springframework.test.context.web.ServletTestExecutionListener.activateListener" -> true, "org.springframework.test.context.web.ServletTestExecutionListener.populatedRequestContextHolder" -> true, "org.springframework.test.context.web.ServletTestExecutionListener.resetRequestContextHolder" -> true, "org.springframework.test.context.event.ApplicationEventsTestExecutionListener.recordApplicationEvents" -> false}], class annotated with @DirtiesContext [false] with mode [null], method annotated with @DirtiesContext [false] with mode [null]
2024-04-10T13:26:29.343+05:30 TRACE 20084 --- [spring-boot-learn] [           main] c.DefaultCacheAwareContextLoaderDelegate : Retrieved ApplicationContext [791408866] from cache with key [WebMergedContextConfiguration@3a8d467e testClass = com.spring10.springbootlearn.SpringBootLearnApplicationTests, locations = [], classes = [com.spring10.springbootlearn.SpringBootLearnApplication], contextInitializerClasses = [], activeProfiles = [], propertySourceDescriptors = [], propertySourceProperties = ["org.springframework.boot.test.context.SpringBootTestContextBootstrapper=true"], contextCustomizers = [org.springframework.boot.test.context.filter.ExcludeFilterContextCustomizer@6340e5f0, org.springframework.boot.test.json.DuplicateJsonObjectContextCustomizerFactory$DuplicateJsonObjectContextCustomizer@6c1a5b54, org.springframework.boot.test.mock.mockito.MockitoContextCustomizer@0, org.springframework.boot.test.web.client.TestRestTemplateContextCustomizer@644baf4a, org.springframework.boot.test.autoconfigure.actuate.observability.ObservabilityContextCustomizerFactory$DisableObservabilityContextCustomizer@1f, org.springframework.boot.test.autoconfigure.properties.PropertyMappingContextCustomizer@0, org.springframework.boot.test.autoconfigure.web.servlet.WebDriverContextCustomizer@74e28667, org.springframework.boot.test.context.SpringBootTestAnnotation@bf8a1fe5], resourceBasePath = "src/main/webapp", contextLoader = org.springframework.boot.test.context.SpringBootContextLoader, parent = null]
2024-04-10T13:26:29.343+05:30 DEBUG 20084 --- [spring-boot-learn] [           main] org.springframework.test.context.cache   : Spring test ApplicationContext cache statistics: [DefaultContextCache@141d3d43 size = 1, maxSize = 32, parentContextCount = 0, hitCount = 3, missCount = 1, failureCount = 0]
2024-04-10T13:26:29.343+05:30 TRACE 20084 --- [spring-boot-learn] [           main] c.DefaultCacheAwareContextLoaderDelegate : Retrieved ApplicationContext [791408866] from cache with key [WebMergedContextConfiguration@3a8d467e testClass = com.spring10.springbootlearn.SpringBootLearnApplicationTests, locations = [], classes = [com.spring10.springbootlearn.SpringBootLearnApplication], contextInitializerClasses = [], activeProfiles = [], propertySourceDescriptors = [], propertySourceProperties = ["org.springframework.boot.test.context.SpringBootTestContextBootstrapper=true"], contextCustomizers = [org.springframework.boot.test.context.filter.ExcludeFilterContextCustomizer@6340e5f0, org.springframework.boot.test.json.DuplicateJsonObjectContextCustomizerFactory$DuplicateJsonObjectContextCustomizer@6c1a5b54, org.springframework.boot.test.mock.mockito.MockitoContextCustomizer@0, org.springframework.boot.test.web.client.TestRestTemplateContextCustomizer@644baf4a, org.springframework.boot.test.autoconfigure.actuate.observability.ObservabilityContextCustomizerFactory$DisableObservabilityContextCustomizer@1f, org.springframework.boot.test.autoconfigure.properties.PropertyMappingContextCustomizer@0, org.springframework.boot.test.autoconfigure.web.servlet.WebDriverContextCustomizer@74e28667, org.springframework.boot.test.context.SpringBootTestAnnotation@bf8a1fe5], resourceBasePath = "src/main/webapp", contextLoader = org.springframework.boot.test.context.SpringBootContextLoader, parent = null]
2024-04-10T13:26:29.343+05:30 DEBUG 20084 --- [spring-boot-learn] [           main] org.springframework.test.context.cache   : Spring test ApplicationContext cache statistics: [DefaultContextCache@141d3d43 size = 1, maxSize = 32, parentContextCount = 0, hitCount = 4, missCount = 1, failureCount = 0]
2024-04-10T13:26:29.344+05:30 TRACE 20084 --- [spring-boot-learn] [           main] o.s.b.f.s.DefaultListableBeanFactory     : Returning cached instance of singleton bean 'org.springframework.boot.test.mock.mockito.MockitoPostProcessor$SpyPostProcessor'
2024-04-10T13:26:29.884+05:30 TRACE 20084 --- [spring-boot-learn] [           main] o.s.b.f.s.DefaultListableBeanFactory     : Returning cached instance of singleton bean 'org.springframework.boot.test.mock.mockito.MockitoPostProcessor'
2024-04-10T13:26:29.884+05:30 TRACE 20084 --- [spring-boot-learn] [           main] o.s.b.f.s.DefaultListableBeanFactory     : Returning cached instance of singleton bean 'org.springframework.context.annotation.internalConfigurationAnnotationProcessor'
2024-04-10T13:26:29.885+05:30 TRACE 20084 --- [spring-boot-learn] [           main] o.s.b.f.s.DefaultListableBeanFactory     : Returning cached instance of singleton bean 'org.springframework.context.annotation.internalAutowiredAnnotationProcessor'
2024-04-10T13:26:29.885+05:30 TRACE 20084 --- [spring-boot-learn] [           main] o.s.b.f.s.DefaultListableBeanFactory     : Returning cached instance of singleton bean 'org.springframework.context.annotation.internalCommonAnnotationProcessor'
2024-04-10T13:26:29.885+05:30 TRACE 20084 --- [spring-boot-learn] [           main] o.s.b.f.s.DefaultListableBeanFactory     : Returning cached instance of singleton bean 'org.springframework.context.event.internalEventListenerProcessor'
2024-04-10T13:26:29.885+05:30 TRACE 20084 --- [spring-boot-learn] [           main] o.s.b.f.s.DefaultListableBeanFactory     : Returning cached instance of singleton bean 'org.springframework.context.event.internalEventListenerFactory'
2024-04-10T13:26:29.885+05:30 TRACE 20084 --- [spring-boot-learn] [           main] o.s.b.f.s.DefaultListableBeanFactory     : Returning cached instance of singleton bean 'springBootLearnApplication'
2024-04-10T13:26:29.885+05:30 TRACE 20084 --- [spring-boot-learn] [           main] o.s.b.f.s.DefaultListableBeanFactory     : Returning cached instance of singleton bean 'org.springframework.boot.autoconfigure.internalCachingMetadataReaderFactory'
2024-04-10T13:26:29.885+05:30 TRACE 20084 --- [spring-boot-learn] [           main] o.s.b.f.s.DefaultListableBeanFactory     : Returning cached instance of singleton bean 'org.springframework.boot.autoconfigure.internalCachingMetadataReaderFactory'
2024-04-10T13:26:29.885+05:30 TRACE 20084 --- [spring-boot-learn] [           main] o.s.b.f.s.DefaultListableBeanFactory     : Returning cached instance of singleton bean 'courseController'
2024-04-10T13:26:29.885+05:30 TRACE 20084 --- [spring-boot-learn] [           main] o.s.b.f.s.DefaultListableBeanFactory     : Returning cached instance of singleton bean 'currencyConfigurationController'
2024-04-10T13:26:29.885+05:30 TRACE 20084 --- [spring-boot-learn] [           main] o.s.b.f.s.DefaultListableBeanFactory     : Returning cached instance of singleton bean 'currencyServiceConfiguration'
2024-04-10T13:26:29.885+05:30 TRACE 20084 --- [spring-boot-learn] [           main] o.s.b.f.s.DefaultListableBeanFactory     : Returning cached instance of singleton bean 'org.springframework.boot.autoconfigure.AutoConfigurationPackages'
2024-04-10T13:26:29.885+05:30 TRACE 20084 --- [spring-boot-learn] [           main] o.s.b.f.s.DefaultListableBeanFactory     : Returning cached instance of singleton bean 'org.springframework.boot.autoconfigure.context.PropertyPlaceholderAutoConfiguration'
2024-04-10T13:26:29.885+05:30 TRACE 20084 --- [spring-boot-learn] [           main] o.s.b.f.s.DefaultListableBeanFactory     : Returning cached instance of singleton bean 'propertySourcesPlaceholderConfigurer'
2024-04-10T13:26:29.885+05:30 TRACE 20084 --- [spring-boot-learn] [           main] o.s.b.f.s.DefaultListableBeanFactory     : Returning cached instance of singleton bean 'org.springframework.boot.autoconfigure.ssl.SslAutoConfiguration'
2024-04-10T13:26:29.885+05:30 TRACE 20084 --- [spring-boot-learn] [           main] o.s.b.f.s.DefaultListableBeanFactory     : Returning cached instance of singleton bean 'fileWatcher'
2024-04-10T13:26:29.885+05:30 TRACE 20084 --- [spring-boot-learn] [           main] o.s.b.f.s.DefaultListableBeanFactory     : Returning cached instance of singleton bean 'sslPropertiesSslBundleRegistrar'
2024-04-10T13:26:29.885+05:30 TRACE 20084 --- [spring-boot-learn] [           main] o.s.b.f.s.DefaultListableBeanFactory     : Returning cached instance of singleton bean 'sslBundleRegistry'
2024-04-10T13:26:29.885+05:30 TRACE 20084 --- [spring-boot-learn] [           main] o.s.b.f.s.DefaultListableBeanFactory     : Returning cached instance of singleton bean 'org.springframework.boot.context.properties.ConfigurationPropertiesBindingPostProcessor'
2024-04-10T13:26:29.885+05:30 TRACE 20084 --- [spring-boot-learn] [           main] o.s.b.f.s.DefaultListableBeanFactory     : Returning cached instance of singleton bean 'org.springframework.boot.context.internalConfigurationPropertiesBinder'
2024-04-10T13:26:29.885+05:30 TRACE 20084 --- [spring-boot-learn] [           main] o.s.b.f.s.DefaultListableBeanFactory     : Returning cached instance of singleton bean 'org.springframework.boot.context.internalConfigurationPropertiesBinder'
2024-04-10T13:26:29.885+05:30 TRACE 20084 --- [spring-boot-learn] [           main] o.s.b.f.s.DefaultListableBeanFactory     : Returning cached instance of singleton bean 'org.springframework.boot.context.properties.BoundConfigurationProperties'
2024-04-10T13:26:29.885+05:30 TRACE 20084 --- [spring-boot-learn] [           main] o.s.b.f.s.DefaultListableBeanFactory     : Returning cached instance of singleton bean 'org.springframework.boot.context.properties.EnableConfigurationPropertiesRegistrar.methodValidationExcludeFilter'
2024-04-10T13:26:29.885+05:30 TRACE 20084 --- [spring-boot-learn] [           main] o.s.b.f.s.DefaultListableBeanFactory     : Returning cached instance of singleton bean 'spring.ssl-org.springframework.boot.autoconfigure.ssl.SslProperties'
2024-04-10T13:26:29.885+05:30 TRACE 20084 --- [spring-boot-learn] [           main] o.s.b.f.s.DefaultListableBeanFactory     : Returning cached instance of singleton bean 'org.springframework.boot.autoconfigure.websocket.servlet.WebSocketServletAutoConfiguration$TomcatWebSocketConfiguration'
2024-04-10T13:26:29.885+05:30 TRACE 20084 --- [spring-boot-learn] [           main] o.s.b.f.s.DefaultListableBeanFactory     : Returning cached instance of singleton bean 'websocketServletWebServerCustomizer'
2024-04-10T13:26:29.885+05:30 TRACE 20084 --- [spring-boot-learn] [           main] o.s.b.f.s.DefaultListableBeanFactory     : Returning cached instance of singleton bean 'org.springframework.boot.autoconfigure.websocket.servlet.WebSocketServletAutoConfiguration'
2024-04-10T13:26:29.885+05:30 TRACE 20084 --- [spring-boot-learn] [           main] o.s.b.f.s.DefaultListableBeanFactory     : Returning cached instance of singleton bean 'org.springframework.boot.autoconfigure.web.servlet.ServletWebServerFactoryConfiguration$EmbeddedTomcat'
2024-04-10T13:26:29.885+05:30 TRACE 20084 --- [spring-boot-learn] [           main] o.s.b.f.s.DefaultListableBeanFactory     : Returning cached instance of singleton bean 'tomcatServletWebServerFactory'
2024-04-10T13:26:29.885+05:30 TRACE 20084 --- [spring-boot-learn] [           main] o.s.b.f.s.DefaultListableBeanFactory     : Returning cached instance of singleton bean 'org.springframework.boot.autoconfigure.web.servlet.ServletWebServerFactoryAutoConfiguration'
2024-04-10T13:26:29.885+05:30 TRACE 20084 --- [spring-boot-learn] [           main] o.s.b.f.s.DefaultListableBeanFactory     : Returning cached instance of singleton bean 'servletWebServerFactoryCustomizer'
2024-04-10T13:26:29.885+05:30 TRACE 20084 --- [spring-boot-learn] [           main] o.s.b.f.s.DefaultListableBeanFactory     : Returning cached instance of singleton bean 'tomcatServletWebServerFactoryCustomizer'
2024-04-10T13:26:29.885+05:30 TRACE 20084 --- [spring-boot-learn] [           main] o.s.b.f.s.DefaultListableBeanFactory     : Returning cached instance of singleton bean 'server-org.springframework.boot.autoconfigure.web.ServerProperties'
2024-04-10T13:26:29.885+05:30 TRACE 20084 --- [spring-boot-learn] [           main] o.s.b.f.s.DefaultListableBeanFactory     : Returning cached instance of singleton bean 'webServerFactoryCustomizerBeanPostProcessor'
2024-04-10T13:26:29.885+05:30 TRACE 20084 --- [spring-boot-learn] [           main] o.s.b.f.s.DefaultListableBeanFactory     : Returning cached instance of singleton bean 'errorPageRegistrarBeanPostProcessor'
2024-04-10T13:26:29.885+05:30 TRACE 20084 --- [spring-boot-learn] [           main] o.s.b.f.s.DefaultListableBeanFactory     : Returning cached instance of singleton bean 'org.springframework.boot.autoconfigure.web.servlet.DispatcherServletAutoConfiguration$DispatcherServletConfiguration'
2024-04-10T13:26:29.885+05:30 TRACE 20084 --- [spring-boot-learn] [           main] o.s.b.f.s.DefaultListableBeanFactory     : Returning cached instance of singleton bean 'dispatcherServlet'
2024-04-10T13:26:29.885+05:30 TRACE 20084 --- [spring-boot-learn] [           main] o.s.b.f.s.DefaultListableBeanFactory     : Returning cached instance of singleton bean 'spring.mvc-org.springframework.boot.autoconfigure.web.servlet.WebMvcProperties'
2024-04-10T13:26:29.885+05:30 TRACE 20084 --- [spring-boot-learn] [           main] o.s.b.f.s.DefaultListableBeanFactory     : Returning cached instance of singleton bean 'org.springframework.boot.autoconfigure.web.servlet.DispatcherServletAutoConfiguration$DispatcherServletRegistrationConfiguration'
2024-04-10T13:26:29.885+05:30 TRACE 20084 --- [spring-boot-learn] [           main] o.s.b.f.s.DefaultListableBeanFactory     : Returning cached instance of singleton bean 'dispatcherServletRegistration'
2024-04-10T13:26:29.885+05:30 TRACE 20084 --- [spring-boot-learn] [           main] o.s.b.f.s.DefaultListableBeanFactory     : Returning cached instance of singleton bean 'org.springframework.boot.autoconfigure.web.servlet.DispatcherServletAutoConfiguration'
2024-04-10T13:26:29.885+05:30 TRACE 20084 --- [spring-boot-learn] [           main] o.s.b.f.s.DefaultListableBeanFactory     : Returning cached instance of singleton bean 'org.springframework.boot.autoconfigure.task.TaskExecutorConfigurations$ThreadPoolTaskExecutorBuilderConfiguration'
2024-04-10T13:26:29.885+05:30 TRACE 20084 --- [spring-boot-learn] [           main] o.s.b.f.s.DefaultListableBeanFactory     : Returning cached instance of singleton bean 'threadPoolTaskExecutorBuilder'
2024-04-10T13:26:29.885+05:30 TRACE 20084 --- [spring-boot-learn] [           main] o.s.b.f.s.DefaultListableBeanFactory     : Returning cached instance of singleton bean 'org.springframework.boot.autoconfigure.task.TaskExecutorConfigurations$TaskExecutorBuilderConfiguration'
2024-04-10T13:26:29.885+05:30 TRACE 20084 --- [spring-boot-learn] [           main] o.s.b.f.s.DefaultListableBeanFactory     : Returning cached instance of singleton bean 'taskExecutorBuilder'
2024-04-10T13:26:29.885+05:30 TRACE 20084 --- [spring-boot-learn] [           main] o.s.b.f.s.DefaultListableBeanFactory     : Returning cached instance of singleton bean 'org.springframework.boot.autoconfigure.task.TaskExecutorConfigurations$SimpleAsyncTaskExecutorBuilderConfiguration'
2024-04-10T13:26:29.885+05:30 TRACE 20084 --- [spring-boot-learn] [           main] o.s.b.f.s.DefaultListableBeanFactory     : Returning cached instance of singleton bean 'simpleAsyncTaskExecutorBuilder'
2024-04-10T13:26:29.885+05:30 TRACE 20084 --- [spring-boot-learn] [           main] o.s.b.f.s.DefaultListableBeanFactory     : Returning cached instance of singleton bean 'org.springframework.boot.autoconfigure.task.TaskExecutorConfigurations$TaskExecutorConfiguration'
2024-04-10T13:26:29.885+05:30 TRACE 20084 --- [spring-boot-learn] [           main] o.s.b.f.s.DefaultListableBeanFactory     : Returning cached instance of singleton bean 'applicationTaskExecutor'
2024-04-10T13:26:29.885+05:30 TRACE 20084 --- [spring-boot-learn] [           main] o.s.b.f.s.DefaultListableBeanFactory     : Returning cached instance of singleton bean 'org.springframework.boot.autoconfigure.task.TaskExecutionAutoConfiguration'
2024-04-10T13:26:29.885+05:30 TRACE 20084 --- [spring-boot-learn] [           main] o.s.b.f.s.DefaultListableBeanFactory     : Returning cached instance of singleton bean 'spring.task.execution-org.springframework.boot.autoconfigure.task.TaskExecutionProperties'
2024-04-10T13:26:29.885+05:30 TRACE 20084 --- [spring-boot-learn] [           main] o.s.b.f.s.DefaultListableBeanFactory     : Returning cached instance of singleton bean 'org.springframework.boot.autoconfigure.web.servlet.error.ErrorMvcAutoConfiguration$WhitelabelErrorViewConfiguration'
2024-04-10T13:26:29.885+05:30 TRACE 20084 --- [spring-boot-learn] [           main] o.s.b.f.s.DefaultListableBeanFactory     : Returning cached instance of singleton bean 'error'
2024-04-10T13:26:29.885+05:30 TRACE 20084 --- [spring-boot-learn] [           main] o.s.b.f.s.DefaultListableBeanFactory     : Returning cached instance of singleton bean 'beanNameViewResolver'
2024-04-10T13:26:29.885+05:30 TRACE 20084 --- [spring-boot-learn] [           main] o.s.b.f.s.DefaultListableBeanFactory     : Returning cached instance of singleton bean 'org.springframework.boot.autoconfigure.web.servlet.error.ErrorMvcAutoConfiguration$DefaultErrorViewResolverConfiguration'
2024-04-10T13:26:29.885+05:30 TRACE 20084 --- [spring-boot-learn] [           main] o.s.b.f.s.DefaultListableBeanFactory     : Returning cached instance of singleton bean 'conventionErrorViewResolver'
2024-04-10T13:26:29.885+05:30 TRACE 20084 --- [spring-boot-learn] [           main] o.s.b.f.s.DefaultListableBeanFactory     : Returning cached instance of singleton bean 'spring.web-org.springframework.boot.autoconfigure.web.WebProperties'
2024-04-10T13:26:29.885+05:30 TRACE 20084 --- [spring-boot-learn] [           main] o.s.b.f.s.DefaultListableBeanFactory     : Returning cached instance of singleton bean 'org.springframework.boot.autoconfigure.web.servlet.error.ErrorMvcAutoConfiguration'
2024-04-10T13:26:29.885+05:30 TRACE 20084 --- [spring-boot-learn] [           main] o.s.b.f.s.DefaultListableBeanFactory     : Returning cached instance of singleton bean 'errorAttributes'
2024-04-10T13:26:29.885+05:30 TRACE 20084 --- [spring-boot-learn] [           main] o.s.b.f.s.DefaultListableBeanFactory     : Returning cached instance of singleton bean 'basicErrorController'
2024-04-10T13:26:29.885+05:30 TRACE 20084 --- [spring-boot-learn] [           main] o.s.b.f.s.DefaultListableBeanFactory     : Returning cached instance of singleton bean 'errorPageCustomizer'
2024-04-10T13:26:29.885+05:30 TRACE 20084 --- [spring-boot-learn] [           main] o.s.b.f.s.DefaultListableBeanFactory     : Returning cached instance of singleton bean 'preserveErrorControllerTargetClassPostProcessor'
2024-04-10T13:26:29.885+05:30 TRACE 20084 --- [spring-boot-learn] [           main] o.s.b.f.s.DefaultListableBeanFactory     : Returning cached instance of singleton bean 'org.springframework.boot.autoconfigure.web.servlet.WebMvcAutoConfiguration$EnableWebMvcConfiguration'
2024-04-10T13:26:29.885+05:30 TRACE 20084 --- [spring-boot-learn] [           main] o.s.b.f.s.DefaultListableBeanFactory     : Returning cached instance of singleton bean 'welcomePageHandlerMapping'
2024-04-10T13:26:29.886+05:30 TRACE 20084 --- [spring-boot-learn] [           main] o.s.b.f.s.DefaultListableBeanFactory     : Returning cached instance of singleton bean 'welcomePageNotAcceptableHandlerMapping'
2024-04-10T13:26:29.886+05:30 TRACE 20084 --- [spring-boot-learn] [           main] o.s.b.f.s.DefaultListableBeanFactory     : Returning cached instance of singleton bean 'localeResolver'
2024-04-10T13:26:29.886+05:30 TRACE 20084 --- [spring-boot-learn] [           main] o.s.b.f.s.DefaultListableBeanFactory     : Returning cached instance of singleton bean 'themeResolver'
2024-04-10T13:26:29.886+05:30 TRACE 20084 --- [spring-boot-learn] [           main] o.s.b.f.s.DefaultListableBeanFactory     : Returning cached instance of singleton bean 'flashMapManager'
2024-04-10T13:26:29.886+05:30 TRACE 20084 --- [spring-boot-learn] [           main] o.s.b.f.s.DefaultListableBeanFactory     : Returning cached instance of singleton bean 'mvcConversionService'
2024-04-10T13:26:29.886+05:30 TRACE 20084 --- [spring-boot-learn] [           main] o.s.b.f.s.DefaultListableBeanFactory     : Returning cached instance of singleton bean 'mvcValidator'
2024-04-10T13:26:29.886+05:30 TRACE 20084 --- [spring-boot-learn] [           main] o.s.b.f.s.DefaultListableBeanFactory     : Returning cached instance of singleton bean 'mvcContentNegotiationManager'
2024-04-10T13:26:29.886+05:30 TRACE 20084 --- [spring-boot-learn] [           main] o.s.b.f.s.DefaultListableBeanFactory     : Returning cached instance of singleton bean 'requestMappingHandlerMapping'
2024-04-10T13:26:29.886+05:30 TRACE 20084 --- [spring-boot-learn] [           main] o.s.b.f.s.DefaultListableBeanFactory     : Returning cached instance of singleton bean 'mvcPatternParser'
2024-04-10T13:26:29.886+05:30 TRACE 20084 --- [spring-boot-learn] [           main] o.s.b.f.s.DefaultListableBeanFactory     : Returning cached instance of singleton bean 'mvcUrlPathHelper'
2024-04-10T13:26:29.886+05:30 TRACE 20084 --- [spring-boot-learn] [           main] o.s.b.f.s.DefaultListableBeanFactory     : Returning cached instance of singleton bean 'mvcPathMatcher'
2024-04-10T13:26:29.886+05:30 TRACE 20084 --- [spring-boot-learn] [           main] o.s.b.f.s.DefaultListableBeanFactory     : Returning cached instance of singleton bean 'viewControllerHandlerMapping'
2024-04-10T13:26:29.886+05:30 TRACE 20084 --- [spring-boot-learn] [           main] o.s.b.f.s.DefaultListableBeanFactory     : Returning cached instance of singleton bean 'beanNameHandlerMapping'
2024-04-10T13:26:29.886+05:30 TRACE 20084 --- [spring-boot-learn] [           main] o.s.b.f.s.DefaultListableBeanFactory     : Returning cached instance of singleton bean 'routerFunctionMapping'
2024-04-10T13:26:29.886+05:30 TRACE 20084 --- [spring-boot-learn] [           main] o.s.b.f.s.DefaultListableBeanFactory     : Returning cached instance of singleton bean 'resourceHandlerMapping'
2024-04-10T13:26:29.886+05:30 TRACE 20084 --- [spring-boot-learn] [           main] o.s.b.f.s.DefaultListableBeanFactory     : Returning cached instance of singleton bean 'mvcResourceUrlProvider'
2024-04-10T13:26:29.886+05:30 TRACE 20084 --- [spring-boot-learn] [           main] o.s.b.f.s.DefaultListableBeanFactory     : Returning cached instance of singleton bean 'defaultServletHandlerMapping'
2024-04-10T13:26:29.886+05:30 TRACE 20084 --- [spring-boot-learn] [           main] o.s.b.f.s.DefaultListableBeanFactory     : Returning cached instance of singleton bean 'requestMappingHandlerAdapter'
2024-04-10T13:26:29.886+05:30 TRACE 20084 --- [spring-boot-learn] [           main] o.s.b.f.s.DefaultListableBeanFactory     : Returning cached instance of singleton bean 'handlerFunctionAdapter'
2024-04-10T13:26:29.886+05:30 TRACE 20084 --- [spring-boot-learn] [           main] o.s.b.f.s.DefaultListableBeanFactory     : Returning cached instance of singleton bean 'mvcUriComponentsContributor'
2024-04-10T13:26:29.886+05:30 TRACE 20084 --- [spring-boot-learn] [           main] o.s.b.f.s.DefaultListableBeanFactory     : Returning cached instance of singleton bean 'httpRequestHandlerAdapter'
2024-04-10T13:26:29.886+05:30 TRACE 20084 --- [spring-boot-learn] [           main] o.s.b.f.s.DefaultListableBeanFactory     : Returning cached instance of singleton bean 'simpleControllerHandlerAdapter'
2024-04-10T13:26:29.886+05:30 TRACE 20084 --- [spring-boot-learn] [           main] o.s.b.f.s.DefaultListableBeanFactory     : Returning cached instance of singleton bean 'handlerExceptionResolver'
2024-04-10T13:26:29.886+05:30 TRACE 20084 --- [spring-boot-learn] [           main] o.s.b.f.s.DefaultListableBeanFactory     : Returning cached instance of singleton bean 'mvcViewResolver'
2024-04-10T13:26:29.886+05:30 TRACE 20084 --- [spring-boot-learn] [           main] o.s.b.f.s.DefaultListableBeanFactory     : Returning cached instance of singleton bean 'viewNameTranslator'
2024-04-10T13:26:29.886+05:30 TRACE 20084 --- [spring-boot-learn] [           main] o.s.b.f.s.DefaultListableBeanFactory     : Returning cached instance of singleton bean 'org.springframework.boot.autoconfigure.web.servlet.WebMvcAutoConfiguration$WebMvcAutoConfigurationAdapter'
2024-04-10T13:26:29.886+05:30 TRACE 20084 --- [spring-boot-learn] [           main] o.s.b.f.s.DefaultListableBeanFactory     : Returning cached instance of singleton bean 'defaultViewResolver'
2024-04-10T13:26:29.886+05:30 TRACE 20084 --- [spring-boot-learn] [           main] o.s.b.f.s.DefaultListableBeanFactory     : Returning cached instance of singleton bean 'viewResolver'
2024-04-10T13:26:29.886+05:30 TRACE 20084 --- [spring-boot-learn] [           main] o.s.b.f.s.DefaultListableBeanFactory     : Returning cached instance of singleton bean 'requestContextFilter'
2024-04-10T13:26:29.886+05:30 TRACE 20084 --- [spring-boot-learn] [           main] o.s.b.f.s.DefaultListableBeanFactory     : Returning cached instance of singleton bean 'org.springframework.boot.autoconfigure.web.servlet.WebMvcAutoConfiguration'
2024-04-10T13:26:29.886+05:30 TRACE 20084 --- [spring-boot-learn] [           main] o.s.b.f.s.DefaultListableBeanFactory     : Returning cached instance of singleton bean 'formContentFilter'
2024-04-10T13:26:29.886+05:30 TRACE 20084 --- [spring-boot-learn] [           main] o.s.b.f.s.DefaultListableBeanFactory     : Returning cached instance of singleton bean 'org.springframework.boot.autoconfigure.aop.AopAutoConfiguration$ClassProxyingConfiguration'
2024-04-10T13:26:29.886+05:30 TRACE 20084 --- [spring-boot-learn] [           main] o.s.b.f.s.DefaultListableBeanFactory     : Returning cached instance of singleton bean 'forceAutoProxyCreatorToUseClassProxying'
2024-04-10T13:26:29.886+05:30 TRACE 20084 --- [spring-boot-learn] [           main] o.s.b.f.s.DefaultListableBeanFactory     : Returning cached instance of singleton bean 'org.springframework.boot.autoconfigure.aop.AopAutoConfiguration'
2024-04-10T13:26:29.886+05:30 TRACE 20084 --- [spring-boot-learn] [           main] o.s.b.f.s.DefaultListableBeanFactory     : Returning cached instance of singleton bean 'org.springframework.boot.autoconfigure.availability.ApplicationAvailabilityAutoConfiguration'
2024-04-10T13:26:29.886+05:30 TRACE 20084 --- [spring-boot-learn] [           main] o.s.b.f.s.DefaultListableBeanFactory     : Returning cached instance of singleton bean 'applicationAvailability'
2024-04-10T13:26:29.886+05:30 TRACE 20084 --- [spring-boot-learn] [           main] o.s.b.f.s.DefaultListableBeanFactory     : Returning cached instance of singleton bean 'org.springframework.boot.autoconfigure.jackson.JacksonAutoConfiguration$Jackson2ObjectMapperBuilderCustomizerConfiguration'
2024-04-10T13:26:29.886+05:30 TRACE 20084 --- [spring-boot-learn] [           main] o.s.b.f.s.DefaultListableBeanFactory     : Returning cached instance of singleton bean 'standardJacksonObjectMapperBuilderCustomizer'
2024-04-10T13:26:29.886+05:30 TRACE 20084 --- [spring-boot-learn] [           main] o.s.b.f.s.DefaultListableBeanFactory     : Returning cached instance of singleton bean 'spring.jackson-org.springframework.boot.autoconfigure.jackson.JacksonProperties'
2024-04-10T13:26:29.886+05:30 TRACE 20084 --- [spring-boot-learn] [           main] o.s.b.f.s.DefaultListableBeanFactory     : Returning cached instance of singleton bean 'org.springframework.boot.autoconfigure.jackson.JacksonAutoConfiguration$JacksonObjectMapperBuilderConfiguration'
2024-04-10T13:26:29.886+05:30 TRACE 20084 --- [spring-boot-learn] [           main] o.s.b.f.s.DefaultListableBeanFactory     : Returning cached instance of singleton bean 'org.springframework.boot.autoconfigure.jackson.JacksonAutoConfiguration$ParameterNamesModuleConfiguration'
2024-04-10T13:26:29.886+05:30 TRACE 20084 --- [spring-boot-learn] [           main] o.s.b.f.s.DefaultListableBeanFactory     : Returning cached instance of singleton bean 'parameterNamesModule'
2024-04-10T13:26:29.886+05:30 TRACE 20084 --- [spring-boot-learn] [           main] o.s.b.f.s.DefaultListableBeanFactory     : Returning cached instance of singleton bean 'org.springframework.boot.autoconfigure.jackson.JacksonAutoConfiguration$JacksonObjectMapperConfiguration'
2024-04-10T13:26:29.886+05:30 TRACE 20084 --- [spring-boot-learn] [           main] o.s.b.f.s.DefaultListableBeanFactory     : Returning cached instance of singleton bean 'jacksonObjectMapper'
2024-04-10T13:26:29.886+05:30 TRACE 20084 --- [spring-boot-learn] [           main] o.s.b.f.s.DefaultListableBeanFactory     : Returning cached instance of singleton bean 'org.springframework.boot.autoconfigure.jackson.JacksonAutoConfiguration$JacksonMixinConfiguration'
2024-04-10T13:26:29.886+05:30 TRACE 20084 --- [spring-boot-learn] [           main] o.s.b.f.s.DefaultListableBeanFactory     : Returning cached instance of singleton bean 'jsonMixinModuleEntries'
2024-04-10T13:26:29.886+05:30 TRACE 20084 --- [spring-boot-learn] [           main] o.s.b.f.s.DefaultListableBeanFactory     : Returning cached instance of singleton bean 'jsonMixinModule'
2024-04-10T13:26:29.886+05:30 TRACE 20084 --- [spring-boot-learn] [           main] o.s.b.f.s.DefaultListableBeanFactory     : Returning cached instance of singleton bean 'org.springframework.boot.autoconfigure.jackson.JacksonAutoConfiguration'
2024-04-10T13:26:29.886+05:30 TRACE 20084 --- [spring-boot-learn] [           main] o.s.b.f.s.DefaultListableBeanFactory     : Returning cached instance of singleton bean 'jsonComponentModule'
2024-04-10T13:26:29.886+05:30 TRACE 20084 --- [spring-boot-learn] [           main] o.s.b.f.s.DefaultListableBeanFactory     : Returning cached instance of singleton bean 'org.springframework.boot.autoconfigure.context.ConfigurationPropertiesAutoConfiguration'
2024-04-10T13:26:29.886+05:30 TRACE 20084 --- [spring-boot-learn] [           main] o.s.b.f.s.DefaultListableBeanFactory     : Returning cached instance of singleton bean 'org.springframework.boot.autoconfigure.context.LifecycleAutoConfiguration'
2024-04-10T13:26:29.886+05:30 TRACE 20084 --- [spring-boot-learn] [           main] o.s.b.f.s.DefaultListableBeanFactory     : Returning cached instance of singleton bean 'lifecycleProcessor'
2024-04-10T13:26:29.886+05:30 TRACE 20084 --- [spring-boot-learn] [           main] o.s.b.f.s.DefaultListableBeanFactory     : Returning cached instance of singleton bean 'spring.lifecycle-org.springframework.boot.autoconfigure.context.LifecycleProperties'
2024-04-10T13:26:29.886+05:30 TRACE 20084 --- [spring-boot-learn] [           main] o.s.b.f.s.DefaultListableBeanFactory     : Returning cached instance of singleton bean 'org.springframework.boot.autoconfigure.http.HttpMessageConvertersAutoConfiguration$StringHttpMessageConverterConfiguration'
2024-04-10T13:26:29.886+05:30 TRACE 20084 --- [spring-boot-learn] [           main] o.s.b.f.s.DefaultListableBeanFactory     : Returning cached instance of singleton bean 'stringHttpMessageConverter'
2024-04-10T13:26:29.886+05:30 TRACE 20084 --- [spring-boot-learn] [           main] o.s.b.f.s.DefaultListableBeanFactory     : Returning cached instance of singleton bean 'org.springframework.boot.autoconfigure.http.JacksonHttpMessageConvertersConfiguration$MappingJackson2HttpMessageConverterConfiguration'
2024-04-10T13:26:29.886+05:30 TRACE 20084 --- [spring-boot-learn] [           main] o.s.b.f.s.DefaultListableBeanFactory     : Returning cached instance of singleton bean 'mappingJackson2HttpMessageConverter'
2024-04-10T13:26:29.886+05:30 TRACE 20084 --- [spring-boot-learn] [           main] o.s.b.f.s.DefaultListableBeanFactory     : Returning cached instance of singleton bean 'org.springframework.boot.autoconfigure.http.JacksonHttpMessageConvertersConfiguration'
2024-04-10T13:26:29.886+05:30 TRACE 20084 --- [spring-boot-learn] [           main] o.s.b.f.s.DefaultListableBeanFactory     : Returning cached instance of singleton bean 'org.springframework.boot.autoconfigure.http.HttpMessageConvertersAutoConfiguration'
2024-04-10T13:26:29.886+05:30 TRACE 20084 --- [spring-boot-learn] [           main] o.s.b.f.s.DefaultListableBeanFactory     : Returning cached instance of singleton bean 'messageConverters'
2024-04-10T13:26:29.886+05:30 TRACE 20084 --- [spring-boot-learn] [           main] o.s.b.f.s.DefaultListableBeanFactory     : Returning cached instance of singleton bean 'org.springframework.boot.autoconfigure.info.ProjectInfoAutoConfiguration'
2024-04-10T13:26:29.886+05:30 TRACE 20084 --- [spring-boot-learn] [           main] o.s.b.f.s.DefaultListableBeanFactory     : Returning cached instance of singleton bean 'spring.info-org.springframework.boot.autoconfigure.info.ProjectInfoProperties'
2024-04-10T13:26:29.886+05:30 TRACE 20084 --- [spring-boot-learn] [           main] o.s.b.f.s.DefaultListableBeanFactory     : Returning cached instance of singleton bean 'org.springframework.boot.autoconfigure.sql.init.SqlInitializationAutoConfiguration'
2024-04-10T13:26:29.886+05:30 TRACE 20084 --- [spring-boot-learn] [           main] o.s.b.f.s.DefaultListableBeanFactory     : Returning cached instance of singleton bean 'spring.sql.init-org.springframework.boot.autoconfigure.sql.init.SqlInitializationProperties'
2024-04-10T13:26:29.886+05:30 TRACE 20084 --- [spring-boot-learn] [           main] o.s.b.f.s.DefaultListableBeanFactory     : Returning cached instance of singleton bean 'org.springframework.boot.sql.init.dependency.DatabaseInitializationDependencyConfigurer$DependsOnDatabaseInitializationPostProcessor'
2024-04-10T13:26:29.886+05:30 TRACE 20084 --- [spring-boot-learn] [           main] o.s.b.f.s.DefaultListableBeanFactory     : Returning cached instance of singleton bean 'org.springframework.boot.autoconfigure.task.TaskSchedulingConfigurations$ThreadPoolTaskSchedulerBuilderConfiguration'
2024-04-10T13:26:29.886+05:30 TRACE 20084 --- [spring-boot-learn] [           main] o.s.b.f.s.DefaultListableBeanFactory     : Returning cached instance of singleton bean 'threadPoolTaskSchedulerBuilder'
2024-04-10T13:26:29.886+05:30 TRACE 20084 --- [spring-boot-learn] [           main] o.s.b.f.s.DefaultListableBeanFactory     : Returning cached instance of singleton bean 'org.springframework.boot.autoconfigure.task.TaskSchedulingConfigurations$TaskSchedulerBuilderConfiguration'
2024-04-10T13:26:29.886+05:30 TRACE 20084 --- [spring-boot-learn] [           main] o.s.b.f.s.DefaultListableBeanFactory     : Returning cached instance of singleton bean 'taskSchedulerBuilder'
2024-04-10T13:26:29.886+05:30 TRACE 20084 --- [spring-boot-learn] [           main] o.s.b.f.s.DefaultListableBeanFactory     : Returning cached instance of singleton bean 'org.springframework.boot.autoconfigure.task.TaskSchedulingConfigurations$SimpleAsyncTaskSchedulerBuilderConfiguration'
2024-04-10T13:26:29.886+05:30 TRACE 20084 --- [spring-boot-learn] [           main] o.s.b.f.s.DefaultListableBeanFactory     : Returning cached instance of singleton bean 'simpleAsyncTaskSchedulerBuilder'
2024-04-10T13:26:29.886+05:30 TRACE 20084 --- [spring-boot-learn] [           main] o.s.b.f.s.DefaultListableBeanFactory     : Returning cached instance of singleton bean 'org.springframework.boot.autoconfigure.task.TaskSchedulingAutoConfiguration'
2024-04-10T13:26:29.886+05:30 TRACE 20084 --- [spring-boot-learn] [           main] o.s.b.f.s.DefaultListableBeanFactory     : Returning cached instance of singleton bean 'spring.task.scheduling-org.springframework.boot.autoconfigure.task.TaskSchedulingProperties'
2024-04-10T13:26:29.887+05:30 TRACE 20084 --- [spring-boot-learn] [           main] o.s.b.f.s.DefaultListableBeanFactory     : Returning cached instance of singleton bean 'org.springframework.boot.autoconfigure.web.client.RestClientAutoConfiguration'
2024-04-10T13:26:29.887+05:30 TRACE 20084 --- [spring-boot-learn] [           main] o.s.b.f.s.DefaultListableBeanFactory     : Returning cached instance of singleton bean 'httpMessageConvertersRestClientCustomizer'
2024-04-10T13:26:29.887+05:30 TRACE 20084 --- [spring-boot-learn] [           main] o.s.b.f.s.DefaultListableBeanFactory     : Returning cached instance of singleton bean 'restClientSsl'
2024-04-10T13:26:29.887+05:30 TRACE 20084 --- [spring-boot-learn] [           main] o.s.b.f.s.DefaultListableBeanFactory     : Returning cached instance of singleton bean 'restClientBuilderConfigurer'
2024-04-10T13:26:29.887+05:30 TRACE 20084 --- [spring-boot-learn] [           main] o.s.b.f.s.DefaultListableBeanFactory     : Returning cached instance of singleton bean 'org.springframework.boot.autoconfigure.web.client.RestTemplateAutoConfiguration'
2024-04-10T13:26:29.887+05:30 TRACE 20084 --- [spring-boot-learn] [           main] o.s.b.f.s.DefaultListableBeanFactory     : Returning cached instance of singleton bean 'org.springframework.boot.autoconfigure.web.servlet.HttpEncodingAutoConfiguration'
2024-04-10T13:26:29.887+05:30 TRACE 20084 --- [spring-boot-learn] [           main] o.s.b.f.s.DefaultListableBeanFactory     : Returning cached instance of singleton bean 'characterEncodingFilter'
2024-04-10T13:26:29.887+05:30 TRACE 20084 --- [spring-boot-learn] [           main] o.s.b.f.s.DefaultListableBeanFactory     : Returning cached instance of singleton bean 'localeCharsetMappingsCustomizer'
2024-04-10T13:26:29.887+05:30 TRACE 20084 --- [spring-boot-learn] [           main] o.s.b.f.s.DefaultListableBeanFactory     : Returning cached instance of singleton bean 'org.springframework.boot.autoconfigure.web.servlet.MultipartAutoConfiguration'
2024-04-10T13:26:29.887+05:30 TRACE 20084 --- [spring-boot-learn] [           main] o.s.b.f.s.DefaultListableBeanFactory     : Returning cached instance of singleton bean 'multipartConfigElement'
2024-04-10T13:26:29.887+05:30 TRACE 20084 --- [spring-boot-learn] [           main] o.s.b.f.s.DefaultListableBeanFactory     : Returning cached instance of singleton bean 'multipartResolver'
2024-04-10T13:26:29.887+05:30 TRACE 20084 --- [spring-boot-learn] [           main] o.s.b.f.s.DefaultListableBeanFactory     : Returning cached instance of singleton bean 'spring.servlet.multipart-org.springframework.boot.autoconfigure.web.servlet.MultipartProperties'
2024-04-10T13:26:29.887+05:30 TRACE 20084 --- [spring-boot-learn] [           main] o.s.b.f.s.DefaultListableBeanFactory     : Returning cached instance of singleton bean 'org.springframework.aop.config.internalAutoProxyCreator'
2024-04-10T13:26:29.887+05:30 TRACE 20084 --- [spring-boot-learn] [           main] o.s.b.f.s.DefaultListableBeanFactory     : Returning cached instance of singleton bean 'org.springframework.boot.test.mock.mockito.MockitoBeans'
2024-04-10T13:26:29.888+05:30 TRACE 20084 --- [spring-boot-learn] [           main] o.s.test.context.TestContextManager      : beforeTestExecution(): instance [com.spring10.springbootlearn.SpringBootLearnApplicationTests@6ed043d3], method [void com.spring10.springbootlearn.SpringBootLearnApplicationTests.contextLoads()]
2024-04-10T13:26:29.889+05:30 TRACE 20084 --- [spring-boot-learn] [           main] c.DefaultCacheAwareContextLoaderDelegate : Retrieved ApplicationContext [791408866] from cache with key [WebMergedContextConfiguration@3a8d467e testClass = com.spring10.springbootlearn.SpringBootLearnApplicationTests, locations = [], classes = [com.spring10.springbootlearn.SpringBootLearnApplication], contextInitializerClasses = [], activeProfiles = [], propertySourceDescriptors = [], propertySourceProperties = ["org.springframework.boot.test.context.SpringBootTestContextBootstrapper=true"], contextCustomizers = [org.springframework.boot.test.context.filter.ExcludeFilterContextCustomizer@6340e5f0, org.springframework.boot.test.json.DuplicateJsonObjectContextCustomizerFactory$DuplicateJsonObjectContextCustomizer@6c1a5b54, org.springframework.boot.test.mock.mockito.MockitoContextCustomizer@0, org.springframework.boot.test.web.client.TestRestTemplateContextCustomizer@644baf4a, org.springframework.boot.test.autoconfigure.actuate.observability.ObservabilityContextCustomizerFactory$DisableObservabilityContextCustomizer@1f, org.springframework.boot.test.autoconfigure.properties.PropertyMappingContextCustomizer@0, org.springframework.boot.test.autoconfigure.web.servlet.WebDriverContextCustomizer@74e28667, org.springframework.boot.test.context.SpringBootTestAnnotation@bf8a1fe5], resourceBasePath = "src/main/webapp", contextLoader = org.springframework.boot.test.context.SpringBootContextLoader, parent = null]
2024-04-10T13:26:29.889+05:30 DEBUG 20084 --- [spring-boot-learn] [           main] org.springframework.test.context.cache   : Spring test ApplicationContext cache statistics: [DefaultContextCache@141d3d43 size = 1, maxSize = 32, parentContextCount = 0, hitCount = 5, missCount = 1, failureCount = 0]
2024-04-10T13:26:29.892+05:30 TRACE 20084 --- [spring-boot-learn] [           main] o.s.test.context.TestContextManager      : afterTestExecution(): instance [com.spring10.springbootlearn.SpringBootLearnApplicationTests@6ed043d3], method [void com.spring10.springbootlearn.SpringBootLearnApplicationTests.contextLoads()], exception [null]
2024-04-10T13:26:29.893+05:30 TRACE 20084 --- [spring-boot-learn] [           main] c.DefaultCacheAwareContextLoaderDelegate : Retrieved ApplicationContext [791408866] from cache with key [WebMergedContextConfiguration@3a8d467e testClass = com.spring10.springbootlearn.SpringBootLearnApplicationTests, locations = [], classes = [com.spring10.springbootlearn.SpringBootLearnApplication], contextInitializerClasses = [], activeProfiles = [], propertySourceDescriptors = [], propertySourceProperties = ["org.springframework.boot.test.context.SpringBootTestContextBootstrapper=true"], contextCustomizers = [org.springframework.boot.test.context.filter.ExcludeFilterContextCustomizer@6340e5f0, org.springframework.boot.test.json.DuplicateJsonObjectContextCustomizerFactory$DuplicateJsonObjectContextCustomizer@6c1a5b54, org.springframework.boot.test.mock.mockito.MockitoContextCustomizer@0, org.springframework.boot.test.web.client.TestRestTemplateContextCustomizer@644baf4a, org.springframework.boot.test.autoconfigure.actuate.observability.ObservabilityContextCustomizerFactory$DisableObservabilityContextCustomizer@1f, org.springframework.boot.test.autoconfigure.properties.PropertyMappingContextCustomizer@0, org.springframework.boot.test.autoconfigure.web.servlet.WebDriverContextCustomizer@74e28667, org.springframework.boot.test.context.SpringBootTestAnnotation@bf8a1fe5], resourceBasePath = "src/main/webapp", contextLoader = org.springframework.boot.test.context.SpringBootContextLoader, parent = null]
2024-04-10T13:26:29.893+05:30 DEBUG 20084 --- [spring-boot-learn] [           main] org.springframework.test.context.cache   : Spring test ApplicationContext cache statistics: [DefaultContextCache@141d3d43 size = 1, maxSize = 32, parentContextCount = 0, hitCount = 6, missCount = 1, failureCount = 0]
2024-04-10T13:26:29.893+05:30 TRACE 20084 --- [spring-boot-learn] [           main] o.s.test.context.TestContextManager      : afterTestMethod(): instance [com.spring10.springbootlearn.SpringBootLearnApplicationTests@6ed043d3], method [void com.spring10.springbootlearn.SpringBootLearnApplicationTests.contextLoads()], exception [null]
2024-04-10T13:26:29.894+05:30 TRACE 20084 --- [spring-boot-learn] [           main] c.DefaultCacheAwareContextLoaderDelegate : Retrieved ApplicationContext [791408866] from cache with key [WebMergedContextConfiguration@3a8d467e testClass = com.spring10.springbootlearn.SpringBootLearnApplicationTests, locations = [], classes = [com.spring10.springbootlearn.SpringBootLearnApplication], contextInitializerClasses = [], activeProfiles = [], propertySourceDescriptors = [], propertySourceProperties = ["org.springframework.boot.test.context.SpringBootTestContextBootstrapper=true"], contextCustomizers = [org.springframework.boot.test.context.filter.ExcludeFilterContextCustomizer@6340e5f0, org.springframework.boot.test.json.DuplicateJsonObjectContextCustomizerFactory$DuplicateJsonObjectContextCustomizer@6c1a5b54, org.springframework.boot.test.mock.mockito.MockitoContextCustomizer@0, org.springframework.boot.test.web.client.TestRestTemplateContextCustomizer@644baf4a, org.springframework.boot.test.autoconfigure.actuate.observability.ObservabilityContextCustomizerFactory$DisableObservabilityContextCustomizer@1f, org.springframework.boot.test.autoconfigure.properties.PropertyMappingContextCustomizer@0, org.springframework.boot.test.autoconfigure.web.servlet.WebDriverContextCustomizer@74e28667, org.springframework.boot.test.context.SpringBootTestAnnotation@bf8a1fe5], resourceBasePath = "src/main/webapp", contextLoader = org.springframework.boot.test.context.SpringBootContextLoader, parent = null]
2024-04-10T13:26:29.894+05:30 DEBUG 20084 --- [spring-boot-learn] [           main] org.springframework.test.context.cache   : Spring test ApplicationContext cache statistics: [DefaultContextCache@141d3d43 size = 1, maxSize = 32, parentContextCount = 0, hitCount = 7, missCount = 1, failureCount = 0]
2024-04-10T13:26:29.894+05:30 TRACE 20084 --- [spring-boot-learn] [           main] c.DefaultCacheAwareContextLoaderDelegate : Retrieved ApplicationContext [791408866] from cache with key [WebMergedContextConfiguration@3a8d467e testClass = com.spring10.springbootlearn.SpringBootLearnApplicationTests, locations = [], classes = [com.spring10.springbootlearn.SpringBootLearnApplication], contextInitializerClasses = [], activeProfiles = [], propertySourceDescriptors = [], propertySourceProperties = ["org.springframework.boot.test.context.SpringBootTestContextBootstrapper=true"], contextCustomizers = [org.springframework.boot.test.context.filter.ExcludeFilterContextCustomizer@6340e5f0, org.springframework.boot.test.json.DuplicateJsonObjectContextCustomizerFactory$DuplicateJsonObjectContextCustomizer@6c1a5b54, org.springframework.boot.test.mock.mockito.MockitoContextCustomizer@0, org.springframework.boot.test.web.client.TestRestTemplateContextCustomizer@644baf4a, org.springframework.boot.test.autoconfigure.actuate.observability.ObservabilityContextCustomizerFactory$DisableObservabilityContextCustomizer@1f, org.springframework.boot.test.autoconfigure.properties.PropertyMappingContextCustomizer@0, org.springframework.boot.test.autoconfigure.web.servlet.WebDriverContextCustomizer@74e28667, org.springframework.boot.test.context.SpringBootTestAnnotation@bf8a1fe5], resourceBasePath = "src/main/webapp", contextLoader = org.springframework.boot.test.context.SpringBootContextLoader, parent = null]
2024-04-10T13:26:29.894+05:30 DEBUG 20084 --- [spring-boot-learn] [           main] org.springframework.test.context.cache   : Spring test ApplicationContext cache statistics: [DefaultContextCache@141d3d43 size = 1, maxSize = 32, parentContextCount = 0, hitCount = 8, missCount = 1, failureCount = 0]
2024-04-10T13:26:29.895+05:30 TRACE 20084 --- [spring-boot-learn] [           main] o.s.b.f.s.DefaultListableBeanFactory     : No bean named 'org.springframework.boot.test.autoconfigure.web.servlet.SpringBootMockMvcBuilderCustomizer$DeferredLinesWriter' found in org.springframework.beans.factory.support.DefaultListableBeanFactory@5bbbdd4b: defining beans [org.springframework.boot.test.mock.mockito.MockitoPostProcessor$SpyPostProcessor,org.springframework.boot.test.mock.mockito.MockitoPostProcessor,org.springframework.context.annotation.internalConfigurationAnnotationProcessor,org.springframework.context.annotation.internalAutowiredAnnotationProcessor,org.springframework.context.annotation.internalCommonAnnotationProcessor,org.springframework.context.event.internalEventListenerProcessor,org.springframework.context.event.internalEventListenerFactory,springBootLearnApplication,org.springframework.boot.autoconfigure.internalCachingMetadataReaderFactory,courseController,currencyConfigurationController,currencyServiceConfiguration,org.springframework.boot.autoconfigure.AutoConfigurationPackages,org.springframework.boot.autoconfigure.context.PropertyPlaceholderAutoConfiguration,propertySourcesPlaceholderConfigurer,org.springframework.boot.autoconfigure.ssl.SslAutoConfiguration,fileWatcher,sslPropertiesSslBundleRegistrar,sslBundleRegistry,org.springframework.boot.context.properties.ConfigurationPropertiesBindingPostProcessor,org.springframework.boot.context.internalConfigurationPropertiesBinder,org.springframework.boot.context.properties.BoundConfigurationProperties,org.springframework.boot.context.properties.EnableConfigurationPropertiesRegistrar.methodValidationExcludeFilter,spring.ssl-org.springframework.boot.autoconfigure.ssl.SslProperties,org.springframework.boot.autoconfigure.websocket.servlet.WebSocketServletAutoConfiguration$TomcatWebSocketConfiguration,websocketServletWebServerCustomizer,org.springframework.boot.autoconfigure.websocket.servlet.WebSocketServletAutoConfiguration,org.springframework.boot.autoconfigure.web.servlet.ServletWebServerFactoryConfiguration$EmbeddedTomcat,tomcatServletWebServerFactory,org.springframework.boot.autoconfigure.web.servlet.ServletWebServerFactoryAutoConfiguration,servletWebServerFactoryCustomizer,tomcatServletWebServerFactoryCustomizer,server-org.springframework.boot.autoconfigure.web.ServerProperties,webServerFactoryCustomizerBeanPostProcessor,errorPageRegistrarBeanPostProcessor,org.springframework.boot.autoconfigure.web.servlet.DispatcherServletAutoConfiguration$DispatcherServletConfiguration,dispatcherServlet,spring.mvc-org.springframework.boot.autoconfigure.web.servlet.WebMvcProperties,org.springframework.boot.autoconfigure.web.servlet.DispatcherServletAutoConfiguration$DispatcherServletRegistrationConfiguration,dispatcherServletRegistration,org.springframework.boot.autoconfigure.web.servlet.DispatcherServletAutoConfiguration,org.springframework.boot.autoconfigure.task.TaskExecutorConfigurations$ThreadPoolTaskExecutorBuilderConfiguration,threadPoolTaskExecutorBuilder,org.springframework.boot.autoconfigure.task.TaskExecutorConfigurations$TaskExecutorBuilderConfiguration,taskExecutorBuilder,org.springframework.boot.autoconfigure.task.TaskExecutorConfigurations$SimpleAsyncTaskExecutorBuilderConfiguration,simpleAsyncTaskExecutorBuilder,org.springframework.boot.autoconfigure.task.TaskExecutorConfigurations$TaskExecutorConfiguration,applicationTaskExecutor,org.springframework.boot.autoconfigure.task.TaskExecutionAutoConfiguration,spring.task.execution-org.springframework.boot.autoconfigure.task.TaskExecutionProperties,org.springframework.boot.autoconfigure.web.servlet.error.ErrorMvcAutoConfiguration$WhitelabelErrorViewConfiguration,error,beanNameViewResolver,org.springframework.boot.autoconfigure.web.servlet.error.ErrorMvcAutoConfiguration$DefaultErrorViewResolverConfiguration,conventionErrorViewResolver,spring.web-org.springframework.boot.autoconfigure.web.WebProperties,org.springframework.boot.autoconfigure.web.servlet.error.ErrorMvcAutoConfiguration,errorAttributes,basicErrorController,errorPageCustomizer,preserveErrorControllerTargetClassPostProcessor,org.springframework.boot.autoconfigure.web.servlet.WebMvcAutoConfiguration$EnableWebMvcConfiguration,welcomePageHandlerMapping,welcomePageNotAcceptableHandlerMapping,localeResolver,themeResolver,flashMapManager,mvcConversionService,mvcValidator,mvcContentNegotiationManager,requestMappingHandlerMapping,mvcPatternParser,mvcUrlPathHelper,mvcPathMatcher,viewControllerHandlerMapping,beanNameHandlerMapping,routerFunctionMapping,resourceHandlerMapping,mvcResourceUrlProvider,defaultServletHandlerMapping,requestMappingHandlerAdapter,handlerFunctionAdapter,mvcUriComponentsContributor,httpRequestHandlerAdapter,simpleControllerHandlerAdapter,handlerExceptionResolver,mvcViewResolver,mvcHandlerMappingIntrospector,viewNameTranslator,org.springframework.boot.autoconfigure.web.servlet.WebMvcAutoConfiguration$WebMvcAutoConfigurationAdapter,defaultViewResolver,viewResolver,requestContextFilter,org.springframework.boot.autoconfigure.web.servlet.WebMvcAutoConfiguration,formContentFilter,org.springframework.boot.autoconfigure.aop.AopAutoConfiguration$ClassProxyingConfiguration,forceAutoProxyCreatorToUseClassProxying,org.springframework.boot.autoconfigure.aop.AopAutoConfiguration,org.springframework.boot.autoconfigure.availability.ApplicationAvailabilityAutoConfiguration,applicationAvailability,org.springframework.boot.autoconfigure.jackson.JacksonAutoConfiguration$Jackson2ObjectMapperBuilderCustomizerConfiguration,standardJacksonObjectMapperBuilderCustomizer,spring.jackson-org.springframework.boot.autoconfigure.jackson.JacksonProperties,org.springframework.boot.autoconfigure.jackson.JacksonAutoConfiguration$JacksonObjectMapperBuilderConfiguration,jacksonObjectMapperBuilder,org.springframework.boot.autoconfigure.jackson.JacksonAutoConfiguration$ParameterNamesModuleConfiguration,parameterNamesModule,org.springframework.boot.autoconfigure.jackson.JacksonAutoConfiguration$JacksonObjectMapperConfiguration,jacksonObjectMapper,org.springframework.boot.autoconfigure.jackson.JacksonAutoConfiguration$JacksonMixinConfiguration,jsonMixinModuleEntries,jsonMixinModule,org.springframework.boot.autoconfigure.jackson.JacksonAutoConfiguration,jsonComponentModule,org.springframework.boot.autoconfigure.context.ConfigurationPropertiesAutoConfiguration,org.springframework.boot.autoconfigure.context.LifecycleAutoConfiguration,lifecycleProcessor,spring.lifecycle-org.springframework.boot.autoconfigure.context.LifecycleProperties,org.springframework.boot.autoconfigure.http.HttpMessageConvertersAutoConfiguration$StringHttpMessageConverterConfiguration,stringHttpMessageConverter,org.springframework.boot.autoconfigure.http.JacksonHttpMessageConvertersConfiguration$MappingJackson2HttpMessageConverterConfiguration,mappingJackson2HttpMessageConverter,org.springframework.boot.autoconfigure.http.JacksonHttpMessageConvertersConfiguration,org.springframework.boot.autoconfigure.http.HttpMessageConvertersAutoConfiguration,messageConverters,org.springframework.boot.autoconfigure.info.ProjectInfoAutoConfiguration,spring.info-org.springframework.boot.autoconfigure.info.ProjectInfoProperties,org.springframework.boot.autoconfigure.sql.init.SqlInitializationAutoConfiguration,spring.sql.init-org.springframework.boot.autoconfigure.sql.init.SqlInitializationProperties,org.springframework.boot.sql.init.dependency.DatabaseInitializationDependencyConfigurer$DependsOnDatabaseInitializationPostProcessor,org.springframework.boot.autoconfigure.task.TaskSchedulingConfigurations$ThreadPoolTaskSchedulerBuilderConfiguration,threadPoolTaskSchedulerBuilder,org.springframework.boot.autoconfigure.task.TaskSchedulingConfigurations$TaskSchedulerBuilderConfiguration,taskSchedulerBuilder,org.springframework.boot.autoconfigure.task.TaskSchedulingConfigurations$SimpleAsyncTaskSchedulerBuilderConfiguration,simpleAsyncTaskSchedulerBuilder,org.springframework.boot.autoconfigure.task.TaskSchedulingAutoConfiguration,spring.task.scheduling-org.springframework.boot.autoconfigure.task.TaskSchedulingProperties,org.springframework.boot.autoconfigure.web.client.RestClientAutoConfiguration,httpMessageConvertersRestClientCustomizer,restClientSsl,restClientBuilderConfigurer,restClientBuilder,org.springframework.boot.autoconfigure.web.client.RestTemplateAutoConfiguration,restTemplateBuilderConfigurer,restTemplateBuilder,org.springframework.boot.autoconfigure.web.servlet.HttpEncodingAutoConfiguration,characterEncodingFilter,localeCharsetMappingsCustomizer,org.springframework.boot.autoconfigure.web.servlet.MultipartAutoConfiguration,multipartConfigElement,multipartResolver,spring.servlet.multipart-org.springframework.boot.autoconfigure.web.servlet.MultipartProperties,org.springframework.aop.config.internalAutoProxyCreator]; root of factory hierarchy
2024-04-10T13:26:29.895+05:30 TRACE 20084 --- [spring-boot-learn] [           main] c.DefaultCacheAwareContextLoaderDelegate : Retrieved ApplicationContext [791408866] from cache with key [WebMergedContextConfiguration@3a8d467e testClass = com.spring10.springbootlearn.SpringBootLearnApplicationTests, locations = [], classes = [com.spring10.springbootlearn.SpringBootLearnApplication], contextInitializerClasses = [], activeProfiles = [], propertySourceDescriptors = [], propertySourceProperties = ["org.springframework.boot.test.context.SpringBootTestContextBootstrapper=true"], contextCustomizers = [org.springframework.boot.test.context.filter.ExcludeFilterContextCustomizer@6340e5f0, org.springframework.boot.test.json.DuplicateJsonObjectContextCustomizerFactory$DuplicateJsonObjectContextCustomizer@6c1a5b54, org.springframework.boot.test.mock.mockito.MockitoContextCustomizer@0, org.springframework.boot.test.web.client.TestRestTemplateContextCustomizer@644baf4a, org.springframework.boot.test.autoconfigure.actuate.observability.ObservabilityContextCustomizerFactory$DisableObservabilityContextCustomizer@1f, org.springframework.boot.test.autoconfigure.properties.PropertyMappingContextCustomizer@0, org.springframework.boot.test.autoconfigure.web.servlet.WebDriverContextCustomizer@74e28667, org.springframework.boot.test.context.SpringBootTestAnnotation@bf8a1fe5], resourceBasePath = "src/main/webapp", contextLoader = org.springframework.boot.test.context.SpringBootContextLoader, parent = null]
2024-04-10T13:26:29.895+05:30 DEBUG 20084 --- [spring-boot-learn] [           main] org.springframework.test.context.cache   : Spring test ApplicationContext cache statistics: [DefaultContextCache@141d3d43 size = 1, maxSize = 32, parentContextCount = 0, hitCount = 9, missCount = 1, failureCount = 0]
2024-04-10T13:26:29.896+05:30 TRACE 20084 --- [spring-boot-learn] [           main] c.DefaultCacheAwareContextLoaderDelegate : Retrieved ApplicationContext [791408866] from cache with key [WebMergedContextConfiguration@3a8d467e testClass = com.spring10.springbootlearn.SpringBootLearnApplicationTests, locations = [], classes = [com.spring10.springbootlearn.SpringBootLearnApplication], contextInitializerClasses = [], activeProfiles = [], propertySourceDescriptors = [], propertySourceProperties = ["org.springframework.boot.test.context.SpringBootTestContextBootstrapper=true"], contextCustomizers = [org.springframework.boot.test.context.filter.ExcludeFilterContextCustomizer@6340e5f0, org.springframework.boot.test.json.DuplicateJsonObjectContextCustomizerFactory$DuplicateJsonObjectContextCustomizer@6c1a5b54, org.springframework.boot.test.mock.mockito.MockitoContextCustomizer@0, org.springframework.boot.test.web.client.TestRestTemplateContextCustomizer@644baf4a, org.springframework.boot.test.autoconfigure.actuate.observability.ObservabilityContextCustomizerFactory$DisableObservabilityContextCustomizer@1f, org.springframework.boot.test.autoconfigure.properties.PropertyMappingContextCustomizer@0, org.springframework.boot.test.autoconfigure.web.servlet.WebDriverContextCustomizer@74e28667, org.springframework.boot.test.context.SpringBootTestAnnotation@bf8a1fe5], resourceBasePath = "src/main/webapp", contextLoader = org.springframework.boot.test.context.SpringBootContextLoader, parent = null]
2024-04-10T13:26:29.896+05:30 DEBUG 20084 --- [spring-boot-learn] [           main] org.springframework.test.context.cache   : Spring test ApplicationContext cache statistics: [DefaultContextCache@141d3d43 size = 1, maxSize = 32, parentContextCount = 0, hitCount = 10, missCount = 1, failureCount = 0]
2024-04-10T13:26:29.896+05:30 TRACE 20084 --- [spring-boot-learn] [           main] o.s.b.f.s.DefaultListableBeanFactory     : Returning cached instance of singleton bean 'org.springframework.boot.test.mock.mockito.MockitoPostProcessor$SpyPostProcessor'
2024-04-10T13:26:29.896+05:30 TRACE 20084 --- [spring-boot-learn] [           main] o.s.b.f.s.DefaultListableBeanFactory     : Returning cached instance of singleton bean 'org.springframework.boot.test.mock.mockito.MockitoPostProcessor'
2024-04-10T13:26:29.897+05:30 TRACE 20084 --- [spring-boot-learn] [           main] o.s.b.f.s.DefaultListableBeanFactory     : Returning cached instance of singleton bean 'org.springframework.context.annotation.internalConfigurationAnnotationProcessor'
2024-04-10T13:26:29.897+05:30 TRACE 20084 --- [spring-boot-learn] [           main] o.s.b.f.s.DefaultListableBeanFactory     : Returning cached instance of singleton bean 'org.springframework.context.annotation.internalAutowiredAnnotationProcessor'
2024-04-10T13:26:29.897+05:30 TRACE 20084 --- [spring-boot-learn] [           main] o.s.b.f.s.DefaultListableBeanFactory     : Returning cached instance of singleton bean 'org.springframework.context.annotation.internalCommonAnnotationProcessor'
2024-04-10T13:26:29.897+05:30 TRACE 20084 --- [spring-boot-learn] [           main] o.s.b.f.s.DefaultListableBeanFactory     : Returning cached instance of singleton bean 'org.springframework.context.event.internalEventListenerProcessor'
2024-04-10T13:26:29.897+05:30 TRACE 20084 --- [spring-boot-learn] [           main] o.s.b.f.s.DefaultListableBeanFactory     : Returning cached instance of singleton bean 'org.springframework.context.event.internalEventListenerFactory'
2024-04-10T13:26:29.897+05:30 TRACE 20084 --- [spring-boot-learn] [           main] o.s.b.f.s.DefaultListableBeanFactory     : Returning cached instance of singleton bean 'springBootLearnApplication'
2024-04-10T13:26:29.897+05:30 TRACE 20084 --- [spring-boot-learn] [           main] o.s.b.f.s.DefaultListableBeanFactory     : Returning cached instance of singleton bean 'org.springframework.boot.autoconfigure.internalCachingMetadataReaderFactory'
2024-04-10T13:26:29.897+05:30 TRACE 20084 --- [spring-boot-learn] [           main] o.s.b.f.s.DefaultListableBeanFactory     : Returning cached instance of singleton bean 'org.springframework.boot.autoconfigure.internalCachingMetadataReaderFactory'
2024-04-10T13:26:29.897+05:30 TRACE 20084 --- [spring-boot-learn] [           main] o.s.b.f.s.DefaultListableBeanFactory     : Returning cached instance of singleton bean 'courseController'
2024-04-10T13:26:29.897+05:30 TRACE 20084 --- [spring-boot-learn] [           main] o.s.b.f.s.DefaultListableBeanFactory     : Returning cached instance of singleton bean 'currencyConfigurationController'
2024-04-10T13:26:29.897+05:30 TRACE 20084 --- [spring-boot-learn] [           main] o.s.b.f.s.DefaultListableBeanFactory     : Returning cached instance of singleton bean 'currencyServiceConfiguration'
2024-04-10T13:26:29.897+05:30 TRACE 20084 --- [spring-boot-learn] [           main] o.s.b.f.s.DefaultListableBeanFactory     : Returning cached instance of singleton bean 'org.springframework.boot.autoconfigure.AutoConfigurationPackages'
2024-04-10T13:26:29.897+05:30 TRACE 20084 --- [spring-boot-learn] [           main] o.s.b.f.s.DefaultListableBeanFactory     : Returning cached instance of singleton bean 'org.springframework.boot.autoconfigure.context.PropertyPlaceholderAutoConfiguration'
2024-04-10T13:26:29.897+05:30 TRACE 20084 --- [spring-boot-learn] [           main] o.s.b.f.s.DefaultListableBeanFactory     : Returning cached instance of singleton bean 'propertySourcesPlaceholderConfigurer'
2024-04-10T13:26:29.897+05:30 TRACE 20084 --- [spring-boot-learn] [           main] o.s.b.f.s.DefaultListableBeanFactory     : Returning cached instance of singleton bean 'org.springframework.boot.autoconfigure.ssl.SslAutoConfiguration'
2024-04-10T13:26:29.897+05:30 TRACE 20084 --- [spring-boot-learn] [           main] o.s.b.f.s.DefaultListableBeanFactory     : Returning cached instance of singleton bean 'fileWatcher'
2024-04-10T13:26:29.897+05:30 TRACE 20084 --- [spring-boot-learn] [           main] o.s.b.f.s.DefaultListableBeanFactory     : Returning cached instance of singleton bean 'sslPropertiesSslBundleRegistrar'
2024-04-10T13:26:29.897+05:30 TRACE 20084 --- [spring-boot-learn] [           main] o.s.b.f.s.DefaultListableBeanFactory     : Returning cached instance of singleton bean 'sslBundleRegistry'
2024-04-10T13:26:29.897+05:30 TRACE 20084 --- [spring-boot-learn] [           main] o.s.b.f.s.DefaultListableBeanFactory     : Returning cached instance of singleton bean 'org.springframework.boot.context.properties.ConfigurationPropertiesBindingPostProcessor'
2024-04-10T13:26:29.897+05:30 TRACE 20084 --- [spring-boot-learn] [           main] o.s.b.f.s.DefaultListableBeanFactory     : Returning cached instance of singleton bean 'org.springframework.boot.context.internalConfigurationPropertiesBinder'
2024-04-10T13:26:29.897+05:30 TRACE 20084 --- [spring-boot-learn] [           main] o.s.b.f.s.DefaultListableBeanFactory     : Returning cached instance of singleton bean 'org.springframework.boot.context.internalConfigurationPropertiesBinder'
2024-04-10T13:26:29.897+05:30 TRACE 20084 --- [spring-boot-learn] [           main] o.s.b.f.s.DefaultListableBeanFactory     : Returning cached instance of singleton bean 'org.springframework.boot.context.properties.BoundConfigurationProperties'
2024-04-10T13:26:29.897+05:30 TRACE 20084 --- [spring-boot-learn] [           main] o.s.b.f.s.DefaultListableBeanFactory     : Returning cached instance of singleton bean 'org.springframework.boot.context.properties.EnableConfigurationPropertiesRegistrar.methodValidationExcludeFilter'
2024-04-10T13:26:29.897+05:30 TRACE 20084 --- [spring-boot-learn] [           main] o.s.b.f.s.DefaultListableBeanFactory     : Returning cached instance of singleton bean 'spring.ssl-org.springframework.boot.autoconfigure.ssl.SslProperties'
2024-04-10T13:26:29.897+05:30 TRACE 20084 --- [spring-boot-learn] [           main] o.s.b.f.s.DefaultListableBeanFactory     : Returning cached instance of singleton bean 'org.springframework.boot.autoconfigure.websocket.servlet.WebSocketServletAutoConfiguration$TomcatWebSocketConfiguration'
2024-04-10T13:26:29.897+05:30 TRACE 20084 --- [spring-boot-learn] [           main] o.s.b.f.s.DefaultListableBeanFactory     : Returning cached instance of singleton bean 'websocketServletWebServerCustomizer'
2024-04-10T13:26:29.897+05:30 TRACE 20084 --- [spring-boot-learn] [           main] o.s.b.f.s.DefaultListableBeanFactory     : Returning cached instance of singleton bean 'org.springframework.boot.autoconfigure.websocket.servlet.WebSocketServletAutoConfiguration'
2024-04-10T13:26:29.897+05:30 TRACE 20084 --- [spring-boot-learn] [           main] o.s.b.f.s.DefaultListableBeanFactory     : Returning cached instance of singleton bean 'org.springframework.boot.autoconfigure.web.servlet.ServletWebServerFactoryConfiguration$EmbeddedTomcat'
2024-04-10T13:26:29.897+05:30 TRACE 20084 --- [spring-boot-learn] [           main] o.s.b.f.s.DefaultListableBeanFactory     : Returning cached instance of singleton bean 'tomcatServletWebServerFactory'
2024-04-10T13:26:29.897+05:30 TRACE 20084 --- [spring-boot-learn] [           main] o.s.b.f.s.DefaultListableBeanFactory     : Returning cached instance of singleton bean 'org.springframework.boot.autoconfigure.web.servlet.ServletWebServerFactoryAutoConfiguration'
2024-04-10T13:26:29.897+05:30 TRACE 20084 --- [spring-boot-learn] [           main] o.s.b.f.s.DefaultListableBeanFactory     : Returning cached instance of singleton bean 'servletWebServerFactoryCustomizer'
2024-04-10T13:26:29.897+05:30 TRACE 20084 --- [spring-boot-learn] [           main] o.s.b.f.s.DefaultListableBeanFactory     : Returning cached instance of singleton bean 'tomcatServletWebServerFactoryCustomizer'
2024-04-10T13:26:29.897+05:30 TRACE 20084 --- [spring-boot-learn] [           main] o.s.b.f.s.DefaultListableBeanFactory     : Returning cached instance of singleton bean 'server-org.springframework.boot.autoconfigure.web.ServerProperties'
2024-04-10T13:26:29.897+05:30 TRACE 20084 --- [spring-boot-learn] [           main] o.s.b.f.s.DefaultListableBeanFactory     : Returning cached instance of singleton bean 'webServerFactoryCustomizerBeanPostProcessor'
2024-04-10T13:26:29.897+05:30 TRACE 20084 --- [spring-boot-learn] [           main] o.s.b.f.s.DefaultListableBeanFactory     : Returning cached instance of singleton bean 'errorPageRegistrarBeanPostProcessor'
2024-04-10T13:26:29.897+05:30 TRACE 20084 --- [spring-boot-learn] [           main] o.s.b.f.s.DefaultListableBeanFactory     : Returning cached instance of singleton bean 'org.springframework.boot.autoconfigure.web.servlet.DispatcherServletAutoConfiguration$DispatcherServletConfiguration'
2024-04-10T13:26:29.897+05:30 TRACE 20084 --- [spring-boot-learn] [           main] o.s.b.f.s.DefaultListableBeanFactory     : Returning cached instance of singleton bean 'dispatcherServlet'
2024-04-10T13:26:29.897+05:30 TRACE 20084 --- [spring-boot-learn] [           main] o.s.b.f.s.DefaultListableBeanFactory     : Returning cached instance of singleton bean 'spring.mvc-org.springframework.boot.autoconfigure.web.servlet.WebMvcProperties'
2024-04-10T13:26:29.897+05:30 TRACE 20084 --- [spring-boot-learn] [           main] o.s.b.f.s.DefaultListableBeanFactory     : Returning cached instance of singleton bean 'org.springframework.boot.autoconfigure.web.servlet.DispatcherServletAutoConfiguration$DispatcherServletRegistrationConfiguration'
2024-04-10T13:26:29.897+05:30 TRACE 20084 --- [spring-boot-learn] [           main] o.s.b.f.s.DefaultListableBeanFactory     : Returning cached instance of singleton bean 'dispatcherServletRegistration'
2024-04-10T13:26:29.897+05:30 TRACE 20084 --- [spring-boot-learn] [           main] o.s.b.f.s.DefaultListableBeanFactory     : Returning cached instance of singleton bean 'org.springframework.boot.autoconfigure.web.servlet.DispatcherServletAutoConfiguration'
2024-04-10T13:26:29.897+05:30 TRACE 20084 --- [spring-boot-learn] [           main] o.s.b.f.s.DefaultListableBeanFactory     : Returning cached instance of singleton bean 'org.springframework.boot.autoconfigure.task.TaskExecutorConfigurations$ThreadPoolTaskExecutorBuilderConfiguration'
2024-04-10T13:26:29.897+05:30 TRACE 20084 --- [spring-boot-learn] [           main] o.s.b.f.s.DefaultListableBeanFactory     : Returning cached instance of singleton bean 'threadPoolTaskExecutorBuilder'
2024-04-10T13:26:29.897+05:30 TRACE 20084 --- [spring-boot-learn] [           main] o.s.b.f.s.DefaultListableBeanFactory     : Returning cached instance of singleton bean 'org.springframework.boot.autoconfigure.task.TaskExecutorConfigurations$TaskExecutorBuilderConfiguration'
2024-04-10T13:26:29.897+05:30 TRACE 20084 --- [spring-boot-learn] [           main] o.s.b.f.s.DefaultListableBeanFactory     : Returning cached instance of singleton bean 'taskExecutorBuilder'
2024-04-10T13:26:29.897+05:30 TRACE 20084 --- [spring-boot-learn] [           main] o.s.b.f.s.DefaultListableBeanFactory     : Returning cached instance of singleton bean 'org.springframework.boot.autoconfigure.task.TaskExecutorConfigurations$SimpleAsyncTaskExecutorBuilderConfiguration'
2024-04-10T13:26:29.897+05:30 TRACE 20084 --- [spring-boot-learn] [           main] o.s.b.f.s.DefaultListableBeanFactory     : Returning cached instance of singleton bean 'simpleAsyncTaskExecutorBuilder'
2024-04-10T13:26:29.897+05:30 TRACE 20084 --- [spring-boot-learn] [           main] o.s.b.f.s.DefaultListableBeanFactory     : Returning cached instance of singleton bean 'org.springframework.boot.autoconfigure.task.TaskExecutorConfigurations$TaskExecutorConfiguration'
2024-04-10T13:26:29.897+05:30 TRACE 20084 --- [spring-boot-learn] [           main] o.s.b.f.s.DefaultListableBeanFactory     : Returning cached instance of singleton bean 'applicationTaskExecutor'
2024-04-10T13:26:29.897+05:30 TRACE 20084 --- [spring-boot-learn] [           main] o.s.b.f.s.DefaultListableBeanFactory     : Returning cached instance of singleton bean 'org.springframework.boot.autoconfigure.task.TaskExecutionAutoConfiguration'
2024-04-10T13:26:29.897+05:30 TRACE 20084 --- [spring-boot-learn] [           main] o.s.b.f.s.DefaultListableBeanFactory     : Returning cached instance of singleton bean 'spring.task.execution-org.springframework.boot.autoconfigure.task.TaskExecutionProperties'
2024-04-10T13:26:29.897+05:30 TRACE 20084 --- [spring-boot-learn] [           main] o.s.b.f.s.DefaultListableBeanFactory     : Returning cached instance of singleton bean 'org.springframework.boot.autoconfigure.web.servlet.error.ErrorMvcAutoConfiguration$WhitelabelErrorViewConfiguration'
2024-04-10T13:26:29.897+05:30 TRACE 20084 --- [spring-boot-learn] [           main] o.s.b.f.s.DefaultListableBeanFactory     : Returning cached instance of singleton bean 'error'
2024-04-10T13:26:29.897+05:30 TRACE 20084 --- [spring-boot-learn] [           main] o.s.b.f.s.DefaultListableBeanFactory     : Returning cached instance of singleton bean 'beanNameViewResolver'
2024-04-10T13:26:29.897+05:30 TRACE 20084 --- [spring-boot-learn] [           main] o.s.b.f.s.DefaultListableBeanFactory     : Returning cached instance of singleton bean 'org.springframework.boot.autoconfigure.web.servlet.error.ErrorMvcAutoConfiguration$DefaultErrorViewResolverConfiguration'
2024-04-10T13:26:29.897+05:30 TRACE 20084 --- [spring-boot-learn] [           main] o.s.b.f.s.DefaultListableBeanFactory     : Returning cached instance of singleton bean 'conventionErrorViewResolver'
2024-04-10T13:26:29.897+05:30 TRACE 20084 --- [spring-boot-learn] [           main] o.s.b.f.s.DefaultListableBeanFactory     : Returning cached instance of singleton bean 'spring.web-org.springframework.boot.autoconfigure.web.WebProperties'
2024-04-10T13:26:29.897+05:30 TRACE 20084 --- [spring-boot-learn] [           main] o.s.b.f.s.DefaultListableBeanFactory     : Returning cached instance of singleton bean 'org.springframework.boot.autoconfigure.web.servlet.error.ErrorMvcAutoConfiguration'
2024-04-10T13:26:29.897+05:30 TRACE 20084 --- [spring-boot-learn] [           main] o.s.b.f.s.DefaultListableBeanFactory     : Returning cached instance of singleton bean 'errorAttributes'
2024-04-10T13:26:29.897+05:30 TRACE 20084 --- [spring-boot-learn] [           main] o.s.b.f.s.DefaultListableBeanFactory     : Returning cached instance of singleton bean 'basicErrorController'
2024-04-10T13:26:29.897+05:30 TRACE 20084 --- [spring-boot-learn] [           main] o.s.b.f.s.DefaultListableBeanFactory     : Returning cached instance of singleton bean 'errorPageCustomizer'
2024-04-10T13:26:29.897+05:30 TRACE 20084 --- [spring-boot-learn] [           main] o.s.b.f.s.DefaultListableBeanFactory     : Returning cached instance of singleton bean 'preserveErrorControllerTargetClassPostProcessor'
2024-04-10T13:26:29.897+05:30 TRACE 20084 --- [spring-boot-learn] [           main] o.s.b.f.s.DefaultListableBeanFactory     : Returning cached instance of singleton bean 'org.springframework.boot.autoconfigure.web.servlet.WebMvcAutoConfiguration$EnableWebMvcConfiguration'
2024-04-10T13:26:29.897+05:30 TRACE 20084 --- [spring-boot-learn] [           main] o.s.b.f.s.DefaultListableBeanFactory     : Returning cached instance of singleton bean 'welcomePageHandlerMapping'
2024-04-10T13:26:29.897+05:30 TRACE 20084 --- [spring-boot-learn] [           main] o.s.b.f.s.DefaultListableBeanFactory     : Returning cached instance of singleton bean 'welcomePageNotAcceptableHandlerMapping'
2024-04-10T13:26:29.897+05:30 TRACE 20084 --- [spring-boot-learn] [           main] o.s.b.f.s.DefaultListableBeanFactory     : Returning cached instance of singleton bean 'localeResolver'
2024-04-10T13:26:29.897+05:30 TRACE 20084 --- [spring-boot-learn] [           main] o.s.b.f.s.DefaultListableBeanFactory     : Returning cached instance of singleton bean 'themeResolver'
2024-04-10T13:26:29.897+05:30 TRACE 20084 --- [spring-boot-learn] [           main] o.s.b.f.s.DefaultListableBeanFactory     : Returning cached instance of singleton bean 'flashMapManager'
2024-04-10T13:26:29.898+05:30 TRACE 20084 --- [spring-boot-learn] [           main] o.s.b.f.s.DefaultListableBeanFactory     : Returning cached instance of singleton bean 'mvcConversionService'
2024-04-10T13:26:29.898+05:30 TRACE 20084 --- [spring-boot-learn] [           main] o.s.b.f.s.DefaultListableBeanFactory     : Returning cached instance of singleton bean 'mvcValidator'
2024-04-10T13:26:29.898+05:30 TRACE 20084 --- [spring-boot-learn] [           main] o.s.b.f.s.DefaultListableBeanFactory     : Returning cached instance of singleton bean 'mvcContentNegotiationManager'
2024-04-10T13:26:29.898+05:30 TRACE 20084 --- [spring-boot-learn] [           main] o.s.b.f.s.DefaultListableBeanFactory     : Returning cached instance of singleton bean 'requestMappingHandlerMapping'
2024-04-10T13:26:29.898+05:30 TRACE 20084 --- [spring-boot-learn] [           main] o.s.b.f.s.DefaultListableBeanFactory     : Returning cached instance of singleton bean 'mvcPatternParser'
2024-04-10T13:26:29.898+05:30 TRACE 20084 --- [spring-boot-learn] [           main] o.s.b.f.s.DefaultListableBeanFactory     : Returning cached instance of singleton bean 'mvcUrlPathHelper'
2024-04-10T13:26:29.898+05:30 TRACE 20084 --- [spring-boot-learn] [           main] o.s.b.f.s.DefaultListableBeanFactory     : Returning cached instance of singleton bean 'mvcPathMatcher'
2024-04-10T13:26:29.898+05:30 TRACE 20084 --- [spring-boot-learn] [           main] o.s.b.f.s.DefaultListableBeanFactory     : Returning cached instance of singleton bean 'viewControllerHandlerMapping'
2024-04-10T13:26:29.898+05:30 TRACE 20084 --- [spring-boot-learn] [           main] o.s.b.f.s.DefaultListableBeanFactory     : Returning cached instance of singleton bean 'beanNameHandlerMapping'
2024-04-10T13:26:29.898+05:30 TRACE 20084 --- [spring-boot-learn] [           main] o.s.b.f.s.DefaultListableBeanFactory     : Returning cached instance of singleton bean 'routerFunctionMapping'
2024-04-10T13:26:29.898+05:30 TRACE 20084 --- [spring-boot-learn] [           main] o.s.b.f.s.DefaultListableBeanFactory     : Returning cached instance of singleton bean 'resourceHandlerMapping'
2024-04-10T13:26:29.898+05:30 TRACE 20084 --- [spring-boot-learn] [           main] o.s.b.f.s.DefaultListableBeanFactory     : Returning cached instance of singleton bean 'mvcResourceUrlProvider'
2024-04-10T13:26:29.898+05:30 TRACE 20084 --- [spring-boot-learn] [           main] o.s.b.f.s.DefaultListableBeanFactory     : Returning cached instance of singleton bean 'defaultServletHandlerMapping'
2024-04-10T13:26:29.898+05:30 TRACE 20084 --- [spring-boot-learn] [           main] o.s.b.f.s.DefaultListableBeanFactory     : Returning cached instance of singleton bean 'requestMappingHandlerAdapter'
2024-04-10T13:26:29.898+05:30 TRACE 20084 --- [spring-boot-learn] [           main] o.s.b.f.s.DefaultListableBeanFactory     : Returning cached instance of singleton bean 'handlerFunctionAdapter'
2024-04-10T13:26:29.898+05:30 TRACE 20084 --- [spring-boot-learn] [           main] o.s.b.f.s.DefaultListableBeanFactory     : Returning cached instance of singleton bean 'mvcUriComponentsContributor'
2024-04-10T13:26:29.898+05:30 TRACE 20084 --- [spring-boot-learn] [           main] o.s.b.f.s.DefaultListableBeanFactory     : Returning cached instance of singleton bean 'httpRequestHandlerAdapter'
2024-04-10T13:26:29.898+05:30 TRACE 20084 --- [spring-boot-learn] [           main] o.s.b.f.s.DefaultListableBeanFactory     : Returning cached instance of singleton bean 'simpleControllerHandlerAdapter'
2024-04-10T13:26:29.898+05:30 TRACE 20084 --- [spring-boot-learn] [           main] o.s.b.f.s.DefaultListableBeanFactory     : Returning cached instance of singleton bean 'handlerExceptionResolver'
2024-04-10T13:26:29.898+05:30 TRACE 20084 --- [spring-boot-learn] [           main] o.s.b.f.s.DefaultListableBeanFactory     : Returning cached instance of singleton bean 'mvcViewResolver'
2024-04-10T13:26:29.898+05:30 TRACE 20084 --- [spring-boot-learn] [           main] o.s.b.f.s.DefaultListableBeanFactory     : Returning cached instance of singleton bean 'viewNameTranslator'
2024-04-10T13:26:29.898+05:30 TRACE 20084 --- [spring-boot-learn] [           main] o.s.b.f.s.DefaultListableBeanFactory     : Returning cached instance of singleton bean 'org.springframework.boot.autoconfigure.web.servlet.WebMvcAutoConfiguration$WebMvcAutoConfigurationAdapter'
2024-04-10T13:26:29.898+05:30 TRACE 20084 --- [spring-boot-learn] [           main] o.s.b.f.s.DefaultListableBeanFactory     : Returning cached instance of singleton bean 'defaultViewResolver'
2024-04-10T13:26:29.898+05:30 TRACE 20084 --- [spring-boot-learn] [           main] o.s.b.f.s.DefaultListableBeanFactory     : Returning cached instance of singleton bean 'viewResolver'
2024-04-10T13:26:29.898+05:30 TRACE 20084 --- [spring-boot-learn] [           main] o.s.b.f.s.DefaultListableBeanFactory     : Returning cached instance of singleton bean 'requestContextFilter'
2024-04-10T13:26:29.898+05:30 TRACE 20084 --- [spring-boot-learn] [           main] o.s.b.f.s.DefaultListableBeanFactory     : Returning cached instance of singleton bean 'org.springframework.boot.autoconfigure.web.servlet.WebMvcAutoConfiguration'
2024-04-10T13:26:29.898+05:30 TRACE 20084 --- [spring-boot-learn] [           main] o.s.b.f.s.DefaultListableBeanFactory     : Returning cached instance of singleton bean 'formContentFilter'
2024-04-10T13:26:29.898+05:30 TRACE 20084 --- [spring-boot-learn] [           main] o.s.b.f.s.DefaultListableBeanFactory     : Returning cached instance of singleton bean 'org.springframework.boot.autoconfigure.aop.AopAutoConfiguration$ClassProxyingConfiguration'
2024-04-10T13:26:29.898+05:30 TRACE 20084 --- [spring-boot-learn] [           main] o.s.b.f.s.DefaultListableBeanFactory     : Returning cached instance of singleton bean 'forceAutoProxyCreatorToUseClassProxying'
2024-04-10T13:26:29.898+05:30 TRACE 20084 --- [spring-boot-learn] [           main] o.s.b.f.s.DefaultListableBeanFactory     : Returning cached instance of singleton bean 'org.springframework.boot.autoconfigure.aop.AopAutoConfiguration'
2024-04-10T13:26:29.898+05:30 TRACE 20084 --- [spring-boot-learn] [           main] o.s.b.f.s.DefaultListableBeanFactory     : Returning cached instance of singleton bean 'org.springframework.boot.autoconfigure.availability.ApplicationAvailabilityAutoConfiguration'
2024-04-10T13:26:29.898+05:30 TRACE 20084 --- [spring-boot-learn] [           main] o.s.b.f.s.DefaultListableBeanFactory     : Returning cached instance of singleton bean 'applicationAvailability'
2024-04-10T13:26:29.898+05:30 TRACE 20084 --- [spring-boot-learn] [           main] o.s.b.f.s.DefaultListableBeanFactory     : Returning cached instance of singleton bean 'org.springframework.boot.autoconfigure.jackson.JacksonAutoConfiguration$Jackson2ObjectMapperBuilderCustomizerConfiguration'
2024-04-10T13:26:29.898+05:30 TRACE 20084 --- [spring-boot-learn] [           main] o.s.b.f.s.DefaultListableBeanFactory     : Returning cached instance of singleton bean 'standardJacksonObjectMapperBuilderCustomizer'
2024-04-10T13:26:29.898+05:30 TRACE 20084 --- [spring-boot-learn] [           main] o.s.b.f.s.DefaultListableBeanFactory     : Returning cached instance of singleton bean 'spring.jackson-org.springframework.boot.autoconfigure.jackson.JacksonProperties'
2024-04-10T13:26:29.898+05:30 TRACE 20084 --- [spring-boot-learn] [           main] o.s.b.f.s.DefaultListableBeanFactory     : Returning cached instance of singleton bean 'org.springframework.boot.autoconfigure.jackson.JacksonAutoConfiguration$JacksonObjectMapperBuilderConfiguration'
2024-04-10T13:26:29.898+05:30 TRACE 20084 --- [spring-boot-learn] [           main] o.s.b.f.s.DefaultListableBeanFactory     : Returning cached instance of singleton bean 'org.springframework.boot.autoconfigure.jackson.JacksonAutoConfiguration$ParameterNamesModuleConfiguration'
2024-04-10T13:26:29.898+05:30 TRACE 20084 --- [spring-boot-learn] [           main] o.s.b.f.s.DefaultListableBeanFactory     : Returning cached instance of singleton bean 'parameterNamesModule'
2024-04-10T13:26:29.898+05:30 TRACE 20084 --- [spring-boot-learn] [           main] o.s.b.f.s.DefaultListableBeanFactory     : Returning cached instance of singleton bean 'org.springframework.boot.autoconfigure.jackson.JacksonAutoConfiguration$JacksonObjectMapperConfiguration'
2024-04-10T13:26:29.898+05:30 TRACE 20084 --- [spring-boot-learn] [           main] o.s.b.f.s.DefaultListableBeanFactory     : Returning cached instance of singleton bean 'jacksonObjectMapper'
2024-04-10T13:26:29.898+05:30 TRACE 20084 --- [spring-boot-learn] [           main] o.s.b.f.s.DefaultListableBeanFactory     : Returning cached instance of singleton bean 'org.springframework.boot.autoconfigure.jackson.JacksonAutoConfiguration$JacksonMixinConfiguration'
2024-04-10T13:26:29.898+05:30 TRACE 20084 --- [spring-boot-learn] [           main] o.s.b.f.s.DefaultListableBeanFactory     : Returning cached instance of singleton bean 'jsonMixinModuleEntries'
2024-04-10T13:26:29.898+05:30 TRACE 20084 --- [spring-boot-learn] [           main] o.s.b.f.s.DefaultListableBeanFactory     : Returning cached instance of singleton bean 'jsonMixinModule'
2024-04-10T13:26:29.898+05:30 TRACE 20084 --- [spring-boot-learn] [           main] o.s.b.f.s.DefaultListableBeanFactory     : Returning cached instance of singleton bean 'org.springframework.boot.autoconfigure.jackson.JacksonAutoConfiguration'
2024-04-10T13:26:29.898+05:30 TRACE 20084 --- [spring-boot-learn] [           main] o.s.b.f.s.DefaultListableBeanFactory     : Returning cached instance of singleton bean 'jsonComponentModule'
2024-04-10T13:26:29.898+05:30 TRACE 20084 --- [spring-boot-learn] [           main] o.s.b.f.s.DefaultListableBeanFactory     : Returning cached instance of singleton bean 'org.springframework.boot.autoconfigure.context.ConfigurationPropertiesAutoConfiguration'
2024-04-10T13:26:29.898+05:30 TRACE 20084 --- [spring-boot-learn] [           main] o.s.b.f.s.DefaultListableBeanFactory     : Returning cached instance of singleton bean 'org.springframework.boot.autoconfigure.context.LifecycleAutoConfiguration'
2024-04-10T13:26:29.898+05:30 TRACE 20084 --- [spring-boot-learn] [           main] o.s.b.f.s.DefaultListableBeanFactory     : Returning cached instance of singleton bean 'lifecycleProcessor'
2024-04-10T13:26:29.898+05:30 TRACE 20084 --- [spring-boot-learn] [           main] o.s.b.f.s.DefaultListableBeanFactory     : Returning cached instance of singleton bean 'spring.lifecycle-org.springframework.boot.autoconfigure.context.LifecycleProperties'
2024-04-10T13:26:29.898+05:30 TRACE 20084 --- [spring-boot-learn] [           main] o.s.b.f.s.DefaultListableBeanFactory     : Returning cached instance of singleton bean 'org.springframework.boot.autoconfigure.http.HttpMessageConvertersAutoConfiguration$StringHttpMessageConverterConfiguration'
2024-04-10T13:26:29.898+05:30 TRACE 20084 --- [spring-boot-learn] [           main] o.s.b.f.s.DefaultListableBeanFactory     : Returning cached instance of singleton bean 'stringHttpMessageConverter'
2024-04-10T13:26:29.898+05:30 TRACE 20084 --- [spring-boot-learn] [           main] o.s.b.f.s.DefaultListableBeanFactory     : Returning cached instance of singleton bean 'org.springframework.boot.autoconfigure.http.JacksonHttpMessageConvertersConfiguration$MappingJackson2HttpMessageConverterConfiguration'
2024-04-10T13:26:29.898+05:30 TRACE 20084 --- [spring-boot-learn] [           main] o.s.b.f.s.DefaultListableBeanFactory     : Returning cached instance of singleton bean 'mappingJackson2HttpMessageConverter'
2024-04-10T13:26:29.898+05:30 TRACE 20084 --- [spring-boot-learn] [           main] o.s.b.f.s.DefaultListableBeanFactory     : Returning cached instance of singleton bean 'org.springframework.boot.autoconfigure.http.JacksonHttpMessageConvertersConfiguration'
2024-04-10T13:26:29.898+05:30 TRACE 20084 --- [spring-boot-learn] [           main] o.s.b.f.s.DefaultListableBeanFactory     : Returning cached instance of singleton bean 'org.springframework.boot.autoconfigure.http.HttpMessageConvertersAutoConfiguration'
2024-04-10T13:26:29.898+05:30 TRACE 20084 --- [spring-boot-learn] [           main] o.s.b.f.s.DefaultListableBeanFactory     : Returning cached instance of singleton bean 'messageConverters'
2024-04-10T13:26:29.898+05:30 TRACE 20084 --- [spring-boot-learn] [           main] o.s.b.f.s.DefaultListableBeanFactory     : Returning cached instance of singleton bean 'org.springframework.boot.autoconfigure.info.ProjectInfoAutoConfiguration'
2024-04-10T13:26:29.898+05:30 TRACE 20084 --- [spring-boot-learn] [           main] o.s.b.f.s.DefaultListableBeanFactory     : Returning cached instance of singleton bean 'spring.info-org.springframework.boot.autoconfigure.info.ProjectInfoProperties'
2024-04-10T13:26:29.898+05:30 TRACE 20084 --- [spring-boot-learn] [           main] o.s.b.f.s.DefaultListableBeanFactory     : Returning cached instance of singleton bean 'org.springframework.boot.autoconfigure.sql.init.SqlInitializationAutoConfiguration'
2024-04-10T13:26:29.898+05:30 TRACE 20084 --- [spring-boot-learn] [           main] o.s.b.f.s.DefaultListableBeanFactory     : Returning cached instance of singleton bean 'spring.sql.init-org.springframework.boot.autoconfigure.sql.init.SqlInitializationProperties'
2024-04-10T13:26:29.898+05:30 TRACE 20084 --- [spring-boot-learn] [           main] o.s.b.f.s.DefaultListableBeanFactory     : Returning cached instance of singleton bean 'org.springframework.boot.sql.init.dependency.DatabaseInitializationDependencyConfigurer$DependsOnDatabaseInitializationPostProcessor'
2024-04-10T13:26:29.898+05:30 TRACE 20084 --- [spring-boot-learn] [           main] o.s.b.f.s.DefaultListableBeanFactory     : Returning cached instance of singleton bean 'org.springframework.boot.autoconfigure.task.TaskSchedulingConfigurations$ThreadPoolTaskSchedulerBuilderConfiguration'
2024-04-10T13:26:29.898+05:30 TRACE 20084 --- [spring-boot-learn] [           main] o.s.b.f.s.DefaultListableBeanFactory     : Returning cached instance of singleton bean 'threadPoolTaskSchedulerBuilder'
2024-04-10T13:26:29.898+05:30 TRACE 20084 --- [spring-boot-learn] [           main] o.s.b.f.s.DefaultListableBeanFactory     : Returning cached instance of singleton bean 'org.springframework.boot.autoconfigure.task.TaskSchedulingConfigurations$TaskSchedulerBuilderConfiguration'
2024-04-10T13:26:29.898+05:30 TRACE 20084 --- [spring-boot-learn] [           main] o.s.b.f.s.DefaultListableBeanFactory     : Returning cached instance of singleton bean 'taskSchedulerBuilder'
2024-04-10T13:26:29.899+05:30 TRACE 20084 --- [spring-boot-learn] [           main] o.s.b.f.s.DefaultListableBeanFactory     : Returning cached instance of singleton bean 'org.springframework.boot.autoconfigure.task.TaskSchedulingConfigurations$SimpleAsyncTaskSchedulerBuilderConfiguration'
2024-04-10T13:26:29.899+05:30 TRACE 20084 --- [spring-boot-learn] [           main] o.s.b.f.s.DefaultListableBeanFactory     : Returning cached instance of singleton bean 'simpleAsyncTaskSchedulerBuilder'
2024-04-10T13:26:29.899+05:30 TRACE 20084 --- [spring-boot-learn] [           main] o.s.b.f.s.DefaultListableBeanFactory     : Returning cached instance of singleton bean 'org.springframework.boot.autoconfigure.task.TaskSchedulingAutoConfiguration'
2024-04-10T13:26:29.899+05:30 TRACE 20084 --- [spring-boot-learn] [           main] o.s.b.f.s.DefaultListableBeanFactory     : Returning cached instance of singleton bean 'spring.task.scheduling-org.springframework.boot.autoconfigure.task.TaskSchedulingProperties'
2024-04-10T13:26:29.899+05:30 TRACE 20084 --- [spring-boot-learn] [           main] o.s.b.f.s.DefaultListableBeanFactory     : Returning cached instance of singleton bean 'org.springframework.boot.autoconfigure.web.client.RestClientAutoConfiguration'
2024-04-10T13:26:29.899+05:30 TRACE 20084 --- [spring-boot-learn] [           main] o.s.b.f.s.DefaultListableBeanFactory     : Returning cached instance of singleton bean 'httpMessageConvertersRestClientCustomizer'
2024-04-10T13:26:29.899+05:30 TRACE 20084 --- [spring-boot-learn] [           main] o.s.b.f.s.DefaultListableBeanFactory     : Returning cached instance of singleton bean 'restClientSsl'
2024-04-10T13:26:29.899+05:30 TRACE 20084 --- [spring-boot-learn] [           main] o.s.b.f.s.DefaultListableBeanFactory     : Returning cached instance of singleton bean 'restClientBuilderConfigurer'
2024-04-10T13:26:29.899+05:30 TRACE 20084 --- [spring-boot-learn] [           main] o.s.b.f.s.DefaultListableBeanFactory     : Returning cached instance of singleton bean 'org.springframework.boot.autoconfigure.web.client.RestTemplateAutoConfiguration'
2024-04-10T13:26:29.899+05:30 TRACE 20084 --- [spring-boot-learn] [           main] o.s.b.f.s.DefaultListableBeanFactory     : Returning cached instance of singleton bean 'org.springframework.boot.autoconfigure.web.servlet.HttpEncodingAutoConfiguration'
2024-04-10T13:26:29.899+05:30 TRACE 20084 --- [spring-boot-learn] [           main] o.s.b.f.s.DefaultListableBeanFactory     : Returning cached instance of singleton bean 'characterEncodingFilter'
2024-04-10T13:26:29.899+05:30 TRACE 20084 --- [spring-boot-learn] [           main] o.s.b.f.s.DefaultListableBeanFactory     : Returning cached instance of singleton bean 'localeCharsetMappingsCustomizer'
2024-04-10T13:26:29.899+05:30 TRACE 20084 --- [spring-boot-learn] [           main] o.s.b.f.s.DefaultListableBeanFactory     : Returning cached instance of singleton bean 'org.springframework.boot.autoconfigure.web.servlet.MultipartAutoConfiguration'
2024-04-10T13:26:29.899+05:30 TRACE 20084 --- [spring-boot-learn] [           main] o.s.b.f.s.DefaultListableBeanFactory     : Returning cached instance of singleton bean 'multipartConfigElement'
2024-04-10T13:26:29.899+05:30 TRACE 20084 --- [spring-boot-learn] [           main] o.s.b.f.s.DefaultListableBeanFactory     : Returning cached instance of singleton bean 'multipartResolver'
2024-04-10T13:26:29.899+05:30 TRACE 20084 --- [spring-boot-learn] [           main] o.s.b.f.s.DefaultListableBeanFactory     : Returning cached instance of singleton bean 'spring.servlet.multipart-org.springframework.boot.autoconfigure.web.servlet.MultipartProperties'
2024-04-10T13:26:29.899+05:30 TRACE 20084 --- [spring-boot-learn] [           main] o.s.b.f.s.DefaultListableBeanFactory     : Returning cached instance of singleton bean 'org.springframework.aop.config.internalAutoProxyCreator'
2024-04-10T13:26:29.899+05:30 TRACE 20084 --- [spring-boot-learn] [           main] o.s.b.f.s.DefaultListableBeanFactory     : Returning cached instance of singleton bean 'org.springframework.boot.test.mock.mockito.MockitoBeans'
2024-04-10T13:26:29.900+05:30 TRACE 20084 --- [spring-boot-learn] [           main] c.DefaultCacheAwareContextLoaderDelegate : Retrieved ApplicationContext [791408866] from cache with key [WebMergedContextConfiguration@3a8d467e testClass = com.spring10.springbootlearn.SpringBootLearnApplicationTests, locations = [], classes = [com.spring10.springbootlearn.SpringBootLearnApplication], contextInitializerClasses = [], activeProfiles = [], propertySourceDescriptors = [], propertySourceProperties = ["org.springframework.boot.test.context.SpringBootTestContextBootstrapper=true"], contextCustomizers = [org.springframework.boot.test.context.filter.ExcludeFilterContextCustomizer@6340e5f0, org.springframework.boot.test.json.DuplicateJsonObjectContextCustomizerFactory$DuplicateJsonObjectContextCustomizer@6c1a5b54, org.springframework.boot.test.mock.mockito.MockitoContextCustomizer@0, org.springframework.boot.test.web.client.TestRestTemplateContextCustomizer@644baf4a, org.springframework.boot.test.autoconfigure.actuate.observability.ObservabilityContextCustomizerFactory$DisableObservabilityContextCustomizer@1f, org.springframework.boot.test.autoconfigure.properties.PropertyMappingContextCustomizer@0, org.springframework.boot.test.autoconfigure.web.servlet.WebDriverContextCustomizer@74e28667, org.springframework.boot.test.context.SpringBootTestAnnotation@bf8a1fe5], resourceBasePath = "src/main/webapp", contextLoader = org.springframework.boot.test.context.SpringBootContextLoader, parent = null]
2024-04-10T13:26:29.900+05:30 DEBUG 20084 --- [spring-boot-learn] [           main] org.springframework.test.context.cache   : Spring test ApplicationContext cache statistics: [DefaultContextCache@141d3d43 size = 1, maxSize = 32, parentContextCount = 0, hitCount = 11, missCount = 1, failureCount = 0]
2024-04-10T13:26:29.900+05:30 TRACE 20084 --- [spring-boot-learn] [           main] .c.s.DirtiesContextTestExecutionListener : After test method: context [DefaultTestContext@3ebe4ccc testClass = com.spring10.springbootlearn.SpringBootLearnApplicationTests, testInstance = com.spring10.springbootlearn.SpringBootLearnApplicationTests@6ed043d3, testMethod = contextLoads(), testException = null, mergedContextConfiguration = [WebMergedContextConfiguration@3a8d467e testClass = com.spring10.springbootlearn.SpringBootLearnApplicationTests, locations = [], classes = [com.spring10.springbootlearn.SpringBootLearnApplication], contextInitializerClasses = [], activeProfiles = [], propertySourceDescriptors = [], propertySourceProperties = ["org.springframework.boot.test.context.SpringBootTestContextBootstrapper=true"], contextCustomizers = [org.springframework.boot.test.context.filter.ExcludeFilterContextCustomizer@6340e5f0, org.springframework.boot.test.json.DuplicateJsonObjectContextCustomizerFactory$DuplicateJsonObjectContextCustomizer@6c1a5b54, org.springframework.boot.test.mock.mockito.MockitoContextCustomizer@0, org.springframework.boot.test.web.client.TestRestTemplateContextCustomizer@644baf4a, org.springframework.boot.test.autoconfigure.actuate.observability.ObservabilityContextCustomizerFactory$DisableObservabilityContextCustomizer@1f, org.springframework.boot.test.autoconfigure.properties.PropertyMappingContextCustomizer@0, org.springframework.boot.test.autoconfigure.web.servlet.WebDriverContextCustomizer@74e28667, org.springframework.boot.test.context.SpringBootTestAnnotation@bf8a1fe5], resourceBasePath = "src/main/webapp", contextLoader = org.springframework.boot.test.context.SpringBootContextLoader, parent = null], attributes = {"org.springframework.test.context.web.ServletTestExecutionListener.activateListener" -> true, "org.springframework.test.context.web.ServletTestExecutionListener.populatedRequestContextHolder" -> true, "org.springframework.test.context.web.ServletTestExecutionListener.resetRequestContextHolder" -> true, "org.springframework.test.context.event.ApplicationEventsTestExecutionListener.recordApplicationEvents" -> false}], class annotated with @DirtiesContext [false] with mode [null], method annotated with @DirtiesContext [false] with mode [null]
2024-04-10T13:26:29.901+05:30 TRACE 20084 --- [spring-boot-learn] [           main] o.s.t.c.w.ServletTestExecutionListener   : Resetting RequestContextHolder for test context [DefaultTestContext@3ebe4ccc testClass = com.spring10.springbootlearn.SpringBootLearnApplicationTests, testInstance = com.spring10.springbootlearn.SpringBootLearnApplicationTests@6ed043d3, testMethod = contextLoads(), testException = null, mergedContextConfiguration = [WebMergedContextConfiguration@3a8d467e testClass = com.spring10.springbootlearn.SpringBootLearnApplicationTests, locations = [], classes = [com.spring10.springbootlearn.SpringBootLearnApplication], contextInitializerClasses = [], activeProfiles = [], propertySourceDescriptors = [], propertySourceProperties = ["org.springframework.boot.test.context.SpringBootTestContextBootstrapper=true"], contextCustomizers = [org.springframework.boot.test.context.filter.ExcludeFilterContextCustomizer@6340e5f0, org.springframework.boot.test.json.DuplicateJsonObjectContextCustomizerFactory$DuplicateJsonObjectContextCustomizer@6c1a5b54, org.springframework.boot.test.mock.mockito.MockitoContextCustomizer@0, org.springframework.boot.test.web.client.TestRestTemplateContextCustomizer@644baf4a, org.springframework.boot.test.autoconfigure.actuate.observability.ObservabilityContextCustomizerFactory$DisableObservabilityContextCustomizer@1f, org.springframework.boot.test.autoconfigure.properties.PropertyMappingContextCustomizer@0, org.springframework.boot.test.autoconfigure.web.servlet.WebDriverContextCustomizer@74e28667, org.springframework.boot.test.context.SpringBootTestAnnotation@bf8a1fe5], resourceBasePath = "src/main/webapp", contextLoader = org.springframework.boot.test.context.SpringBootContextLoader, parent = null], attributes = {"org.springframework.test.context.web.ServletTestExecutionListener.activateListener" -> true, "org.springframework.test.context.web.ServletTestExecutionListener.populatedRequestContextHolder" -> true, "org.springframework.test.context.web.ServletTestExecutionListener.resetRequestContextHolder" -> true, "org.springframework.test.context.event.ApplicationEventsTestExecutionListener.recordApplicationEvents" -> false}]
]]></system-out>
  </testcase>
</testsuite>